Running on MIC and CPU
TACC: Starting up job 4171311
TACC: Starting parallel tasks...
  mpiexec.hydra -iface br0 -configfile /home1/02687/binren/.slurm/config_file.4171311.x4Z50lDK -machinefile /home1/02687/binren/.slurm/job.4171311.hostlist.fsYTu9QS  
My rank is: 0
My rank is: 1
0 vertex count: 0
0 line no: 425957
0 edges: 0
Reordering...
Max degree: 0
Reorder time: 4.76837e-06
****** remote edges: ****** 0
Iter: 0
Rank: 0 status count done.
1 vertex count: 425957
1 line no: 425957
1 edges: 2099732
Reordering...
Max degree: 343
Reorder time: 0.695402
****** remote edges: ****** 0
Iter: 0
After receive ...

Iter: 0...
Active vertex count: 425957
***********Re-initing...**************
Total write: 0
Total read: 0
***********Re-init done.**************
Rank: 1 status count done.
After receive ...

Iter: 0...
Active vertex count: 425957
***********Re-initing...**************
0 working threads finish.
Mover threads finish.
0 Gen time: 7.70092e-05
Total write: 0
Total read: 0
***********Re-init done.**************
0 total msg block: 0
Receive time: 0.0001080041 working threads finish.

Mover threads finish.
1 Gen time: 0.00596189
1 total msg block: 0
Receive time: 6.50883e-05
Insert time: 0.000231028
0 remote msg receive done.
Reduce time: 0.000195026
Messages reduce done.
Update time: 0.000226974

Iter: 1
Rank: 0 status count done.
Insert time: 0.00151205
1 remote msg receive done.
Reduce time: 0.127202
Messages reduce done.
Update time: 0.00145817

Iter: 1
After receive ...

Iter: 1...
Active vertex count: 425957
***********Re-initing...**************
Total write: 0
Total read: 0
***********Re-init done.**************
Rank: 1 status count done.
0 working threads finish.
Mover threads finish.
0 Gen time: 7.89165e-05
After receive ...

Iter: 1...
Active vertex count: 425957
***********Re-initing...**************
Total write: 0
Total read: 0
***********Re-init done.**************
0 total msg block: 0
Receive time: 7.10487e-05
1 working threads finish.
Mover threads finish.
1 Gen time: 0.00601006
1 total msg block: 0
Receive time: 2.00272e-05
Insert time: 0.00020504
0 remote msg receive done.
Reduce time: 0.000200987
Messages reduce done.
Update time: 0.00019598

Iter: 2
Rank: 0 status count done.
Insert time: 0.00150299
1 remote msg receive done.
Reduce time: 0.291742
Messages reduce done.
Update time: 0.0014801

Iter: 2
After receive ...

Iter: 2...
Active vertex count: 425957
***********Re-initing...**************
Total write: 0
Total read: 0
***********Re-init done.**************
Rank: 1 status count done.
After receive ...

Iter: 2...
Active vertex count: 425957
***********Re-initing...**************
0 working threads finish.
Mover threads finish.
0 Gen time: 9.60827e-05
Total write: 0
Total read: 0
***********Re-init done.**************
0 total msg block: 0
Receive time: 6.69956e-05
1 working threads finish.
Mover threads finish.
1 Gen time: 0.00605917
1 total msg block: 0
Receive time: 2.09808e-05
Insert time: 0.000218153
0 remote msg receive done.
Reduce time: 0.000199795
Messages reduce done.
Update time: 0.000200033

Iter: 3
Rank: 0 status count done.
Insert time: 0.00146198
1 remote msg receive done.
Reduce time: 0.38631
Messages reduce done.
Update time: 0.0014801

Iter: 3
After receive ...

Iter: 3...
Active vertex count: 425957
***********Re-initing...**************
Total write: 0
Total read: 0
***********Re-init done.**************
0 working threads finish.
Rank: 1 status count done.
After receive ...

Iter: 3...
Active vertex count: 425957
***********Re-initing...**************
Mover threads finish.
0 Gen time: 9.799e-05
Total write: 0
Total read: 0
***********Re-init done.**************
0 total msg block: 0
Receive time: 6.69956e-05
1 working threads finish.
Mover threads finish.
1 Gen time: 0.00592494
1 total msg block: 0
Receive time: 2.09808e-05
Insert time: 0.000193834
0 remote msg receive done.
Reduce time: 0.000274181
Messages reduce done.
Update time: 0.000224113

Iter: 4
Rank: 0 status count done.
Insert time: 0.00145602
1 remote msg receive done.
Reduce time: 0.288055
Messages reduce done.
Update time: 0.0014739

Iter: 4
After receive ...

Iter: 4...
Active vertex count: 425957
***********Re-initing...**************
Total write: 0
Total read: 0
***********Re-init done.**************
Rank: 1 status count done.
0 working threads finish.
Mover threads finish.
0 Gen time: 7.51019e-05
After receive ...

Iter: 4...
Active vertex count: 425957
***********Re-initing...**************
Total write: 0
Total read: 0
***********Re-init done.**************
0 total msg block: 0
Receive time: 6.79493e-05
1 working threads finish.
Mover threads finish.
1 Gen time: 0.00594187
1 total msg block: 0
Receive time: 2.09808e-05
Insert time: 0.00019908
0 remote msg receive done.
Reduce time: 0.000196934
Messages reduce done.
Update time: 0.000232935

Iter: 5
Rank: 0 status count done.
Insert time: 0.00145102
1 remote msg receive done.
Reduce time: 0.281488
Messages reduce done.
Update time: 0.0014751

Iter: 5
After receive ...

Iter: 5...
Active vertex count: 425957
***********Re-initing...**************
Total write: 0
Total read: 0
***********Re-init done.**************
Rank: 1 status count done.
0 working threads finish.
Mover threads finish.
0 Gen time: 7.89165e-05
After receive ...

Iter: 5...
Active vertex count: 425957
***********Re-initing...**************
Total write: 0
Total read: 0
***********Re-init done.**************
0 total msg block: 0
Receive time: 7.00951e-05
1 working threads finish.
Mover threads finish.
1 Gen time: 0.00598288
1 total msg block: 0
Receive time: 2.00272e-05
Insert time: 0.000172853
0 remote msg receive done.
Reduce time: 0.000200033
Messages reduce done.
Update time: 0.000231028

Iter: 6
Rank: 0 status count done.
Insert time: 0.00146103
1 remote msg receive done.
Reduce time: 0.28137
Messages reduce done.
Update time: 0.00148988

Iter: 6
After receive ...

Iter: 6...
Active vertex count: 425957
***********Re-initing...**************
Total write: 0
Total read: 0
***********Re-init done.**************
Rank: 1 status count done.
0 working threads finish.
Mover threads finish.
0 Gen time: 7.70092e-05
After receive ...

Iter: 6...
Active vertex count: 425957
***********Re-initing...**************
Total write: 0
Total read: 0
***********Re-init done.**************
0 total msg block: 0
Receive time: 6.91414e-05
1 working threads finish.
Mover threads finish.
1 Gen time: 0.00604916
1 total msg block: 0
Receive time: 1.88351e-05
Insert time: 0.000205994
0 remote msg receive done.
Reduce time: 0.000208139
Messages reduce done.
Update time: 0.000209093

Iter: 7
Rank: 0 status count done.
Insert time: 0.00145411
1 remote msg receive done.
Reduce time: 0.281332
Messages reduce done.
Update time: 0.00180101

Iter: 7
After receive ...

Iter: 7...
Active vertex count: 425957
***********Re-initing...**************
Total write: 0
Total read: 0
***********Re-init done.**************
0 working threads finish.
Rank: 1 status count done.
Mover threads finish.
0After receive ...

Iter: 7...
Active vertex count: 425957
***********Re-initing...**************
 Gen time: 7.79629e-05
Total write: 0
Total read: 0
***********Re-init done.**************
0 total msg block: 0
Receive time: 7.00951e-05
1 working threads finish.
Mover threads finish.
1 Gen time: 0.00599098
1 total msg block: 0
Receive time: 2.00272e-05
Insert time: 0.000197887
0 remote msg receive done.
Reduce time: 0.000206947
Messages reduce done.
Update time: 0.000197172

Iter: 8
Rank: 0 status count done.
Insert time: 0.00147295
1 remote msg receive done.
Reduce time: 0.281317
Messages reduce done.
Update time: 0.00147319

Iter: 8
After receive ...

Iter: 8...
Active vertex count: 425957
***********Re-initing...**************
Total write: 0
Total read: 0
***********Re-init done.**************
Rank: 1 status count done.
0 working threads finish.
Mover threads finish.
0 Gen time: 7.79629e-05
After receive ...

Iter: 8...
Active vertex count: 425957
***********Re-initing...**************
Total write: 0
Total read: 0
***********Re-init done.**************
0 total msg block: 0
Receive time: 6.60419e-05
1 working threads finish.
Mover threads finish.
1 Gen time: 0.00603294
1 total msg block: 0
Receive time: 2.09808e-05
Insert time: 0.000212908
0 remote msg receive done.
Reduce time: 0.000230789
Messages reduce done.
Update time: 0.000196934

Iter: 9
Rank: 0 status count done.
Insert time: 0.00152993
1 remote msg receive done.
Reduce time: 0.281325
Messages reduce done.
Update time: 0.00175095

Iter: 9
After receive ...

Iter: 9...
Active vertex count: 425957
***********Re-initing...**************
Total write: 0
Total read: 0
***********Re-init done.**************
Rank: 1 status count done.
0 working threads finish.
Mover threads finish.
0 Gen time: 7.70092e-05
After receive ...

Iter: 9...
Active vertex count: 425957
***********Re-initing...**************
Total write: 0
Total read: 0
***********Re-init done.**************
0 total msg block: 0
Receive time: 6.91414e-05
1 working threads finish.
Mover threads finish.
1 Gen time: 0.00593185
1 total msg block: 0
Receive time: 1.97887e-05
Insert time: 0.00019908
0 remote msg receive done.
Reduce time: 0.000200033
Messages reduce done.
Update time: 0.000203848

0 all time : 0.00504494
Total reduce time: 0.00211287
Total working time: 3.40939e-05
Total moving time: 0.000730038
Total update time: 0.00211811
Total comm time: 0.000725508
Total insert time: 0.00203586
Accumulative total active vertices: 4259570
Finish.
Insert time: 0.00146103
1 remote msg receive done.
Reduce time: 0.281759
Messages reduce done.
Update time: 0.00158501

1 all time : 2.85725
Total reduce time: 2.7819
Total working time: 0.0585916
Total moving time: 7.86781e-06
Total update time: 0.0154674
Total comm time: 0.000247717
Total insert time: 0.0147631
Accumulative total active vertices: 4259570
Finish.
 
TACC: Shutdown complete. Exiting.
