Running on MIC and CPU
TACC: Starting up job 4171289
TACC: Starting parallel tasks...
  mpiexec.hydra -iface br0 -configfile /home1/02687/binren/.slurm/config_file.4171289.KGtE0qEC -machinefile /home1/02687/binren/.slurm/job.4171289.hostlist.aJ46UeWC  
My rank is: 0
My rank is: 1
0 vertex count: 0
0 line no: 425957
0 edges: 0
Reordering...
Max degree: 0
Reorder time: 5.00679e-06
****** remote edges: ****** 0
Iter: 0
Rank: 0 status count done.
1 vertex count: 425957
1 line no: 425957
1 edges: 2099732
Reordering...
Max degree: 343
Reorder time: 0.700203
****** remote edges: ****** 0
Iter: 0
After receive ...

Iter: 0...
Active vertex count: 425957
***********Re-initing...**************
Total write: 0
Total read: 0
***********Re-init done.**************
Rank: 1 status count done.
After receive ...

Iter: 0...
Active vertex count: 425957
***********Re-initing...**************
0 working threads finish.
Mover threads finish.
0 Gen time: 8.51154e-05
Total write: 0
Total read: 0
***********Re-init done.**************
1 working threads finish.
0 total msg block: 0
Mover threads finish.
1 Gen time: Receive time: 0.000102997
0.035835
1 total msg block: 0
Receive time: 5.57899e-05
Insert time: 0.000193119
0 remote msg receive done.
Reduce time: 0.000223875
Messages reduce done.
Update time: 0.000208855

Iter: 1
Rank: 0 status count done.
Insert time: 0.00151014
1 remote msg receive done.
Reduce time: 0.127165
Messages reduce done.
Update time: 0.00146008

Iter: 1
After receive ...

Iter: 1...
Active vertex count: 425957
***********Re-initing...**************
Total write: 0
Total read: 0
***********Re-init done.**************
0 working threads finish.
Rank: 1 status count done.
Mover threads finish.
0 Gen time: After receive ...

Iter: 1...
Active vertex count: 425957
***********Re-initing...**************
7.70092e-05
Total write: 0
Total read: 0
***********Re-init done.**************
1 working threads finish.
0 total msg block: 0
Receive time: 6.91414e-05
Mover threads finish.
1 Gen time: 0.036227
1 total msg block: 0
Receive time: 2.09808e-05
Insert time: 0.000202179
0 remote msg receive done.
Reduce time: 0.000216007
Messages reduce done.
Update time: 0.000210047

Iter: 2
Rank: 0 status count done.
Insert time: 0.00148082
1 remote msg receive done.
Reduce time: 0.29068
Messages reduce done.
Update time: 0.00148606

Iter: 2
After receive ...

Iter: 2...
Active vertex count: 425957
***********Re-initing...**************
Total write: 0
Total read: 0
***********Re-init done.**************
Rank: 1 status count done.
0 working threads finish.
Mover threads finish.
0 Gen time: 9.89437e-05
After receive ...

Iter: 2...
Active vertex count: 425957
***********Re-initing...**************
Total write: 0
Total read: 0
***********Re-init done.**************
1 working threads finish.
0 total msg block: 0
Receive time: 6.69956e-05
Mover threads finish.
1 Gen time: 0.035568
1 total msg block: 0
Receive time: 2.09808e-05
Insert time: 0.000213146
0 remote msg receive done.
Reduce time: 0.000198126
Messages reduce done.
Update time: 0.000197887

Iter: 3
Rank: 0 status count done.
Insert time: 0.001508
1 remote msg receive done.
Reduce time: 0.383833
Messages reduce done.
Update time: 0.00153589

Iter: 3
After receive ...

Iter: 3...
Active vertex count: 425957
***********Re-initing...**************
Total write: 0
Total read: 0
***********Re-init done.**************
Rank: 1 status count done.
After receive ...

Iter: 3...
Active vertex count: 425957
***********Re-initing...**************
0 working threads finish.
Mover threads finish.
0 Gen time: 7.89165e-05
Total write: 0
Total read: 0
***********Re-init done.**************
1 working threads finish.
0 total msg block: 0
Receive time: 6.60419e-05
Mover threads finish.
1 Gen time: 0.037178
1 total msg block: 0
Receive time: 2.00272e-05
Insert time: 0.000200987
0 remote msg receive done.
Reduce time: 0.000200987
Messages reduce done.
Update time: 0.000203848

Iter: 4
Rank: 0 status count done.
Insert time: 0.001508
1 remote msg receive done.
Reduce time: 0.294386
Messages reduce done.
Update time: 0.00147414

Iter: 4
After receive ...

Iter: 4...
Active vertex count: 425957
***********Re-initing...**************
Total write: 0
Total read: 0
***********Re-init done.**************
Rank: 1 status count done.
0 working threads finish.
Mover threads finish.
0 Gen time: 7.9155e-05
After receive ...

Iter: 4...
Active vertex count: 425957
***********Re-initing...**************
Total write: 0
Total read: 0
***********Re-init done.**************
1 working threads finish.
0 total msg block: 0
Receive time: 6.60419e-05
Mover threads finish.
1 Gen time: 0.0358348
1 total msg block: 0
Receive time: 2.21729e-05
Insert time: 0.000197887
0 remote msg receive done.
Reduce time: 0.000217915
Messages reduce done.
Update time: 0.000202179

Iter: 5
Rank: 0 status count done.
Insert time: 0.00150013
1 remote msg receive done.
Reduce time: 0.28965
Messages reduce done.
Update time: 0.0014782

Iter: 5
After receive ...

Iter: 5...
Active vertex count: 425957
***********Re-initing...**************
Total write: 0
Total read: 0
***********Re-init done.**************
Rank: 1 status count done.
0 working threads finish.
After receive ...

Iter: 5...
Active vertex count: 425957
***********Re-initing...**************
Mover threads finish.
0 Gen time: 7.79629e-05
Total write: 0
Total read: 0
***********Re-init done.**************
1 working threads finish.
0 total msg block: 0
Receive time: 6.69956e-05
Mover threads finish.
1 Gen time: 0.0369849
1 total msg block: 0
Receive time: 1.90735e-05
Insert time: 0.000201941
0 remote msg receive done.
Reduce time: 0.000200987
Messages reduce done.
Update time: 0.000196934

Iter: 6
Rank: 0 status count done.
Insert time: 0.00159693
1 remote msg receive done.
Reduce time: 0.289121
Messages reduce done.
Update time: 0.00147796

Iter: 6
After receive ...

Iter: 6...
Active vertex count: 425957
***********Re-initing...**************
Total write: 0
Total read: 0
***********Re-init done.**************
Rank: 1 status count done.
After receive ...

Iter: 6...
Active vertex count: 425957
***********Re-initing...**************
0 working threads finish.
Mover threads finish.
0 Gen time: 8.01086e-05
Total write: 0
Total read: 0
***********Re-init done.**************
1 working threads finish.
0 total msg block: 0
Receive time: 6.38962e-05
Mover threads finish.
1 Gen time: 0.0345759
1 total msg block: 0
Receive time: 1.97887e-05
Insert time: 0.000202179
0 remote msg receive done.
Reduce time: 0.000230789
Messages reduce done.
Update time: 0.000197172

Iter: 7
Rank: 0 status count done.
Insert time: 0.00152493
1 remote msg receive done.
Reduce time: 0.288345
Messages reduce done.
Update time: 0.00148201

Iter: 7
After receive ...

Iter: 7...
Active vertex count: 425957
***********Re-initing...**************
Total write: 0
Total read: 0
***********Re-init done.**************
Rank: 1 status count done.
After receive ...

Iter: 7...
Active vertex count: 425957
***********Re-initing...**************
0 working threads finish.
Mover threads finish.
0 Gen time: 7.79629e-05
Total write: 0
Total read: 0
***********Re-init done.**************
1 working threads finish.
0 total msg block: 0
Receive time: 6.58035e-05
Mover threads finish.
1 Gen time: 0.037873
1 total msg block: 0
Receive time: 2.09808e-05
Insert time: 0.0002141
0 remote msg receive done.
Reduce time: 0.000267029
Messages reduce done.
Update time: 0.000200033

Iter: 8
Rank: 0 status count done.
Insert time: 0.00151706
1 remote msg receive done.
Reduce time: 0.28851
Messages reduce done.
Update time: 0.00148606

Iter: 8
After receive ...

Iter: 8...
Active vertex count: 425957
***********Re-initing...**************
Total write: 0
Total read: 0
***********Re-init done.**************
Rank: 10 working threads finish.
 status count done.
After receive ...

Iter: 8...
Active vertex count: 425957
***********Re-initing...**************
Mover threads finish.
0 Gen time: 7.51019e-05
Total write: 0
Total read: 0
***********Re-init done.**************
1 working threads finish.
0 total msg block: 0
Receive time: 0.000125885
Mover threads finish.
1 Gen time: 0.037889
1 total msg block: 0
Receive time: 2.40803e-05
Insert time: 0.00019908
0 remote msg receive done.
Reduce time: 0.000200987
Messages reduce done.
Update time: 0.000233173

Iter: 9
Rank: 0 status count done.
Insert time: 0.00156784
1 remote msg receive done.
Reduce time: 0.288175
Messages reduce done.
Update time: 0.00154591

Iter: 9
After receive ...

Iter: 9...
Active vertex count: 425957
***********Re-initing...**************
Total write: 0
Total read: 0
***********Re-init done.**************
Rank: 1 status count done.
0 working threads finish.
After receive ...

Iter: 9...
Active vertex count: 425957
***********Re-initing...**************
Mover threads finish.
0 Gen time: 7.98702e-05
Total write: 0
Total read: 0
***********Re-init done.**************
1 working threads finish.
0 total msg block: 0
Receive time: 6.58035e-05
Mover threads finish.
1 Gen time: 0.0373149
1 total msg block: 0
Receive time: 2.00272e-05
Insert time: 0.000206232
0 remote msg receive done.
Reduce time: 0.000211
Messages reduce done.
Update time: 0.00019908

0 all time : 0.00502706
Total reduce time: 0.0021677
Total working time: 3.00407e-05
Total moving time: 0.000724077
Total update time: 0.00204921
Total comm time: 0.000759602
Total insert time: 0.00203085
Accumulative total active vertices: 4259570
Finish.
Insert time: 0.00151801
1 remote msg receive done.
Reduce time: 0.28858
Messages reduce done.
Update time: 0.00179386

1 all time : 3.20895
Total reduce time: 2.82844
Total working time: 0.130329
Total moving time: 0.233574
Total update time: 0.0152202
Total comm time: 0.000243902
Total insert time: 0.0152318
Accumulative total active vertices: 4259570
Finish.
 
TACC: Shutdown complete. Exiting.
