Running on MIC and CPU
TACC: Starting up job 4169422
TACC: Starting parallel tasks...
  mpiexec.hydra -iface br0 -configfile /home1/02687/binren/.slurm/config_file.4169422.aq1Opizf -machinefile /home1/02687/binren/.slurm/job.4169422.hostlist.nmbFOcDj  
My rank is: 0
My rank is: 1
0 vertex count: 212979
0 line no: 425957
0 edges: 1049001
Reordering...
Max degree: 343
Reorder time: 0.0689311
****** remote edges: ****** 551021
Iter: 0
Rank: 0 status count done.
1 vertex count: 212978
1 line no: 425957
1 edges: 1050731
Reordering...
Max degree: 296
Reorder time: 0.347397
****** remote edges: ****** 551021
Iter: 0
After receive ...

Iter: 0...
Active vertex count: 425957
***********Re-initing...**************
Rank: 1 status count done.
After receive ...

Iter: 0...
Active vertex count: 425957
***********Re-initing...**************
Total write: 0
Total read: 0
***********Re-init done.**************
0 working threads finish.
Total write: 0
Total read: 0
***********Re-init done.**************
1 working threads finish.
Mover threads finish.
1 Gen time: 0.00585413
slurmd[c557-604]: *** JOB 4169422 CANCELLED AT 2014-09-27T15:20:48 DUE TO TIME LIMIT ***
[mpiexec@c557-604.stampede.tacc.utexas.edu] HYD_pmcd_pmiserv_send_signal (./pm/pmiserv/pmiserv_cb.c:221): assert (!closed) failed
[mpiexec@c557-604.stampede.tacc.utexas.edu] ui_cmd_cb (./pm/pmiserv/pmiserv_pmci.c:128): unable to send SIGUSR1 downstream
[mpiexec@c557-604.stampede.tacc.utexas.edu] HYDT_dmxu_poll_wait_for_event (./tools/demux/demux_poll.c:77): callback returned error status
[mpiexec@c557-604.stampede.tacc.utexas.edu] HYD_pmci_wait_for_completion (./pm/pmiserv/pmiserv_pmci.c:388): error waiting for event
[mpiexec@c557-604.stampede.tacc.utexas.edu] main (./ui/mpich/mpiexec.c:745): process manager error waiting for completion
