Running on MIC and CPU
TACC: Starting up job 4171331
TACC: Starting parallel tasks...
  mpiexec.hydra -iface br0 -configfile /home1/02687/binren/.slurm/config_file.4171331.bb2YP9cw -machinefile /home1/02687/binren/.slurm/job.4171331.hostlist.SSxy9uG5  
My rank is: 0
My rank is: 1
0 vertex count: 425957
0 line no: 425957
0 edges: 2099732
Reordering...
Max degree: 343
Reorder time: 0.133834
****** remote edges: ****** 0
Iter: 0
Rank: 0 status count done.
1 vertex count: 0
1 line no: 425957
1 edges: 0
Reordering...
Max degree: 0
Reorder time: 3.00407e-05
****** remote edges: ****** 0
Iter: 0
After receive ...

Iter: 0...
Active vertex count: 425957
***********Re-initing...**************
Rank: 1 status count done.
After receive ...

Iter: 0...
Active vertex count: 425957
***********Re-initing...**************
Total write: 0
Total read: 0
***********Re-init done.**************
0 working threads finish.
Total write: 0
Total read: 0
***********Re-init done.**************
Mover threads finish.
0 Gen time: 0.082613
0 total msg block: 0
Receive time: 9.799e-05
1 working threads finish.
Mover threads finish.
1 Gen time: 0.00568295
1 total msg block: 0
Receive time: 5.6982e-05
Insert time: 0.00027585
0 remote msg receive done.
Insert time: 0.001436
1 remote msg receive done.
Reduce time: 0.0338891
Messages reduce done.
Update time: 0.000209093

Iter: 1
Rank: 0 status count done.
Reduce time: 0.00184202
Messages reduce done.
Update time: 0.00155187

Iter: 1
After receive ...

Iter: 1...
Active vertex count: 425957
***********Re-initing...**************
Rank: 1 status count done.
After receive ...

Iter: 1...
Active vertex count: 425957
***********Re-initing...**************
Total write: 0
Total read: 0
***********Re-init done.**************
0 working threads finish.
Total write: 0
Total read: 0
***********Re-init done.**************
Mover threads finish.
0 Gen time: 0.098932
0 total msg block: 0
Receive time: 7.10487e-05
1 working threads finish.
Mover threads finish.
1 Gen time: 0.00577116
1 total msg block: 0
Receive time: 2.09808e-05
Insert time: 0.000217915
0 remote msg receive done.
Insert time: 0.0018611
1 remote msg receive done.
Reduce time: 0.00145698
Messages reduce done.
Update time: 0.00175405

Iter: 2
Reduce time: 0.074419
Messages reduce done.
Update time: 0.000207901

Iter: 2
Rank: 0 status count done.
After receive ...

Iter: 2...
Active vertex count: 425957
***********Re-initing...**************
Rank: 1 status count done.
After receive ...

Iter: 2...
Active vertex count: 425957
***********Re-initing...**************
Total write: 0
Total read: 0
***********Re-init done.**************
0 working threads finish.
Total write: 0
Total read: 0
***********Re-init done.**************
Mover threads finish.
0 Gen time: 0.095974
0 total msg block: 0
Receive time: 6.79493e-05
1 working threads finish.
Mover threads finish.
1 Gen time: 0.00587296
1 total msg block: 0
Receive time: 1.88351e-05
Insert time: 0.000217915
0 remote msg receive done.
Insert time: 0.00192285
1 remote msg receive done.
Reduce time: 0.00183797
Messages reduce done.
Update time: 0.00185609

Iter: 3
Rank: 1 status count done.
Reduce time: 0.097028
Messages reduce done.
Update time: 0.000207901

Iter: 3
Rank: 0 status count done.
After receive ...

Iter: 3...
Active vertex count: 425957
***********Re-initing...**************
After receive ...

Iter: 3...
Active vertex count: 425957
***********Re-initing...**************
Total write: 0
Total read: 0
***********Re-init done.**************
0 working threads finish.
Total write: 0
Total read: 0
***********Re-init done.**************
Mover threads finish.
0 Gen time: 0.0963819
0 total msg block: 0
Receive time: 6.48499e-05
1 working threads finish.
Mover threads finish.
1 Gen time: 0.00582194
1 total msg block: 0
Receive time: 2.19345e-05
Insert time: 0.000210047
0 remote msg receive done.
Insert time: 0.00148702
1 remote msg receive done.
Reduce time: 0.00145292
Messages reduce done.
Update time: 0.00148702

Iter: 4
Reduce time: 0.0736411
Messages reduce done.
Update time: 0.000225067

Iter: 4
Rank: 1 status count done.
Rank: 0 status count done.
After receive ...

Iter: 4...
Active vertex count: 425957
***********Re-initing...**************
After receive ...

Iter: 4...
Active vertex count: 425957
***********Re-initing...**************
Total write: 0
Total read: 0
***********Re-init done.**************
0 working threads finish.
Total write: 0
Total read: 0
***********Re-init done.**************
Mover threads finish.
0 Gen time: 0.0970409
0 total msg block: 0
Receive time: 7.58171e-05
1 working threads finish.
Mover threads finish.
1 Gen time: 0.00740314
1 total msg block: 0
Receive time: 2.40803e-05
Insert time: 0.000212193
0 remote msg receive done.
Insert time: 0.00187111
1 remote msg receive done.
Reduce time: 0.00183105
Messages reduce done.
Update time: 0.00146389

Iter: 5
Reduce time: 0.0725999
Messages reduce done.
Update time: 0.000211

Iter: 5
Rank: 0 status count done.
After receive ...

Iter: 5...
Active vertex count: 425957
***********Re-initing...**************
Rank: 1 status count done.
After receive ...

Iter: 5...
Active vertex count: 425957
***********Re-initing...**************
Total write: 0
Total read: 0
***********Re-init done.**************
0 working threads finish.
Total write: 0
Total read: 0
***********Re-init done.**************
Mover threads finish.
0 Gen time: 0.090132
0 total msg block: 0
Receive time: 6.48499e-05
1 working threads finish.
Mover threads finish.
1 Gen time: 0.00574803
1 total msg block: 0
Receive time: 1.88351e-05
Insert time: 0.000243187
0 remote msg receive done.
Insert time: 0.00187206
1 remote msg receive done.
Reduce time: 0.0014751
Messages reduce done.
Update time: 0.00192213

Iter: 6
Reduce time: 0.0724549
Messages reduce done.
Update time: 0.000222921

Iter: 6
Rank: 0 status count done.
After receive ...

Iter: 6...
Active vertex count: 425957
***********Re-initing...**************
Rank: 1 status count done.
After receive ...

Iter: 6...
Active vertex count: 425957
***********Re-initing...**************
Total write: 0
Total read: 0
***********Re-init done.**************
0 working threads finish.
Total write: 0
Total read: 0
***********Re-init done.**************
Mover threads finish.
0 Gen time: 0.092376
0 total msg block: 0
Receive time: 7.89165e-05
1 working threads finish.
Mover threads finish.
1 Gen time: 0.00756097
1 total msg block: 0
Receive time: 2.7895e-05
Insert time: 0.00022912
0 remote msg receive done.
Insert time: 0.00191379
1 remote msg receive done.
Reduce time: 0.00163794
Messages reduce done.
Update time: 0.00185704

Iter: 7
Reduce time: 0.0724299
Messages reduce done.
Update time: 0.000216007

Iter: 7
Rank: 0 status count done.
After receive ...

Iter: 7...
Active vertex count: 425957
***********Re-initing...**************
Rank: 1 status count done.
After receive ...

Iter: 7...
Active vertex count: 425957
***********Re-initing...**************
Total write: 0
Total read: 0
***********Re-init done.**************
0 working threads finish.
Total write: 0
Total read: 0
***********Re-init done.**************
Mover threads finish.
0 Gen time: 0.095057
0 total msg block: 0
Receive time: 6.50883e-05
1 working threads finish.
Mover threads finish.
1 Gen time: 0.00635099
1 total msg block: 0
Receive time: 2.19345e-05
Insert time: 0.000211
0 remote msg receive done.
Insert time: 0.00184488
1 remote msg receive done.
Reduce time: 0.00188613
Messages reduce done.
Update time: 0.00185204

Iter: 8
Reduce time: 0.07232
Messages reduce done.
Update time: 0.000217915

Iter: 8
Rank: 0 status count done.
After receive ...

Iter: 8...
Active vertex count: 425957
***********Re-initing...**************
Rank: 1 status count done.
After receive ...

Iter: 8...
Active vertex count: 425957
***********Re-initing...**************
Total write: 0
Total read: 0
***********Re-init done.**************
0 working threads finish.
Total write: 0
Total read: 0
***********Re-init done.**************
Mover threads finish.
0 Gen time: 0.0923882
0 total msg block: 0
Receive time: 7.60555e-05
1 working threads finish.
Mover threads finish.
1 Gen time: 0.00747514
1 total msg block: 0
Receive time: 2.40803e-05
Insert time: 0.000216961
0 remote msg receive done.
Insert time: 0.00146794
1 remote msg receive done.
Reduce time: 0.00187111
Messages reduce done.
Update time: 0.00186205

Iter: 9
Reduce time: 0.072324
Messages reduce done.
Update time: 0.000247955

Iter: 9
Rank: 0 status count done.
After receive ...

Iter: 9...
Active vertex count: 425957
***********Re-initing...**************
Rank: 1 status count done.
After receive ...

Iter: 9...
Active vertex count: 425957
***********Re-initing...**************
Total write: 0
Total read: 0
***********Re-init done.**************
0 working threads finish.
Total write: 0
Total read: 0
***********Re-init done.**************
Mover threads finish.
0 Gen time: 0.093045
0 total msg block: 0
Receive time: 7.70092e-05
1 working threads finish.
Mover threads finish.
1 Gen time: 0.00733185
1 total msg block: 0
Receive time: 2.38419e-05
Insert time: 0.000222206
0 remote msg receive done.
Insert time: 0.00148487
1 remote msg receive done.
Reduce time: 0.00187683
Messages reduce done.
Update time: 0.00185704

1 all time : 0.0996504
Total reduce time: 0.017168
Total working time: 0.0635858
Total moving time: 8.10623e-06
Total update time: 0.0174632
Total comm time: 0.000259399
Total insert time: 0.0171616
Accumulative total active vertices: 4259570
Finish.
Reduce time: 0.0723598
Messages reduce done.
Update time: 0.000222921

0 all time : 1.64959
Total reduce time: 0.713466
Total working time: 0.369906
Total moving time: 0.563809
Total update time: 0.00218868
Total comm time: 0.000739574
Total insert time: 0.00225639
Accumulative total active vertices: 4259570
Finish.
 
TACC: Shutdown complete. Exiting.
