Lmod has detected the following error: Swap failed: "mvapich2" is not
loaded.

Running on MIC and CPU
TACC: Starting up job 5178521
*******************************************************
 WARNING: Your MPI Environment is :       impi/4.1.3.049
          Your executable was built with: impi/4.1.0.030
*******************************************************
*******************************************************
 WARNING: Your Compiler Environment is :  intel/14.0.1.106
          Your executable was built with: intel/13.0.079 or intel/13.0.2.146
*******************************************************
TACC: Starting parallel tasks...
# Command used to run job in: /home1/02687/binren/.slurm/job.5178521.runcmd.Vn6dyLT3 
My rank is: 0
My rank is: 1
0 vertex count: 0
0 line no: 1632803
0 edges: 0
Reordering...
Reorder time: 0
****** remote edges: ****** 0
Iter: 0
Rank: 0 status count done.
1 vertex count: 1632803
1 line no: 1632803
1 edges: 30622564
Reordering...
Rank: 1 width is: 64
Rank: 1 vlen is: 64
===========> Max length: 13734
===========> Min length: 0
Reorder time: 1.71946
****** remote edges: ****** 0
Iter: 0
After receive ...

Iter: 0...
Active vertex count: 1632803
***********Re-initing...**************
Buffer columns allocated: 0
Total write: 0
Total read: 0
***********Re-init done.**************
0 working threads finish.
Mover threads finish.
0 Gen time: 1.90735e-05
Rank: 1 status count done.
After receive ...

Iter: 0...
Active vertex count: 1632803
***********Re-initing...**************
Buffer columns allocated: 0
Total write: 0
Total read: 0
***********Re-init done.**************
1 working threads finish.
0 total msg block: 0
Receive time: 0.000102997
Mover threads finish.
1 Gen time: 0.160354
1 total msg block: 0
Receive time: 6.00815e-05
Insert time: 0.000224113
0 remote msg receive done.
Reduce time: 0.00020504
Messages reduce done.
Update time: 0.00019908

Iter: 1
Rank: 0 status count done.
Insert time: 0.00154805
1 remote msg receive done.
Reduce time: 0.0016098
Messages reduce done.
Update time: 0.0016048

Iter: 1
After receive ...

Iter: 1...
Active vertex count: 1632803
***********Re-initing...**************
Buffer columns allocated: 0
Total write: 0
Total read: 0
***********Re-init done.**************
Rank: 1 status count done.
0 working threads finish.
Mover threads finish.
0 Gen time: 1.5974e-05
After receive ...

Iter: 1...
Active vertex count: 1632803
***********Re-initing...**************
Buffer columns allocated: 1519452
Total write: 0
Total read: 0
***********Re-init done.**************
1 working threads finish.
0 total msg block: 0
Receive time: 5.10216e-05
Mover threads finish.
1 Gen time: 0.145001
1 total msg block: 0
Receive time: 1.50204e-05
Insert time: 0.000231981
0 remote msg receive done.
Reduce time: 0.000196934
Messages reduce done.
Update time: 0.00020504

Iter: 2
Rank: 0 status count done.
Insert time: 0.00144815
1 remote msg receive done.
Reduce time: 0.00147295
Messages reduce done.
Update time: 0.00148702

Iter: 2
After receive ...

Iter: 2...
Active vertex count: 1632803
***********Re-initing...**************
Buffer columns allocated: 0
Total write: 0
Total read: 0
***********Re-init done.**************
0 working threads finish.
Mover threads finish.
0 Gen time: 1.5974e-05
Rank: 1 status count done.
After receive ...

Iter: 2...
Active vertex count: 1632803
***********Re-initing...**************
Buffer columns allocated: 1519452
Total write: 0
Total read: 0
***********Re-init done.**************
1 working threads finish.
0 total msg block: 0
Receive time: 5.29289e-05
Mover threads finish.
1 Gen time: 0.145521
1 total msg block: 0
Receive time: 1.69277e-05
Insert time: 0.000200033
0 remote msg receive done.
Reduce time: 0.000197172
Messages reduce done.
Update time: 0.00019598

Iter: 3
Rank: 0 status count done.
Insert time: 0.00155497
1 remote msg receive done.
Reduce time: 0.001472
Messages reduce done.
Update time: 0.00149083

Iter: 3
After receive ...

Iter: 3...
Active vertex count: 1632803
***********Re-initing...**************
Buffer columns allocated: 0
Total write: 0
Total read: 0
***********Re-init done.**************
Rank: 1 status count done.
0 working threads finish.
After receive ...

Iter: 3...
Active vertex count: 1632803
***********Re-initing...**************
Mover threads finish.
0 Gen time: 1.50204e-05
Buffer columns allocated: 1519452
Total write: 0
Total read: 0
***********Re-init done.**************
1 working threads finish.
0 total msg block: 0
Receive time: 5.00679e-05
Mover threads finish.
1 Gen time: 0.149778
1 total msg block: 0
Receive time: 1.5974e-05
Insert time: 0.00020504
0 remote msg receive done.
Reduce time: 0.000202894
Messages reduce done.
Update time: 0.000199795

Iter: 4
Rank: 0 status count done.
Insert time: 0.00150704
1 remote msg receive done.
Reduce time: 0.00149202
Messages reduce done.
Update time: 0.00148797

Iter: 4
After receive ...

Iter: 4...
Active vertex count: 1632803
***********Re-initing...**************
Buffer columns allocated: 0
Total write: 0
Total read: 0
***********Re-init done.**************
Rank: 1 status count done.
After receive ...0 working threads finish.


Iter: 4...
Active vertex count: 1632803
***********Re-initing...**************
Mover threads finish.
0 Gen time: 1.50204e-05
Buffer columns allocated: 1519452
Total write: 0
Total read: 0
***********Re-init done.**************
1 working threads finish.
0 total msg block: 0
Receive time: 5.29289e-05
Mover threads finish.
1 Gen time: 0.149455
1 total msg block: 0
Receive time: 1.69277e-05
Insert time: 0.000208855
0 remote msg receive done.
Reduce time: 0.000201941
Messages reduce done.
Update time: 0.000198126

Iter: 5
Rank: 0 status count done.
Insert time: 0.00146389
1 remote msg receive done.
Reduce time: 0.00181413
Messages reduce done.
Update time: 0.0020752

Iter: 5
After receive ...

Iter: 5...
Active vertex count: 1632803
***********Re-initing...**************
Buffer columns allocated: 0
Total write: 0
Total read: 0
***********Re-init done.**************
Rank: 1 status count done.
0 working threads finish.
After receive ...

Iter: 5...
Active vertex count: 1632803
***********Re-initing...**************
Mover threads finish.
0 Gen time: 1.5974e-05
Buffer columns allocated: 1519452
Total write: 0
Total read: 0
***********Re-init done.**************
1 working threads finish.
0 total msg block: 0
Receive time: 4.88758e-05
Mover threads finish.
1 Gen time: 0.146768
1 total msg block: 0
Receive time: 1.40667e-05
Insert time: 0.000225067
0 remote msg receive done.
Reduce time: 0.000216007
Messages reduce done.
Update time: 0.000196934

Iter: 6
Rank: 0 status count done.
Insert time: 0.00147104
1 remote msg receive done.
Reduce time: 0.00149298
Messages reduce done.
Update time: 0.00149202

Iter: 6
After receive ...

Iter: 6...
Active vertex count: 1632803
***********Re-initing...**************
Buffer columns allocated: 0
Total write: 0
Total read: 0
***********Re-init done.**************
0 working threads finish.
Mover threads finish.
0 Gen time: 1.50204e-05
Rank: 1 status count done.
After receive ...

Iter: 6...
Active vertex count: 1632803
***********Re-initing...**************
Buffer columns allocated: 1519452
Total write: 0
Total read: 0
***********Re-init done.**************
1 working threads finish.
0 total msg block: 0
Receive time: 5.10216e-05
Mover threads finish.
1 Gen time: 0.148647
1 total msg block: 0
Receive time: 1.40667e-05
Insert time: 0.000217199
0 remote msg receive done.
Reduce time: 0.00020504
Messages reduce done.
Update time: 0.000194073

Iter: 7
Rank: 0 status count done.
Insert time: 0.00155401
1 remote msg receive done.
Reduce time: 0.0015409
Messages reduce done.
Update time: 0.00151205

Iter: 7
After receive ...

Iter: 7...
Active vertex count: 1632803
***********Re-initing...**************
Buffer columns allocated: 0
Total write: 0
Total read: 0
***********Re-init done.**************
Rank: 1 status count done.0 working threads finish.
Mover threads finish.
0 Gen time: 1.50204e-05

After receive ...

Iter: 7...
Active vertex count: 1632803
***********Re-initing...**************
Buffer columns allocated: 1519452
Total write: 0
Total read: 0
***********Re-init done.**************
1 working threads finish.
0 total msg block: 0
Receive time: 5.00679e-05
Mover threads finish.
1 Gen time: 0.150832
1 total msg block: 0
Receive time: 1.38283e-05
Insert time: 0.000203133
0 remote msg receive done.
Reduce time: 0.000198841
Messages reduce done.
Update time: 0.000202894

Iter: 8
Rank: 0 status count done.
Insert time: 0.00150895
1 remote msg receive done.
Reduce time: 0.00180602
Messages reduce done.
Update time: 0.00151396

Iter: 8
After receive ...

Iter: 8...
Active vertex count: 1632803
***********Re-initing...**************
Buffer columns allocated: 0
Total write: 0
Total read: 0
***********Re-init done.**************
0 working threads finish.
Mover threads finish.
0 Gen time: 1.62125e-05
Rank: 1 status count done.
After receive ...

Iter: 8...
Active vertex count: 1632803
***********Re-initing...**************
Buffer columns allocated: 1519452
Total write: 0
Total read: 0
***********Re-init done.**************
1 working threads finish.
0 total msg block: 0
Receive time: 5.29289e-05
Mover threads finish.
1 Gen time: 0.148598
1 total msg block: 0
Receive time: 1.5974e-05
Insert time: 0.000216007
0 remote msg receive done.
Reduce time: 0.000196218
Messages reduce done.
Update time: 0.000198126

Iter: 9
Rank: 0 status count done.
Insert time: 0.001477
1 remote msg receive done.
Reduce time: 0.00146604
Messages reduce done.
Update time: 0.00149202

Iter: 9
After receive ...

Iter: 9...
Active vertex count: 1632803
***********Re-initing...**************
Buffer columns allocated: 0
Total write: 0
Total read: 0
***********Re-init done.**************
0 working threads finish.
Mover threads finish.
0 Gen time: 1.50204e-05
Rank: 1 status count done.
After receive ...

Iter: 9...
Active vertex count: 1632803
***********Re-initing...**************
Buffer columns allocated: 1519452
Total write: 0
Total read: 0
***********Re-init done.**************
1 working threads finish.
0 total msg block: 0
Receive time: 7.20024e-05
Mover threads finish.
1 Gen time: 0.147963
1 total msg block: 0
Receive time: 2.28882e-05
Insert time: 0.000208855
0 remote msg receive done.
Reduce time: 0.000203133
Messages reduce done.
Update time: 0.000216007

Iter: 10
Rank: 0 status count done.
Insert time: 0.00158811
1 remote msg receive done.
Reduce time: 0.00147104
Messages reduce done.
Update time: 0.00149798

Iter: 10
After receive ...

Iter: 10...
Active vertex count: 1632803
***********Re-initing...**************
Buffer columns allocated: 0
Total write: 0
Total read: 0
***********Re-init done.**************
0 working threads finish.
Mover threads finish.
0 Gen time: 1.50204e-05
Rank: 1 status count done.
After receive ...

Iter: 10...
Active vertex count: 1632803
***********Re-initing...**************
Buffer columns allocated: 1519452
Total write: 0
Total read: 0
***********Re-init done.**************
1 working threads finish.
0 total msg block: 0
Receive time: 5.10216e-05
Mover threads finish.
1 Gen time: 0.147047
1 total msg block: 0
Receive time: 1.69277e-05
Insert time: 0.000221014
0 remote msg receive done.
Reduce time: 0.000195026
Messages reduce done.
Update time: 0.000216007

Iter: 11
Rank: 0 status count done.
Insert time: 0.00150394
1 remote msg receive done.
Reduce time: 0.00150514
Messages reduce done.
Update time: 0.00152302

Iter: 11
After receive ...

Iter: 11...
Active vertex count: 1632803
***********Re-initing...**************
Buffer columns allocated: 0
Total write: 0
Total read: 0
***********Re-init done.**************
0 working threads finish.
Mover threads finish.
0 Gen time: 1.4782e-05
Rank: 1 status count done.
After receive ...

Iter: 11...
Active vertex count: 1632803
***********Re-initing...**************
Buffer columns allocated: 1519452
Total write: 0
Total read: 0
***********Re-init done.**************
1 working threads finish.
0 total msg block: 0
Receive time: 5.10216e-05
Mover threads finish.
1 Gen time: 0.145751
1 total msg block: 0
Receive time: 1.5974e-05
Insert time: 0.000204086
0 remote msg receive done.
Reduce time: 0.000209093
Messages reduce done.
Update time: 0.000226021

Iter: 12
Rank: 0 status count done.
Insert time: 0.00149083
1 remote msg receive done.
Reduce time: 0.00147891
Messages reduce done.
Update time: 0.00154185

Iter: 12
After receive ...

Iter: 12...
Active vertex count: 1632803
***********Re-initing...**************
Buffer columns allocated: 0
Total write: 0
Total read: 0
***********Re-init done.**************
Rank: 1 status count done.0 working threads finish.
Mover threads finish.
0 Gen time: 1.50204e-05

After receive ...

Iter: 12...
Active vertex count: 1632803
***********Re-initing...**************
Buffer columns allocated: 1519452
Total write: 0
Total read: 0
***********Re-init done.**************
1 working threads finish.
0 total msg block: 0
Receive time: 5.19753e-05
Mover threads finish.
1 Gen time: 0.153946
1 total msg block: 0
Receive time: 1.69277e-05
Insert time: 0.000210047
0 remote msg receive done.
Reduce time: 0.000201941
Messages reduce done.
Update time: 0.000225067

Iter: 13
Rank: 0 status count done.
Insert time: 0.00152612
1 remote msg receive done.
Reduce time: 0.00174189
Messages reduce done.
Update time: 0.00157285

Iter: 13
After receive ...

Iter: 13...
Active vertex count: 1632803
***********Re-initing...**************
Buffer columns allocated: 0
Total write: 0
Total read: 0
***********Re-init done.**************
0 working threads finish.
Mover threads finish.
0 Gen time: 1.50204e-05
Rank: 1 status count done.
After receive ...

Iter: 13...
Active vertex count: 1632803
***********Re-initing...**************
Buffer columns allocated: 1519452
Total write: 0
Total read: 0
***********Re-init done.**************
1 working threads finish.
0 total msg block: 0
Receive time: 5.00679e-05
Mover threads finish.
1 Gen time: 0.1497
1 total msg block: 0
Receive time: 1.62125e-05
Insert time: 0.000215054
0 remote msg receive done.
Reduce time: 0.000208139
Messages reduce done.
Update time: 0.00019908

Iter: 14
Rank: 0 status count done.
Insert time: 0.00149488
1 remote msg receive done.
Reduce time: 0.0015471
Messages reduce done.
Update time: 0.00154805

Iter: 14
After receive ...

Iter: 14...
Active vertex count: 1632803
***********Re-initing...**************
Buffer columns allocated: 0
Total write: 0
Total read: 0
***********Re-init done.**************
Rank: 1 status count done.
0 working threads finish.
Mover threads finish.
0 Gen time: 1.50204e-05
After receive ...

Iter: 14...
Active vertex count: 1632803
***********Re-initing...**************
Buffer columns allocated: 1519452
Total write: 0
Total read: 0
***********Re-init done.**************
1 working threads finish.
0 total msg block: 0
Receive time: 5.19753e-05
Mover threads finish.
1 Gen time: 0.153413
1 total msg block: 0
Receive time: 1.5974e-05
Insert time: 0.000205994
0 remote msg receive done.
Reduce time: 0.00019908
Messages reduce done.
Update time: 0.000223875

Iter: 15
Rank: 0 status count done.
Insert time: 0.00154901
1 remote msg receive done.
Reduce time: 0.00147986
Messages reduce done.
Update time: 0.0015111

Iter: 15
After receive ...

Iter: 15...
Active vertex count: 1632803
***********Re-initing...**************
Buffer columns allocated: 0
Total write: 0
Rank: 1Total read: 0
***********Re-init done.**************
0 working threads finish.
Mover threads finish.
0 Gen time:  status count done.
After receive ...

1.69277e-05
Iter: 15...
Active vertex count: 1632803
***********Re-initing...**************
Buffer columns allocated: 1519452
Total write: 0
Total read: 0
***********Re-init done.**************
1 working threads finish.
0 total msg block: 0
Receive time: 5.10216e-05
Mover threads finish.
1 Gen time: 0.158521
1 total msg block: 0
Receive time: 1.50204e-05
Insert time: 0.000201941
0 remote msg receive done.
Reduce time: 0.00019598
Messages reduce done.
Update time: 0.000201941

Iter: 16
Rank: 0 status count done.
Insert time: 0.00152397
1 remote msg receive done.
Reduce time: 0.00153995
Messages reduce done.
Update time: 0.00150108

Iter: 16
After receive ...

Iter: 16...
Active vertex count: 1632803
***********Re-initing...**************
Buffer columns allocated: 0
Total write: 0
Total read: Rank: 10
***********Re-init done.**************
0 working threads finish.
Mover threads finish.
0 Gen time: 1.50204e-05
 status count done.
After receive ...

Iter: 16...
Active vertex count: 1632803
***********Re-initing...**************
Buffer columns allocated: 1519452
Total write: 0
Total read: 0
***********Re-init done.**************
1 working threads finish.
0 total msg block: 0
Receive time: 5.10216e-05
Mover threads finish.
1 Gen time: 0.145894
1 total msg block: 0
Receive time: 1.50204e-05
Insert time: 0.000203133
0 remote msg receive done.
Reduce time: 0.000201941
Messages reduce done.
Update time: 0.000200033

Iter: 17
Rank: 0 status count done.
Insert time: 0.00151587
1 remote msg receive done.
Reduce time: 0.00156593
Messages reduce done.
Update time: 0.00154209

Iter: 17
After receive ...

Iter: 17...
Active vertex count: 1632803
***********Re-initing...**************
Buffer columns allocated: 0
Total write: 0
Total read: 0
***********Re-init done.**************
Rank: 10 working threads finish.
Mover threads finish.
0 Gen time: 1.50204e-05
 status count done.
After receive ...

Iter: 17...
Active vertex count: 1632803
***********Re-initing...**************
Buffer columns allocated: 1519452
Total write: 0
Total read: 0
***********Re-init done.**************
1 working threads finish.
0 total msg block: 0
Receive time: 4.98295e-05
Mover threads finish.
1 Gen time: 0.147953
1 total msg block: 0
Receive time: 1.5974e-05
Insert time: 0.000200987
0 remote msg receive done.
Reduce time: 0.00027585
Messages reduce done.
Update time: 0.00019908

Iter: 18
Rank: 0 status count done.
Insert time: 0.00149298
1 remote msg receive done.
Reduce time: 0.00148988
Messages reduce done.
Update time: 0.0015142

Iter: 18
After receive ...

Iter: 18...
Active vertex count: 1632803
***********Re-initing...**************
Buffer columns allocated: 0
Rank: 1 status count done.Total write: 0
Total read: 0
***********Re-init done.**************
0 working threads finish.
Mover threads finish.
0 Gen time: 1.50204e-05

After receive ...

Iter: 18...
Active vertex count: 1632803
***********Re-initing...**************
Buffer columns allocated: 1519452
Total write: 0
Total read: 0
***********Re-init done.**************
1 working threads finish.
0 total msg block: 0
Receive time: 6.79493e-05
Mover threads finish.
1 Gen time: 0.146818
1 total msg block: 0
Receive time: 2.21729e-05
Insert time: 0.000206947
0 remote msg receive done.
Reduce time: 0.000201941
Messages reduce done.
Update time: 0.000236988

Iter: 19
Rank: 0 status count done.
Insert time: 0.001508
1 remote msg receive done.
Reduce time: 0.00150704
Messages reduce done.
Update time: 0.00150895

Iter: 19
After receive ...

Iter: 19...
Active vertex count: 1632803
***********Re-initing...**************
Buffer columns allocated: 0
Total write: 0
Total read: 0
***********Re-init done.**************
0 working threads finish.
Mover threads finish.
0 Gen time: 1.4782e-05
Rank: 1 status count done.
After receive ...

Iter: 19...
Active vertex count: 1632803
***********Re-initing...**************
Buffer columns allocated: 1519452
Total write: 0
Total read: 0
***********Re-init done.**************
1 working threads finish.
0 total msg block: 0
Receive time: 5.19753e-05
Mover threads finish.
1 Gen time: 0.145679
1 total msg block: 0
Receive time: 1.69277e-05
Insert time: 0.000200033
0 remote msg receive done.
Reduce time: 0.000224829
Messages reduce done.
Update time: 0.000225067

0 all time : 0.0086062
Total reduce time: 0.00413704
Total working time: 0.000208378
Total moving time: 9.53674e-07
Total update time: 0.00415921
Total comm time: 0.0011127
Total insert time: 0.00420952
Accumulative total active vertices: 32656060
Finish.
Insert time: 0.00149083
1 remote msg receive done.
Reduce time: 0.00146794
Messages reduce done.
Update time: 0.00149989

1 all time : 3.04952
Total reduce time: 0.0309615
Total working time: 1.21582
Total moving time: 1.76883
Total update time: 0.0309169
Total comm time: 0.000372887
Total insert time: 0.0302176
Accumulative total active vertices: 32656060
Finish.
 
TACC: Shutdown complete. Exiting.
