Running on MIC and CPU
TACC: Starting up job 4176676
TACC: Starting parallel tasks...
  mpiexec.hydra -iface br0 -configfile /home1/02687/binren/.slurm/config_file.4176676.csJpcqt8 -machinefile /home1/02687/binren/.slurm/job.4176676.hostlist.QIkm21sW  
My rank is: 0
My rank is: 1
0 vertex count: 0
0 line no: 1632803
0 edges: 0
Reordering...
Reorder time: 1.71661e-05
****** remote edges: ****** 0
Iter: 0
Rank: 0 status count done.
1 vertex count: 1632803
1 line no: 1632803
1 edges: 30622564
Reordering...
Rank: 1 width is: 64
Rank: 1 vlen is: 64
===========> Max length: 13734
===========> Min length: 0
Reorder time: 1.73807
****** remote edges: ****** 0
Iter: 0
After receive ...

Iter: 0...
Active vertex count: 1632803
***********Re-initing...**************
Buffer columns allocated: 0
Total write: 0
Total read: 0
***********Re-init done.**************
0 working threads finish.
Mover threads finish.
0 Gen time: 1.50204e-05
Rank: 1 status count done.
After receive ...

Iter: 0...
Active vertex count: 1632803
***********Re-initing...**************
Buffer columns allocated: 0
Total write: 0
Total read: 0
***********Re-init done.**************
1 working threads finish.
0 total msg block: 0
Mover threads finish.
1 Gen time: Receive time: 0.000102043
0.165754
1 total msg block: 0
Receive time: 5.79357e-05
Insert time: 0.000237942
0 remote msg receive done.
Reduce time: 0.000207901
Messages reduce done.
Update time: 0.000230074

Iter: 1
Rank: 0 status count done.
Insert time: 0.00156808
1 remote msg receive done.
Reduce time: 0.00160503
Messages reduce done.
Update time: 0.0017879

Iter: 1
After receive ...

Iter: 1...
Active vertex count: 1632803
***********Re-initing...**************
Buffer columns allocated: 0
Total write: 0
Total read: 0
***********Re-init done.**************
Rank: 1 status count done.
0 working threads finish.
Mover threads finish.
0 Gen time: 1.5974e-05
After receive ...

Iter: 1...
Active vertex count: 1632803
***********Re-initing...**************
Buffer columns allocated: 1519452
Total write: 0
Total read: 0
***********Re-init done.**************
1 working threads finish.
0 total msg block: 0
Receive time: 5.00679e-05
Mover threads finish.
1 Gen time: 0.142642
1 total msg block: 0
Receive time: 1.78814e-05
Insert time: 0.00020504
0 remote msg receive done.
Reduce time: 0.000215054
Messages reduce done.
Update time: 0.000209093

Iter: 2
Rank: 0 status count done.
Insert time: 0.00146317
1 remote msg receive done.
Reduce time: 0.00148702
Messages reduce done.
Update time: 0.00148606

Iter: 2
After receive ...

Iter: 2...
Active vertex count: 1632803
***********Re-initing...**************
Buffer columns allocated: 0
Total write: 0
Total read: 0
***********Re-init done.**************
0 working threads finish.
Mover threads finish.
0 Gen time: 1.50204e-05
Rank: 1 status count done.
After receive ...

Iter: 2...
Active vertex count: 1632803
***********Re-initing...**************
Buffer columns allocated: 1519452
Total write: 0
Total read: 0
***********Re-init done.**************
1 working threads finish.
0 total msg block: 0
Receive time: 5.10216e-05
Mover threads finish.
1 Gen time: 0.146817
1 total msg block: 0
Receive time: 1.81198e-05
Insert time: 0.00020504
0 remote msg receive done.
Reduce time: 0.000212193
Messages reduce done.
Update time: 0.000245094

Iter: 3
Rank: 0 status count done.
Insert time: 0.00164294
1 remote msg receive done.
Reduce time: 0.00152612
Messages reduce done.
Update time: 0.00154209

Iter: 3
After receive ...

Iter: 3...
Active vertex count: 1632803
***********Re-initing...**************
Buffer columns allocated: 0
Total write: 0
Total read: 0
***********Re-init done.**************
Rank: 1 status count done.
After receive ...

Iter: 30 working threads finish.
Mover threads finish.
0 Gen time: 1.40667e-05
...
Active vertex count: 1632803
***********Re-initing...**************
Buffer columns allocated: 1519452
Total write: 0
Total read: 0
***********Re-init done.**************
1 working threads finish.
0 total msg block: 0
Receive time: 4.88758e-05
Mover threads finish.
1 Gen time: 0.136821
1 total msg block: 0
Receive time: 1.81198e-05
Insert time: 0.000211954
0 remote msg receive done.
Reduce time: 0.000241995
Messages reduce done.
Update time: 0.000211

Iter: 4
Rank: 0 status count done.
Insert time: 0.00151396
1 remote msg receive done.
Reduce time: 0.00146604
Messages reduce done.
Update time: 0.00155282

Iter: 4
After receive ...

Iter: 4...
Active vertex count: 1632803
***********Re-initing...**************
Buffer columns allocated: 0
Total write: 0
Total read: 0
***********Re-init done.**************
0 working threads finish.
Mover threads finish.
0 Gen time: 1.5974e-05
Rank: 1 status count done.
After receive ...

Iter: 4...
Active vertex count: 1632803
***********Re-initing...**************
Buffer columns allocated: 1519452
Total write: 0
Total read: 0
***********Re-init done.**************
1 working threads finish.
0 total msg block: 0
Receive time: 6.8903e-05
Mover threads finish.
1 Gen time: 0.149707
1 total msg block: 0
Receive time: 2.40803e-05
Insert time: 0.000212908
0 remote msg receive done.
Reduce time: 0.000219822
Messages reduce done.
Update time: 0.000207901

Iter: 5
Rank: 0 status count done.
Insert time: 0.001513
1 remote msg receive done.
Reduce time: 0.00148702
Messages reduce done.
Update time: 0.00150394

Iter: 5
After receive ...

Iter: 5...
Active vertex count: 1632803
***********Re-initing...**************
Buffer columns allocated: 0
Total write: 0
Total read: 0
***********Re-init done.**************
0 working threads finish.
Mover threads finish.
0 Gen time: 1.50204e-05
Rank: 1 status count done.
After receive ...

Iter: 5...
Active vertex count: 1632803
***********Re-initing...**************
Buffer columns allocated: 1519452
Total write: 0
Total read: 0
***********Re-init done.**************
1 working threads finish.
0 total msg block: 0
Receive time: 5.07832e-05
Mover threads finish.
1 Gen time: 0.14534
1 total msg block: 0
Receive time: 1.5974e-05
Insert time: 0.000210047
0 remote msg receive done.
Reduce time: 0.000235081
Messages reduce done.
Update time: 0.000213146

Iter: 6
Rank: 0 status count done.
Insert time: 0.00147486
1 remote msg receive done.
Reduce time: 0.00147796
Messages reduce done.
Update time: 0.001508

Iter: 6
After receive ...

Iter: 6...
Active vertex count: 1632803
***********Re-initing...**************
Buffer columns allocated: 0
Total write: 0
Total read: 0
***********Re-init done.**************
Rank: 1 status count done.0 working threads finish.
Mover threads finish.
0 Gen time: 1.5974e-05

After receive ...

Iter: 6...
Active vertex count: 1632803
***********Re-initing...**************
Buffer columns allocated: 1519452
Total write: 0
Total read: 0
***********Re-init done.**************
1 working threads finish.
0 total msg block: 0
Receive time: 5.19753e-05
Mover threads finish.
1 Gen time: 0.143868
1 total msg block: 0
Receive time: 1.5974e-05
Insert time: 0.000204086
0 remote msg receive done.
Reduce time: 0.000211
Messages reduce done.
Update time: 0.000255823

Iter: 7
Rank: 0 status count done.
Insert time: 0.00152493
1 remote msg receive done.
Reduce time: 0.00153589
Messages reduce done.
Update time: 0.00152302

Iter: 7
After receive ...

Iter: 7...
Active vertex count: 1632803
***********Re-initing...**************
Buffer columns allocated: 0
Total write: 0
Total read: 0
***********Re-init done.**************
Rank: 1 status count done.0 working threads finish.
Mover threads finish.
0 Gen time: 1.50204e-05

After receive ...

Iter: 7...
Active vertex count: 1632803
***********Re-initing...**************
Buffer columns allocated: 1519452
Total write: 0
Total read: 0
***********Re-init done.**************
1 working threads finish.
0 total msg block: 0
Receive time: 5.00679e-05
Mover threads finish.
1 Gen time: 0.15007
1 total msg block: 0
Receive time: 1.71661e-05
Insert time: 0.00022316
0 remote msg receive done.
Reduce time: 0.000233889
Messages reduce done.
Update time: 0.000208855

Iter: 8
Rank: 0 status count done.
Insert time: 0.00150299
1 remote msg receive done.
Reduce time: 0.00148201
Messages reduce done.
Update time: 0.001513

Iter: 8
After receive ...

Iter: 8...
Active vertex count: 1632803
***********Re-initing...**************
Buffer columns allocated: 0
Total write: 0
Total read: 0
***********Re-init done.**************
Rank: 1 status count done.0 working threads finish.
Mover threads finish.

0 Gen time: 1.3113e-05
After receive ...

Iter: 8...
Active vertex count: 1632803
***********Re-initing...**************
Buffer columns allocated: 1519452
Total write: 0
Total read: 0
***********Re-init done.**************
1 working threads finish.
0 total msg block: 0
Receive time: 5.10216e-05
Mover threads finish.
1 Gen time: 0.145853
1 total msg block: 0
Receive time: 1.88351e-05
Insert time: 0.000211954
0 remote msg receive done.
Reduce time: 0.000209093
Messages reduce done.
Update time: 0.000221014

Iter: 9
Rank: 0 status count done.
Insert time: 0.00151992
1 remote msg receive done.
Reduce time: 0.00155711
Messages reduce done.
Update time: 0.00160313

Iter: 9
After receive ...

Iter: 9...
Active vertex count: 1632803
***********Re-initing...**************
Buffer columns allocated: 0
Total write: 0
Total read: 0Rank: 1 status count done.
***********Re-init done.**************
0 working threads finish.
Mover threads finish.
0 Gen time: 1.40667e-05

After receive ...

Iter: 9...
Active vertex count: 1632803
***********Re-initing...**************
Buffer columns allocated: 1519452
Total write: 0
Total read: 0
***********Re-init done.**************
1 working threads finish.
0 total msg block: 0
Receive time: 5.29289e-05
Mover threads finish.
1 Gen time: 0.145909
1 total msg block: 0
Receive time: 1.78814e-05
Insert time: 0.000233173
0 remote msg receive done.
Reduce time: 0.000207901
Messages reduce done.
Update time: 0.0002141

Iter: 10
Rank: 0 status count done.
Insert time: 0.0015018
1 remote msg receive done.
Reduce time: 0.00148511
Messages reduce done.
Update time: 0.00150394

Iter: 10
After receive ...

Iter: 10...
Active vertex count: 1632803
***********Re-initing...**************
Buffer columns allocated: 0
Total write: 0
Total read: 0
***********Re-init done.**************
Rank: 1 status count done.
0 working threads finish.
Mover threads finish.After receive ...

Iter: 10...
Active vertex count: 1632803
***********Re-initing...**************

0 Gen time: 1.50204e-05
Buffer columns allocated: 1519452
Total write: 0
Total read: 0
***********Re-init done.**************
1 working threads finish.
0 total msg block: 0
Receive time: 6.50883e-05
Mover threads finish.
1 Gen time: 0.146556
1 total msg block: 0
Receive time: 2.31266e-05
Insert time: 0.000221014
0 remote msg receive done.
Reduce time: 0.000211
Messages reduce done.
Update time: 0.000209093

Iter: 11
Rank: 0 status count done.
Insert time: 0.00152612
1 remote msg receive done.
Reduce time: 0.00150681
Messages reduce done.
Update time: 0.00151086

Iter: 11
After receive ...

Iter: 11...
Active vertex count: 1632803
***********Re-initing...**************
Buffer columns allocated: 0
Total write: 0
Total read: 0
***********Re-init done.**************
0 working threads finish.
Mover threads finish.
0 Gen time: 1.4782e-05
Rank: 1 status count done.
After receive ...

Iter: 11...
Active vertex count: 1632803
***********Re-initing...**************
Buffer columns allocated: 1519452
Total write: 0
Total read: 0
***********Re-init done.**************
1 working threads finish.
0 total msg block: 0
Receive time: 6.8903e-05
Mover threads finish.
1 Gen time: 0.147117
1 total msg block: 0
Receive time: 2.40803e-05
Insert time: 0.000240088
0 remote msg receive done.
Reduce time: 0.000233173
Messages reduce done.
Update time: 0.0002141

Iter: 12
Rank: 0 status count done.
Insert time: 0.00150585
1 remote msg receive done.
Reduce time: 0.00149393
Messages reduce done.
Update time: 0.00152016

Iter: 12
After receive ...

Iter: 12...
Active vertex count: 1632803
***********Re-initing...**************
Buffer columns allocated: 0
Total write: 0
Total read: 0
***********Re-init done.**************
0 working threads finish.
Mover threads finish.
0 Gen time: 1.5974e-05
Rank: 1 status count done.
After receive ...

Iter: 12...
Active vertex count: 1632803
***********Re-initing...**************
Buffer columns allocated: 1519452
Total write: 0
Total read: 0
***********Re-init done.**************
1 working threads finish.
0 total msg block: 0
Receive time: 6.60419e-05
Mover threads finish.
1 Gen time: 0.144982
1 total msg block: 0
Receive time: 2.28882e-05
Insert time: 0.000215054
0 remote msg receive done.
Reduce time: 0.000206947
Messages reduce done.
Update time: 0.000213861

Iter: 13
Rank: 0 status count done.
Insert time: 0.00162601
1 remote msg receive done.
Reduce time: 0.00153685
Messages reduce done.
Update time: 0.00158405

Iter: 13
After receive ...

Iter: 13...
Active vertex count: 1632803
***********Re-initing...**************
Buffer columns allocated: 0
Total write: 0
Total read: 0
***********Re-init done.**************
0 working threads finish.
Mover threads finish.
0 Gen time: 1.50204e-05
Rank: 1 status count done.
After receive ...

Iter: 13...
Active vertex count: 1632803
***********Re-initing...**************
Buffer columns allocated: 1519452
Total write: 0
Total read: 0
***********Re-init done.**************
1 working threads finish.
0 total msg block: 0
Receive time: 5.10216e-05
Mover threads finish.
1 Gen time: 0.146395
1 total msg block: 0
Receive time: 1.5974e-05
Insert time: 0.000226021
0 remote msg receive done.
Reduce time: 0.000214815
Messages reduce done.
Update time: 0.000208855

Iter: 14
Rank: 0 status count done.
Insert time: 0.00150394
1 remote msg receive done.
Reduce time: 0.00158882
Messages reduce done.
Update time: 0.00151896

Iter: 14
After receive ...

Iter: 14...
Active vertex count: 1632803
***********Re-initing...**************
Buffer columns allocated: 0
Total write: 0
Total read: 0
***********Re-init done.**************
Rank: 1 status count done.
0 working threads finish.
Mover threads finish.
0 Gen time: 1.50204e-05
After receive ...

Iter: 14...
Active vertex count: 1632803
***********Re-initing...**************
Buffer columns allocated: 1519452
Total write: 0
Total read: 0
***********Re-init done.**************
1 working threads finish.
0 total msg block: 0
Mover threads finish.
Receive time: 5.19753e-05
1 Gen time: 0.145486
1 total msg block: 0
Receive time: 1.50204e-05
Insert time: 0.000212908
0 remote msg receive done.
Reduce time: 0.000212908
Messages reduce done.
Update time: 0.000216007

Iter: 15
Rank: 0 status count done.
Insert time: 0.00149703
1 remote msg receive done.
Reduce time: 0.00160813
Messages reduce done.
Update time: 0.00160003

Iter: 15
After receive ...

Iter: 15...
Active vertex count: 1632803
***********Re-initing...**************
Buffer columns allocated: 0
Total write: 0
Total read: 0
***********Re-init done.**************
0 working threads finish.
Mover threads finish.
0 Gen time: 1.50204e-05
Rank: 1 status count done.
After receive ...

Iter: 15...
Active vertex count: 1632803
***********Re-initing...**************
Buffer columns allocated: 1519452
Total write: 0
Total read: 0
***********Re-init done.**************
1 working threads finish.
0 total msg block: 0
Receive time: 4.91142e-05
Mover threads finish.
1 Gen time: 0.146416
1 total msg block: 0
Receive time: 1.40667e-05
Insert time: 0.000209093
0 remote msg receive done.
Reduce time: 0.000211
Messages reduce done.
Update time: 0.000212908

Iter: 16
Rank: 0 status count done.
Insert time: 0.00149393
1 remote msg receive done.
Reduce time: 0.00147891
Messages reduce done.
Update time: 0.00152302

Iter: 16
After receive ...

Iter: 16...
Active vertex count: 1632803
***********Re-initing...**************
Buffer columns allocated: 0
Total write: 0
Total read: 0
***********Re-init done.**************
0 working threads finish.
Mover threads finish.
0 Gen time: 1.5974e-05
Rank: 1 status count done.
After receive ...

Iter: 16...
Active vertex count: 1632803
***********Re-initing...**************
Buffer columns allocated: 1519452
Total write: 0
Total read: 0
***********Re-init done.**************
1 working threads finish.
0 total msg block: 0
Receive time: 5.10216e-05
Mover threads finish.
1 Gen time: 0.145436
1 total msg block: 0
Receive time: 1.69277e-05
Insert time: 0.000203848
0 remote msg receive done.
Reduce time: 0.000205994
Messages reduce done.
Update time: 0.000217915

Iter: 17
Rank: 0 status count done.
Insert time: 0.00149202
1 remote msg receive done.
Reduce time: 0.00154305
Messages reduce done.
Update time: 0.00153685

Iter: 17
After receive ...

Iter: 17...
Active vertex count: 1632803
***********Re-initing...**************
Buffer columns allocated: 0
Total write: 0
Total read: 0
***********Re-init done.**************
Rank: 1 status count done.0 working threads finish.
Mover threads finish.
0 Gen time: 
After receive ...

Iter: 171.50204e-05
...
Active vertex count: 1632803
***********Re-initing...**************
Buffer columns allocated: 1519452
Total write: 0
Total read: 0
***********Re-init done.**************
1 working threads finish.
0 total msg block: 0
Receive time: 5.38826e-05
Mover threads finish.
1 Gen time: 0.149947
1 total msg block: 0
Receive time: 1.81198e-05
Insert time: 0.0002141
0 remote msg receive done.
Reduce time: 0.000206947
Messages reduce done.
Update time: 0.000211

Iter: 18
Rank: 0 status count done.
Insert time: 0.00149703
1 remote msg receive done.
Reduce time: 0.00157309
Messages reduce done.
Update time: 0.00162816

Iter: 18
After receive ...

Iter: 18...
Active vertex count: 1632803
***********Re-initing...**************
Buffer columns allocated: 0
Total write: 0
Total read: 0
***********Re-init done.**************
Rank: 1 status count done.
0 working threads finish.
Mover threads finish.
0 Gen time: 1.62125e-05
After receive ...

Iter: 18...
Active vertex count: 1632803
***********Re-initing...**************
Buffer columns allocated: 1519452
Total write: 0
Total read: 0
***********Re-init done.**************
1 working threads finish.
0 total msg block: 0
Receive time: 5.00679e-05
Mover threads finish.
1 Gen time: 0.144209
1 total msg block: 0
Receive time: 1.69277e-05
Insert time: 0.000224113
0 remote msg receive done.
Reduce time: 0.000208139
Messages reduce done.
Update time: 0.000227928

Iter: 19
Rank: 0 status count done.
Insert time: 0.00151396
1 remote msg receive done.
Reduce time: 0.00148511
Messages reduce done.
Update time: 0.00150013

Iter: 19
After receive ...

Iter: 19...
Active vertex count: 1632803
***********Re-initing...**************
Buffer columns allocated: 0
Total write: 0
Total read: 0
***********Re-init done.**************
0 working threads finish.
Rank: 1 status count done.
Mover threads finish.
0 Gen time: 1.50204e-05
After receive ...

Iter: 19...
Active vertex count: 1632803
***********Re-initing...**************
Buffer columns allocated: 1519452
Total write: 0
Total read: 0
***********Re-init done.**************
1 working threads finish.
0 total msg block: 0
Receive time: 6.29425e-05
Mover threads finish.
1 Gen time: 0.143251
1 total msg block: 0
Receive time: 2.00272e-05
Insert time: 0.000202894
0 remote msg receive done.
Reduce time: 0.000238895
Messages reduce done.
Update time: 0.000221014

0 all time : 0.00901484
Total reduce time: 0.00434375
Total working time: 0.00020051
Total moving time: 9.53674e-07
Total update time: 0.00436878
Total comm time: 0.00114775
Total insert time: 0.00432444
Accumulative total active vertices: 32656060
Finish.
Insert time: 0.00153995
1 remote msg receive done.
Reduce time: 0.00158787
Messages reduce done.
Update time: 0.00158501

1 all time : 2.99412
Total reduce time: 0.0305119
Total working time: 1.19893
Total moving time: 1.72873
Total update time: 0.0310311
Total comm time: 0.000409126
Total insert time: 0.0304215
Accumulative total active vertices: 32656060
Finish.
 
TACC: Shutdown complete. Exiting.
