Running on MIC and CPU
TACC: Starting up job 4158061
TACC: Starting parallel tasks...
  mpiexec.hydra -iface br0 -configfile /home1/02687/binren/.slurm/config_file.4158061.29Oz0R7g -machinefile /home1/02687/binren/.slurm/job.4158061.hostlist.tImfwtUF  
My rank is: 0
My rank is: 1
0 vertex count: 1632803
0 line no: 1632803
0 edges: 30622564
Reordering...
Rank: 0 width is: 512
Rank: 0 vlen is: 16
===========> Max length: 13734
===========> Min length: 0
Reorder time: 0.196089
****** remote edges: ****** 0
Iter: 0
Rank: 0 status count done.
1 vertex count: 0
1 line no: 1632803
1 edges: 0
Reordering...
Reorder time: 1.5974e-05
****** remote edges: ****** 0
Iter: 0
After receive ...

Iter: 0...
Active vertex count: 1632803
***********Re-initing...**************
Rank: 1 status count done.
After receive ...

Iter: 0...
Active vertex count: 1632803
***********Re-initing...**************
Buffer columns allocated: 0
Buffer columns allocated: 0
Total write: 0
Total read: 0
***********Re-init done.**************
Total write: 0
Total read: 0
***********Re-init done.**************
1 working threads finish.
Mover threads finish.
1 Gen time: 0.00563288
0 working threads finish.
Mover threads finish.
0 Gen time: 1.08151
0 total msg block: 0
Receive time: 0.000121832
1 total msg block: 0
Receive time: 5.79357e-05
Insert time: 0.000267029
0 remote msg receive done.
Reduce time: 0.00589418
Messages reduce done.
Update time: 0.0029099

Iter: 1
Rank: 0 status count done.
Insert time: 0.00143909
1 remote msg receive done.
Reduce time: 0.00144601
Messages reduce done.
Update time: 0.001436

Iter: 1
After receive ...

Iter: 1...
Active vertex count: 1632803
***********Re-initing...**************
Rank: 1 status count done.
After receive ...

Iter: 1...
Active vertex count: 1632803
***********Re-initing...**************
Buffer columns allocated: 0
Buffer columns allocated: 1519452
Total write: 0
Total read: 0
***********Re-init done.**************
Total write: 0
Total read: 0
***********Re-init done.**************
1 working threads finish.
Mover threads finish.
1 Gen time: 0.00570107
0 working threads finish.
Mover threads finish.
0 Gen time: 1.10707
0 total msg block: 0
Receive time: 9.58443e-05
1 total msg block: 0
Receive time: 3.50475e-05
Insert time: 0.000212908
0 remote msg receive done.
Reduce time: 0.00587296
Messages reduce done.
Update time: 0.00285888

Iter: 2
Rank: 0 status count done.
Insert time: 0.0015099
1 remote msg receive done.
Reduce time: 0.00145602
Messages reduce done.
Update time: 0.00146699

Iter: 2
After receive ...

Iter: 2...
Active vertex count: 1632803
***********Re-initing...**************
Rank: 1 status count done.
After receive ...

Iter: 2...
Active vertex count: 1632803
***********Re-initing...**************
Buffer columns allocated: 0
Buffer columns allocated: 1519452
Total write: 0
Total read: 0
***********Re-init done.**************
Total write: 0
Total read: 0
***********Re-init done.**************
1 working threads finish.
Mover threads finish.
1 Gen time: 0.00575089
0 working threads finish.
Mover threads finish.
0 Gen time: 1.08303
0 total msg block: 0
Receive time: 9.70364e-05
1 total msg block: 0
Receive time: 3.40939e-05
Insert time: 0.000258923
0 remote msg receive done.
Reduce time: 0.00589705
Messages reduce done.
Update time: 0.00285101

Iter: 3
Rank: 0 status count done.
Insert time: 0.0014689
1 remote msg receive done.
Reduce time: 0.00148988
Messages reduce done.
Update time: 0.001441

Iter: 3
After receive ...

Iter: 3...
Active vertex count: 1632803
***********Re-initing...**************
Rank: 1 status count done.
After receive ...

Iter: 3...
Active vertex count: 1632803
***********Re-initing...**************
Buffer columns allocated: 0
Buffer columns allocated: 1519452
Total write: 0
Total read: 0
***********Re-init done.**************
Total write: 0
Total read: 0
***********Re-init done.**************
1 working threads finish.
Mover threads finish.
1 Gen time: 0.00581002
0 working threads finish.
Mover threads finish.
0 Gen time: 1.09018
0 total msg block: 0
Receive time: 9.10759e-05
1 total msg block: 0
Receive time: 3.29018e-05
Insert time: 0.000236988
0 remote msg receive done.
Reduce time: 0.00583005
Messages reduce done.
Update time: 0.00308299

Iter: 4
Rank: 0 status count done.
Insert time: 0.00145316
1 remote msg receive done.
Reduce time: 0.0014658
Messages reduce done.
Update time: 0.00146222

Iter: 4
After receive ...

Iter: 4...
Active vertex count: 1632803
***********Re-initing...**************
Rank: 1 status count done.
After receive ...

Iter: 4...
Active vertex count: 1632803
***********Re-initing...**************
Buffer columns allocated: 0
Buffer columns allocated: 1519452
Total write: 0
Total read: 0
***********Re-init done.**************
Total write: 0
Total read: 0
***********Re-init done.**************
1 working threads finish.
Mover threads finish.
1 Gen time: 0.005831
0 working threads finish.
Mover threads finish.
0 Gen time: 1.07227
0 total msg block: 0
Receive time: 9.5129e-05
1 total msg block: 0
Receive time: 3.31402e-05
Insert time: 0.000190973
0 remote msg receive done.
Reduce time: 0.00589204
Messages reduce done.
Update time: 0.00286698

Iter: 5
Rank: 0 status count done.
Insert time: 0.00146294
1 remote msg receive done.
Reduce time: 0.00145388
Messages reduce done.
Update time: 0.00149202

Iter: 5
After receive ...

Iter: 5...
Active vertex count: 1632803
***********Re-initing...**************
Rank: 1 status count done.
After receive ...

Iter: 5...
Active vertex count: 1632803
***********Re-initing...**************
Buffer columns allocated: 0
Buffer columns allocated: 1519452
Total write: 0
Total read: 0
***********Re-init done.**************
Total write: 0
Total read: 0
***********Re-init done.**************
1 working threads finish.
Mover threads finish.
1 Gen time: 0.00584984
0 working threads finish.
Mover threads finish.
0 Gen time: 1.0732
0 total msg block: 0
Receive time: 9.20296e-05
1 total msg block: 0
Receive time: 3.38554e-05
Insert time: 0.000222921
0 remote msg receive done.
Reduce time: 0.00598907
Messages reduce done.
Update time: 0.00284982

Iter: 6
Rank: 0 status count done.
Insert time: 0.00146317
1 remote msg receive done.
Reduce time: 0.00145102
Messages reduce done.
Update time: 0.00145793

Iter: 6
After receive ...

Iter: 6...
Active vertex count: 1632803
***********Re-initing...**************
Rank: 1 status count done.
After receive ...

Iter: 6...
Active vertex count: 1632803
***********Re-initing...**************
Buffer columns allocated: 0
Buffer columns allocated: 1519452
Total write: 0
Total read: 0
***********Re-init done.**************
Total write: 0
Total read: 0
***********Re-init done.**************
1 working threads finish.
Mover threads finish.
1 Gen time: 0.00584221
0 working threads finish.
Mover threads finish.
0 Gen time: 1.07188
0 total msg block: 0
Receive time: 9.08375e-05
1 total msg block: 0
Receive time: 3.31402e-05
Insert time: 0.000216007
0 remote msg receive done.
Reduce time: 0.0059371
Messages reduce done.
Update time: 0.00283313

Iter: 7
Rank: 0 status count done.
Insert time: 0.00145411
1 remote msg receive done.
Reduce time: 0.00147009
Messages reduce done.
Update time: 0.00146699

Iter: 7
After receive ...

Iter: 7...
Active vertex count: 1632803
***********Re-initing...**************
Rank: 1 status count done.
After receive ...

Iter: 7...
Active vertex count: 1632803
***********Re-initing...**************
Buffer columns allocated: 0
Buffer columns allocated: 1519452
Total write: 0
Total read: 0
***********Re-init done.**************
Total write: 0
Total read: 0
***********Re-init done.**************
1 working threads finish.
Mover threads finish.
1 Gen time: 0.0058589
0 working threads finish.
Mover threads finish.
0 Gen time: 1.08197
0 total msg block: 0
Receive time: 9.01222e-05
1 total msg block: 0
Receive time: 3.19481e-05
Insert time: 0.000243902
0 remote msg receive done.
Reduce time: 0.00588298
Messages reduce done.
Update time: 0.00286198

Iter: 8
Rank: 0 status count done.
Insert time: 0.00146604
1 remote msg receive done.
Reduce time: 0.00145197
Messages reduce done.
Update time: 0.00144815

Iter: 8
After receive ...

Iter: 8...
Active vertex count: 1632803
***********Re-initing...**************
Rank: 1 status count done.
After receive ...

Iter: 8...
Active vertex count: 1632803
***********Re-initing...**************
Buffer columns allocated: 0
Buffer columns allocated: 1519452
Total write: 0
Total read: 0
***********Re-init done.**************
Total write: 0
Total read: 0
***********Re-init done.**************
1 working threads finish.
Mover threads finish.
1 Gen time: 0.0058279
0 working threads finish.
Mover threads finish.
0 Gen time: 1.07061
0 total msg block: 0
Receive time: 9.29832e-05
1 total msg block: 0
Receive time: 3.19481e-05
Insert time: 0.00022316
0 remote msg receive done.
Reduce time: 0.00591302
Messages reduce done.
Update time: 0.00285697

Iter: 9
Rank: 0 status count done.
Insert time: 0.00146508
1 remote msg receive done.
Reduce time: 0.00145507
Messages reduce done.
Update time: 0.00161004

Iter: 9
After receive ...

Iter: 9...
Active vertex count: 1632803
***********Re-initing...**************
Rank: 1 status count done.
After receive ...

Iter: 9...
Active vertex count: 1632803
***********Re-initing...**************
Buffer columns allocated: 0
Buffer columns allocated: 1519452
Total write: 0
Total read: 0
***********Re-init done.**************
Total write: 0
Total read: 0
***********Re-init done.**************
1 working threads finish.
Mover threads finish.
1 Gen time: 0.0058918
0 working threads finish.
Mover threads finish.
0 Gen time: 1.09363
0 total msg block: 0
Receive time: 9.58443e-05
1 total msg block: 0
Receive time: 3.31402e-05
Insert time: 0.000230074
0 remote msg receive done.
Reduce time: 0.0058701
Messages reduce done.
Update time: 0.00286317

Iter: 10
Rank: 0 status count done.
Insert time: 0.00146413
1 remote msg receive done.
Reduce time: 0.00145316
Messages reduce done.
Update time: 0.00145721

Iter: 10
After receive ...

Iter: 10...
Active vertex count: 1632803
***********Re-initing...**************
Rank: 1 status count done.
After receive ...

Iter: 10...
Active vertex count: 1632803
***********Re-initing...**************
Buffer columns allocated: 0
Buffer columns allocated: 1519452
Total write: 0
Total read: 0
***********Re-init done.**************
Total write: 0
Total read: 0
***********Re-init done.**************
1 working threads finish.
Mover threads finish.
1 Gen time: 0.00583601
0 working threads finish.
Mover threads finish.
0 Gen time: 1.10294
0 total msg block: 0
Receive time: 9.5129e-05
1 total msg block: 0
Receive time: 3.21865e-05
Insert time: 0.000222921
0 remote msg receive done.
Reduce time: 0.00597
Messages reduce done.
Update time: 0.00285506

Iter: 11
Rank: 0 status count done.
Insert time: 0.00152016
1 remote msg receive done.
Reduce time: 0.00146103
Messages reduce done.
Update time: 0.00146484

Iter: 11
After receive ...

Iter: 11...
Active vertex count: 1632803
***********Re-initing...**************
Rank: 1 status count done.
After receive ...

Iter: 11...
Active vertex count: 1632803
***********Re-initing...**************
Buffer columns allocated: 0
Buffer columns allocated: 1519452
Total write: 0
Total read: 0
***********Re-init done.**************
Total write: 0
Total read: 0
***********Re-init done.**************
1 working threads finish.
Mover threads finish.
1 Gen time: 0.00581408
0 working threads finish.
Mover threads finish.
0 Gen time: 1.07159
0 total msg block: 0
Receive time: 9.17912e-05
1 total msg block: 0
Receive time: 3.29018e-05
Insert time: 0.000225067
0 remote msg receive done.
Reduce time: 0.00593805
Messages reduce done.
Update time: 0.00284505

Iter: 12
Rank: 0 status count done.
Insert time: 0.00146103
1 remote msg receive done.
Reduce time: 0.00146484
Messages reduce done.
Update time: 0.00147009

Iter: 12
After receive ...

Iter: 12...
Active vertex count: 1632803
***********Re-initing...**************
Rank: 1 status count done.
After receive ...

Iter: 12...
Active vertex count: 1632803
***********Re-initing...**************
Buffer columns allocated: 0
Buffer columns allocated: 1519452
Total write: 0
Total read: 0
***********Re-init done.**************
Total write: 0
Total read: 0
***********Re-init done.**************
1 working threads finish.
Mover threads finish.
1 Gen time: 0.00590515
0 working threads finish.
Mover threads finish.
0 Gen time: 1.07707
0 total msg block: 0
Receive time: 8.79765e-05
1 total msg block: 0
Receive time: 3.12328e-05
Insert time: 0.000241995
0 remote msg receive done.
Reduce time: 0.00582886
Messages reduce done.
Update time: 0.00284791

Iter: 13
Rank: 0 status count done.
Insert time: 0.00146317
1 remote msg receive done.
Reduce time: 0.00145102
Messages reduce done.
Update time: 0.00150895

Iter: 13
After receive ...

Iter: 13...
Active vertex count: 1632803
***********Re-initing...**************
Rank: 1 status count done.
After receive ...

Iter: 13...
Active vertex count: 1632803
***********Re-initing...**************
Buffer columns allocated: 0
Buffer columns allocated: 1519452
Total write: 0
Total read: 0
***********Re-init done.**************
Total write: 0
Total read: 0
***********Re-init done.**************
1 working threads finish.
Mover threads finish.
1 Gen time: 0.00587702
0 working threads finish.
Mover threads finish.
0 Gen time: 1.08692
0 total msg block: 0
Receive time: 8.89301e-05
1 total msg block: 0
Receive time: 3.31402e-05
Insert time: 0.000243902
0 remote msg receive done.
Reduce time: 0.005898
Messages reduce done.
Update time: 0.00282812

Iter: 14
Rank: 0 status count done.
Insert time: 0.00149083
1 remote msg receive done.
Reduce time: 0.00145006
Messages reduce done.
Update time: 0.00147104

Iter: 14
After receive ...

Iter: 14...
Active vertex count: 1632803
***********Re-initing...**************
Rank: 1 status count done.
After receive ...

Iter: 14...
Active vertex count: 1632803
***********Re-initing...**************
Buffer columns allocated: 0
Buffer columns allocated: 1519452
Total write: 0
Total read: 0
***********Re-init done.**************
Total write: 0
Total read: 0
***********Re-init done.**************
1 working threads finish.
Mover threads finish.
1 Gen time: 0.00580788
0 working threads finish.
Mover threads finish.
0 Gen time: 1.10097
0 total msg block: 0
Receive time: 9.29832e-05
1 total msg block: 0
Receive time: 3.38554e-05
Insert time: 0.000222921
0 remote msg receive done.
Reduce time: 0.00589585
Messages reduce done.
Update time: 0.0028739

Iter: 15
Rank: 0 status count done.
Insert time: 0.001472
1 remote msg receive done.
Reduce time: 0.00150919
Messages reduce done.
Update time: 0.00149012

Iter: 15
After receive ...

Iter: 15...
Active vertex count: 1632803
***********Re-initing...**************
Rank: 1 status count done.
After receive ...

Iter: 15...
Active vertex count: 1632803
***********Re-initing...**************
Buffer columns allocated: 0
Buffer columns allocated: 1519452
Total write: 0
Total read: 0
***********Re-init done.**************
Total write: 0
Total read: 0
***********Re-init done.**************
1 working threads finish.
Mover threads finish.
1 Gen time: 0.00588393
0 working threads finish.
Mover threads finish.
0 Gen time: 1.10021
0 total msg block: 0
Receive time: 9.10759e-05
1 total msg block: 0
Receive time: 3.38554e-05
Insert time: 0.000294924
0 remote msg receive done.
Reduce time: 0.00591302
Messages reduce done.
Update time: 0.00289011

Iter: 16
Rank: 0 status count done.
Insert time: 0.00146103
1 remote msg receive done.
Reduce time: 0.00145817
Messages reduce done.
Update time: 0.00145411

Iter: 16
After receive ...

Iter: 16...
Active vertex count: 1632803
***********Re-initing...**************
Rank: 1 status count done.
After receive ...

Iter: 16...
Active vertex count: 1632803
***********Re-initing...**************
Buffer columns allocated: 0
Buffer columns allocated: 1519452
Total write: 0
Total read: 0
***********Re-init done.**************
Total write: 0
Total read: 0
***********Re-init done.**************
1 working threads finish.
Mover threads finish.
1 Gen time: 0.00590587
0 working threads finish.
Mover threads finish.
0 Gen time: 1.07327
0 total msg block: 0
Receive time: 0.000108004
1 total msg block: 0
Receive time: 3.38554e-05
Insert time: 0.000244856
0 remote msg receive done.
Reduce time: 0.00595903
Messages reduce done.
Update time: 0.00287199

Iter: 17
Rank: 0 status count done.
Insert time: 0.00145793
1 remote msg receive done.
Reduce time: 0.00145602
Messages reduce done.
Update time: 0.00148916

Iter: 17
After receive ...

Iter: 17...
Active vertex count: 1632803
***********Re-initing...**************
Rank: 1 status count done.
After receive ...

Iter: 17...
Active vertex count: 1632803
***********Re-initing...**************
Buffer columns allocated: 0
Buffer columns allocated: 1519452
Total write: 0
Total read: 0
***********Re-init done.**************
Total write: 0
Total read: 0
***********Re-init done.**************
1 working threads finish.
Mover threads finish.
1 Gen time: 0.00585485
0 working threads finish.
Mover threads finish.
0 Gen time: 1.07132
0 total msg block: 0
Receive time: 9.48906e-05
1 total msg block: 0
Receive time: 3.19481e-05
Insert time: 0.000227928
0 remote msg receive done.
Reduce time: 0.00590706
Messages reduce done.
Update time: 0.00287294

Iter: 18
Rank: 0 status count done.
Insert time: 0.00146604
1 remote msg receive done.
Reduce time: 0.00145292
Messages reduce done.
Update time: 0.00147486

Iter: 18
After receive ...

Iter: 18...
Active vertex count: 1632803
***********Re-initing...**************
Rank: 1 status count done.
After receive ...

Iter: 18...
Active vertex count: 1632803
***********Re-initing...**************
Buffer columns allocated: 0
Buffer columns allocated: 1519452
Total write: 0
Total read: 0
***********Re-init done.**************
Total write: 0
Total read: 0
***********Re-init done.**************
1 working threads finish.
Mover threads finish.
1 Gen time: 0.00582504
0 working threads finish.
Mover threads finish.
0 Gen time: 1.07139
0 total msg block: 0
Receive time: 9.20296e-05
1 total msg block: 0
Receive time: 3.40939e-05
Insert time: 0.000226021
0 remote msg receive done.
Reduce time: 0.00588989
Messages reduce done.
Update time: 0.00286794

Iter: 19
Rank: 0 status count done.
Insert time: 0.00147295
1 remote msg receive done.
Reduce time: 0.00145602
Messages reduce done.
Update time: 0.00147891

Iter: 19
After receive ...

Iter: 19...
Active vertex count: 1632803
***********Re-initing...**************
Rank: 1 status count done.
After receive ...

Iter: 19...
Active vertex count: 1632803
***********Re-initing...**************
Buffer columns allocated: 0
Buffer columns allocated: 1519452
Total write: 0
Total read: 0
***********Re-init done.**************
Total write: 0
Total read: 0
***********Re-init done.**************
1 working threads finish.
Mover threads finish.
1 Gen time: 0.00594807
0 working threads finish.
Mover threads finish.
0 Gen time: 1.07129
0 total msg block: 0
Receive time: 9.58443e-05
1 total msg block: 0
Receive time: 3.60012e-05
Insert time: 0.000219107
0 remote msg receive done.
Reduce time: 0.00593185
Messages reduce done.
Update time: 0.00285292

0 all time : 21.8278
Total reduce time: 0.11811
Total working time: 21.6518
Total moving time: 1.3113e-05
Total update time: 0.0574408
Total comm time: 0.00190139
Total insert time: 0.00467253
Accumulative total active vertices: 32656060
Finish.
Insert time: 0.00148201
1 remote msg receive done.
Reduce time: 0.00146008
Messages reduce done.
Update time: 0.0014782

1 all time : 0.175385
Total reduce time: 0.0292122
Total working time: 0.114005
Total moving time: 1.66893e-05
Total update time: 0.0295188
Total comm time: 0.000690222
Total insert time: 0.0293937
Accumulative total active vertices: 32656060
Finish.
 
TACC: Shutdown complete. Exiting.
