Lmod has detected the following error: Swap failed: "mvapich2" is not
loaded.

Running on MIC and CPU
TACC: Starting up job 5148667
TACC: Starting parallel tasks...
# Command used to run job in: /home1/02687/binren/.slurm/job.5148667.runcmd.8AjqPdis 
My rank is: 0
My rank is: 1
0 vertex count: 0
0 line no: 1632803
0 edges: 0
Reordering...
Reorder time: 1.88351e-05
****** remote edges: ****** 0
Iter: 0
Rank: 0 status count done.
1 vertex count: 1632803
1 line no: 1632803
1 edges: 30622564
Reordering...
Rank: 1 width is: 1024
Rank: 1 vlen is: 64
===========> Max length: 13734
===========> Min length: 0
Reorder time: 1.70256
****** remote edges: ****** 0
Iter: 0
After receive ...

Iter: 0...
Active vertex count: 1
***********Re-initing...**************
Buffer columns allocated: 0
Total write: 0
Total read: 0
***********Re-init done.**************
Rank: 1 status count done.
After receive ...

Iter: 0...
Active vertex count: 1
***********Re-initing...**************
0 working threads finish.
Mover threads finish.
0 Gen time: 0.000224113
Buffer columns allocated: 0
Total write: 0
Total read: 0
***********Re-init done.**************
1 working threads finish.
0 total msg block: 0
Receive time: 0.000105143
Mover threads finish.
1 Gen time: 0.016675
1 total msg block: 0
Receive time: 5.6982e-05
Insert time: 0.000203133
0 remote msg receive done.
Reduce time: 0.000196934
Messages reduce done.
Update time: 0.00019908

Iter: 1
Rank: 0 status count done.
Insert time: 0.00141001
1 remote msg receive done.
Reduce time: 0.00143909
Messages reduce done.
Update time: 0.00143695

Iter: 1
After receive ...

Iter: 1...
Active vertex count: 14
***********Re-initing...**************
Buffer columns allocated: 0
Total write: 0
Total read: 0
***********Re-init done.**************
Rank: 1 status count done.
After receive ...

Iter: 1...
Active vertex count: 14
***********Re-initing...**************
0 working threads finish.
Mover threads finish.
0 Gen time: 0.000185966
Buffer columns allocated: 14
Total write: 0
Total read: 0
***********Re-init done.**************
1 working threads finish.
0 total msg block: 0
Receive time: 7.10487e-05
Mover threads finish.
1 Gen time: 0.0170271
1 total msg block: 0
Receive time: 2.40803e-05
Insert time: 0.000200987
0 remote msg receive done.
Reduce time: 0.000206947
Messages reduce done.
Update time: 0.000206947

Iter: 2
Rank: 0 status count done.
Insert time: 0.00143003
1 remote msg receive done.
Reduce time: 0.00149608
Messages reduce done.
Update time: 0.00143409

Iter: 2
After receive ...

Iter: 2...
Active vertex count: 280
***********Re-initing...**************
Buffer columns allocated: 0
Total write: 0
Total read: 0
***********Re-init done.**************
Rank: 1 status count done.
After receive ...

Iter: 2...
Active vertex count: 280
***********Re-initing...**************
0 working threads finish.
Mover threads finish.
0 Gen time: 0.00022316
Buffer columns allocated: 280
Total write: 0
Total read: 0
***********Re-init done.**************
1 working threads finish.
0 total msg block: 0
Receive time: 7.10487e-05
Mover threads finish.
1 Gen time: 0.017343
1 total msg block: 0
Receive time: 2.6226e-05
Insert time: 0.00020504
0 remote msg receive done.
Reduce time: 0.000196934
Messages reduce done.
Update time: 0.00020504

Iter: 3
Rank: 0 status count done.
Insert time: 0.0014782
1 remote msg receive done.
Reduce time: 0.00143909
Messages reduce done.
Update time: 0.00144386

Iter: 3
After receive ...

Iter: 3...
Active vertex count: 7893
***********Re-initing...**************
Buffer columns allocated: 0
Total write: 0
Total read: 0
***********Re-init done.**************
Rank: 1 status count done.
After receive ...

Iter: 3...
Active vertex count: 7893
***********Re-initing...**************
0 working threads finish.
Mover threads finish.
0 Gen time: 0.000214815
Buffer columns allocated: 7893
Total write: 0
Total read: 0
***********Re-init done.**************
1 working threads finish.
0 total msg block: 0
Receive time: 6.91414e-05
Mover threads finish.
1 Gen time: 0.020488
1 total msg block: 0
Receive time: 2.31266e-05
Insert time: 0.000219822
0 remote msg receive done.
Reduce time: 0.00019908
Messages reduce done.
Update time: 0.000235081

Iter: 4
Rank: 0 status count done.
Insert time: 0.00147009
1 remote msg receive done.
Reduce time: 0.00144696
Messages reduce done.
Update time: 0.00146604

Iter: 4
After receive ...

Iter: 4...
Active vertex count: 167994
***********Re-initing...**************
Buffer columns allocated: 0
Total write: 0
Total read: 0
***********Re-init done.**************
Rank: 1 status count done.
After receive ...

Iter: 4...
Active vertex count: 167994
***********Re-initing...**************
0 working threads finish.
Mover threads finish.
0 Gen time: 0.000207901
Buffer columns allocated: 167994
Total write: 0
Total read: 0
***********Re-init done.**************
1 working threads finish.
0 total msg block: 0
Receive time: 8.89301e-05
Mover threads finish.
1 Gen time: 0.0616751
1 total msg block: 0
Receive time: 1.78814e-05
Insert time: 0.000201225
0 remote msg receive done.
Reduce time: 0.000207901
Messages reduce done.
Update time: 0.000219822

Iter: 5
Rank: 0 status count done.
Insert time: 0.00149298
1 remote msg receive done.
Reduce time: 0.00146604
Messages reduce done.
Update time: 0.00376487

Iter: 5
After receive ...

Iter: 5...
Active vertex count: 750280
***********Re-initing...**************
Buffer columns allocated: 0
Total write: 0
Total read: 0
***********Re-init done.**************
Rank: 1 status count done.
After receive ...

Iter: 5...
Active vertex count: 750280
***********Re-initing...**************
0 working threads finish.
Mover threads finish.
0 Gen time: 0.000211954
Buffer columns allocated: 750280
Total write: 0
Total read: 0
***********Re-init done.**************
1 working threads finish.
Mover threads finish.
0 total msg block: 0
Receive time: 5.00679e-05
1 Gen time: 0.038619
1 total msg block: 0
Receive time: 1.5974e-05
Insert time: 0.000197887
0 remote msg receive done.
Reduce time: 0.000219822
Messages reduce done.
Update time: 0.000198126

Iter: 6
Rank: 0 status count done.
Insert time: 0.00145698
1 remote msg receive done.
Reduce time: 0.00147104
Messages reduce done.
Update time: 0.00148702

Iter: 6
After receive ...

Iter: 6...
Active vertex count: 477735
***********Re-initing...**************
Buffer columns allocated: 0
Total write: 0
Total read: 0
***********Re-init done.**************
Rank: 1 status count done.
After receive ...

Iter: 6...
Active vertex count: 477735
***********Re-initing...**************
0 working threads finish.
Mover threads finish.
0 Gen time: 0.000231028
Buffer columns allocated: 477735
Total write: 0
Total read: 0
***********Re-init done.**************
1 working threads finish.
0 total msg block: 0
Receive time: 6.19888e-05
Mover threads finish.
1 Gen time: 0.0197241
1 total msg block: 0
Receive time: 1.71661e-05
Insert time: 0.000221014
0 remote msg receive done.
Reduce time: 0.000211
Messages reduce done.
Update time: 0.000197887

Iter: 7
Rank: 0 status count done.
Insert time: 0.00148416
1 remote msg receive done.
Reduce time: 0.00147796
Messages reduce done.
Update time: 0.00148892

Iter: 7
After receive ...

Iter: 7...
Active vertex count: 89896
***********Re-initing...**************
Buffer columns allocated: 0
Total write: 0
Total read: 0
***********Re-init done.**************
Rank: 1 status count done.
After receive ...

Iter: 7...
Active vertex count: 89896
***********Re-initing...**************
0 working threads finish.
Mover threads finish.
0 Gen time: 0.000185013
Buffer columns allocated: 89896
Total write: 0
Total read: 0
***********Re-init done.**************
1 working threads finish.
0 total msg block: 0
Receive time: 8.89301e-05
Mover threads finish.
1 Gen time: 0.0175829
1 total msg block: 0
Receive time: 1.71661e-05
Insert time: 0.000200033
0 remote msg receive done.
Reduce time: 0.000200987
Messages reduce done.
Update time: 0.000200987

Iter: 8
Rank: 0 status count done.
Insert time: 0.00145698
1 remote msg receive done.
Reduce time: 0.00144696
Messages reduce done.
Update time: 0.00146103

Iter: 8
After receive ...

Iter: 8...
Active vertex count: 9240
***********Re-initing...**************
Buffer columns allocated: 0
Total write: 0
Total read: 0
***********Re-init done.**************
Rank: 1 status count done.
After receive ...

Iter: 8...
Active vertex count: 9240
***********Re-initing...**************
0 working threads finish.
Mover threads finish.
0 Gen time: 0.000209808
Buffer columns allocated: 9240
Total write: 0
Total read: 0
***********Re-init done.**************
1 working threads finish.
Mover threads finish.
0 total msg block: 0
Receive time: 5.60284e-05
1 Gen time: 0.017303
1 total msg block: 0
Receive time: 1.69277e-05
Insert time: 0.000200033
0 remote msg receive done.
Reduce time: 0.000196934
Messages reduce done.
Update time: 0.000200033

Iter: 9
Rank: 0 status count done.
Insert time: 0.00143814
1 remote msg receive done.
Reduce time: 0.00152993
Messages reduce done.
Update time: 0.00145102

Iter: 9
After receive ...

Iter: 9...
Active vertex count: 862
***********Re-initing...**************
Buffer columns allocated: 0
Total write: 0
Total read: Rank: 1 status count done.0
***********Re-init done.**************

After receive ...

Iter: 9...
Active vertex count: 862
***********Re-initing...**************
0 working threads finish.
Mover threads finish.
0 Gen time: 0.000212908
Buffer columns allocated: 862
Total write: 0
Total read: 0
***********Re-init done.**************
1 working threads finish.
Mover threads finish.
0 total msg block: 0
Receive time: 5.79357e-05
1 Gen time: 0.0181789
1 total msg block: 0
Receive time: 1.69277e-05
Insert time: 0.000251055
0 remote msg receive done.
Reduce time: 0.000216961
Messages reduce done.
Update time: 0.000182867

Iter: 10
Rank: 0 status count done.
Insert time: 0.00148511
1 remote msg receive done.
Reduce time: 0.00146794
Messages reduce done.
Update time: 0.00145197

Iter: 10
After receive ...

Iter: 10...
Active vertex count: 91
***********Re-initing...**************
Buffer columns allocated: 0
Total write: 0
Total read: 0
***********Re-init done.**************
Rank: 1 status count done.
After receive ...

Iter: 10...
Active vertex count: 91
***********Re-initing...**************
0 working threads finish.
Mover threads finish.
0 Gen time: 0.000226974
Buffer columns allocated: 91
Total write: 0
Total read: 0
***********Re-init done.**************
1 working threads finish.
0 total msg block: 0
Receive time: 8.89301e-05
Mover threads finish.
1 Gen time: 0.0173662
1 total msg block: 0
Receive time: 1.81198e-05
Insert time: 0.000213861
0 remote msg receive done.
Reduce time: 0.000221968
Messages reduce done.
Update time: 0.000277042

Iter: 11
Rank: 0 status count done.
Insert time: 0.00148392
1 remote msg receive done.
Reduce time: 0.00144386
Messages reduce done.
Update time: 0.00144601

Iter: 11
After receive ...

Iter: 11...
Active vertex count: 8
***********Re-initing...**************
Buffer columns allocated: 0
Total write: 0
Total read: 0
***********Re-init done.**************
Rank: 1 status count done.
After receive ...

Iter: 11...
Active vertex count: 8
***********Re-initing...**************
0 working threads finish.
Mover threads finish.
0 Gen time: 0.000212908
Buffer columns allocated: 8
Total write: 0
Total read: 0
***********Re-init done.**************
1 working threads finish.
0 total msg block: 0
Receive time: 5.29289e-05
Mover threads finish.
1 Gen time: 0.0172791
1 total msg block: 0
Receive time: 1.69277e-05
Insert time: 0.000229836
0 remote msg receive done.
Reduce time: 0.000231981
Messages reduce done.
Update time: 0.000219107

Iter: 12
Rank: 0 status count done.
Insert time: 0.00150299
1 remote msg receive done.
Reduce time: 0.00144196
Messages reduce done.
Update time: 0.00149107

Iter: 12
After receive ...

Iter: 12...
Active vertex count: 1
***********Re-initing...**************
Buffer columns allocated: 0
Total write: 0
Total read: 0
***********Re-init done.**************
Rank: 1 status count done.
After receive ...

Iter: 12...
Active vertex count: 1
***********Re-initing...**************
0 working threads finish.
Mover threads finish.
0 Gen time: 0.000216961
Buffer columns allocated: 1
Total write: 0
Total read: 0
***********Re-init done.**************
1 working threads finish.
0 total msg block: 0
Receive time: 6.8903e-05
Mover threads finish.
1 Gen time: 0.0173399
1 total msg block: 0
Receive time: 2.31266e-05
Insert time: 0.000236988
0 remote msg receive done.
Reduce time: 0.000206947
Messages reduce done.
Update time: 0.000243902

Iter: 13
Rank: 0 status count done.
Insert time: 0.00144696
1 remote msg receive done.
Reduce time: 0.00149608
Messages reduce done.
Update time: 0.00145984

Iter: 13
After receive ...

Iter: 13...
Active vertex count: 0
No vertice is active, ending the computation :)

0 all time : 0.00826383
Total reduce time: 0.0027144
Total working time: 0.00182581
Total moving time: 0.00276065
Total update time: 0.00278592
Total comm time: 0.000931025
Total insert time: 0.00278091
Accumulative total active vertices: 1504295
Rank: 1 status count done.
After receive ...

Iter: 13...
Active vertex count: 0
No vertice is active, ending the computation :)

1 all time : 0.336947
Total reduce time: 0.019063
Total working time: 0.226368
Total moving time: 0.296564
Total update time: 0.0212827
Total comm time: 0.000290632
Total insert time: 0.0190365
Accumulative total active vertices: 1504295
Finish.
Finish.
 
TACC: Shutdown complete. Exiting.
