Lmod has detected the following error: Swap failed: "mvapich2" is not
loaded.

Running on MIC and CPU
TACC: Starting up job 5074816
TACC: Starting parallel tasks...
# Command used to run job in: /home1/02687/binren/.slurm/job.5074816.runcmd.5tuWWB4I 
My rank is: 0
My rank is: 1
0 vertex count: 0
0 line no: 1632803
0 edges: 0
Reordering...
Reorder time: 1.81198e-05
****** remote edges: ****** 0
Iter: 0
Rank: 0 status count done.
1 vertex count: 1632803
1 line no: 1632803
1 edges: 30622564
Reordering...
Rank: 1 width is: 1024
Rank: 1 vlen is: 64
===========> Max length: 13734
===========> Min length: 0
Reorder time: 1.7196
****** remote edges: ****** 0
Iter: 0
After receive ...

Iter: 0...
Active vertex count: 1
***********Re-initing...**************
Buffer columns allocated: 0
Total write: 0
Total read: 0
***********Re-init done.**************
Rank: 1 status count done.
After receive ...

Iter: 0...
Active vertex count: 1
***********Re-initing...**************
0 working threads finish.
Mover threads finish.
0 Gen time: 0.000243902
Buffer columns allocated: 0
Total write: 0
Total read: 0
***********Re-init done.**************
0 total msg block: 0
Receive time: 0.000100851
1 working threads finish.
Mover threads finish.
1 Gen time: 0.00563717
1 total msg block: 0
Receive time: 5.6982e-05
Insert time: 0.000230074
0 remote msg receive done.
Reduce time: 0.000202894
Messages reduce done.
Update time: 0.000200033

Iter: 1
Rank: 0 status count done.
Insert time: 0.00148082
1 remote msg receive done.
Reduce time: 0.00143504
Messages reduce done.
Update time: 0.00142598

Iter: 1
After receive ...

Iter: 1...
Active vertex count: 14
***********Re-initing...**************
Buffer columns allocated: 0
Total write: 0
Total read: 0
***********Re-init done.**************
Rank: 1 status count done.
After receive ...

Iter: 1...
Active vertex count: 14
***********Re-initing...**************
0 working threads finish.
Mover threads finish.
0 Gen time: 0.000224113
Buffer columns allocated: 14
Total write: 0
Total read: 0
***********Re-init done.**************
0 total msg block: 0
Receive time: 7.10487e-05
1 working threads finish.
Mover threads finish.
1 Gen time: 0.00570607
1 total msg block: 0
Receive time: 2.09808e-05
Insert time: 0.00019908
0 remote msg receive done.
Reduce time: 0.000222921
Messages reduce done.
Update time: 0.000203133

Iter: 2
Rank: 0 status count done.
Insert time: 0.00144315
1 remote msg receive done.
Reduce time: 0.00142407
Messages reduce done.
Update time: 0.00144506

Iter: 2
After receive ...

Iter: 2...
Active vertex count: 280
***********Re-initing...**************
Buffer columns allocated: 0
Total write: 0
Total read: 0
***********Re-init done.**************
Rank: 1 status count done.
After receive ...

Iter: 2...
Active vertex count: 280
***********Re-initing...**************
0 working threads finish.
Mover threads finish.
0 Gen time: 0.000211954
Buffer columns allocated: 280
Total write: 0
Total read: 0
***********Re-init done.**************
0 total msg block: 0
Receive time: 7.20024e-05
1 working threads finish.
Mover threads finish.
1 Gen time: 0.00569081
1 total msg block: 0
Receive time: 2.09808e-05
Insert time: 0.000198841
0 remote msg receive done.
Reduce time: 0.000195026
Messages reduce done.
Update time: 0.00026989

Iter: 3
Rank: 0 status count done.
Insert time: 0.00152302
1 remote msg receive done.
Reduce time: 0.00143194
Messages reduce done.
Update time: 0.00143003

Iter: 3
After receive ...

Iter: 3...
Active vertex count: 7893
***********Re-initing...**************
Buffer columns allocated: 0
Total write: 0
Total read: 0
***********Re-init done.**************
Rank: 1 status count done.
After receive ...

Iter: 3...
Active vertex count: 7893
***********Re-initing...**************
0 working threads finish.
Mover threads finish.
0 Gen time: 0.0002141
Buffer columns allocated: 7893
Total write: 0
Total read: 0
***********Re-init done.**************
0 total msg block: 0
Receive time: 7.29561e-05
1 working threads finish.
Mover threads finish.
1 Gen time: 0.00581002
1 total msg block: 0
Receive time: 2.09808e-05
Insert time: 0.00019908
0 remote msg receive done.
Reduce time: 0.000193119
Messages reduce done.
Update time: 0.000198841

Iter: 4
Rank: 0 status count done.
Insert time: 0.00144005
1 remote msg receive done.
Reduce time: 0.00145602
Messages reduce done.
Update time: 0.00174999

Iter: 4
After receive ...

Iter: 4...
Active vertex count: 167994
***********Re-initing...**************
Buffer columns allocated: 0
Total write: 0
Total read: 0
***********Re-init done.**************
Rank: 1 status count done.
After receive ...

Iter: 4...
Active vertex count: 167994
***********Re-initing...**************
0 working threads finish.
Mover threads finish.
0 Gen time: 0.000203848
Buffer columns allocated: 167994
Total write: 0
Total read: 0
***********Re-init done.**************
0 total msg block: 0
Receive time: 7.00951e-05
1 working threads finish.
Mover threads finish.
1 Gen time: 0.030159
1 total msg block: 0
Receive time: 2.00272e-05
Insert time: 0.000204802
0 remote msg receive done.
Reduce time: 0.000197887
Messages reduce done.
Update time: 0.000217915

Iter: 5
Rank: 0 status count done.
Insert time: 0.00145602
1 remote msg receive done.
Reduce time: 0.0014329
Messages reduce done.
Update time: 0.00425577

Iter: 5
After receive ...

Iter: 5...
Active vertex count: 750280
***********Re-initing...**************
Buffer columns allocated: 0
Total write: 0
Total read: 0
***********Re-init done.**************
Rank: 1 status count done.
After receive ...

Iter: 5...
Active vertex count: 750280
***********Re-initing...**************
0 working threads finish.
Mover threads finish.
0 Gen time: 0.000207901
Buffer columns allocated: 750280
Total write: 0
Total read: 0
***********Re-init done.**************
0 total msg block: 0
Receive time: 6.79493e-05
1 working threads finish.
Mover threads finish.
1 Gen time: 0.0599301
1 total msg block: 0
Receive time: 2.00272e-05
Insert time: 0.000169039
0 remote msg receive done.
Reduce time: 0.000176907
Messages reduce done.
Update time: 0.000196934

Iter: 6
Rank: 0 status count done.
Insert time: 0.00145388
1 remote msg receive done.
Reduce time: 0.00143099
Messages reduce done.
Update time: 0.00147796

Iter: 6
After receive ...

Iter: 6...
Active vertex count: 477735
***********Re-initing...**************
Buffer columns allocated: 0
Total write: 0
Total read: 0
***********Re-init done.**************
Rank: 1 status count done.
After receive ...

Iter: 6...
Active vertex count: 477735
***********Re-initing...**************
0 working threads finish.
Mover threads finish.
0 Gen time: 0.000206947
Buffer columns allocated: 477735
Total write: 0
Total read: 0
***********Re-init done.**************
0 total msg block: 0
Receive time: 6.58035e-05
1 working threads finish.
Mover threads finish.
1 Gen time: 0.00578094
1 total msg block: 0
Receive time: 2.00272e-05
Insert time: 0.000195026
0 remote msg receive done.
Reduce time: 0.000205994
Messages reduce done.
Update time: 0.000203133

Iter: 7
Rank: 0 status count done.
Insert time: 0.00174809
1 remote msg receive done.
Reduce time: 0.00146794
Messages reduce done.
Update time: 0.00149608

Iter: 7
After receive ...

Iter: 7...
Active vertex count: 89896
***********Re-initing...**************
Buffer columns allocated: 0
Total write: 0
Total read: 0
***********Re-init done.**************
Rank: 1 status count done.
After receive ...

Iter: 7...
Active vertex count: 89896
***********Re-initing...**************
0 working threads finish.
Mover threads finish.
0 Gen time: 0.000216007
Buffer columns allocated: 89896
Total write: 0
Total read: 0
***********Re-init done.**************
0 total msg block: 0
Receive time: 6.91414e-05
1 working threads finish.
Mover threads finish.
1 Gen time: 0.00572181
1 total msg block: 0
Receive time: 2.09808e-05
Insert time: 0.000200033
0 remote msg receive done.
Reduce time: 0.000197887
Messages reduce done.
Update time: 0.00019598

Iter: 8
Rank: 0 status count done.
Insert time: 0.00146294
1 remote msg receive done.
Reduce time: 0.00143909
Messages reduce done.
Update time: 0.00144911

Iter: 8
After receive ...

Iter: 8...
Active vertex count: 9240
***********Re-initing...**************
Buffer columns allocated: 0
Total write: 0
Total read: 0
***********Re-init done.**************
Rank: 1 status count done.
After receive ...

Iter: 8...
Active vertex count: 9240
***********Re-initing...**************
0 working threads finish.
Mover threads finish.
0 Gen time: 0.000225782
Buffer columns allocated: 9240
Total write: 0
Total read: 0
***********Re-init done.**************
0 total msg block: 0
Receive time: 6.8903e-05
1 working threads finish.
Mover threads finish.
1 Gen time: 0.00571895
1 total msg block: 0
Receive time: 2.09808e-05
Insert time: 0.000221014
0 remote msg receive done.
Reduce time: 0.000221968
Messages reduce done.
Update time: 0.000197172

Iter: 9
Rank: 0 status count done.
Insert time: 0.00144291
1 remote msg receive done.
Reduce time: 0.00142002
Messages reduce done.
Update time: 0.00147295

Iter: 9
After receive ...

Iter: 9...
Active vertex count: 862
***********Re-initing...**************
Buffer columns allocated: 0
Total write: 0
Total read: 0
***********Re-init done.**************
Rank: 1 status count done.
After receive ...

Iter: 9...
Active vertex count: 862
***********Re-initing...**************
0 working threads finish.
Mover threads finish.
0 Gen time: 0.000219822
Buffer columns allocated: 862
Total write: 0
Total read: 0
***********Re-init done.**************
0 total msg block: 0
Receive time: 7.08103e-05
1 working threads finish.
Mover threads finish.
1 Gen time: 0.00570011
1 total msg block: 0
Receive time: 2.28882e-05
Insert time: 0.00019598
0 remote msg receive done.
Reduce time: 0.000200033
Messages reduce done.
Update time: 0.000237942

Iter: 10
Rank: 0 status count done.
Insert time: 0.00148702
1 remote msg receive done.
Reduce time: 0.0014441
Messages reduce done.
Update time: 0.00147486

Iter: 10
After receive ...

Iter: 10...
Active vertex count: 91
***********Re-initing...**************
Buffer columns allocated: 0
Total write: 0
Total read: 0
***********Re-init done.**************
Rank: 1 status count done.
After receive ...

Iter: 10...
Active vertex count: 91
***********Re-initing...**************
0 working threads finish.
Mover threads finish.
0 Gen time: 0.00020504
Buffer columns allocated: 91
Total write: 0
Total read: 0
***********Re-init done.**************
0 total msg block: 0
Receive time: 6.79493e-05
1 working threads finish.
Mover threads finish.
1 Gen time: 0.00571299
1 total msg block: 0
Receive time: 2.19345e-05
Insert time: 0.000200033
0 remote msg receive done.
Reduce time: 0.000203133
Messages reduce done.
Update time: 0.000197172

Iter: 11
Rank: 0 status count done.
Insert time: 0.00144506
1 remote msg receive done.
Reduce time: 0.00145698
Messages reduce done.
Update time: 0.00150514

Iter: 11
After receive ...

Iter: 11...
Active vertex count: 8
***********Re-initing...**************
Buffer columns allocated: 0
Total write: 0
Total read: 0
***********Re-init done.**************
Rank: 1 status count done.
After receive ...

Iter: 11...
Active vertex count: 8
***********Re-initing...**************
0 working threads finish.
Mover threads finish.
0 Gen time: 0.000226974
Buffer columns allocated: 8
Total write: 0
Total read: 0
***********Re-init done.**************
0 total msg block: 0
Receive time: 6.79493e-05
1 working threads finish.
Mover threads finish.
1 Gen time: 0.00569892
1 total msg block: 0
Receive time: 2.09808e-05
Insert time: 0.000221014
0 remote msg receive done.
Reduce time: 0.000197172
Messages reduce done.
Update time: 0.000195026

Iter: 12
Rank: 0 status count done.
Insert time: 0.00146103
1 remote msg receive done.
Reduce time: 0.001477
Messages reduce done.
Update time: 0.00147414

Iter: 12
After receive ...

Iter: 12...
Active vertex count: 1
***********Re-initing...**************
Buffer columns allocated: 0
Total write: 0
Total read: 0
***********Re-init done.**************
Rank: 1 status count done.
After receive ...

Iter: 12...
Active vertex count: 1
***********Re-initing...**************
0 working threads finish.
Mover threads finish.
0 Gen time: 0.000220776
Buffer columns allocated: 1
Total write: 0
Total read: 0
***********Re-init done.**************
0 total msg block: 0
Receive time: 7.10487e-05
1 working threads finish.
Mover threads finish.
1 Gen time: 0.00580478
1 total msg block: 0
Receive time: 2.09808e-05
Insert time: 0.000212193
0 remote msg receive done.
Reduce time: 0.00019598
Messages reduce done.
Update time: 0.000198126

Iter: 13
Rank: 0 status count done.
Insert time: 0.00145578
1 remote msg receive done.
Reduce time: 0.00144386
Messages reduce done.
Update time: 0.00147891

Iter: 13
After receive ...

Iter: 13...
Active vertex count: 0
No vertice is active, ending the computation :)

0 all time : 0.00814939
Total reduce time: 0.00261092
Total working time: 0.00192118
Total moving time: 0.00082016
Total update time: 0.0027113
Total comm time: 0.000936508
Total insert time: 0.00264621
Accumulative total active vertices: 1504295
Rank: 1 status count done.
After receive ...

Iter: 13...
Active vertex count: 0
No vertice is active, ending the computation :)

1 all time : 0.193968
Total reduce time: 0.01876
Total working time: 0.151331
Total moving time: 1.90735e-06
Total update time: 0.022136
Total comm time: 0.000308752
Total insert time: 0.0192997
Accumulative total active vertices: 1504295
Finish.
Finish.
 
TACC: Shutdown complete. Exiting.
