Lmod has detected the following error: Swap failed: "mvapich2" is not
loaded.

Running on MIC and CPU
TACC: Starting up job 5077076
TACC: Starting parallel tasks...
# Command used to run job in: /home1/02687/binren/.slurm/job.5077076.runcmd.Z4sCQBtL 
My rank is: 0
My rank is: 1
0 vertex count: 0
0 line no: 1632803
0 edges: 0
Reordering...
Reorder time: 1.81198e-05
****** remote edges: ****** 0
Iter: 0
Rank: 0 status count done.
1 vertex count: 1632803
1 line no: 1632803
1 edges: 30622564
Reordering...
Rank: 1 width is: 1024
Rank: 1 vlen is: 64
===========> Max length: 13734
===========> Min length: 0
Reorder time: 1.72079
****** remote edges: ****** 0
Iter: 0
After receive ...

Iter: 0...
Active vertex count: 1
***********Re-initing...**************
Buffer columns allocated: 0
Total write: 0
Total read: 0
***********Re-init done.**************
Rank: 1 status count done.
After receive ...

Iter: 0...
Active vertex count: 1
***********Re-initing...**************
0 working threads finish.
Mover threads finish.
0 Gen time: 0.000221968
Buffer columns allocated: 0
Total write: 0
Total read: 0
***********Re-init done.**************
0 total msg block: 0
Receive time: 0.000109196
1 working threads finish.
Mover threads finish.
1 Gen time: 0.000895023
1 total msg block: 0
Receive time: 5.79357e-05
Insert time: 0.000251055
0 remote msg receive done.
Reduce time: 0.000239134
Messages reduce done.
Update time: 0.000218153

Iter: 1
Rank: 0 status count done.
Insert time: 0.00141788
1 remote msg receive done.
Reduce time: 0.00147295
Messages reduce done.
Update time: 0.00149107

Iter: 1
After receive ...

Iter: 1...
Active vertex count: 14
***********Re-initing...**************
Buffer columns allocated: 0
Total write: 0
Total read: 0
***********Re-init done.**************
Rank: 1 status count done.
After receive ...

Iter: 1...
Active vertex count: 14
***********Re-initing...**************
0 working threads finish.
Mover threads finish.
0 Gen time: 0.000208139
Buffer columns allocated: 14
Total write: 0
Total read: 0
***********Re-init done.**************
0 total msg block: 0
Receive time: 7.39098e-05
1 working threads finish.
Mover threads finish.
1 Gen time: 0.000896931
1 total msg block: 0
Receive time: 2.47955e-05
Insert time: 0.000210047
0 remote msg receive done.
Reduce time: 0.00020504
Messages reduce done.
Update time: 0.000200987

Iter: 2
Rank: 0 status count done.
Insert time: 0.00144792
1 remote msg receive done.
Reduce time: 0.00142002
Messages reduce done.
Update time: 0.00144005

Iter: 2
After receive ...

Iter: 2...
Active vertex count: 280
***********Re-initing...**************
Buffer columns allocated: 0
Total write: 0
Total read: 0
***********Re-init done.**************
Rank: 1 status count done.
After receive ...

Iter: 2...
Active vertex count: 280
***********Re-initing...**************
0 working threads finish.
Mover threads finish.
0 Gen time: 0.000211
Buffer columns allocated: 280
Total write: 0
Total read: 0
***********Re-init done.**************
0 total msg block: 0
Receive time: 7.70092e-05
1 working threads finish.
Mover threads finish.
1 Gen time: 0.00484204
1 total msg block: 0
Receive time: 2.69413e-05
Insert time: 0.000234842
0 remote msg receive done.
Reduce time: 0.000200987
Messages reduce done.
Update time: 0.000221968

Iter: 3
Rank: 0 status count done.
Insert time: 0.00145102
1 remote msg receive done.
Reduce time: 0.00142813
Messages reduce done.
Update time: 0.00143886

Iter: 3
After receive ...

Iter: 3...
Active vertex count: 7893
***********Re-initing...**************
Buffer columns allocated: 0
Total write: 0
Total read: 0
***********Re-init done.**************
Rank: 1 status count done.
After receive ...

Iter: 3...
Active vertex count: 7893
***********Re-initing...**************
0 working threads finish.
Mover threads finish.
0 Gen time: 0.000218868
Buffer columns allocated: 7893
Total write: 0
Total read: 0
***********Re-init done.**************
0 total msg block: 0
Receive time: 7.29561e-05
1 working threads finish.
Mover threads finish.
1 Gen time: 0.052438
1 total msg block: 0
Receive time: 2.40803e-05
Insert time: 0.00022006
0 remote msg receive done.
Reduce time: 0.000232935
Messages reduce done.
Update time: 0.000239849

Iter: 4
Rank: 0 status count done.
Insert time: 0.00146079
1 remote msg receive done.
Reduce time: 0.00143409
Messages reduce done.
Update time: 0.00151801

Iter: 4
After receive ...

Iter: 4...
Active vertex count: 167994
***********Re-initing...**************
Buffer columns allocated: 0
Total write: 0
Total read: 0
***********Re-init done.**************
Rank: 1 status count done.
After receive ...

Iter: 4...
Active vertex count: 167994
***********Re-initing...**************
0 working threads finish.
Mover threads finish.
0 Gen time: 0.000227213
Buffer columns allocated: 167994
Total write: 0
Total read: 0
***********Re-init done.**************
0 total msg block: 0
Receive time: 7.58171e-05
1 working threads finish.
Mover threads finish.
1 Gen time: 0.331136
1 total msg block: 0
Receive time: 2.5034e-05
Insert time: 0.000205994
0 remote msg receive done.
Reduce time: 0.000216007
Messages reduce done.
Update time: 0.000206947

Iter: 5
Rank: 0 status count done.
Insert time: 0.00145006
1 remote msg receive done.
Reduce time: 0.00143695
Messages reduce done.
Update time: 0.00408006

Iter: 5
After receive ...

Iter: 5...
Active vertex count: 750280
***********Re-initing...**************
Buffer columns allocated: 0
Total write: 0
Total read: 0
***********Re-init done.**************
Rank: 1 status count done.
After receive ...

Iter: 5...
Active vertex count: 750280
***********Re-initing...**************
0 working threads finish.
Mover threads finish.
0 Gen time: 0.000208855
Buffer columns allocated: 750280
Total write: 0
Total read: 0
***********Re-init done.**************
0 total msg block: 0
Receive time: 6.69956e-05
1 working threads finish.
Mover threads finish.
1 Gen time: 0.353987
1 total msg block: 0
Receive time: 2.5034e-05
Insert time: 0.000203133
0 remote msg receive done.
Reduce time: 0.000203848
Messages reduce done.
Update time: 0.000237942

Iter: 6
Rank: 0 status count done.
Insert time: 0.00144792
1 remote msg receive done.
Reduce time: 0.00147414
Messages reduce done.
Update time: 0.0018549

Iter: 6
After receive ...

Iter: 6...
Active vertex count: 477735
***********Re-initing...**************
Buffer columns allocated: 0
Total write: 0
Total read: 0
***********Re-init done.**************
Rank: 1 status count done.
After receive ...

Iter: 6...
Active vertex count: 477735
***********Re-initing...**************
0 working threads finish.
Mover threads finish.
0 Gen time: 0.000226021
Buffer columns allocated: 477735
Total write: 0
Total read: 0
***********Re-init done.**************
0 total msg block: 0
Receive time: 7.89165e-05
1 working threads finish.
Mover threads finish.
1 Gen time: 0.0589101
1 total msg block: 0
Receive time: 2.31266e-05
Insert time: 0.000175953
0 remote msg receive done.
Reduce time: 0.00017786
Messages reduce done.
Update time: 0.000175953

Iter: 7
Rank: 0 status count done.
Insert time: 0.00145006
1 remote msg receive done.
Reduce time: 0.00146604
Messages reduce done.
Update time: 0.00149894

Iter: 7
After receive ...

Iter: 7...
Active vertex count: 89896
***********Re-initing...**************
Buffer columns allocated: 0
Total write: 0
Total read: 0
***********Re-init done.**************
Rank: 1 status count done.
After receive ...

Iter: 7...
Active vertex count: 89896
***********Re-initing...**************
0 working threads finish.
Mover threads finish.
0 Gen time: 0.000189066
Buffer columns allocated: 89896
Total write: 0
Total read: 0
***********Re-init done.**************
0 total msg block: 0
Receive time: 7.51019e-05
1 working threads finish.
Mover threads finish.
1 Gen time: 0.00396895
1 total msg block: 0
Receive time: 2.38419e-05
Insert time: 0.000174046
0 remote msg receive done.
Reduce time: 0.000174046
Messages reduce done.
Update time: 0.000174046

Iter: 8
Rank: 0 status count done.
Insert time: 0.00145078
1 remote msg receive done.
Reduce time: 0.001436
Messages reduce done.
Update time: 0.00183296

Iter: 8
After receive ...

Iter: 8...
Active vertex count: 9240
***********Re-initing...**************
Buffer columns allocated: 0
Total write: 0
Total read: 0
***********Re-init done.**************
Rank: 1 status count done.
After receive ...

Iter: 8...
Active vertex count: 9240
***********Re-initing...**************
0 working threads finish.
Mover threads finish.
0 Gen time: 0.000215054
Buffer columns allocated: 9240
Total write: 0
Total read: 0
***********Re-init done.**************
0 total msg block: 0
Receive time: 7.29561e-05
1 working threads finish.
Mover threads finish.
1 Gen time: 0.001261
1 total msg block: 0
Receive time: 2.5034e-05
Insert time: 0.000206947
0 remote msg receive done.
Reduce time: 0.000201941
Messages reduce done.
Update time: 0.000210047

Iter: 9
Rank: 0 status count done.
Insert time: 0.00146389
1 remote msg receive done.
Reduce time: 0.00144792
Messages reduce done.
Update time: 0.00145292

Iter: 9
After receive ...

Iter: 9...
Active vertex count: 862
***********Re-initing...**************
Buffer columns allocated: 0
Total write: 0
Total read: 0
***********Re-init done.**************
Rank: 1 status count done.
After receive ...

Iter: 9...
Active vertex count: 862
***********Re-initing...**************
0 working threads finish.
Mover threads finish.
0 Gen time: 0.000212908
Buffer columns allocated: 862
Total write: 0
Total read: 0
***********Re-init done.**************
0 total msg block: 0
Receive time: 8.01086e-05
1 working threads finish.
Mover threads finish.
1 Gen time: 0.000895977
1 total msg block: 0
Receive time: 2.6226e-05
Insert time: 0.000241041
0 remote msg receive done.
Reduce time: 0.000228882
Messages reduce done.
Update time: 0.000196934

Iter: 10
Rank: 0 status count done.
Insert time: 0.00146079
1 remote msg receive done.
Reduce time: 0.0014441
Messages reduce done.
Update time: 0.00144982

Iter: 10
After receive ...

Iter: 10...
Active vertex count: 91
***********Re-initing...**************
Buffer columns allocated: 0
Total write: 0
Total read: 0
***********Re-init done.**************
Rank: 1 status count done.
After receive ...

Iter: 10...
Active vertex count: 91
***********Re-initing...**************
0 working threads finish.
Mover threads finish.
0 Gen time: 0.000231028
Buffer columns allocated: 91
Total write: 0
Total read: 0
***********Re-init done.**************
0 total msg block: 0
Receive time: 7.51019e-05
1 working threads finish.
Mover threads finish.
1 Gen time: 0.000905991
1 total msg block: 0
Receive time: 2.5034e-05
Insert time: 0.000203133
0 remote msg receive done.
Reduce time: 0.000235081
Messages reduce done.
Update time: 0.000239134

Iter: 11
Rank: 0 status count done.
Insert time: 0.00145197
1 remote msg receive done.
Reduce time: 0.00143695
Messages reduce done.
Update time: 0.0014379

Iter: 11
After receive ...

Iter: 11...
Active vertex count: 8
***********Re-initing...**************
Buffer columns allocated: 0
Total write: 0
Total read: 0
***********Re-init done.**************
Rank: 1 status count done.
After receive ...

Iter: 11...
Active vertex count: 8
***********Re-initing...**************
0 working threads finish.
Mover threads finish.
0 Gen time: 0.000211
Buffer columns allocated: 8
Total write: 0
Total read: 0
***********Re-init done.**************
0 total msg block: 0
Receive time: 8.91685e-05
1 working threads finish.
Mover threads finish.
1 Gen time: 0.00141501
1 total msg block: 0
Receive time: 2.90871e-05
Insert time: 0.000206947
0 remote msg receive done.
Reduce time: 0.000200033
Messages reduce done.
Update time: 0.000210047

Iter: 12
Rank: 0 status count done.
Insert time: 0.00145197
1 remote msg receive done.
Reduce time: 0.00148988
Messages reduce done.
Update time: 0.00144696

Iter: 12
After receive ...

Iter: 12...
Active vertex count: 1
***********Re-initing...**************
Buffer columns allocated: 0
Total write: 0
Total read: 0
***********Re-init done.**************
Rank: 1 status count done.
After receive ...

Iter: 12...
Active vertex count: 1
***********Re-initing...**************
0 working threads finish.
Mover threads finish.
0 Gen time: 0.000225067
Buffer columns allocated: 1
Total write: 0
Total read: 0
***********Re-init done.**************
0 total msg block: 0
1 working threads finish.
Mover threads finish.
1 Gen time: Receive time: 7.9155e-05
0.000900984
1 total msg block: 0
Receive time: 2.5034e-05
Insert time: 0.000204086
0 remote msg receive done.
Reduce time: 0.000227213
Messages reduce done.
Update time: 0.000230789

Iter: 13
Rank: 0 status count done.
Insert time: 0.00220013
1 remote msg receive done.
Reduce time: 0.00141692
Messages reduce done.
Update time: 0.0014472

Iter: 13
After receive ...

Iter: 13...
Active vertex count: 0
No vertice is active, ending the computation :)

0 all time : 0.00831199
Total reduce time: 0.00274301
Total working time: 0.00187039
Total moving time: 0.00280118
Total update time: 0.00276279
Total comm time: 0.00102639
Total insert time: Rank: 1 status count done.
0.00273728
Accumulative total active vertices: 1504295After receive ...

Iter: 13...
Active vertex count: 0
No vertice is active, ending the computation :)

1 all time : 0.853647
Total reduce time: 
0.0188041
Total working time: 0.81114
Total moving time: 0.812427
Total update time: 0.0223897
Total comm time: 0.000361204
Total insert time: 0.0196052
Accumulative total active vertices: Finish.
1504295
Finish.
 
TACC: Shutdown complete. Exiting.
