Running on MIC and CPU
TACC: Starting up job 4115772
TACC: Starting parallel tasks...
  mpiexec.hydra -iface br0 -configfile /home1/02687/binren/.slurm/config_file.4115772.7K5XxHDs -machinefile /home1/02687/binren/.slurm/job.4115772.hostlist.2vmuDq3b  
My rank is: 0
My rank is: 1
0 vertex count: 0
0 line no: 1632803
0 edges: 0
====> Local ID is: -1
After genning edge value...
0 graph load done.
Reordering...
Reorder time: 1.78814e-05
****** remote edges: ****** 0
Iter: 0
Rank: 0 status count done.
1 vertex count: 1632803
1 line no: 1632803
1 edges: 30622564
====> Local ID is: 0
After genning edge value...
1 graph load done.
Reordering...
Rank: 1 width is: 1024
Rank: 1 vlen is: 64
===========> Max length: 13734
===========> Min length: 0
Reorder time: 1.73422
****** remote edges: ****** 0
Iter: 0
After receive ...

Iter: 0...
Active vertex count: 1
***********Re-initing...**************
Buffer columns allocated: 0
Total write: 0
Total read: 0
***********Re-init done.**************
Rank: 1 status count done.
After receive ...

Iter: 0...
Active vertex count: 1
***********Re-initing...**************
0 working threads finish.
Mover threads finish.
0 Gen time: 0.000146151
Buffer columns allocated: 0
Total write: 0
Total read: 0
***********Re-init done.**************
1 working threads finish.
0 total msg block: 0
Receive time: 0.000102997
Mover threads finish.
1 Gen time: 0.015003
1 total msg block: 0
Receive time: 5.6982e-05
Insert time: 0.000205994
0 remote msg receive done.
Reduce time: 0.000268936
Messages reduce done.
Update time: 0.000224113

Iter: 1
Rank: 0 status count done.
Insert time: 0.00147581
1 remote msg receive done.
Reduce time: 0.00147104
Messages reduce done.
Update time: 0.00145698

Iter: 1
After receive ...

Iter: 1...
Active vertex count: 14
***********Re-initing...**************
Buffer columns allocated: 0
Total write: 0
Total read: 0
***********Re-init done.**************
Rank: 1 status count done.
After receive ...

Iter: 1...
Active vertex count: 14
***********Re-initing...**************
0 working threads finish.
Mover threads finish.
0 Gen time: 0.000212908
Buffer columns allocated: 14
Total write: 0
Total read: 0
***********Re-init done.**************
1 working threads finish.
0 total msg block: 0
Receive time: 7.00951e-05
Mover threads finish.
1 Gen time: 0.0157528
1 total msg block: 0
Receive time: 2.19345e-05
Insert time: 0.000203133
0 remote msg receive done.
Reduce time: 0.000207901
Messages reduce done.
Update time: 0.000209093

Iter: 2
Rank: 0 status count done.
Insert time: 0.00146604
1 remote msg receive done.
Reduce time: 0.0015099
Messages reduce done.
Update time: 0.00147605

Iter: 2
After receive ...

Iter: 2...
Active vertex count: 280
***********Re-initing...**************
Buffer columns allocated: 0
Total write: 0
Total read: 0
***********Re-init done.**************
Rank: 1 status count done.
After receive ...

Iter: 2...
Active vertex count: 280
***********Re-initing...**************
0 working threads finish.
Mover threads finish.
0 Gen time: 0.000158072
Buffer columns allocated: 280
Total write: 0
Total read: 0
***********Re-init done.**************
1 working threads finish.
0 total msg block: 0
Receive time: 6.60419e-05
Mover threads finish.
1 Gen time: 0.0154722
1 total msg block: 0
Receive time: 2.00272e-05
Insert time: 0.000219107
0 remote msg receive done.
Reduce time: 0.000240088
Messages reduce done.
Update time: 0.00022912

Iter: 3
Rank: 0 status count done.
Insert time: 0.00149488
1 remote msg receive done.
Reduce time: 0.00149608
Messages reduce done.
Update time: 0.00147486

Iter: 3
After receive ...

Iter: 3...
Active vertex count: 7893
***********Re-initing...**************
Buffer columns allocated: 0
Total write: 0
Total read: 0
***********Re-init done.**************
Rank: 1 status count done.
After receive ...

Iter: 3...
Active vertex count: 7893
***********Re-initing...**************
0 working threads finish.
Mover threads finish.
0 Gen time: 0.000155926
Buffer columns allocated: 7893
Total write: 0
Total read: 0
***********Re-init done.**************
1 working threads finish.
0 total msg block: 0
Receive time: 6.98566e-05
Mover threads finish.
1 Gen time: 0.019068
1 total msg block: 0
Receive time: 2.21729e-05
Insert time: 0.000252962
0 remote msg receive done.
Reduce time: 0.000241041
Messages reduce done.
Update time: 0.000209808

Iter: 4
Rank: 0 status count done.
Insert time: 0.00150204
1 remote msg receive done.
Reduce time: 0.0015161
Messages reduce done.
Update time: 0.00151396

Iter: 4
After receive ...

Iter: 4...
Active vertex count: 167994
***********Re-initing...**************
Buffer columns allocated: 0
Total write: 0
Total read: 0
***********Re-init done.**************
Rank: 1 status count done.
After receive ...

Iter: 4...
Active vertex count: 167994
***********Re-initing...**************
0 working threads finish.
Mover threads finish.
0 Gen time: 0.000164986
Buffer columns allocated: 167994
Total write: 0
Total read: 0
***********Re-init done.**************
1 working threads finish.
0 total msg block: 0
Receive time: 6.8903e-05
Mover threads finish.
1 Gen time: 0.0564859
1 total msg block: 0
Receive time: 2.09808e-05
Insert time: 0.000205994
0 remote msg receive done.
Reduce time: 0.000210047
Messages reduce done.
Update time: 0.000210047

Iter: 5
Rank: 0 status count done.
Insert time: 0.00153303
1 remote msg receive done.
Reduce time: 0.00149298
Messages reduce done.
Update time: 0.00424504

Iter: 5
After receive ...

Iter: 5...
Active vertex count: 750280
***********Re-initing...**************
Buffer columns allocated: 0
Total write: 0
Total read: 0
***********Re-init done.**************
Rank: 1 status count done.
After receive ...

Iter: 5...
Active vertex count: 750280
***********Re-initing...**************
0 working threads finish.
Mover threads finish.
0 Gen time: 0.000151157
Buffer columns allocated: 750280
Total write: 0
Total read: 0
***********Re-init done.**************
1 working threads finish.
0 total msg block: 0
Receive time: 6.79493e-05
Mover threads finish.
1 Gen time: 0.033608
1 total msg block: 0
Receive time: 2.09808e-05
Insert time: 0.000209093
0 remote msg receive done.
Reduce time: 0.000218868
Messages reduce done.
Update time: 0.00020504

Iter: 6
Rank: 0 status count done.
Insert time: 0.00157189
1 remote msg receive done.
Reduce time: 0.00145316
Messages reduce done.
Update time: 0.00148606

Iter: 6
After receive ...

Iter: 6...
Active vertex count: 477735
***********Re-initing...**************
Buffer columns allocated: 0
Total write: 0
Total read: 0
***********Re-init done.**************
Rank: 1 status count done.
After receive ...

Iter: 6...
Active vertex count: 477735
***********Re-initing...**************
0 working threads finish.
Mover threads finish.
0 Gen time: 0.000165939
Buffer columns allocated: 477735
Total write: 0
Total read: 0
***********Re-init done.**************
1 working threads finish.
0 total msg block: 0
Receive time: 6.8903e-05
Mover threads finish.
1 Gen time: 0.016793
1 total msg block: 0
Receive time: 2.19345e-05
Insert time: 0.000203848
0 remote msg receive done.
Reduce time: 0.000241041
Messages reduce done.
Update time: 0.000206947

Iter: 7
Rank: 0 status count done.
Insert time: 0.00149703
1 remote msg receive done.
Reduce time: 0.001477
Messages reduce done.
Update time: 0.00147009

Iter: 7
After receive ...

Iter: 7...
Active vertex count: 89896
***********Re-initing...**************
Buffer columns allocated: 0
Total write: 0
Total read: 0
***********Re-init done.**************
Rank: 1 status count done.
After receive ...

Iter: 7...
Active vertex count: 89896
***********Re-initing...**************
0 working threads finish.
Mover threads finish.
0 Gen time: 0.000179052
Buffer columns allocated: 89896
Total write: 0
Total read: 0
***********Re-init done.**************
1 working threads finish.
0 total msg block: 0
Receive time: 7.08103e-05
Mover threads finish.
1 Gen time: 0.015589
1 total msg block: 0
Receive time: 2.19345e-05
Insert time: 0.000220776
0 remote msg receive done.
Reduce time: 0.000200987
Messages reduce done.
Update time: 0.000210047

Iter: 8
Rank: 0 status count done.
Insert time: 0.00148797
1 remote msg receive done.
Reduce time: 0.00187421
Messages reduce done.
Update time: 0.00187588

Iter: 8
After receive ...

Iter: 8...
Active vertex count: 9240
***********Re-initing...**************
Buffer columns allocated: 0
Total write: 0
Total read: 0
***********Re-init done.**************
Rank: 1 status count done.
After receive ...

Iter: 8...
Active vertex count: 9240
***********Re-initing...**************
0 working threads finish.
Mover threads finish.
0 Gen time: 0.000150919
Buffer columns allocated: 9240
Total write: 0
Total read: 0
***********Re-init done.**************
1 working threads finish.
0 total msg block: 0
Receive time: 6.58035e-05
Mover threads finish.
1 Gen time: 0.0154691
1 total msg block: 0
Receive time: 2.19345e-05
Insert time: 0.000211954
0 remote msg receive done.
Reduce time: 0.000235796
Messages reduce done.
Update time: 0.000207901

Iter: 9
Rank: 0 status count done.
Insert time: 0.00147986
1 remote msg receive done.
Reduce time: 0.00148702
Messages reduce done.
Update time: 0.00152898

Iter: 9
After receive ...

Iter: 9...
Active vertex count: 862
***********Re-initing...**************
Buffer columns allocated: 0
Total write: 0
Total read: 0
***********Re-init done.**************
Rank: 1 status count done.
After receive ...

Iter: 9...
Active vertex count: 862
***********Re-initing...**************
0 working threads finish.
Mover threads finish.
0 Gen time: 0.000154018
Buffer columns allocated: 862
Total write: 0
Total read: 0
***********Re-init done.**************
1 working threads finish.
0 total msg block: 0
Receive time: 6.41346e-05
Mover threads finish.
1 Gen time: 0.015538
1 total msg block: 0
Receive time: 1.90735e-05
Insert time: 0.000252008
0 remote msg receive done.
Reduce time: 0.000208139
Messages reduce done.
Update time: 0.000211954

Iter: 10
Rank: 0 status count done.
Insert time: 0.001477
1 remote msg receive done.
Reduce time: 0.00148606
Messages reduce done.
Update time: 0.00147009

Iter: 10
After receive ...

Iter: 10...
Active vertex count: 91
***********Re-initing...**************
Buffer columns allocated: 0
Total write: 0
Total read: 0
***********Re-init done.**************
Rank: 1 status count done.
After receive ...

Iter: 10...
Active vertex count: 91
***********Re-initing...**************
0 working threads finish.
Mover threads finish.
0 Gen time: 0.000154018
Buffer columns allocated: 91
Total write: 0
Total read: 0
***********Re-init done.**************
1 working threads finish.
0 total msg block: 0
Receive time: 6.79493e-05
Mover threads finish.
1 Gen time: 0.0156031
1 total msg block: 0
Receive time: 2.19345e-05
Insert time: 0.000242949
0 remote msg receive done.
Reduce time: 0.000232935
Messages reduce done.
Update time: 0.000222921

Iter: 11
Rank: 0 status count done.
Insert time: 0.00148296
1 remote msg receive done.
Reduce time: 0.00147104
Messages reduce done.
Update time: 0.00147319

Iter: 11
After receive ...

Iter: 11...
Active vertex count: 8
***********Re-initing...**************
Buffer columns allocated: 0
Total write: 0
Total read: 0
***********Re-init done.**************
Rank: 1 status count done.
After receive ...

Iter: 11...
Active vertex count: 8
***********Re-initing...**************
0 working threads finish.
Mover threads finish.
0 Gen time: 0.000176907
Buffer columns allocated: 8
Total write: 0
Total read: 0
***********Re-init done.**************
1 working threads finish.
0 total msg block: 0
Receive time: 7.08103e-05
Mover threads finish.
1 Gen time: 0.015362
1 total msg block: 0
Receive time: 2.21729e-05
Insert time: 0.000241995
0 remote msg receive done.
Reduce time: 0.000245094
Messages reduce done.
Update time: 0.000210047

Iter: 12
Rank: 0 status count done.
Insert time: 0.00147009
1 remote msg receive done.
Reduce time: 0.00146389
Messages reduce done.
Update time: 0.00147605

Iter: 12
After receive ...

Iter: 12...
Active vertex count: 1
***********Re-initing...**************
Buffer columns allocated: 0
Total write: 0
Total read: 0
***********Re-init done.**************
Rank: 1 status count done.
After receive ...

Iter: 12...
Active vertex count: 1
***********Re-initing...**************
0 working threads finish.
Mover threads finish.
0 Gen time: 0.00017786
Buffer columns allocated: 1
Total write: 0
Total read: 0
***********Re-init done.**************
1 working threads finish.
0 total msg block: 0
Receive time: 6.8903e-05
Mover threads finish.
1 Gen time: 0.0153711
1 total msg block: 0
Receive time: 2.00272e-05
Insert time: 0.000211
0 remote msg receive done.
Reduce time: 0.000241041
Messages reduce done.
Update time: 0.000206947

Iter: 13
Rank: 0 status count done.
Insert time: 0.00145912
1 remote msg receive done.
Reduce time: 0.00146794
Messages reduce done.
Update time: 0.00152302

Iter: 13
After receive ...

Iter: 13...
Active vertex count: 0
No vertice is active, ending the computation :)

0 all time : 0.00790381
Total reduce time: 0.00299191
Total working time: 0.00206923
Total moving time: 2.14577e-06
Total update time: 0.00276399
Total comm time: 0.000923157
Total insert time: 0.00288081
Accumulative total active vertices: 1504295
Rank: 1 status count done.
After receive ...

Iter: 13...
Active vertex count: 0
No vertice is active, ending the computation :)

1 all time : 0.307252
Total reduce time: 0.0196664
Total working time: 0.167571
Total moving time: 0.0958083
Total update time: 0.0224702
Total comm time: 0.00031209
Total insert time: 0.0193977
Accumulative total active vertices: 1504295Finish.

Finish.
 
TACC: Shutdown complete. Exiting.
