Running on MIC and CPU
TACC: Starting up job 4131462
TACC: Starting parallel tasks...
  mpiexec.hydra -iface br0 -configfile /home1/02687/binren/.slurm/config_file.4131462.ka8wuWel -machinefile /home1/02687/binren/.slurm/job.4131462.hostlist.XWzl2HXm  
My rank is: 0
My rank is: 1
0 vertex count: 0
0 line no: 1632803
0 edges: 0
Reordering...
Reorder time: 1.81198e-05
****** remote edges: ****** 0
Iter: 0
Rank: 0 status count done.
1 vertex count: 1632803
1 line no: 1632803
1 edges: 30622564
Reordering...
Rank: 1 width is: 1024
Rank: 1 vlen is: 64
===========> Max length: 13734
===========> Min length: 0
Reorder time: 1.75752
****** remote edges: ****** 0
Iter: 0
After receive ...

Iter: 0...
Active vertex count: 1
***********Re-initing...**************
Buffer columns allocated: 0
Total write: 0
Total read: 0
***********Re-init done.**************
Rank: 1 status count done.
After receive ...

Iter: 0...
Active vertex count: 1
***********Re-initing...**************
0 working threads finish.
Mover threads finish.
0 Gen time: 0.000156879
Buffer columns allocated: 0
Total write: 0
Total read: 0
***********Re-init done.**************
1 working threads finish.
0 total msg block: 0
Receive time: 0.000102043
Mover threads finish.
1 Gen time: 0.029496
1 total msg block: 0
Receive time: 5.60284e-05
Insert time: 0.000240088
0 remote msg receive done.
Reduce time: 0.00020504
Messages reduce done.
Update time: 0.000205994

Iter: 1
Rank: 0 status count done.
Insert time: 0.00149584
1 remote msg receive done.
Reduce time: 0.00144601
Messages reduce done.
Update time: 0.00144482

Iter: 1
After receive ...

Iter: 1...
Active vertex count: 14
***********Re-initing...**************
Buffer columns allocated: 0
Total write: 0
Total read: 0
***********Re-init done.**************
Rank: 1 status count done.
After receive ...

Iter: 1...
Active vertex count: 14
***********Re-initing...**************
0 working threads finish.
Mover threads finish.
0 Gen time: 0.000146866
Buffer columns allocated: 14
Total write: 0
Total read: 0
***********Re-init done.**************
1 working threads finish.
0 total msg block: 0
Receive time: 6.69956e-05
Mover threads finish.
1 Gen time: 0.02912
1 total msg block: 0
Receive time: 2.19345e-05
Insert time: 0.000180006
0 remote msg receive done.
Reduce time: 0.000239134
Messages reduce done.
Update time: 0.000212908

Iter: 2
Rank: 0 status count done.
Insert time: 0.00148106
1 remote msg receive done.
Reduce time: 0.00150919
Messages reduce done.
Update time: 0.0015099

Iter: 2
After receive ...

Iter: 2...
Active vertex count: 280
***********Re-initing...**************
Buffer columns allocated: 0
Total write: 0
Total read: 0
***********Re-init done.**************
Rank: 1 status count done.
After receive ...

Iter: 2...
Active vertex count: 280
***********Re-initing...**************
0 working threads finish.
Mover threads finish.
0 Gen time: 0.000169039
Buffer columns allocated: 280
Total write: 0
Total read: 0
***********Re-init done.**************
1 working threads finish.
0 total msg block: 0
Receive time: 6.69956e-05
Mover threads finish.
1 Gen time: 0.0293381
1 total msg block: 0
Receive time: 2.21729e-05
Insert time: 0.000207901
0 remote msg receive done.
Reduce time: 0.000207901
Messages reduce done.
Update time: 0.000206947

Iter: 3
Rank: 0 status count done.
Insert time: 0.00149512
1 remote msg receive done.
Reduce time: 0.00146198
Messages reduce done.
Update time: 0.00147295

Iter: 3
After receive ...

Iter: 3...
Active vertex count: 7893
***********Re-initing...**************
Buffer columns allocated: 0
Total write: 0
Total read: 0
***********Re-init done.**************
Rank: 1 status count done.
After receive ...

Iter: 3...
Active vertex count: 7893
***********Re-initing...**************
0 working threads finish.
Mover threads finish.
0 Gen time: 0.000158072
Buffer columns allocated: 7893
Total write: 0
Total read: 0
***********Re-init done.**************
1 working threads finish.
0 total msg block: 0
Receive time: 6.50883e-05
Mover threads finish.
1 Gen time: 0.030179
1 total msg block: 0
Receive time: 2.09808e-05
Insert time: 0.000215054
0 remote msg receive done.
Reduce time: 0.000226974
Messages reduce done.
Update time: 0.000211

Iter: 4
Rank: 0 status count done.
Insert time: 0.00150084
1 remote msg receive done.
Reduce time: 0.00145698
Messages reduce done.
Update time: 0.00148916

Iter: 4
After receive ...

Iter: 4...
Active vertex count: 167994
***********Re-initing...**************
Buffer columns allocated: 0
Total write: 0
Total read: 0
***********Re-init done.**************
Rank: 1 status count done.
After receive ...

Iter: 4...
Active vertex count: 167994
***********Re-initing...**************
0 working threads finish.
Mover threads finish.
0 Gen time: 0.000172138
Buffer columns allocated: 167994
Total write: 0
Total read: 0
***********Re-init done.**************
1 working threads finish.
0 total msg block: 0
Receive time: 6.50883e-05
Mover threads finish.
1 Gen time: 0.0417562
1 total msg block: 0
Receive time: 2.09808e-05
Insert time: 0.000211
0 remote msg receive done.
Reduce time: 0.00020504
Messages reduce done.
Update time: 0.000237942

Iter: 5
Rank: 0 status count done.
Insert time: 0.00148702
1 remote msg receive done.
Reduce time: 0.00152087
Messages reduce done.
Update time: 0.00368094

Iter: 5
After receive ...

Iter: 5...
Active vertex count: 750280
***********Re-initing...**************
Buffer columns allocated: 0
Total write: 0
Total read: 0
***********Re-init done.**************
Rank: 1 status count done.
After receive ...

Iter: 5...
Active vertex count: 750280
***********Re-initing...**************
0 working threads finish.
Mover threads finish.
0 Gen time: 0.000160933
Buffer columns allocated: 750280
Total write: 0
Total read: 0
***********Re-init done.**************
1 working threads finish.
0 total msg block: 0
Receive time: 6.69956e-05
Mover threads finish.
1 Gen time: 0.034116
1 total msg block: 0
Receive time: 2.00272e-05
Insert time: 0.000231981
0 remote msg receive done.
Reduce time: 0.000206947
Messages reduce done.
Update time: 0.000222921

Iter: 6
Rank: 0 status count done.
Insert time: 0.001513
1 remote msg receive done.
Reduce time: 0.00147009
Messages reduce done.
Update time: 0.00147796

Iter: 6
After receive ...

Iter: 6...
Active vertex count: 477735
***********Re-initing...**************
Buffer columns allocated: 0
Total write: 0
Total read: 0
***********Re-init done.**************
Rank: 1 status count done.
After receive ...

Iter: 6...
Active vertex count: 477735
***********Re-initing...**************
0 working threads finish.
Mover threads finish.
0 Gen time: 0.000161886
Buffer columns allocated: 477735
Total write: 0
Total read: 0
***********Re-init done.**************
1 working threads finish.
0 total msg block: 0
Receive time: 6.60419e-05
Mover threads finish.
1 Gen time: 0.029675
1 total msg block: 0
Receive time: 2.09808e-05
Insert time: 0.000262022
0 remote msg receive done.
Reduce time: 0.000274181
Messages reduce done.
Update time: 0.000219107

Iter: 7
Rank: 0 status count done.
Insert time: 0.00152612
1 remote msg receive done.
Reduce time: 0.00175214
Messages reduce done.
Update time: 0.00151515

Iter: 7
After receive ...

Iter: 7...
Active vertex count: 89896
***********Re-initing...**************
Buffer columns allocated: 0
Total write: 0
Total read: 0
***********Re-init done.**************
Rank: 1 status count done.
After receive ...

Iter: 7...
Active vertex count: 89896
***********Re-initing...**************
0 working threads finish.
Mover threads finish.
0 Gen time: 0.000227928
Buffer columns allocated: 89896
Total write: 0
Total read: 0
***********Re-init done.**************
1 working threads finish.
0 total msg block: 0
Receive time: 6.69956e-05
Mover threads finish.
1 Gen time: 0.0293732
1 total msg block: 0
Receive time: 2.19345e-05
Insert time: 0.000212908
0 remote msg receive done.
Reduce time: 0.000277042
Messages reduce done.
Update time: 0.000224113

Iter: 8
Rank: 0 status count done.
Insert time: 0.0015192
1 remote msg receive done.
Reduce time: 0.00153708
Messages reduce done.
Update time: 0.0015192

Iter: 8
After receive ...

Iter: 8...
Active vertex count: 9240
***********Re-initing...**************
Buffer columns allocated: 0
Total write: 0
Total read: 0
***********Re-init done.**************
Rank: 1 status count done.
After receive ...

Iter: 8...
Active vertex count: 9240
***********Re-initing...**************
0 working threads finish.
Mover threads finish.
0 Gen time: 0.000150919
Buffer columns allocated: 9240
Total write: 0
Total read: 0
***********Re-init done.**************
1 working threads finish.
0 total msg block: 0
Mover threads finish.
Receive time: 6.81877e-05
1 Gen time: 0.0292931
1 total msg block: 0
Receive time: 1.90735e-05
Insert time: 0.000216007
0 remote msg receive done.
Reduce time: 0.000205994
Messages reduce done.
Update time: 0.000216007

Iter: 9
Rank: 0 status count done.
Insert time: 0.00150084
1 remote msg receive done.
Reduce time: 0.00174403
Messages reduce done.
Update time: 0.00147796

Iter: 9
After receive ...

Iter: 9...
Active vertex count: 862
***********Re-initing...**************
Buffer columns allocated: 0
Total write: 0
Total read: 0
***********Re-init done.**************
Rank: 1 status count done.
After receive ...

Iter: 9...
Active vertex count: 862
***********Re-initing...**************
0 working threads finish.
Mover threads finish.
0 Gen time: 0.000200033
Buffer columns allocated: 862
Total write: 0
Total read: 0
***********Re-init done.**************
1 working threads finish.
0 total msg block: 0
Receive time: 8.4877e-05
Mover threads finish.
1 Gen time: 0.030329
1 total msg block: 0
Receive time: 2.59876e-05
Insert time: 0.000212908
0 remote msg receive done.
Reduce time: 0.000286102
Messages reduce done.
Update time: 0.000203848

Iter: 10
Rank: 0 status count done.
Insert time: 0.00161695
1 remote msg receive done.
Reduce time: 0.001477
Messages reduce done.
Update time: 0.00185299

Iter: 10
After receive ...

Iter: 10...
Active vertex count: 91
***********Re-initing...**************
Buffer columns allocated: 0
Total write: 0
Total read: 0
***********Re-init done.**************
Rank: 1 status count done.
After receive ...

Iter: 10...
Active vertex count: 91
***********Re-initing...**************
0 working threads finish.
Mover threads finish.
0 Gen time: 0.000133038
Buffer columns allocated: 91
Total write: 0
Total read: 0
***********Re-init done.**************
1 working threads finish.
0 total msg block: 0
Receive time: 6.50883e-05
Mover threads finish.
1 Gen time: 0.030174
1 total msg block: 0
Receive time: 2.19345e-05
Insert time: 0.000213861
0 remote msg receive done.
Reduce time: 0.000243902
Messages reduce done.
Update time: 0.000217915

Iter: 11
Rank: 0 status count done.
Insert time: 0.00149107
1 remote msg receive done.
Reduce time: 0.00184894
Messages reduce done.
Update time: 0.001477

Iter: 11
After receive ...

Iter: 11...
Active vertex count: 8
***********Re-initing...**************
Buffer columns allocated: 0
Total write: 0
Total read: 0
***********Re-init done.**************
Rank: 1 status count done.
After receive ...

Iter: 11...
Active vertex count: 8
***********Re-initing...**************
0 working threads finish.
Mover threads finish.
0 Gen time: 0.000170946
Buffer columns allocated: 8
Total write: 0
Total read: 0
***********Re-init done.**************
1 working threads finish.
0 total msg block: 0
Receive time: 6.69956e-05
Mover threads finish.
1 Gen time: 0.031003
1 total msg block: 0
Receive time: 2.12193e-05
Insert time: 0.000219107
0 remote msg receive done.
Reduce time: 0.000208855
Messages reduce done.
Update time: 0.000224113

Iter: 12
Rank: 0 status count done.
Insert time: 0.00261307
1 remote msg receive done.
Reduce time: 0.00147104
Messages reduce done.
Update time: 0.0015111

Iter: 12
After receive ...

Iter: 12...
Active vertex count: 1
***********Re-initing...**************
Buffer columns allocated: 0
Total write: 0
Total read: 0
***********Re-init done.**************
Rank: 1 status count done.
After receive ...

Iter: 12...
Active vertex count: 1
***********Re-initing...**************
0 working threads finish.
Mover threads finish.
0 Gen time: 0.000160933
Buffer columns allocated: 1
Total write: 0
Total read: 0
***********Re-init done.**************
1 working threads finish.
0 total msg block: 0
Receive time: 6.50883e-05
Mover threads finish.
1 Gen time: 0.029254
1 total msg block: 0
Receive time: 2.19345e-05
Insert time: 0.000213146
0 remote msg receive done.
Reduce time: 0.0002141
Messages reduce done.
Update time: 0.000213861

Iter: 13
Rank: 0 status count done.
Insert time: 0.00148296
1 remote msg receive done.
Reduce time: 0.00144815
Messages reduce done.
Update time: 0.0015111

Iter: 13
After receive ...

Iter: 13...
Active vertex count: 0
No vertice is active, ending the computation :)

0 all time : 0.0079875
Total reduce time: 0.00300121
Total working time: 0.0020926
Total moving time: 1.90735e-06
Total update time: 0.00281668
Total comm time: 0.000916481
Total insert time: 0.00283599
Accumulative total active vertices: 1504295
Rank: 1 status count done.
After receive ...

Iter: 13...
Active vertex count: 0
No vertice is active, ending the computation :)

1 all time : 0.44519
Total reduce time: 0.0201435
Total working time: 0.100025
Total moving time: 0.301378
Total update time: 0.0219402
Total comm time: 0.000315189
Total insert time: 0.0207231
Accumulative total active vertices: 1504295
Finish.
Finish.
 
TACC: Shutdown complete. Exiting.
