Lmod has detected the following error: Swap failed: "mvapich2" is not
loaded.

Running on MIC and CPU
TACC: Starting up job 5075261
TACC: Starting parallel tasks...
# Command used to run job in: /home1/02687/binren/.slurm/job.5075261.runcmd.8t5nnNxm 
My rank is: 0
My rank is: 1
0 vertex count: 0
0 line no: 1632803
0 edges: 0
Reordering...
Reorder time: 1.81198e-05
****** remote edges: ****** 0
Iter: 0
Rank: 0 status count done.
1 vertex count: 1632803
1 line no: 1632803
1 edges: 30622564
Reordering...
Rank: 1 width is: 1024
Rank: 1 vlen is: 64
===========> Max length: 13734
===========> Min length: 0
Reorder time: 1.724
****** remote edges: ****** 0
Iter: 0
After receive ...

Iter: 0...
Active vertex count: 1
***********Re-initing...**************
Buffer columns allocated: 0
Total write: 0
Total read: 0
***********Re-init done.**************
Rank: 1 status count done.
After receive ...

Iter: 0...
Active vertex count: 1
***********Re-initing...**************
0 working threads finish.
Mover threads finish.
0 Gen time: 0.000231981
Buffer columns allocated: 0
Total write: 0
Total read: 0
***********Re-init done.**************
0 total msg block: 0
Receive time: 0.000102043
1 working threads finish.
Mover threads finish.
1 Gen time: 0.0110281
1 total msg block: 0
Receive time: 5.6982e-05
Insert time: 0.00019598
0 remote msg receive done.
Reduce time: 0.000187874
Messages reduce done.
Update time: 0.000214815

Iter: 1
Rank: 0 status count done.
Insert time: 0.00145197
1 remote msg receive done.
Reduce time: 0.0022912
Messages reduce done.
Update time: 0.00149989

Iter: 1
After receive ...

Iter: 1...
Active vertex count: 14
***********Re-initing...**************
Buffer columns allocated: 0
Total write: 0
Total read: 0
***********Re-init done.**************
Rank: 1 status count done.
After receive ...

Iter: 1...
Active vertex count: 14
***********Re-initing...**************
0 working threads finish.
Mover threads finish.
0 Gen time: 0.000208855
Buffer columns allocated: 14
Total write: 0
Total read: 0
***********Re-init done.**************
0 total msg block: 0
Receive time: 8.60691e-05
1 working threads finish.
Mover threads finish.
1 Gen time: 0.011112
1 total msg block: 0
Receive time: 2.19345e-05
Insert time: 0.000187159
0 remote msg receive done.
Reduce time: 0.000200987
Messages reduce done.
Update time: 0.000200033

Iter: 2
Rank: 0 status count done.
Insert time: 0.00159001
1 remote msg receive done.
Reduce time: 0.00143504
Messages reduce done.
Update time: 0.00147295

Iter: 2
After receive ...

Iter: 2...
Active vertex count: 280
***********Re-initing...**************
Buffer columns allocated: 0
Total write: 0
Total read: 0
***********Re-init done.**************
Rank: 1 status count done.
After receive ...

Iter: 2...
Active vertex count: 280
***********Re-initing...**************
0 working threads finish.
Mover threads finish.
0 Gen time: 0.000217915
Buffer columns allocated: 280
Total write: 0
Total read: 0
***********Re-init done.**************
0 total msg block: 0
Receive time: 6.69956e-05
1 working threads finish.
Mover threads finish.
1 Gen time: 0.0112109
1 total msg block: 0
Receive time: 2.19345e-05
Insert time: 0.000197172
0 remote msg receive done.
Reduce time: 0.000197887
Messages reduce done.
Update time: 0.000191927

Iter: 3
Rank: 0 status count done.
Insert time: 0.00145411
1 remote msg receive done.
Reduce time: 0.0014689
Messages reduce done.
Update time: 0.0015049

Iter: 3
After receive ...

Iter: 3...
Active vertex count: 7893
***********Re-initing...**************
Buffer columns allocated: 0
Total write: 0
Total read: 0
***********Re-init done.**************
Rank: 1 status count done.
After receive ...

Iter: 3...
Active vertex count: 7893
***********Re-initing...**************
0 working threads finish.
Mover threads finish.
0 Gen time: 0.000202179
Buffer columns allocated: 7893
Total write: 0
Total read: 0
***********Re-init done.**************
0 total msg block: 0
Receive time: 6.69956e-05
1 working threads finish.
Mover threads finish.
1 Gen time: 0.0112951
1 total msg block: 0
Receive time: 2.21729e-05
Insert time: 0.000201941
0 remote msg receive done.
Reduce time: 0.000198841
Messages reduce done.
Update time: 0.000272036

Iter: 4
Rank: 0 status count done.
Insert time: 0.00155997
1 remote msg receive done.
Reduce time: 0.0014329
Messages reduce done.
Update time: 0.00145102

Iter: 4
After receive ...

Iter: 4...
Active vertex count: 167994
***********Re-initing...**************
Buffer columns allocated: 0
Total write: 0
Total read: 0
***********Re-init done.**************
Rank: 1 status count done.
After receive ...

Iter: 4...
Active vertex count: 167994
***********Re-initing...**************
0 working threads finish.
Mover threads finish.
0 Gen time: 0.000209093
Buffer columns allocated: 167994
Total write: 0
Total read: 0
***********Re-init done.**************
0 total msg block: 0
Receive time: 6.98566e-05
1 working threads finish.
Mover threads finish.
1 Gen time: 0.011405
1 total msg block: 0
Receive time: 2.00272e-05
Insert time: 0.00019002
0 remote msg receive done.
Reduce time: 0.000210047
Messages reduce done.
Update time: 0.00019598

Iter: 5
Rank: 0 status count done.
Insert time: 0.0014472
1 remote msg receive done.
Reduce time: 0.00153422
Messages reduce done.
Update time: 0.00459599

Iter: 5
After receive ...

Iter: 5...
Active vertex count: 750280
***********Re-initing...**************
Buffer columns allocated: 0
Total write: 0
Total read: 0
***********Re-init done.**************
Rank: 1 status count done.
After receive ...

Iter: 5...
Active vertex count: 750280
***********Re-initing...**************
0 working threads finish.
Mover threads finish.
0 Gen time: 0.000202179
Buffer columns allocated: 750280
Total write: 0
Total read: 0
***********Re-init done.**************
0 total msg block: 0
Receive time: 6.91414e-05
1 working threads finish.
Mover threads finish.
1 Gen time: 0.011517
1 total msg block: 0
Receive time: 2.09808e-05
Insert time: 0.000222921
0 remote msg receive done.
Reduce time: 0.000193119
Messages reduce done.
Update time: 0.000195026

Iter: 6
Rank: 0 status count done.
Insert time: 0.00143099
1 remote msg receive done.
Reduce time: 0.00141883
Messages reduce done.
Update time: 0.00145793

Iter: 6
After receive ...

Iter: 6...
Active vertex count: 477735
***********Re-initing...**************
Buffer columns allocated: 0
Total write: 0
Total read: 0
***********Re-init done.**************
Rank: 1 status count done.
After receive ...

Iter: 6...
Active vertex count: 477735
***********Re-initing...**************
0 working threads finish.
Mover threads finish.
0 Gen time: 0.000206947
Buffer columns allocated: 477735
Total write: 0
Total read: 0
***********Re-init done.**************
0 total msg block: 0
Receive time: 6.79493e-05
1 working threads finish.
Mover threads finish.
1 Gen time: 0.0113978
1 total msg block: 0
Receive time: 2.19345e-05
Insert time: 0.00019002
0 remote msg receive done.
Reduce time: 0.000191927
Messages reduce done.
Update time: 0.000191927

Iter: 7
Rank: 0 status count done.
Insert time: 0.00144911
1 remote msg receive done.
Reduce time: 0.00143099
Messages reduce done.
Update time: 0.00149989

Iter: 7
After receive ...

Iter: 7...
Active vertex count: 89896
***********Re-initing...**************
Buffer columns allocated: 0
Total write: 0
Total read: 0
***********Re-init done.**************
Rank: 1 status count done.
After receive ...

Iter: 7...
Active vertex count: 89896
***********Re-initing...**************
0 working threads finish.
Mover threads finish.
0 Gen time: 0.000215054
Buffer columns allocated: 89896
Total write: 0
Total read: 0
***********Re-init done.**************
0 total msg block: 0
Receive time: 6.60419e-05
1 working threads finish.
Mover threads finish.
1 Gen time: 0.0117002
1 total msg block: 0
Receive time: 2.12193e-05
Insert time: 0.000197887
0 remote msg receive done.
Reduce time: 0.000217915
Messages reduce done.
Update time: 0.000193119

Iter: 8
Rank: 0 status count done.
Insert time: 0.00145292
1 remote msg receive done.
Reduce time: 0.0014379
Messages reduce done.
Update time: 0.00146079

Iter: 8
After receive ...

Iter: 8...
Active vertex count: 9240
***********Re-initing...**************
Buffer columns allocated: 0
Total write: 0
Total read: 0
***********Re-init done.**************
Rank: 1 status count done.
After receive ...

Iter: 8...
Active vertex count: 9240
***********Re-initing...**************
0 working threads finish.
Mover threads finish.
0 Gen time: 0.000207901
Buffer columns allocated: 9240
Total write: 0
Total read: 0
***********Re-init done.**************
0 total msg block: 0
Receive time: 6.69956e-05
1 working threads finish.
Mover threads finish.
1 Gen time: 0.0112901
1 total msg block: 0
Receive time: 2.31266e-05
Insert time: 0.000192165
0 remote msg receive done.
Reduce time: 0.000211954
Messages reduce done.
Update time: 0.00019002

Iter: 9
Rank: 0 status count done.
Insert time: 0.00146604
1 remote msg receive done.
Reduce time: 0.00161099
Messages reduce done.
Update time: 0.00148988

Iter: 9
After receive ...

Iter: 9...
Active vertex count: 862
***********Re-initing...**************
Buffer columns allocated: 0
Total write: 0
Total read: 0
***********Re-init done.**************
Rank: 1 status count done.
After receive ...

Iter: 9...
Active vertex count: 862
***********Re-initing...**************
0 working threads finish.
Mover threads finish.
0 Gen time: 0.000211954
Buffer columns allocated: 862
Total write: 0
Total read: 0
***********Re-init done.**************
0 total msg block: 0
Receive time: 7.10487e-05
1 working threads finish.
Mover threads finish.
1 Gen time: 0.011307
1 total msg block: 0
Receive time: 2.28882e-05
Insert time: 0.000226974
0 remote msg receive done.
Reduce time: 0.0002141
Messages reduce done.
Update time: 0.00019002

Iter: 10
Rank: 0 status count done.
Insert time: 0.00144506
1 remote msg receive done.
Reduce time: 0.00142312
Messages reduce done.
Update time: 0.00144792

Iter: 10
After receive ...

Iter: 10...
Active vertex count: 91
***********Re-initing...**************
Buffer columns allocated: 0
Total write: 0
Total read: 0
***********Re-init done.**************
Rank: 1 status count done.
After receive ...

Iter: 10...
Active vertex count: 91
***********Re-initing...**************
0 working threads finish.
Mover threads finish.
0 Gen time: 0.000200987
Buffer columns allocated: 91
Total write: 0
Total read: 0
***********Re-init done.**************
0 total msg block: 0
Receive time: 7.00951e-05
1 working threads finish.
Mover threads finish.
1 Gen time: 0.0113511
1 total msg block: 0
Receive time: 2.00272e-05
Insert time: 0.000221014
0 remote msg receive done.
Reduce time: 0.000192165
Messages reduce done.
Update time: 0.000231028

Iter: 11
Rank: 0 status count done.
Insert time: 0.0014441
1 remote msg receive done.
Reduce time: 0.00146508
Messages reduce done.
Update time: 0.00145698

Iter: 11
After receive ...

Iter: 11...
Active vertex count: 8
***********Re-initing...**************
Buffer columns allocated: 0
Total write: 0
Total read: 0
***********Re-init done.**************
Rank: 1 status count done.
After receive ...

Iter: 11...
Active vertex count: 8
***********Re-initing...**************
0 working threads finish.
Mover threads finish.
0 Gen time: 0.000206947
Buffer columns allocated: 8
Total write: 0
Total read: 0
***********Re-init done.**************
0 total msg block: 0
Receive time: 6.38962e-05
1 working threads finish.
Mover threads finish.
1 Gen time: 0.0113101
1 total msg block: 0
Receive time: 1.90735e-05
Insert time: 0.00019002
0 remote msg receive done.
Reduce time: 0.000213861
Messages reduce done.
Update time: 0.000228882

Iter: 12
Rank: 0 status count done.
Insert time: 0.00145316
1 remote msg receive done.
Reduce time: 0.00143886
Messages reduce done.
Update time: 0.001477

Iter: 12
After receive ...

Iter: 12...
Active vertex count: 1
***********Re-initing...**************
Buffer columns allocated: 0
Total write: 0
Total read: 0
***********Re-init done.**************
Rank: 1 status count done.
After receive ...

Iter: 12...
Active vertex count: 1
***********Re-initing...**************
0 working threads finish.
Mover threads finish.
0 Gen time: 0.000205994
Buffer columns allocated: 1
Total write: 0
Total read: 0
***********Re-init done.**************
0 total msg block: 0
Receive time: 6.91414e-05
1 working threads finish.
Mover threads finish.
1 Gen time: 0.0113041
1 total msg block: 0
Receive time: 2.31266e-05
Insert time: 0.000195026
0 remote msg receive done.
Reduce time: 0.00019002
Messages reduce done.
Update time: 0.000257015

Iter: 13
Rank: 0 status count done.
Insert time: 0.00145507
1 remote msg receive done.
Reduce time: 0.00142598
Messages reduce done.
Update time: 0.00143695

Iter: 13
After receive ...

Iter: 13...
Active vertex count: 0
No vertice is active, ending the computation :)

0 all time : 0.00810051
Total reduce time: 0.0026207
Total working time: 0.00182962
Total moving time: 0.00272202
Total update time: 0.00275183
Total comm time: 0.00093627
Total insert time: 0.0026083
Accumulative total active vertices: 1504295
Rank: 1 status count done.
After receive ...

Iter: 13...
Active vertex count: 0
No vertice is active, ending the computation :)

1 all time : 0.189295
Total reduce time: 0.019814
Total working time: 0.145461
Total moving time: 0.147202
Total update time: 0.0222521
Total comm time: 0.000315428
Total insert time: 0.0190997
Accumulative total active vertices: 1504295
Finish.
Finish.
 
TACC: Shutdown complete. Exiting.
