Lmod has detected the following error: Swap failed: "mvapich2" is not
loaded.

Running on MIC and CPU
TACC: Starting up job 5075051
TACC: Starting parallel tasks...
# Command used to run job in: /home1/02687/binren/.slurm/job.5075051.runcmd.DbO3zVMG 
My rank is: 0
My rank is: 1
0 vertex count: 0
0 line no: 1632803
0 edges: 0
Reordering...
Reorder time: 1.90735e-05
****** remote edges: ****** 0
Iter: 0
Rank: 0 status count done.
1 vertex count: 1632803
1 line no: 1632803
1 edges: 30622564
Reordering...
Rank: 1 width is: 1024
Rank: 1 vlen is: 64
===========> Max length: 13734
===========> Min length: 0
Reorder time: 1.71896
****** remote edges: ****** 0
Iter: 0
After receive ...

Iter: 0...
Active vertex count: 1
***********Re-initing...**************
Buffer columns allocated: 0
Total write: 0
Total read: 0
***********Re-init done.**************
Rank: 1 status count done.
After receive ...

Iter: 0...
Active vertex count: 1
***********Re-initing...**************
0 working threads finish.
Mover threads finish.
0 Gen time: 0.000203133
Buffer columns allocated: 0
Total write: 0
Total read: 0
***********Re-init done.**************
0 total msg block: 0
Receive time: 0.000108957
1 working threads finish.
Mover threads finish.
1 Gen time: 0.0145731
1 total msg block: 0
Receive time: 6.10352e-05
Insert time: 0.000196934
0 remote msg receive done.
Reduce time: 0.000190973
Messages reduce done.
Update time: 0.000200987

Iter: 1
Rank: 0 status count done.
Insert time: 0.00145912
1 remote msg receive done.
Reduce time: 0.00145817
Messages reduce done.
Update time: 0.00150895

Iter: 1
After receive ...

Iter: 1...
Active vertex count: 14
***********Re-initing...**************
Buffer columns allocated: 0
Total write: 0
Total read: 0
***********Re-init done.**************
Rank: 1 status count done.
After receive ...

Iter: 1...
Active vertex count: 14
***********Re-initing...**************
0 working threads finish.
Mover threads finish.
0 Gen time: 0.000262022
Buffer columns allocated: 14
Total write: 0
Total read: 0
***********Re-init done.**************
0 total msg block: 0
Receive time: 7.48634e-05
1 working threads finish.
Mover threads finish.
1 Gen time: 0.0147069
1 total msg block: 0
Receive time: 2.40803e-05
Insert time: 0.0001719
0 remote msg receive done.
Reduce time: 0.000165939
Messages reduce done.
Update time: 0.000167131

Iter: 2
Rank: 0 status count done.
Insert time: 0.00141788
1 remote msg receive done.
Reduce time: 0.00145292
Messages reduce done.
Update time: 0.00145006

Iter: 2
After receive ...

Iter: 2...
Active vertex count: 280
***********Re-initing...**************
Buffer columns allocated: 0
Total write: 0
Total read: 0
***********Re-init done.**************
Rank: 1 status count done.
After receive ...

Iter: 2...
Active vertex count: 280
***********Re-initing...**************
0 working threads finish.
Mover threads finish.
0 Gen time: 0.000174999
Buffer columns allocated: 280
Total write: 0
Total read: 0
***********Re-init done.**************
0 total msg block: 0
Receive time: 7.70092e-05
1 working threads finish.
Mover threads finish.
1 Gen time: 0.01474
1 total msg block: 0
Receive time: 2.69413e-05
Insert time: 0.000193834
0 remote msg receive done.
Reduce time: 0.000163078
Messages reduce done.
Update time: 0.000161886

Iter: 3
Rank: 0 status count done.
Insert time: 0.00142908
1 remote msg receive done.
Reduce time: 0.00150895
Messages reduce done.
Update time: 0.00149703

Iter: 3
After receive ...

Iter: 3...
Active vertex count: 7893
***********Re-initing...**************
Buffer columns allocated: 0
Total write: 0
Total read: 0
***********Re-init done.**************
Rank: 1 status count done.
After receive ...

Iter: 3...
Active vertex count: 7893
***********Re-initing...**************
0 working threads finish.
Mover threads finish.
0 Gen time: 0.000203848
Buffer columns allocated: 7893
Total write: 0
Total read: 0
***********Re-init done.**************
0 total msg block: 0
Receive time: 7.58171e-05
1 working threads finish.
Mover threads finish.
1 Gen time: 0.0148849
1 total msg block: 0
Receive time: 2.5034e-05
Insert time: 0.000191927
0 remote msg receive done.
Reduce time: 0.000210047
Messages reduce done.
Update time: 0.000195026

Iter: 4
Rank: 0 status count done.
Insert time: 0.00143003
1 remote msg receive done.
Reduce time: 0.00144386
Messages reduce done.
Update time: 0.00175691

Iter: 4
After receive ...

Iter: 4...
Active vertex count: 167994
***********Re-initing...**************
Buffer columns allocated: 0
Total write: 0
Total read: 0
***********Re-init done.**************
Rank: 1 status count done.
After receive ...

Iter: 4...
Active vertex count: 167994
***********Re-initing...**************
0 working threads finish.
Mover threads finish.
0 Gen time: 0.000205994
Buffer columns allocated: 167994
Total write: 0
Total read: 0
***********Re-init done.**************
0 total msg block: 0
Receive time: 7.79629e-05
1 working threads finish.
Mover threads finish.
1 Gen time: 0.014997
1 total msg block: 0
Receive time: 2.59876e-05
Insert time: 0.000191212
0 remote msg receive done.
Reduce time: 0.000216961
Messages reduce done.
Update time: 0.000198126

Iter: 5
Rank: 0 status count done.
Insert time: 0.00172615
1 remote msg receive done.
Reduce time: 0.00145292
Messages reduce done.
Update time: 0.00433803

Iter: 5
After receive ...

Iter: 5...
Active vertex count: 750280
***********Re-initing...**************
Buffer columns allocated: 0
Total write: 0
Total read: 0
***********Re-init done.**************
Rank: 1 status count done.
After receive ...

Iter: 5...
Active vertex count: 750280
***********Re-initing...**************
0 working threads finish.
Mover threads finish.
0 Gen time: 0.000216007
Buffer columns allocated: 750280
Total write: 0
Total read: 0
***********Re-init done.**************
0 total msg block: 0
Receive time: 7.89165e-05
1 working threads finish.
Mover threads finish.
1 Gen time: 0.015135
1 total msg block: 0
Receive time: 2.59876e-05
Insert time: 0.000188112
0 remote msg receive done.
Reduce time: 0.000216961
Messages reduce done.
Update time: 0.000202894

Iter: 6
Rank: 0 status count done.
Insert time: 0.00143099
1 remote msg receive done.
Reduce time: 0.00145698
Messages reduce done.
Update time: 0.00148296

Iter: 6
After receive ...

Iter: 6...
Active vertex count: 477735
***********Re-initing...**************
Buffer columns allocated: 0
Total write: 0
Total read: 0
***********Re-init done.**************
Rank: 1 status count done.
After receive ...

Iter: 6...
Active vertex count: 477735
***********Re-initing...**************
0 working threads finish.
Mover threads finish.
0 Gen time: 0.000196934
Buffer columns allocated: 477735
Total write: 0
Total read: 0
***********Re-init done.**************
0 total msg block: 0
Receive time: 7.70092e-05
1 working threads finish.
Mover threads finish.
1 Gen time: 0.01511
1 total msg block: 0
Receive time: 2.40803e-05
Insert time: 0.000216007
0 remote msg receive done.
Reduce time: 0.000187159
Messages reduce done.
Update time: 0.000193119

Iter: 7
Rank: 0 status count done.
Insert time: 0.00141692
1 remote msg receive done.
Reduce time: 0.00145102
Messages reduce done.
Update time: 0.00145102

Iter: 7
After receive ...

Iter: 7...
Active vertex count: 89896
***********Re-initing...**************
Buffer columns allocated: 0
Total write: 0
Total read: 0
***********Re-init done.**************
Rank: 1 status count done.
After receive ...

Iter: 7...
Active vertex count: 89896
***********Re-initing...**************
0 working threads finish.
Mover threads finish.
0 Gen time: 0.000208855
Buffer columns allocated: 89896
Total write: 0
Total read: 0
***********Re-init done.**************
0 total msg block: 0
Receive time: 7.60555e-05
1 working threads finish.
Mover threads finish.
1 Gen time: 0.015167
1 total msg block: 0
Receive time: 2.59876e-05
Insert time: 0.000189066
0 remote msg receive done.
Reduce time: 0.000185966
Messages reduce done.
Update time: 0.000202894

Iter: 8
Rank: 0 status count done.
Insert time: 0.00142288
1 remote msg receive done.
Reduce time: 0.00144315
Messages reduce done.
Update time: 0.00143385

Iter: 8
After receive ...

Iter: 8...
Active vertex count: 9240
***********Re-initing...**************
Buffer columns allocated: 0
Total write: 0
Total read: 0
***********Re-init done.**************
Rank: 1 status count done.
After receive ...

Iter: 8...
Active vertex count: 9240
***********Re-initing...**************
0 working threads finish.
Mover threads finish.
0 Gen time: 0.000204086
Buffer columns allocated: 9240
Total write: 0
Total read: 0
***********Re-init done.**************
0 total msg block: 0
Receive time: 7.70092e-05
1 working threads finish.
Mover threads finish.
1 Gen time: 0.0149479
1 total msg block: 0
Receive time: 2.47955e-05
Insert time: 0.000208139
0 remote msg receive done.
Reduce time: 0.000200033
Messages reduce done.
Update time: 0.000216961

Iter: 9
Rank: 0 status count done.
Insert time: 0.00143003
1 remote msg receive done.
Reduce time: 0.00145102
Messages reduce done.
Update time: 0.00144196

Iter: 9
After receive ...

Iter: 9...
Active vertex count: 862
***********Re-initing...**************
Buffer columns allocated: 0
Total write: 0
Total read: 0
***********Re-init done.**************
Rank: 1 status count done.
After receive ...

Iter: 9...
Active vertex count: 862
***********Re-initing...**************
0 working threads finish.
Mover threads finish.
0 Gen time: 0.000210047
Buffer columns allocated: 862
Total write: 0
Total read: 0
***********Re-init done.**************
0 total msg block: 0
Receive time: 7.41482e-05
1 working threads finish.
Mover threads finish.
1 Gen time: 0.0148189
1 total msg block: 0
Receive time: 2.38419e-05
Insert time: 0.000185013
0 remote msg receive done.
Reduce time: 0.000182867
Messages reduce done.
Update time: 0.000226021

Iter: 10
Rank: 0 status count done.
Insert time: 0.00142717
1 remote msg receive done.
Reduce time: 0.00148106
Messages reduce done.
Update time: 0.00144315

Iter: 10
After receive ...

Iter: 10...
Active vertex count: 91
***********Re-initing...**************
Buffer columns allocated: 0
Total write: 0
Total read: 0
***********Re-init done.**************
Rank: 1 status count done.
After receive ...

Iter: 10...
Active vertex count: 91
***********Re-initing...**************
0 working threads finish.
Mover threads finish.
0 Gen time: 0.000207901
Buffer columns allocated: 91
Total write: 0
Total read: 0
***********Re-init done.**************
0 total msg block: 0
Receive time: 7.79629e-05
1 working threads finish.
Mover threads finish.
1 Gen time: 0.0149519
1 total msg block: 0
Receive time: 2.59876e-05
Insert time: 0.000194073
0 remote msg receive done.
Reduce time: 0.000218868
Messages reduce done.
Update time: 0.000195026

Iter: 11
Rank: 0 status count done.
Insert time: 0.00141692
1 remote msg receive done.
Reduce time: 0.001436
Messages reduce done.
Update time: 0.00145507

Iter: 11
After receive ...

Iter: 11...
Active vertex count: 8
***********Re-initing...**************
Buffer columns allocated: 0
Total write: 0
Total read: 0
***********Re-init done.**************
Rank: 1 status count done.
After receive ...

Iter: 11...
Active vertex count: 8
***********Re-initing...**************
0 working threads finish.
Mover threads finish.
0 Gen time: 0.000211954
Buffer columns allocated: 8
Total write: 0
Total read: 0
***********Re-init done.**************
0 total msg block: 0
Receive time: 7.79629e-05
1 working threads finish.
Mover threads finish.
1 Gen time: 0.0148101
1 total msg block: 0
Receive time: 2.40803e-05
Insert time: 0.000185013
0 remote msg receive done.
Reduce time: 0.000185966
Messages reduce done.
Update time: 0.000195026

Iter: 12
Rank: 0 status count done.
Insert time: 0.00143409
1 remote msg receive done.
Reduce time: 0.00145888
Messages reduce done.
Update time: 0.00146103

Iter: 12
After receive ...

Iter: 12...
Active vertex count: 1
***********Re-initing...**************
Buffer columns allocated: 0
Total write: 0
Total read: 0
***********Re-init done.**************
Rank: 1 status count done.
After receive ...

Iter: 12...
Active vertex count: 1
***********Re-initing...**************
0 working threads finish.
Mover threads finish.
0 Gen time: 0.000198841
Buffer columns allocated: 1
Total write: 0
Total read: 0
***********Re-init done.**************
0 total msg block: 0
Receive time: 7.39098e-05
1 working threads finish.
Mover threads finish.
1 Gen time: 0.014931
1 total msg block: 0
Receive time: 2.59876e-05
Insert time: 0.000188828
0 remote msg receive done.
Reduce time: 0.000190973
Messages reduce done.
Update time: 0.000227928

Iter: 13
Rank: 0 status count done.
Insert time: 0.00142002
1 remote msg receive done.
Reduce time: 0.00144696
Messages reduce done.
Update time: 0.0014379

Iter: 13
After receive ...

Iter: 13...
Active vertex count: 0
No vertice is active, ending the computation :)

0 all time : 0.00780344
Total reduce time: 0.00251579
Total working time: 0.00185704
Total moving time: 0.000776052
Total update time: 0.00258303
Total comm time: 0.00102758
Total insert time: 0.00250006
Accumulative total active vertices: 1504295
Rank: 1 status count done.
After receive ...

Iter: 13...
Active vertex count: 0
No vertice is active, ending the computation :)

1 all time : 0.234874
Total reduce time: 0.0189419
Total working time: 0.192043
Total moving time: 4.76837e-06
Total update time: 0.0221579
Total comm time: 0.000363827
Total insert time: 0.0188613
Accumulative total active vertices: 1504295
Finish.
Finish.
 
TACC: Shutdown complete. Exiting.
