Lmod has detected the following error: Swap failed: "mvapich2" is not
loaded.

Running on MIC and CPU
TACC: Starting up job 5077215
TACC: Starting parallel tasks...
# Command used to run job in: /home1/02687/binren/.slurm/job.5077215.runcmd.cesfMw87 
My rank is: 0
My rank is: 1
0 vertex count: 0
0 line no: 1632803
0 edges: 0
Reordering...
Reorder time: 1.90735e-05
****** remote edges: ****** 0
Iter: 0
Rank: 0 status count done.
1 vertex count: 1632803
1 line no: 1632803
1 edges: 30622564
Reordering...
Rank: 1 width is: 1024
Rank: 1 vlen is: 64
===========> Max length: 13734
===========> Min length: 0
Reorder time: 1.72084
****** remote edges: ****** 0
Iter: 0
After receive ...

Iter: 0...
Active vertex count: 1
***********Re-initing...**************
Buffer columns allocated: 0
Total write: 0
Total read: 0
***********Re-init done.**************
Rank: 1 status count done.
After receive ...

Iter: 0...
Active vertex count: 1
***********Re-initing...**************
0 working threads finish.
Mover threads finish.
0 Gen time: 0.000201941
Buffer columns allocated: 0
Total write: 0
Total read: 0
***********Re-init done.**************
0 total msg block: 0
Receive time: 9.91821e-05
1 working threads finish.
Mover threads finish.
1 Gen time: 0.011359
1 total msg block: 0
Receive time: 5.50747e-05
Insert time: 0.000192881
0 remote msg receive done.
Reduce time: 0.00019598
Messages reduce done.
Update time: 0.000273943

Iter: 1
Rank: 0 status count done.
Insert time: 0.00142002
1 remote msg receive done.
Reduce time: 0.00143695
Messages reduce done.
Update time: 0.00146794

Iter: 1
After receive ...

Iter: 1...
Active vertex count: 14
***********Re-initing...**************
Buffer columns allocated: 0
Total write: 0
Total read: 0
***********Re-init done.**************
Rank: 1 status count done.
After receive ...

Iter: 1...
Active vertex count: 14
***********Re-initing...**************
0 working threads finish.
Mover threads finish.
0 Gen time: 0.00022316
Buffer columns allocated: 14
Total write: 0
Total read: 0
***********Re-init done.**************
0 total msg block: 0
Receive time: 7.10487e-05
1 working threads finish.
Mover threads finish.
1 Gen time: 0.011605
1 total msg block: 0
Receive time: 2.09808e-05
Insert time: 0.000197172
0 remote msg receive done.
Reduce time: 0.00019598
Messages reduce done.
Update time: 0.000235081

Iter: 2
Rank: 0 status count done.
Insert time: 0.00144815
1 remote msg receive done.
Reduce time: 0.00144005
Messages reduce done.
Update time: 0.0014441

Iter: 2
After receive ...

Iter: 2...
Active vertex count: 280
***********Re-initing...**************
Buffer columns allocated: 0
Total write: 0
Total read: 0
***********Re-init done.**************
Rank: 1 status count done.
After receive ...

Iter: 2...
Active vertex count: 280
***********Re-initing...**************
0 working threads finish.
Mover threads finish.
0 Gen time: 0.000202179
Buffer columns allocated: 280
Total write: 0
Total read: 0
***********Re-init done.**************
0 total msg block: 0
Receive time: 7.39098e-05
1 working threads finish.
Mover threads finish.
1 Gen time: 0.0117149
1 total msg block: 0
Receive time: 2.19345e-05
Insert time: 0.000194073
0 remote msg receive done.
Reduce time: 0.000217915
Messages reduce done.
Update time: 0.000196934

Iter: 3
Rank: 0 status count done.
Insert time: 0.00145817
1 remote msg receive done.
Reduce time: 0.00144601
Messages reduce done.
Update time: 0.00146484

Iter: 3
After receive ...

Iter: 3...
Active vertex count: 7893
***********Re-initing...**************
Buffer columns allocated: 0
Total write: 0
Total read: 0
***********Re-init done.**************
Rank: 1 status count done.
After receive ...

Iter: 3...
Active vertex count: 7893
***********Re-initing...**************
0 working threads finish.
Mover threads finish.
0 Gen time: 0.000210047
Buffer columns allocated: 7893
Total write: 0
Total read: 0
***********Re-init done.**************
0 total msg block: 0
Receive time: 6.69956e-05
1 working threads finish.
Mover threads finish.
1 Gen time: 0.0118601
1 total msg block: 0
Receive time: 2.40803e-05
Insert time: 0.000194073
0 remote msg receive done.
Reduce time: 0.000207901
Messages reduce done.
Update time: 0.000190973

Iter: 4
Rank: 0 status count done.
Insert time: 0.00143909
1 remote msg receive done.
Reduce time: 0.00143194
Messages reduce done.
Update time: 0.00146914

Iter: 4
After receive ...

Iter: 4...
Active vertex count: 167994
***********Re-initing...**************
Buffer columns allocated: 0
Total write: 0
Total read: 0
***********Re-init done.**************
Rank: 1 status count done.
After receive ...

Iter: 4...
Active vertex count: 167994
***********Re-initing...**************
0 working threads finish.
Mover threads finish.
0 Gen time: 0.000205994
Buffer columns allocated: 167994
Total write: 0
Total read: 0
***********Re-init done.**************
0 total msg block: 0
Receive time: 6.79493e-05
1 working threads finish.
Mover threads finish.
1 Gen time: 0.0118718
1 total msg block: 0
Receive time: 2.19345e-05
Insert time: 0.000191927
0 remote msg receive done.
Reduce time: 0.000195026
Messages reduce done.
Update time: 0.000231981

Iter: 5
Rank: 0 status count done.
Insert time: 0.00143814
1 remote msg receive done.
Reduce time: 0.00144601
Messages reduce done.
Update time: 0.00380993

Iter: 5
After receive ...

Iter: 5...
Active vertex count: 750280
***********Re-initing...**************
Buffer columns allocated: 0
Total write: 0
Total read: 0
***********Re-init done.**************
Rank: 1 status count done.
After receive ...

Iter: 5...
Active vertex count: 750280
***********Re-initing...**************
0 working threads finish.
Mover threads finish.
0 Gen time: 0.000212908
Buffer columns allocated: 750280
Total write: 0
Total read: 0
***********Re-init done.**************
0 total msg block: 0
Receive time: 6.69956e-05
1 working threads finish.
Mover threads finish.
1 Gen time: 0.0119331
1 total msg block: 0
Receive time: 2.09808e-05
Insert time: 0.000191927
0 remote msg receive done.
Reduce time: 0.00019598
Messages reduce done.
Update time: 0.000222921

Iter: 6
Rank: 0 status count done.
Insert time: 0.00146103
1 remote msg receive done.
Reduce time: 0.001441
Messages reduce done.
Update time: 0.00147796

Iter: 6
After receive ...

Iter: 6...
Active vertex count: 477735
***********Re-initing...**************
Buffer columns allocated: 0
Total write: 0
Total read: 0
***********Re-init done.**************
Rank: 1 status count done.
After receive ...

Iter: 6...
Active vertex count: 477735
***********Re-initing...**************
0 working threads finish.
Mover threads finish.
0 Gen time: 0.000208139
Buffer columns allocated: 477735
Total write: 0
Total read: 0
***********Re-init done.**************
0 total msg block: 0
Receive time: 6.79493e-05
1 working threads finish.
Mover threads finish.
1 Gen time: 0.0117741
1 total msg block: 0
Receive time: 1.97887e-05
Insert time: 0.00019002
0 remote msg receive done.
Reduce time: 0.000225782
Messages reduce done.
Update time: 0.000195026

Iter: 7
Rank: 0 status count done.
Insert time: 0.00144386
1 remote msg receive done.
Reduce time: 0.001436
Messages reduce done.
Update time: 0.00145793

Iter: 7
After receive ...

Iter: 7...
Active vertex count: 89896
***********Re-initing...**************
Buffer columns allocated: 0
Total write: 0
Total read: 0
***********Re-init done.**************
Rank: 1 status count done.
After receive ...

Iter: 7...
Active vertex count: 89896
***********Re-initing...**************
0 working threads finish.
Mover threads finish.
0 Gen time: 0.000208139
Buffer columns allocated: 89896
Total write: 0
Total read: 0
***********Re-init done.**************
0 total msg block: 0
Receive time: 6.98566e-05
1 working threads finish.
Mover threads finish.
1 Gen time: 0.011668
1 total msg block: 0
Receive time: 2.21729e-05
Insert time: 0.000194788
0 remote msg receive done.
Reduce time: 0.000194073
Messages reduce done.
Update time: 0.000197887

Iter: 8
Rank: 0 status count done.
Insert time: 0.00145698
1 remote msg receive done.
Reduce time: 0.00144815
Messages reduce done.
Update time: 0.00145316

Iter: 8
After receive ...

Iter: 8...
Active vertex count: 9240
***********Re-initing...**************
Buffer columns allocated: 0
Total write: 0
Total read: 0
***********Re-init done.**************
Rank: 1 status count done.
After receive ...

Iter: 8...
Active vertex count: 9240
***********Re-initing...**************
0 working threads finish.
Mover threads finish.
0 Gen time: 0.000220776
Buffer columns allocated: 9240
Total write: 0
Total read: 0
***********Re-init done.**************
0 total msg block: 0
Receive time: 6.8903e-05
1 working threads finish.
Mover threads finish.
1 Gen time: 0.0116661
1 total msg block: 0
Receive time: 2.21729e-05
Insert time: 0.000209093
0 remote msg receive done.
Reduce time: 0.000198126
Messages reduce done.
Update time: 0.000224113

Iter: 9
Rank: 0 status count done.
Insert time: 0.00165296
1 remote msg receive done.
Reduce time: 0.00144792
Messages reduce done.
Update time: 0.00145197

Iter: 9
After receive ...

Iter: 9...
Active vertex count: 862
***********Re-initing...**************
Buffer columns allocated: 0
Total write: 0
Total read: 0
***********Re-init done.**************
Rank: 1 status count done.
After receive ...

Iter: 9...
Active vertex count: 862
***********Re-initing...**************
0 working threads finish.
Mover threads finish.
0 Gen time: 0.000211954
Buffer columns allocated: 862
Total write: 0
Total read: 0
***********Re-init done.**************
0 total msg block: 0
Receive time: 6.81877e-05
1 working threads finish.
Mover threads finish.
1 Gen time: 0.011843
1 total msg block: 0
Receive time: 2.09808e-05
Insert time: 0.000194788
0 remote msg receive done.
Reduce time: 0.000192165
Messages reduce done.
Update time: 0.000195026

Iter: 10
Rank: 0 status count done.
Insert time: 0.00146317
1 remote msg receive done.
Reduce time: 0.00143695
Messages reduce done.
Update time: 0.00146198

Iter: 10
After receive ...

Iter: 10...
Active vertex count: 91
***********Re-initing...**************
Buffer columns allocated: 0
Total write: 0
Total read: 0
***********Re-init done.**************
Rank: 1 status count done.
After receive ...

Iter: 10...
Active vertex count: 91
***********Re-initing...**************
0 working threads finish.
Mover threads finish.
0 Gen time: 0.000207901
Buffer columns allocated: 91
Total write: 0
Total read: 0
***********Re-init done.**************
0 total msg block: 0
Receive time: 1 working threads finish.
Mover threads finish.
17.20024e-05
 Gen time: 0.011791
1 total msg block: 0
Receive time: 2.19345e-05
Insert time: 0.000215054
0 remote msg receive done.
Reduce time: 0.000260115
Messages reduce done.
Update time: 0.000203848

Iter: 11
Rank: 0 status count done.
Insert time: 0.00147486
1 remote msg receive done.
Reduce time: 0.00142598
Messages reduce done.
Update time: 0.00144386

Iter: 11
After receive ...

Iter: 11...
Active vertex count: 8
***********Re-initing...**************
Buffer columns allocated: 0
Total write: 0
Total read: 0
***********Re-init done.**************
Rank: 1 status count done.
After receive ...

Iter: 11...
Active vertex count: 8
***********Re-initing...**************
0 working threads finish.
Mover threads finish.
0 Gen time: 0.000225067
Buffer columns allocated: 8
Total write: 0
Total read: 0
***********Re-init done.**************
0 total msg block: 0
Receive time: 6.69956e-05
1 working threads finish.
Mover threads finish.
1 Gen time: 0.0116611
1 total msg block: 0
Receive time: 2.31266e-05
Insert time: 0.000192881
0 remote msg receive done.
Reduce time: 0.000189066
Messages reduce done.
Update time: 0.000202179

Iter: 12
Rank: 0 status count done.
Insert time: 0.00145888
1 remote msg receive done.
Reduce time: 0.0014379
Messages reduce done.
Update time: 0.00152087

Iter: 12
After receive ...

Iter: 12...
Active vertex count: 1
***********Re-initing...**************
Buffer columns allocated: 0
Total write: 0
Total read: 0
***********Re-init done.**************
Rank: 1 status count done.
After receive ...

Iter: 12...
Active vertex count: 1
***********Re-initing...**************
0 working threads finish.
Mover threads finish.
0 Gen time: 0.000206947
Buffer columns allocated: 1
Total write: 0
Total read: 0
***********Re-init done.**************
0 total msg block: 0
Receive time: 7.00951e-05
1 working threads finish.
Mover threads finish.
1 Gen time: 0.011687
1 total msg block: 0
Receive time: 2.19345e-05
Insert time: 0.000205994
0 remote msg receive done.
Reduce time: 0.000227928
Messages reduce done.
Update time: 0.000211

Iter: 13
Rank: 0 status count done.
Insert time: 0.00146317
1 remote msg receive done.
Reduce time: 0.00174689
Messages reduce done.
Update time: 0.00147295

Iter: 13
After receive ...

Iter: 13...
Active vertex count: 0
No vertice is active, ending the computation :)

0 all time : 0.0082221
Total reduce time: 0.00269604
Total working time: 0.0018332
Total moving time: 0.00274324
Total update time: 0.00278091
Total comm time: 0.000930071
Total insert time: 0.00256467
Accumulative total active vertices: 1504295
Rank: 1 status count done.
After receive ...

Iter: 13...
Active vertex count: 0
No vertice is active, ending the computation :)

1 all time : 0.192852
Total reduce time: 0.0190217
Total working time: 0.150711
Total moving time: 0.152407
Total update time: 0.0213966
Total comm time: 0.000317097
Total insert time: 0.0190785
Accumulative total active vertices: 1504295
Finish.
Finish.
 
TACC: Shutdown complete. Exiting.
