Lmod has detected the following error: Swap failed: "mvapich2" is not
loaded.

Running on MIC and CPU
TACC: Starting up job 5077041
TACC: Starting parallel tasks...
# Command used to run job in: /home1/02687/binren/.slurm/job.5077041.runcmd.bIJeavmV 
My rank is: 0
My rank is: 1
0 vertex count: 0
0 line no: 1632803
0 edges: 0
Reordering...
Reorder time: 1.88351e-05
****** remote edges: ****** 0
Iter: 0
Rank: 0 status count done.
1 vertex count: 1632803
1 line no: 1632803
1 edges: 30622564
Reordering...
Rank: 1 width is: 1024
Rank: 1 vlen is: 64
===========> Max length: 13734
===========> Min length: 0
Reorder time: 1.72322
****** remote edges: ****** 0
Iter: 0
After receive ...

Iter: 0...
Active vertex count: 1
***********Re-initing...**************
Buffer columns allocated: 0
Total write: 0
Total read: 0
***********Re-init done.**************
Rank: 1 status count done.
After receive ...

Iter: 0...
Active vertex count: 1
***********Re-initing...**************
0 working threads finish.
Mover threads finish.
0 Gen time: 0.000231028
Buffer columns allocated: 0
Total write: 0
Total read: 0
***********Re-init done.**************
0 total msg block: 0
1 working threads finish.
Mover threads finish.
1 Gen time: Receive time: 0.0001080040.0165191
1 total msg block: 0
Receive time: 
5.91278e-05
Insert time: 0.00019598
0 remote msg receive done.
Reduce time: 0.000214815
Messages reduce done.
Update time: 0.000203133

Iter: 1
Rank: 0 status count done.
Insert time: 0.00142717
1 remote msg receive done.
Reduce time: 0.00149393
Messages reduce done.
Update time: 0.00143719

Iter: 1
After receive ...

Iter: 1...
Active vertex count: 14
***********Re-initing...**************
Buffer columns allocated: 0
Total write: 0
Total read: 0
***********Re-init done.**************
Rank: 1 status count done.
After receive ...

Iter: 1...
Active vertex count: 14
***********Re-initing...**************
0 working threads finish.
Mover threads finish.
0 Gen time: 0.000209093
Buffer columns allocated: 14
Total write: 0
Total read: 0
***********Re-init done.**************
0 total msg block: 0
Receive time: 7.39098e-05
1 working threads finish.
Mover threads finish.
1 Gen time: 0.0168731
1 total msg block: 0
Receive time: 2.21729e-05
Insert time: 0.000267982
0 remote msg receive done.
Reduce time: 0.000224113
Messages reduce done.
Update time: 0.000193834

Iter: 2
Rank: 0 status count done.
Insert time: 0.00145483
1 remote msg receive done.
Reduce time: 0.00145102
Messages reduce done.
Update time: 0.00157309

Iter: 2
After receive ...

Iter: 2...
Active vertex count: 280
***********Re-initing...**************
Buffer columns allocated: 0
Total write: 0
Total read: 0
***********Re-init done.**************
Rank: 1 status count done.
After receive ...

Iter: 2...
Active vertex count: 280
***********Re-initing...**************
0 working threads finish.
Mover threads finish.
0 Gen time: 0.000234127
Buffer columns allocated: 280
Total write: 0
Total read: 0
***********Re-init done.**************
0 total msg block: 0
Receive time: 7.20024e-05
1 working threads finish.
Mover threads finish.
1 Gen time: 0.0170519
1 total msg block: 0
Receive time: 2.5034e-05
Insert time: 0.000201941
0 remote msg receive done.
Reduce time: 0.000193119
Messages reduce done.
Update time: 0.000211

Iter: 3
Rank: 0 status count done.
Insert time: 0.00147581
1 remote msg receive done.
Reduce time: 0.00144005
Messages reduce done.
Update time: 0.00145912

Iter: 3
After receive ...

Iter: 3...
Active vertex count: 7893
***********Re-initing...**************
Buffer columns allocated: 0
Total write: 0
Total read: 0
***********Re-init done.**************
Rank: 1 status count done.
After receive ...

Iter: 3...
Active vertex count: 7893
***********Re-initing...**************
0 working threads finish.
Mover threads finish.
0 Gen time: 0.0002141
Buffer columns allocated: 7893
Total write: 0
Total read: 0
***********Re-init done.**************
0 total msg block: 0
Receive time: 6.81877e-05
1 working threads finish.
Mover threads finish.
1 Gen time: 0.0170639
1 total msg block: 0
Receive time: 2.09808e-05
Insert time: 0.000205994
0 remote msg receive done.
Reduce time: 0.000194073
Messages reduce done.
Update time: 0.000213861

Iter: 4
Rank: 0 status count done.
Insert time: 0.00145197
1 remote msg receive done.
Reduce time: 0.00151205
Messages reduce done.
Update time: 0.00147796

Iter: 4
After receive ...

Iter: 4...
Active vertex count: 167994
***********Re-initing...**************
Buffer columns allocated: 0
Total write: 0
Total read: 0
***********Re-init done.**************
Rank: 1 status count done.
After receive ...

Iter: 4...
Active vertex count: 167994
***********Re-initing...**************
0 working threads finish.
Mover threads finish.
0 Gen time: 0.000221968
Buffer columns allocated: 167994
Total write: 0
Total read: 0
***********Re-init done.**************
0 total msg block: 0
Receive time: 7.20024e-05
1 working threads finish.
Mover threads finish.
1 Gen time: 0.017029
1 total msg block: 0
Receive time: 2.00272e-05
Insert time: 0.000190973
0 remote msg receive done.
Reduce time: 0.000210047
Messages reduce done.
Update time: 0.000218153

Iter: 5
Rank: 0 status count done.
Insert time: 0.00146413
1 remote msg receive done.
Reduce time: 0.00144696
Messages reduce done.
Update time: 0.00411797

Iter: 5
After receive ...

Iter: 5...
Active vertex count: 750280
***********Re-initing...**************
Buffer columns allocated: 0
Total write: 0
Total read: 0
***********Re-init done.**************
Rank: 1 status count done.
After receive ...

Iter: 5...
Active vertex count: 750280
***********Re-initing...**************
0 working threads finish.
Mover threads finish.
0 Gen time: 0.000202179
Buffer columns allocated: 750280
Total write: 0
Total read: 0
***********Re-init done.**************
0 total msg block: 0
Receive time: 7.29561e-05
1 working threads finish.
Mover threads finish.
1 Gen time: 0.017123
1 total msg block: 0
Receive time: 2.21729e-05
Insert time: 0.000191927
0 remote msg receive done.
Reduce time: 0.000191927
Messages reduce done.
Update time: 0.000221014

Iter: 6
Rank: 0 status count done.
Insert time: 0.00144506
1 remote msg receive done.
Reduce time: 0.001436
Messages reduce done.
Update time: 0.0014801

Iter: 6
After receive ...

Iter: 6...
Active vertex count: 477735
***********Re-initing...**************
Buffer columns allocated: 0
Total write: 0
Total read: 0
***********Re-init done.**************
Rank: 1 status count done.
After receive ...

Iter: 6...
Active vertex count: 477735
***********Re-initing...**************
0 working threads finish.
Mover threads finish.
0 Gen time: 0.000240088
Buffer columns allocated: 477735
Total write: 0
Total read: 0
***********Re-init done.**************
0 total msg block: 0
Receive time: 6.91414e-05
1 working threads finish.
Mover threads finish.
1 Gen time: 0.0171959
1 total msg block: 0
Receive time: 2.19345e-05
Insert time: 0.000208855
0 remote msg receive done.
Reduce time: 0.000196934
Messages reduce done.
Update time: 0.000216961

Iter: 7
Rank: 0 status count done.
Insert time: 0.00145102
1 remote msg receive done.
Reduce time: 0.00144601
Messages reduce done.
Update time: 0.00145721

Iter: 7
After receive ...

Iter: 7...
Active vertex count: 89896
***********Re-initing...**************
Buffer columns allocated: 0
Total write: 0
Total read: 0
***********Re-init done.**************
Rank: 1 status count done.
After receive ...

Iter: 7...
Active vertex count: 89896
***********Re-initing...**************
0 working threads finish.
Mover threads finish.
0 Gen time: 0.000206947
Buffer columns allocated: 89896
Total write: 0
Total read: 0
***********Re-init done.**************
0 total msg block: 0
Receive time: 7.29561e-05
1 working threads finish.
Mover threads finish.
1 Gen time: 0.0169911
1 total msg block: 0
Receive time: 2.19345e-05
Insert time: 0.000194073
0 remote msg receive done.
Reduce time: 0.00019598
Messages reduce done.
Update time: 0.000200987

Iter: 8
Rank: 0 status count done.
Insert time: 0.0017271
1 remote msg receive done.
Reduce time: 0.00144815
Messages reduce done.
Update time: 0.00145221

Iter: 8
After receive ...

Iter: 8...
Active vertex count: 9240
***********Re-initing...**************
Buffer columns allocated: 0
Total write: 0
Total read: 0
***********Re-init done.**************
Rank: 1 status count done.
After receive ...

Iter: 8...
Active vertex count: 9240
***********Re-initing...**************
0 working threads finish.
Mover threads finish.
0 Gen time: 0.000202894
Buffer columns allocated: 9240
Total write: 0
Total read: 0
***********Re-init done.**************
0 total msg block: 0
Receive time: 7.20024e-05
1 working threads finish.
Mover threads finish.
1 Gen time: 0.017086
1 total msg block: 0
Receive time: 2.28882e-05
Insert time: 0.000212908
0 remote msg receive done.
Reduce time: 0.000198126
Messages reduce done.
Update time: 0.000222921

Iter: 9
Rank: 0 status count done.
Insert time: 0.00145888
1 remote msg receive done.
Reduce time: 0.00145817
Messages reduce done.
Update time: 0.00144696

Iter: 9
After receive ...

Iter: 9...
Active vertex count: 862
***********Re-initing...**************
Buffer columns allocated: 0
Total write: 0
Total read: 0
***********Re-init done.**************
Rank: 1 status count done.
After receive ...

Iter: 9...
Active vertex count: 862
***********Re-initing...**************
0 working threads finish.
Mover threads finish.
0 Gen time: 0.000207901
Buffer columns allocated: 862
Total write: 0
Total read: 0
***********Re-init done.**************
0 total msg block: 0
Receive time: 7.10487e-05
1 working threads finish.
Mover threads finish.
1 Gen time: 0.0170071
1 total msg block: 0
Receive time: 2.31266e-05
Insert time: 0.000195026
0 remote msg receive done.
Reduce time: 0.000195026
Messages reduce done.
Update time: 0.000200033

Iter: 10
Rank: 0 status count done.
Insert time: 0.00145316
1 remote msg receive done.
Reduce time: 0.00173187
Messages reduce done.
Update time: 0.00146103

Iter: 10
After receive ...

Iter: 10...
Active vertex count: 91
***********Re-initing...**************
Buffer columns allocated: 0
Total write: 0
Total read: 0
***********Re-init done.**************
Rank: 1 status count done.
After receive ...

Iter: 10...
Active vertex count: 91
***********Re-initing...**************
0 working threads finish.
Mover threads finish.
0 Gen time: 0.000204086
Buffer columns allocated: 91
Total write: 0
Total read: 0
***********Re-init done.**************
0 total msg block: 0
Receive time: 6.98566e-05
1 working threads finish.
Mover threads finish.
1 Gen time: 0.017035
1 total msg block: 0
Receive time: 2.19345e-05
Insert time: 0.000192881
0 remote msg receive done.
Reduce time: 0.000195026
Messages reduce done.
Update time: 0.00019908

Iter: 11
Rank: 0 status count done.
Insert time: 0.00149393
1 remote msg receive done.
Reduce time: 0.00143886
Messages reduce done.
Update time: 0.00144696

Iter: 11
After receive ...

Iter: 11...
Active vertex count: 8
***********Re-initing...**************
Buffer columns allocated: 0
Total write: 0
Total read: 0
***********Re-init done.**************
Rank: 1 status count done.
After receive ...

Iter: 11...
Active vertex count: 8
***********Re-initing...**************
0 working threads finish.
Mover threads finish.
0 Gen time: 0.000218153
Buffer columns allocated: 8
Total write: 0
Total read: 0
***********Re-init done.**************
0 total msg block: 0
Receive time: 6.98566e-05
1 working threads finish.
Mover threads finish.
1 Gen time: 0.016948
1 total msg block: 0
Receive time: 2.21729e-05
Insert time: 0.000192881
0 remote msg receive done.
Reduce time: 0.000225067
Messages reduce done.
Update time: 0.000209808

Iter: 12
Rank: 0 status count done.
Insert time: 0.0014441
1 remote msg receive done.
Reduce time: 0.00163293
Messages reduce done.
Update time: 0.00148201

Iter: 12
After receive ...

Iter: 12...
Active vertex count: 1
***********Re-initing...**************
Buffer columns allocated: 0
Total write: 0
Total read: 0
***********Re-init done.**************
Rank: 1 status count done.
After receive ...

Iter: 12...
Active vertex count: 1
***********Re-initing...**************
0 working threads finish.
Mover threads finish.
0 Gen time: 0.000239849
Buffer columns allocated: 1
Total write: 0
Total read: 0
***********Re-init done.**************
0 total msg block: 0
Receive time: 7.29561e-05
1 working threads finish.
Mover threads finish.
1 Gen time: 0.0170841
1 total msg block: 0
Receive time: 2.28882e-05
Insert time: 0.000211954
0 remote msg receive done.
Reduce time: 0.000219107
Messages reduce done.
Update time: 0.000192165

Iter: 13
Rank: 0 status count done.
Insert time: 0.00146914
1 remote msg receive done.
Reduce time: 0.00141597
Messages reduce done.
Update time: 0.00144911

Iter: 13
After receive ...

Iter: 13...
Active vertex count: 0
No vertice is active, ending the computation :)

0 all time : 0.00818872
Total reduce time: 0.00265336
Total working time: 0.00197482
Total moving time: 0.00282764
Total update time: 0.00270295
Total comm time: 0.00096488
Total insert time: 0.00266337
Accumulative total active vertices: 1504295
Rank: 1 status count done.
After receive ...

Iter: 13...
Active vertex count: 0
No vertice is active, ending the computation :)

1 all time : 0.2621
Total reduce time: 0.019352
Total working time: 0.219209
Total moving time: 0.220977
Total update time: 0.0217409
Total comm time: 0.000326395
Total insert time: 0.0192163
Accumulative total active vertices: 1504295
Finish.
Finish.
 
TACC: Shutdown complete. Exiting.
