Lmod has detected the following error: Swap failed: "mvapich2" is not
loaded.

Running on MIC and CPU
TACC: Starting up job 5075532
TACC: Starting parallel tasks...
# Command used to run job in: /home1/02687/binren/.slurm/job.5075532.runcmd.Gk4bpG6b 
My rank is: 0
My rank is: 1
0 vertex count: 0
0 line no: 1632803
0 edges: 0
Reordering...
Reorder time: 2.09808e-05
****** remote edges: ****** 0
Iter: 0
Rank: 0 status count done.
1 vertex count: 1632803
1 line no: 1632803
1 edges: 30622564
Reordering...
Rank: 1 width is: 1024
Rank: 1 vlen is: 64
===========> Max length: 13734
===========> Min length: 0
Reorder time: 1.7093
****** remote edges: ****** 0
Iter: 0
After receive ...

Iter: 0...
Active vertex count: 1
***********Re-initing...**************
Buffer columns allocated: 0
Total write: 0
Total read: 0
***********Re-init done.**************
Rank: 1 status count done.
After receive ...

Iter: 0...
Active vertex count: 1
***********Re-initing...**************
0 working threads finish.
Mover threads finish.
0 Gen time: 0.000252962
Buffer columns allocated: 0
Total write: 0
Total read: 0
***********Re-init done.**************
1 working threads finish.
0 total msg block: 0
Receive time: 0.000102043
Mover threads finish.
1 Gen time: 0.0284879
1 total msg block: 0
Receive time: 5.79357e-05
Insert time: 0.000212908
0 remote msg receive done.
Reduce time: 0.000193834
Messages reduce done.
Update time: 0.000226974

Iter: 1
Rank: 0 status count done.
Insert time: 0.0015018
1 remote msg receive done.
Reduce time: 0.00144506
Messages reduce done.
Update time: 0.00144506

Iter: 1
After receive ...

Iter: 1...
Active vertex count: 14
***********Re-initing...**************
Buffer columns allocated: 0
Total write: 0
Total read: 0
***********Re-init done.**************
Rank: 1 status count done.
After receive ...

Iter: 1...
Active vertex count: 14
***********Re-initing...**************
0 working threads finish.
Mover threads finish.
0 Gen time: 0.000216007
Buffer columns allocated: 14
Total write: 0
Total read: 0
***********Re-init done.**************
1 working threads finish.
0 total msg block: 0
Receive time: 6.19888e-05
Mover threads finish.
1 Gen time: 0.0293128
1 total msg block: 0
Receive time: 2.09808e-05
Insert time: 0.000196934
0 remote msg receive done.
Reduce time: 0.000193119
Messages reduce done.
Update time: 0.00022316

Iter: 2
Rank: 0 status count done.
Insert time: 0.00149298
1 remote msg receive done.
Reduce time: 0.00147104
Messages reduce done.
Update time: 0.00145888

Iter: 2
After receive ...

Iter: 2...
Active vertex count: 280
***********Re-initing...**************
Buffer columns allocated: 0
Total write: 0
Total read: 0
***********Re-init done.**************
Rank: 1 status count done.
After receive ...

Iter: 2...
Active vertex count: 280
***********Re-initing...**************
0 working threads finish.
Mover threads finish.
0 Gen time: 0.000226974
Buffer columns allocated: 280
Total write: 0
Total read: 0
***********Re-init done.**************
1 working threads finish.
0 total msg block: 0
Receive time: 6.38962e-05
Mover threads finish.
1 Gen time: 0.029489
1 total msg block: 0
Receive time: 2.19345e-05
Insert time: 0.000196934
0 remote msg receive done.
Reduce time: 0.000196934
Messages reduce done.
Update time: 0.000227213

Iter: 3
Rank: 0 status count done.
Insert time: 0.00152707
1 remote msg receive done.
Reduce time: 0.00146604
Messages reduce done.
Update time: 0.00152683

Iter: 3
After receive ...

Iter: 3...
Active vertex count: 7893
***********Re-initing...**************
Buffer columns allocated: 0
Total write: 0
Total read: 0
***********Re-init done.**************
Rank: 1 status count done.
After receive ...

Iter: 3...
Active vertex count: 7893
***********Re-initing...**************
0 working threads finish.
Mover threads finish.
0 Gen time: 0.000210047
Buffer columns allocated: 7893
Total write: 0
Total read: 0
***********Re-init done.**************
1 working threads finish.
0 total msg block: 0
Receive time: 6.19888e-05
Mover threads finish.
1 Gen time: 0.0307238
1 total msg block: 0
Receive time: 2.28882e-05
Insert time: 0.000191927
0 remote msg receive done.
Reduce time: 0.000212908
Messages reduce done.
Update time: 0.000198126

Iter: 4
Rank: 0 status count done.
Insert time: 0.00148797
1 remote msg receive done.
Reduce time: 0.00145984
Messages reduce done.
Update time: 0.00160694

Iter: 4
After receive ...

Iter: 4...
Active vertex count: 167994
***********Re-initing...**************
Buffer columns allocated: 0
Total write: 0
Total read: 0
***********Re-init done.**************
Rank: 1 status count done.
After receive ...

Iter: 4...
Active vertex count: 167994
***********Re-initing...**************
0 working threads finish.
Mover threads finish.
0 Gen time: 0.000212908
Buffer columns allocated: 167994
Total write: 0
Total read: 0
***********Re-init done.**************
1 working threads finish.
0 total msg block: 0
Receive time: 6.60419e-05
Mover threads finish.
1 Gen time: 0.0435479
1 total msg block: 0
Receive time: 2.00272e-05
Insert time: 0.000199795
0 remote msg receive done.
Reduce time: 0.000223875
Messages reduce done.
Update time: 0.000212908

Iter: 5
Rank: 0 status count done.
Insert time: 0.00155902
1 remote msg receive done.
Reduce time: 0.00149679
Messages reduce done.
Update time: 0.00449109

Iter: 5
After receive ...

Iter: 5...
Active vertex count: 750280
***********Re-initing...**************
Buffer columns allocated: 0
Total write: 0
Total read: 0
***********Re-init done.**************
Rank: 1 status count done.
After receive ...

Iter: 5...
Active vertex count: 750280
***********Re-initing...**************
0 working threads finish.
Mover threads finish.
0 Gen time: 0.000221968
Buffer columns allocated: 750280
Total write: 0
Total read: 0
***********Re-init done.**************
1 working threads finish.
0 total msg block: 0
Receive time: 6.29425e-05
Mover threads finish.
1 Gen time: 0.036464
1 total msg block: 0
Receive time: 2.09808e-05
Insert time: 0.00019598
0 remote msg receive done.
Reduce time: 0.00022316
Messages reduce done.
Update time: 0.000200033

Iter: 6
Rank: 0 status count done.
Insert time: 0.00148916
1 remote msg receive done.
Reduce time: 0.00152707
Messages reduce done.
Update time: 0.00154996

Iter: 6
After receive ...

Iter: 6...
Active vertex count: 477735
***********Re-initing...**************
Buffer columns allocated: 0
Total write: 0
Total read: 0
***********Re-init done.**************
Rank: 1 status count done.
After receive ...

Iter: 6...
Active vertex count: 477735
***********Re-initing...**************
0 working threads finish.
Mover threads finish.
0 Gen time: 0.000221014
Buffer columns allocated: 477735
Total write: 0
Total read: 0
***********Re-init done.**************
1 working threads finish.
0 total msg block: 0
Receive time: 6.69956e-05
Mover threads finish.
1 Gen time: 0.030338
1 total msg block: 0
Receive time: 2.09808e-05
Insert time: 0.000211954
0 remote msg receive done.
Reduce time: 0.000195026
Messages reduce done.
Update time: 0.000231981

Iter: 7
Rank: 0 status count done.
Insert time: 0.00151706
1 remote msg receive done.
Reduce time: 0.00147009
Messages reduce done.
Update time: 0.00148106

Iter: 7
After receive ...

Iter: 7...
Active vertex count: 89896
***********Re-initing...**************
Buffer columns allocated: 0
Total write: 0
Total read: 0
***********Re-init done.**************
Rank: 1 status count done.
After receive ...

Iter: 7...
Active vertex count: 89896
***********Re-initing...**************
0 working threads finish.
Mover threads finish.
0 Gen time: 0.000222921
Buffer columns allocated: 89896
Total write: 0
Total read: 0
***********Re-init done.**************
1 working threads finish.
0 total msg block: 0
Receive time: 6.81877e-05
Mover threads finish.
1 Gen time: 0.02935
1 total msg block: 0
Receive time: 1.97887e-05
Insert time: 0.000222921
0 remote msg receive done.
Reduce time: 0.000195026
Messages reduce done.
Update time: 0.000201941

Iter: 8
Rank: 0 status count done.
Insert time: 0.00150394
1 remote msg receive done.
Reduce time: 0.00156784
Messages reduce done.
Update time: 0.00148892

Iter: 8
After receive ...

Iter: 8...
Active vertex count: 9240
***********Re-initing...**************
Buffer columns allocated: 0
Total write: 0
Total read: 0
***********Re-init done.**************
Rank: 1 status count done.
After receive ...

Iter: 8...
Active vertex count: 9240
***********Re-initing...**************
0 working threads finish.
Mover threads finish.
0 Gen time: 0.000213861
Buffer columns allocated: 9240
Total write: 0
Total read: 0
***********Re-init done.**************
1 working threads finish.
0 total msg block: 0
Receive time: 6.69956e-05
Mover threads finish.
1 Gen time: 0.029506
1 total msg block: 0
Receive time: 2.09808e-05
Insert time: 0.000197887
0 remote msg receive done.
Reduce time: 0.000195026
Messages reduce done.
Update time: 0.000225067

Iter: 9
Rank: 0 status count done.
Insert time: 0.00155401
1 remote msg receive done.
Reduce time: 0.00145411
Messages reduce done.
Update time: 0.00148797

Iter: 9
After receive ...

Iter: 9...
Active vertex count: 862
***********Re-initing...**************
Buffer columns allocated: 0
Total write: 0
Total read: 0
***********Re-init done.**************
Rank: 1 status count done.
After receive ...

Iter: 9...
Active vertex count: 862
***********Re-initing...**************
0 working threads finish.
Mover threads finish.
0 Gen time: 0.000207901
Buffer columns allocated: 862
Total write: 0
Total read: 0
***********Re-init done.**************
1 working threads finish.
0 total msg block: 0
Receive time: 6.60419e-05
Mover threads finish.
1 Gen time: 0.0294218
1 total msg block: 0
Receive time: 2.09808e-05
Insert time: 0.000196218
0 remote msg receive done.
Reduce time: 0.000203848
Messages reduce done.
Update time: 0.000198841

Iter: 10
Rank: 0 status count done.
Insert time: 0.00148201
1 remote msg receive done.
Reduce time: 0.00148702
Messages reduce done.
Update time: 0.00147295

Iter: 10
After receive ...

Iter: 10...
Active vertex count: 91
***********Re-initing...**************
Buffer columns allocated: 0
Total write: 0
Total read: 0
***********Re-init done.**************
Rank: 1 status count done.
After receive ...

Iter: 10...
Active vertex count: 91
***********Re-initing...**************
0 working threads finish.
Mover threads finish.
0 Gen time: 0.000211
Buffer columns allocated: 91
Total write: 0
Total read: 0
***********Re-init done.**************
1 working threads finish.
0 total msg block: 0
Receive time: 6.69956e-05
Mover threads finish.
1 Gen time: 0.0294871
1 total msg block: 0
Receive time: 2.21729e-05
Insert time: 0.000220776
0 remote msg receive done.
Reduce time: 0.00022316
Messages reduce done.
Update time: 0.000219107

Iter: 11
Rank: 0 status count done.
Insert time: 0.00155401
1 remote msg receive done.
Reduce time: 0.00147986
Messages reduce done.
Update time: 0.0014801

Iter: 11
After receive ...

Iter: 11...
Active vertex count: 8
***********Re-initing...**************
Buffer columns allocated: 0
Total write: 0
Total read: 0
***********Re-init done.**************
Rank: 1 status count done.
After receive ...

Iter: 11...
Active vertex count: 8
***********Re-initing...**************
0 working threads finish.
Mover threads finish.
0 Gen time: 0.000213861
Buffer columns allocated: 8
Total write: 0
Total read: 0
***********Re-init done.**************
1 working threads finish.
0 total msg block: 0
Receive time: 6.69956e-05
Mover threads finish.
1 Gen time: 0.029438
1 total msg block: 0
Receive time: 2.09808e-05
Insert time: 0.000267982
0 remote msg receive done.
Reduce time: 0.000203133
Messages reduce done.
Update time: 0.00020504

Iter: 12
Rank: 0 status count done.
Insert time: 0.00154305
1 remote msg receive done.
Reduce time: 0.00145507
Messages reduce done.
Update time: 0.0014801

Iter: 12
After receive ...

Iter: 12...
Active vertex count: 1
***********Re-initing...**************
Buffer columns allocated: 0
Total write: 0
Total read: 0
***********Re-init done.**************
Rank: 1 status count done.
After receive ...

Iter: 12...
Active vertex count: 1
***********Re-initing...**************
0 working threads finish.
Mover threads finish.
0 Gen time: 0.000212908
Buffer columns allocated: 1
Total write: 0
Total read: 0
***********Re-init done.**************
1 working threads finish.
0 total msg block: 0
Receive time: 6.38962e-05
Mover threads finish.
1 Gen time: 0.029706
1 total msg block: 0
Receive time: 2.09808e-05
Insert time: 0.000226974
0 remote msg receive done.
Reduce time: 0.000200033
Messages reduce done.
Update time: 0.000265837

Iter: 13
Rank: 0 status count done.
Insert time: 0.00154114
1 remote msg receive done.
Reduce time: 0.0014689
Messages reduce done.
Update time: 0.00147986

Iter: 13
After receive ...

Iter: 13...
Active vertex count: 0
No vertice is active, ending the computation :)

0 all time : 0.00833964
Total reduce time: 0.00265908
Total working time: 0.0019424
Total moving time: 0.00283766
Total update time: 0.00283623
Total comm time: 0.00088501
Total insert time: 0.00273919
Accumulative total active vertices: 1504295
Rank: 1 status count done.
After receive ...

Iter: 13...
Active vertex count: 0
No vertice is active, ending the computation :)

1 all time : 0.446971
Total reduce time: 0.0192487
Total working time: 0.221083
Total moving time: 0.405231
Total update time: 0.0224497
Total comm time: 0.000311613
Total insert time: 0.0197532
Accumulative total active vertices: 1504295Finish.

Finish.
 
TACC: Shutdown complete. Exiting.
