Lmod has detected the following error: Swap failed: "mvapich2" is not
loaded.

Running on MIC and CPU
TACC: Starting up job 5075299
TACC: Starting parallel tasks...
# Command used to run job in: /home1/02687/binren/.slurm/job.5075299.runcmd.C90uRcjc 
My rank is: 0
My rank is: 1
0 vertex count: 0
0 line no: 1632803
0 edges: 0
Reordering...
Reorder time: 1.78814e-05
****** remote edges: ****** 0
Iter: 0
Rank: 0 status count done.
1 vertex count: 1632803
1 line no: 1632803
1 edges: 30622564
Reordering...
Rank: 1 width is: 1024
Rank: 1 vlen is: 64
===========> Max length: 13734
===========> Min length: 0
Reorder time: 1.72449
****** remote edges: ****** 0
Iter: 0
After receive ...

Iter: 0...
Active vertex count: 1
***********Re-initing...**************
Buffer columns allocated: 0
Total write: 0
Total read: 0
***********Re-init done.**************
Rank: 1 status count done.
After receive ...

Iter: 0...
Active vertex count: 1
***********Re-initing...**************
0 working threads finish.
Mover threads finish.
0 Gen time: 0.000226021
Buffer columns allocated: 0
Total write: 0
Total read: 0
***********Re-init done.**************
0 total msg block: 0
Receive time: 0.000102997
1 working threads finish.
Mover threads finish.
1 Gen time: 0.00562501
1 total msg block: 0
Receive time: 5.60284e-05
Insert time: 0.000200987
0 remote msg receive done.
Reduce time: 0.000217199
Messages reduce done.
Update time: 0.000211

Iter: 1
Rank: 0 status count done.
Insert time: 0.00143695
1 remote msg receive done.
Reduce time: 0.00144887
Messages reduce done.
Update time: 0.00145888

Iter: 1
After receive ...

Iter: 1...
Active vertex count: 14
***********Re-initing...**************
Buffer columns allocated: 0
Total write: 0
Total read: 0
***********Re-init done.**************
Rank: 1 status count done.
After receive ...

Iter: 1...
Active vertex count: 14
***********Re-initing...**************
0 working threads finish.
Mover threads finish.
0 Gen time: 0.000215054
Buffer columns allocated: 14
Total write: 0
Total read: 0
***********Re-init done.**************
0 total msg block: 0
Receive time: 7.10487e-05
1 working threads finish.
Mover threads finish.
1 Gen time: 0.00562191
1 total msg block: 0
Receive time: 2.31266e-05
Insert time: 0.000266075
0 remote msg receive done.
Reduce time: 0.000195026
Messages reduce done.
Update time: 0.000236034

Iter: 2
Rank: 0 status count done.
Insert time: 0.00146198
1 remote msg receive done.
Reduce time: 0.0014751
Messages reduce done.
Update time: 0.00146794

Iter: 2
After receive ...

Iter: 2...
Active vertex count: 280
***********Re-initing...**************
Buffer columns allocated: 0
Total write: 0
Total read: 0
***********Re-init done.**************
Rank: 1 status count done.
After receive ...

Iter: 2...
Active vertex count: 280
***********Re-initing...**************
0 working threads finish.
Mover threads finish.
0 Gen time: 0.000208855
Buffer columns allocated: 280
Total write: 0
Total read: 0
***********Re-init done.**************
0 total msg block: 0
Receive time: 7.10487e-05
1 working threads finish.
Mover threads finish.
1 Gen time: 0.00599098
1 total msg block: 0
Receive time: 2.19345e-05
Insert time: 0.00022316
0 remote msg receive done.
Reduce time: 0.00019598
Messages reduce done.
Update time: 0.000239134

Iter: 3
Rank: 0 status count done.
Insert time: 0.00148487
1 remote msg receive done.
Reduce time: 0.00145102
Messages reduce done.
Update time: 0.00146198

Iter: 3
After receive ...

Iter: 3...
Active vertex count: 7893
***********Re-initing...**************
Buffer columns allocated: 0
Total write: 0
Total read: 0
***********Re-init done.**************
Rank: 1 status count done.
After receive ...

Iter: 3...
Active vertex count: 7893
***********Re-initing...**************
0 working threads finish.
Mover threads finish.
0 Gen time: 0.000210047
Buffer columns allocated: 7893
Total write: 0
Total read: 0
***********Re-init done.**************
0 total msg block: 0
Receive time: 6.8903e-05
1 working threads finish.
Mover threads finish.
1 Gen time: 0.00579691
1 total msg block: 0
Receive time: 2.09808e-05
Insert time: 0.000213146
0 remote msg receive done.
Reduce time: 0.00019598
Messages reduce done.
Update time: 0.000240088

Iter: 4
Rank: 0 status count done.
Insert time: 0.00146294
1 remote msg receive done.
Reduce time: 0.00146413
Messages reduce done.
Update time: 0.00147295

Iter: 4
After receive ...

Iter: 4...
Active vertex count: 167994
***********Re-initing...**************
Buffer columns allocated: 0
Total write: 0
Total read: 0
***********Re-init done.**************
Rank: 1 status count done.
After receive ...

Iter: 4...
Active vertex count: 167994
***********Re-initing...**************
0 working threads finish.
Mover threads finish.
0 Gen time: 0.000213861
Buffer columns allocated: 167994
Total write: 0
Total read: 0
***********Re-init done.**************
0 total msg block: 0
Receive time: 6.8903e-05
1 working threads finish.
Mover threads finish.
1 Gen time: 0.0318542
1 total msg block: 0
Receive time: 2.19345e-05
Insert time: 0.000194073
0 remote msg receive done.
Reduce time: 0.000195026
Messages reduce done.
Update time: 0.000194073

Iter: 5
Rank: 0 status count done.
Insert time: 0.00146198
1 remote msg receive done.
Reduce time: 0.00148201
Messages reduce done.
Update time: 0.00400305

Iter: 5
After receive ...

Iter: 5...
Active vertex count: 750280
***********Re-initing...**************
Buffer columns allocated: 0
Total write: 0
Total read: 0
***********Re-init done.**************
Rank: 1 status count done.
After receive ...

Iter: 5...
Active vertex count: 750280
***********Re-initing...**************
0 working threads finish.
Mover threads finish.
0 Gen time: 0.000216007
Buffer columns allocated: 750280
Total write: 0
Total read: 0
***********Re-init done.**************
0 total msg block: 0
Receive time: 6.98566e-05
1 working threads finish.
Mover threads finish.
1 Gen time: 0.0600998
1 total msg block: 0
Receive time: 2.28882e-05
Insert time: 0.000196934
0 remote msg receive done.
Reduce time: 0.000201941
Messages reduce done.
Update time: 0.000201941

Iter: 6
Rank: 0 status count done.
Insert time: 0.00147605
1 remote msg receive done.
Reduce time: 0.00147605
Messages reduce done.
Update time: 0.00149798

Iter: 6
After receive ...

Iter: 6...
Active vertex count: 477735
***********Re-initing...**************
Buffer columns allocated: 0
Total write: 0
Total read: 0
***********Re-init done.**************
Rank: 1 status count done.
After receive ...

Iter: 6...
Active vertex count: 477735
***********Re-initing...**************
0 working threads finish.
Mover threads finish.
0 Gen time: 0.000205994
Buffer columns allocated: 477735
Total write: 0
Total read: 0
***********Re-init done.**************
0 total msg block: 0
Receive time: 7.08103e-05
1 working threads finish.
Mover threads finish.
1 Gen time: 0.00594997
1 total msg block: 0
Receive time: 2.28882e-05
Insert time: 0.000195026
0 remote msg receive done.
Reduce time: 0.000226021
Messages reduce done.
Update time: 0.000198126

Iter: 7
Rank: 0 status count done.
Insert time: 0.00153685
1 remote msg receive done.
Reduce time: 0.00148201
Messages reduce done.
Update time: 0.00146317

Iter: 7
After receive ...

Iter: 7...
Active vertex count: 89896
***********Re-initing...**************
Buffer columns allocated: 0
Total write: 0
Total read: 0
***********Re-init done.**************
Rank: 1 status count done.
After receive ...

Iter: 7...
Active vertex count: 89896
***********Re-initing...**************
0 working threads finish.
Mover threads finish.
0 Gen time: 0.000206947
Buffer columns allocated: 89896
Total write: 0
Total read: 0
***********Re-init done.**************
0 total msg block: 0
Receive time: 7.10487e-05
1 working threads finish.
Mover threads finish.
1 Gen time: 0.00587392
1 total msg block: 0
Receive time: 2.21729e-05
Insert time: 0.00019908
0 remote msg receive done.
Reduce time: 0.000200987
Messages reduce done.
Update time: 0.000236034

Iter: 8
Rank: 0 status count done.
Insert time: 0.00146818
1 remote msg receive done.
Reduce time: 0.00146198
Messages reduce done.
Update time: 0.00160885

Iter: 8
After receive ...

Iter: 8...
Active vertex count: 9240
***********Re-initing...**************
Buffer columns allocated: 0
Total write: 0
Total read: 0
***********Re-init done.**************
Rank: 1 status count done.
After receive ...

Iter: 8...
Active vertex count: 9240
***********Re-initing...**************
0 working threads finish.
Mover threads finish.
0 Gen time: 0.000213861
Buffer columns allocated: 9240
Total write: 0
Total read: 0
***********Re-init done.**************
0 total msg block: 0
Receive time: 7.10487e-05
1 working threads finish.
Mover threads finish.
1 Gen time: 0.00578618
1 total msg block: 0
Receive time: 2.21729e-05
Insert time: 0.000230074
0 remote msg receive done.
Reduce time: 0.000216007
Messages reduce done.
Update time: 0.000235081

Iter: 9
Rank: 0 status count done.
Insert time: 0.00146604
1 remote msg receive done.
Reduce time: 0.00146794
Messages reduce done.
Update time: 0.0014658

Iter: 9
After receive ...

Iter: 9...
Active vertex count: 862
***********Re-initing...**************
Buffer columns allocated: 0
Total write: 0
Total read: 0
***********Re-init done.**************
Rank: 1 status count done.
After receive ...

Iter: 9...
Active vertex count: 862
***********Re-initing...**************
0 working threads finish.
Mover threads finish.
0 Gen time: 0.000212908
Buffer columns allocated: 862
Total write: 0
Total read: 0
***********Re-init done.**************
0 total msg block: 0
Receive time: 7.20024e-05
1 working threads finish.
Mover threads finish.
1 Gen time: 0.00582004
1 total msg block: 0
Receive time: 2.09808e-05
Insert time: 0.000204086
0 remote msg receive done.
Reduce time: 0.000195026
Messages reduce done.
Update time: 0.000203133

Iter: 10
Rank: 0 status count done.
Insert time: 0.00146604
1 remote msg receive done.
Reduce time: 0.0014739
Messages reduce done.
Update time: 0.00146699

Iter: 10
After receive ...

Iter: 10...
Active vertex count: 91
***********Re-initing...**************
Buffer columns allocated: 0
Total write: 0
Total read: 0
***********Re-init done.**************
Rank: 1 status count done.
After receive ...

Iter: 10...
Active vertex count: 91
***********Re-initing...**************
0 working threads finish.
Mover threads finish.
0 Gen time: 0.000209093
Buffer columns allocated: 91
Total write: 0
Total read: 0
***********Re-init done.**************
0 total msg block: 0
Receive time: 7.10487e-05
1 working threads finish.
Mover threads finish.
1 Gen time: 0.0057261
1 total msg block: 0
Receive time: 2.31266e-05
Insert time: 0.000196218
0 remote msg receive done.
Reduce time: 0.00019598
Messages reduce done.
Update time: 0.000221014

Iter: 11
Rank: 0 status count done.
Insert time: 0.00148892
1 remote msg receive done.
Reduce time: 0.00146008
Messages reduce done.
Update time: 0.00147605

Iter: 11
After receive ...

Iter: 11...
Active vertex count: 8
***********Re-initing...**************
Buffer columns allocated: 0
Total write: 0
Total read: 0
***********Re-init done.**************
Rank: 1 status count done.
After receive ...

Iter: 11...
Active vertex count: 8
***********Re-initing...**************
0 working threads finish.
Mover threads finish.
0 Gen time: 0.000215054
Buffer columns allocated: 8
Total write: 0
Total read: 0
***********Re-init done.**************
0 total msg block: 0
Receive time: 6.8903e-05
1 working threads finish.
Mover threads finish.
1 Gen time: 0.00574684
1 total msg block: 0
Receive time: 2.28882e-05
Insert time: 0.000213146
0 remote msg receive done.
Reduce time: 0.000202894
Messages reduce done.
Update time: 0.000216961

Iter: 12
Rank: 0 status count done.
Insert time: 0.00150394
1 remote msg receive done.
Reduce time: 0.00151801
Messages reduce done.
Update time: 0.00149107

Iter: 12
After receive ...

Iter: 12...
Active vertex count: 1
***********Re-initing...**************
Buffer columns allocated: 0
Total write: 0
Total read: 0
***********Re-init done.**************
Rank: 1 status count done.
After receive ...

Iter: 12...
Active vertex count: 1
***********Re-initing...**************
0 working threads finish.
Mover threads finish.
0 Gen time: 0.000211
Buffer columns allocated: 1
Total write: 0
Total read: 0
***********Re-init done.**************
0 total msg block: 0
Receive time: 7.31945e-05
1 working threads finish.
Mover threads finish.
1 Gen time: 0.005826
1 total msg block: 0
Receive time: 2.28882e-05
Insert time: 0.000231981
0 remote msg receive done.
Reduce time: 0.000211954
Messages reduce done.
Update time: 0.000200987

Iter: 13
Rank: 0 status count done.
Insert time: 0.00145388
1 remote msg receive done.
Reduce time: 0.00149584
Messages reduce done.
Update time: 0.00145817

Iter: 13
After receive ...

Iter: 13...
Active vertex count: 0
No vertice is active, ending the computation :)

0 all time : 0.00824833
Total reduce time: 0.00265002
Total working time: 0.00184488
Total moving time: 0.00275612
Total update time: 0.0028336
Total comm time: 0.000950813
Total insert time: 0.00276399
Accumulative total active vertices: 1504295
Rank: 1 status count done.
After receive ...

Iter: 13...
Active vertex count: 0
No vertice is active, ending the computation :)

1 all time : 0.196668
Total reduce time: 0.0191569
Total working time: 0.153955
Total moving time: 0.15569
Total update time: 0.0217929
Total comm time: 0.000324011
Total insert time: 0.0191686
Accumulative total active vertices: 1504295
Finish.
Finish.
 
TACC: Shutdown complete. Exiting.
