Lmod has detected the following error: Swap failed: "mvapich2" is not
loaded.

Running on MIC and CPU
TACC: Starting up job 5077168
TACC: Starting parallel tasks...
# Command used to run job in: /home1/02687/binren/.slurm/job.5077168.runcmd.glmzXNq4 
My rank is: 0
My rank is: 1
0 vertex count: 0
0 line no: 1632803
0 edges: 0
Reordering...
Reorder time: 2.00272e-05
****** remote edges: ****** 0
Iter: 0
Rank: 0 status count done.
1 vertex count: 1632803
1 line no: 1632803
1 edges: 30622564
Reordering...
Rank: 1 width is: 1024
Rank: 1 vlen is: 64
===========> Max length: 13734
===========> Min length: 0
Reorder time: 1.72621
****** remote edges: ****** 0
Iter: 0
After receive ...

Iter: 0...
Active vertex count: 1
***********Re-initing...**************
Buffer columns allocated: 0
Total write: 0
Total read: 0
***********Re-init done.**************
Rank: 1 status count done.
After receive ...

Iter: 0...
Active vertex count: 1
***********Re-initing...**************
0 working threads finish.
Mover threads finish.
0 Gen time: 0.000196934
Buffer columns allocated: 0
Total write: 0
Total read: 0
***********Re-init done.**************
0 total msg block: 0
Receive time: 0.000103951
1 working threads finish.
Mover threads finish.
1 Gen time: 0.00637317
1 total msg block: 0
Receive time: 5.88894e-05
Insert time: 0.000195026
0 remote msg receive done.
Reduce time: 0.000187874
Messages reduce done.
Update time: 0.000194073

Iter: 1
Rank: 0 status count done.
Insert time: 0.00147295
1 remote msg receive done.
Reduce time: 0.0014329
Messages reduce done.
Update time: 0.001436

Iter: 1
After receive ...

Iter: 1...
Active vertex count: 14
***********Re-initing...**************
Buffer columns allocated: 0
Total write: 0
Total read: 0
***********Re-init done.**************
Rank: 1 status count done.
After receive ...

Iter: 1...
Active vertex count: 14
***********Re-initing...**************
0 working threads finish.
Mover threads finish.
0 Gen time: 0.000196934
Buffer columns allocated: 14
Total write: 0
Total read: 0
***********Re-init done.**************
0 total msg block: 0
Receive time: 7.41482e-05
1 working threads finish.
Mover threads finish.
1 Gen time: 0.00717592
1 total msg block: 0
Receive time: 2.31266e-05
Insert time: 0.000190973
0 remote msg receive done.
Reduce time: 0.000201941
Messages reduce done.
Update time: 0.000185013

Iter: 2
Rank: 0 status count done.
Insert time: 0.00185013
1 remote msg receive done.
Reduce time: 0.00144315
Messages reduce done.
Update time: 0.00147796

Iter: 2
After receive ...

Iter: 2...
Active vertex count: 280
***********Re-initing...**************
Buffer columns allocated: 0
Total write: 0
Total read: 0
***********Re-init done.**************
Rank: 1 status count done.
After receive ...

Iter: 2...
Active vertex count: 280
***********Re-initing...**************
0 working threads finish.
Mover threads finish.
0 Gen time: 0.000200033
Buffer columns allocated: 280
Total write: 0
Total read: 0
***********Re-init done.**************
0 total msg block: 0
Receive time: 7.00951e-05
1 working threads finish.
Mover threads finish.
1 Gen time: 0.00641108
1 total msg block: 0
Receive time: 2.19345e-05
Insert time: 0.000190973
0 remote msg receive done.
Reduce time: 0.000190973
Messages reduce done.
Update time: 0.000211

Iter: 3
Rank: 0 status count done.
Insert time: 0.00145102
1 remote msg receive done.
Reduce time: 0.00143504
Messages reduce done.
Update time: 0.00145602

Iter: 3
After receive ...

Iter: 3...
Active vertex count: 7893
***********Re-initing...**************
Buffer columns allocated: 0
Total write: 0
Total read: 0
***********Re-init done.**************
Rank: 1 status count done.
After receive ...

Iter: 3...
Active vertex count: 7893
***********Re-initing...**************
0 working threads finish.
Mover threads finish.
0 Gen time: 0.0002141
Buffer columns allocated: 7893
Total write: 0
Total read: 0
***********Re-init done.**************
0 total msg block: 0
Receive time: 7.00951e-05
1 working threads finish.
Mover threads finish.
1 Gen time: 0.00644517
1 total msg block: 0
Receive time: 2.00272e-05
Insert time: 0.00019002
0 remote msg receive done.
Reduce time: 0.00019002
Messages reduce done.
Update time: 0.000200987

Iter: 4
Rank: 0 status count done.
Insert time: 0.001472
1 remote msg receive done.
Reduce time: 0.00143695
Messages reduce done.
Update time: 0.00146294

Iter: 4
After receive ...

Iter: 4...
Active vertex count: 167994
***********Re-initing...**************
Buffer columns allocated: 0
Total write: 0
Total read: 0
***********Re-init done.**************
Rank: 1 status count done.
After receive ...

Iter: 4...
Active vertex count: 167994
***********Re-initing...**************
0 working threads finish.
Mover threads finish.
0 Gen time: 0.000209093
Buffer columns allocated: 167994
Total write: 0
Total read: 0
***********Re-init done.**************
0 total msg block: 0
Receive time: 6.29425e-05
1 working threads finish.
Mover threads finish.
1 Gen time: 0.018167
1 total msg block: 0
Receive time: 1.81198e-05
Insert time: 0.00019598
0 remote msg receive done.
Reduce time: 0.000190973
Messages reduce done.
Update time: 0.000223875

Iter: 5
Rank: 0 status count done.
Insert time: 0.0014689
1 remote msg receive done.
Reduce time: 0.00144792
Messages reduce done.
Update time: 0.00415492

Iter: 5
After receive ...

Iter: 5...
Active vertex count: 750280
***********Re-initing...**************
Buffer columns allocated: 0
Total write: 0
Total read: 0
***********Re-init done.**************
Rank: 1 status count done.
After receive ...

Iter: 5...
Active vertex count: 750280
***********Re-initing...**************
0 working threads finish.
Mover threads finish.
0 Gen time: 0.000236988
Buffer columns allocated: 750280
Total write: 0
Total read: 0
***********Re-init done.**************
0 total msg block: 0
Receive time: 6.91414e-05
1 working threads finish.
Mover threads finish.
1 Gen time: 0.046186
1 total msg block: 0
Receive time: 2.00272e-05
Insert time: 0.000211954
0 remote msg receive done.
Reduce time: 0.000183821
Messages reduce done.
Update time: 0.000185966

Iter: 6
Rank: 0 status count done.
Insert time: 0.00153399
1 remote msg receive done.
Reduce time: 0.00144982
Messages reduce done.
Update time: 0.00155187

Iter: 6
After receive ...

Iter: 6...
Active vertex count: 477735
***********Re-initing...**************
Buffer columns allocated: 0
Total write: 0
Total read: 0
***********Re-init done.**************
Rank: 1 status count done.
After receive ...

Iter: 6...
Active vertex count: 477735
***********Re-initing...**************
0 working threads finish.
Mover threads finish.
0 Gen time: 0.000201225
Buffer columns allocated: 477735
Total write: 0
Total read: 0
***********Re-init done.**************
0 total msg block: 0
Receive time: 7.08103e-05
1 working threads finish.
Mover threads finish.
1 Gen time: 0.00665402
1 total msg block: 0
Receive time: 2.09808e-05
Insert time: 0.000205994
0 remote msg receive done.
Reduce time: 0.00019598
Messages reduce done.
Update time: 0.000184059

Iter: 7
Rank: 0 status count done.
Insert time: 0.0015409
1 remote msg receive done.
Reduce time: 0.00144601
Messages reduce done.
Update time: 0.00150609

Iter: 7
After receive ...

Iter: 7...
Active vertex count: 89896
***********Re-initing...**************
Buffer columns allocated: 0
Total write: 0
Total read: 0
***********Re-init done.**************
Rank: 1 status count done.
After receive ...

Iter: 7...
Active vertex count: 89896
***********Re-initing...**************
0 working threads finish.
Mover threads finish.
0 Gen time: 0.00019908
Buffer columns allocated: 89896
Total write: 0
Total read: 0
***********Re-init done.**************
0 total msg block: 0
Receive time: 7.20024e-05
1 working threads finish.
Mover threads finish.
1 Gen time: 0.00647211
1 total msg block: 0
Receive time: 2.09808e-05
Insert time: 0.000185013
0 remote msg receive done.
Reduce time: 0.000182867
Messages reduce done.
Update time: 0.00018692

Iter: 8
Rank: 0 status count done.
Insert time: 0.00144315
1 remote msg receive done.
Reduce time: 0.00144196
Messages reduce done.
Update time: 0.00176692

Iter: 8
After receive ...

Iter: 8...
Active vertex count: 9240
***********Re-initing...**************
Buffer columns allocated: 0
Total write: 0
Total read: 0
***********Re-init done.**************
Rank: 1 status count done.
After receive ...

Iter: 8...
Active vertex count: 9240
***********Re-initing...**************
0 working threads finish.
Mover threads finish.
0 Gen time: 0.000174999
Buffer columns allocated: 9240
Total write: 0
Total read: 0
***********Re-init done.**************
0 total msg block: 0
Receive time: 6.48499e-05
1 working threads finish.
Mover threads finish.
1 Gen time: 0.00832796
1 total msg block: 0
Receive time: 2.00272e-05
Insert time: 0.000180006
0 remote msg receive done.
Reduce time: 0.000204802
Messages reduce done.
Update time: 0.000185966

Iter: 9
Rank: 0 status count done.
Insert time: 0.00183892
1 remote msg receive done.
Reduce time: 0.00181389
Messages reduce done.
Update time: 0.00166178

Iter: 9
After receive ...

Iter: 9...
Active vertex count: 862
***********Re-initing...**************
Buffer columns allocated: 0
Total write: 0
Total read: 0
***********Re-init done.**************
Rank: 1 status count done.
After receive ...

Iter: 9...
Active vertex count: 862
***********Re-initing...**************
0 working threads finish.
Mover threads finish.
0 Gen time: 0.000208139
Buffer columns allocated: 862
Total write: 0
Total read: 0
***********Re-init done.**************
0 total msg block: 0
Receive time: 7.20024e-05
1 working threads finish.
Mover threads finish.
1 Gen time: 0.00658798
1 total msg block: 0
Receive time: 2.12193e-05
Insert time: 0.000211
0 remote msg receive done.
Reduce time: 0.000192881
Messages reduce done.
Update time: 0.000190973

Iter: 10
Rank: 0 status count done.
Insert time: 0.00145292
1 remote msg receive done.
Reduce time: 0.00187302
Messages reduce done.
Update time: 0.00188899

Iter: 10
After receive ...

Iter: 10...
Active vertex count: 91
***********Re-initing...**************
Buffer columns allocated: 0
Total write: 0
Total read: 0
***********Re-init done.**************
Rank: 1 status count done.
After receive ...

Iter: 10...
Active vertex count: 91
***********Re-initing...**************
0 working threads finish.
Mover threads finish.
0 Gen time: 0.000198126
Buffer columns allocated: 91
Total write: 0
Total read: 0
***********Re-init done.**************
0 total msg block: 0
Receive time: 6.98566e-05
1 working threads finish.
Mover threads finish.
1 Gen time: 0.00644207
1 total msg block: 0
Receive time: 2.21729e-05
Insert time: 0.000185013
0 remote msg receive done.
Reduce time: 0.000193119
Messages reduce done.
Update time: 0.000187874

Iter: 11
Rank: 0 status count done.
Insert time: 0.001441
1 remote msg receive done.
Reduce time: 0.00149107
Messages reduce done.
Update time: 0.00145102

Iter: 11
After receive ...

Iter: 11...
Active vertex count: 8
***********Re-initing...**************
Buffer columns allocated: 0
Total write: 0
Total read: 0
***********Re-init done.**************
Rank: 1 status count done.
After receive ...

Iter: 11...
Active vertex count: 8
***********Re-initing...**************
0 working threads finish.
Mover threads finish.
0 Gen time: 0.000197887
Buffer columns allocated: 8
Total write: 0
Total read: 0
***********Re-init done.**************
0 total msg block: 0
Receive time: 7.29561e-05
1 working threads finish.
Mover threads finish.
1 Gen time: 0.0065012
1 total msg block: 0
Receive time: 2.00272e-05
Insert time: 0.000183821
0 remote msg receive done.
Reduce time: 0.000186205
Messages reduce done.
Update time: 0.000225067

Iter: 12
Rank: 0 status count done.
Insert time: 0.00148606
1 remote msg receive done.
Reduce time: 0.00143003
Messages reduce done.
Update time: 0.00146389

Iter: 12
After receive ...

Iter: 12...
Active vertex count: 1
***********Re-initing...**************
Buffer columns allocated: 0
Total write: 0
Total read: 0
***********Re-init done.**************
Rank: 1 status count done.
After receive ...

Iter: 12...
Active vertex count: 1
***********Re-initing...**************
0 working threads finish.
Mover threads finish.
0 Gen time: 0.000193834
Buffer columns allocated: 1
Total write: 0
Total read: 0
***********Re-init done.**************
0 total msg block: 0
Receive time: 7.10487e-05
1 working threads finish.
Mover threads finish.
1 Gen time: 0.00652409
1 total msg block: 0
Receive time: 2.09808e-05
Insert time: 0.000212193
0 remote msg receive done.
Reduce time: 0.000216007
Messages reduce done.
Update time: 0.00019002

Iter: 13
Rank: 0 status count done.
Insert time: 0.00149298
1 remote msg receive done.
Reduce time: 0.00142598
Messages reduce done.
Update time: 0.00146222

Iter: 13
After receive ...

Iter: 13...
Active vertex count: 0
No vertice is active, ending the computation :)

0 all time : 0.00769663
Total reduce time: 0.00251746
Total working time: 0.00178719
Total moving time: 0.00262237
Total update time: 0.00255179
Total comm time: 0.000943899
Total insert time: 0.00253797
Accumulative total active vertices: 1504295
Rank: 1 status count done.
After receive ...

Iter: 13...
Active vertex count: 0
No vertice is active, ending the computation :)

1 all time : 0.180576
Total reduce time: 0.0195677
Total working time: 0.136513
Total moving time: 0.138238
Total update time: 0.0227406
Total comm time: 0.000308514
Total insert time: 0.0199449
Accumulative total active vertices: 1504295
Finish.
Finish.
 
TACC: Shutdown complete. Exiting.
