Lmod has detected the following error: Swap failed: "mvapich2" is not
loaded.

Running on MIC and CPU
TACC: Starting up job 5077028
TACC: Starting parallel tasks...
# Command used to run job in: /home1/02687/binren/.slurm/job.5077028.runcmd.QIv17MsI 
My rank is: 0
My rank is: 1
0 vertex count: 0
0 line no: 1632803
0 edges: 0
Reordering...
Reorder time: 1.88351e-05
****** remote edges: ****** 0
Iter: 0
Rank: 0 status count done.
1 vertex count: 1632803
1 line no: 1632803
1 edges: 30622564
Reordering...
Rank: 1 width is: 1024
Rank: 1 vlen is: 64
===========> Max length: 13734
===========> Min length: 0
Reorder time: 1.71922
****** remote edges: ****** 0
Iter: 0
After receive ...

Iter: 0...
Active vertex count: 1
***********Re-initing...**************
Buffer columns allocated: 0
Total write: 0
Total read: 0
***********Re-init done.**************
Rank: 1 status count done.
After receive ...

Iter: 0...
Active vertex count: 1
***********Re-initing...**************
0 working threads finish.
Mover threads finish.
0 Gen time: 0.000243902
Buffer columns allocated: 0
Total write: 0
Total read: 0
***********Re-init done.**************
0 total msg block: 0
Receive time: 0.000104904
1 working threads finish.
Mover threads finish.
1 Gen time: 0.011039
1 total msg block: 0
Receive time: 5.72205e-05
Insert time: 0.000206947
0 remote msg receive done.
Reduce time: 0.000225067
Messages reduce done.
Update time: 0.000241995

Iter: 1
Rank: 0 status count done.
Insert time: 0.00145602
1 remote msg receive done.
Reduce time: 0.00144315
Messages reduce done.
Update time: 0.00146103

Iter: 1
After receive ...

Iter: 1...
Active vertex count: 14
***********Re-initing...**************
Buffer columns allocated: 0
Total write: 0
Total read: 0
***********Re-init done.**************
Rank: 1 status count done.
After receive ...

Iter: 1...
Active vertex count: 14
***********Re-initing...**************
0 working threads finish.
Mover threads finish.
0 Gen time: 0.000223875
Buffer columns allocated: 14
Total write: 0
Total read: 0
***********Re-init done.**************
0 total msg block: 0
Receive time: 7.20024e-05
1 working threads finish.
Mover threads finish.
1 Gen time: 0.011282
1 total msg block: 0
Receive time: 2.21729e-05
Insert time: 0.000209093
0 remote msg receive done.
Reduce time: 0.000205994
Messages reduce done.
Update time: 0.000226974

Iter: 2
Rank: 0 status count done.
Insert time: 0.00144887
1 remote msg receive done.
Reduce time: 0.00142598
Messages reduce done.
Update time: 0.00145698

Iter: 2
After receive ...

Iter: 2...
Active vertex count: 280
***********Re-initing...**************
Buffer columns allocated: 0
Total write: 0
Total read: 0
***********Re-init done.**************
Rank: 1 status count done.
After receive ...

Iter: 2...
Active vertex count: 280
***********Re-initing...**************
0 working threads finish.
Mover threads finish.
0 Gen time: 0.000210047
Buffer columns allocated: 280
Total write: 0
Total read: 0
***********Re-init done.**************
0 total msg block: 0
Receive time: 7.31945e-05
1 working threads finish.
Mover threads finish.
1 Gen time: 0.0113108
1 total msg block: 0
Receive time: 2.09808e-05
Insert time: 0.000200987
0 remote msg receive done.
Reduce time: 0.000203133
Messages reduce done.
Update time: 0.000202179

Iter: 3
Rank: 0 status count done.
Insert time: 0.00148916
1 remote msg receive done.
Reduce time: 0.00144315
Messages reduce done.
Update time: 0.00147605

Iter: 3
After receive ...

Iter: 3...
Active vertex count: 7893
***********Re-initing...**************
Buffer columns allocated: 0
Total write: 0
Total read: 0
***********Re-init done.**************
Rank: 1 status count done.
After receive ...

Iter: 3...
Active vertex count: 7893
***********Re-initing...**************
0 working threads finish.
Mover threads finish.
0 Gen time: 0.000211
Buffer columns allocated: 7893
Total write: 0
Total read: 0
***********Re-init done.**************
0 total msg block: 0
Receive time: 7.10487e-05
1 working threads finish.
Mover threads finish.
1 Gen time: 0.0114231
1 total msg block: 0
Receive time: 2.31266e-05
Insert time: 0.000206947
0 remote msg receive done.
Reduce time: 0.000216961
Messages reduce done.
Update time: 0.000227928

Iter: 4
Rank: 0 status count done.
Insert time: 0.00147605
1 remote msg receive done.
Reduce time: 0.00145197
Messages reduce done.
Update time: 0.00152493

Iter: 4
After receive ...

Iter: 4...
Active vertex count: 167994
***********Re-initing...**************
Buffer columns allocated: 0
Total write: 0
Total read: 0
***********Re-init done.**************
Rank: 1 status count done.
After receive ...

Iter: 4...
Active vertex count: 167994
***********Re-initing...**************
0 working threads finish.
Mover threads finish.
0 Gen time: 0.000209093
Buffer columns allocated: 167994
Total write: 0
Total read: 0
***********Re-init done.**************
0 total msg block: 0
Receive time: 6.69956e-05
1 working threads finish.
Mover threads finish.
1 Gen time: 0.0114849
1 total msg block: 0
Receive time: 2.00272e-05
Insert time: 0.00020504
0 remote msg receive done.
Reduce time: 0.000290871
Messages reduce done.
Update time: 0.00019598

Iter: 5
Rank: 0 status count done.
Insert time: 0.00144982
1 remote msg receive done.
Reduce time: 0.00145006
Messages reduce done.
Update time: 0.00406384

Iter: 5
After receive ...

Iter: 5...
Active vertex count: 750280
***********Re-initing...**************
Buffer columns allocated: 0
Total write: 0
Total read: 0
***********Re-init done.**************
Rank: 1 status count done.
After receive ...

Iter: 5...
Active vertex count: 750280
***********Re-initing...**************
0 working threads finish.
Mover threads finish.
0 Gen time: 0.0002141
Buffer columns allocated: 750280
Total write: 0
Total read: 0
***********Re-init done.**************
0 total msg block: 0
Receive time: 6.98566e-05
1 working threads finish.
Mover threads finish.
1 Gen time: 0.011637
1 total msg block: 0
Receive time: 2.38419e-05
Insert time: 0.000204086
0 remote msg receive done.
Reduce time: 0.000206947
Messages reduce done.
Update time: 0.000236034

Iter: 6
Rank: 0 status count done.
Insert time: 0.00144291
1 remote msg receive done.
Reduce time: 0.00150299
Messages reduce done.
Update time: 0.00154805

Iter: 6
After receive ...

Iter: 6...
Active vertex count: 477735
***********Re-initing...**************
Buffer columns allocated: 0
Total write: 0
Total read: 0
***********Re-init done.**************
Rank: 1 status count done.
After receive ...

Iter: 6...
Active vertex count: 477735
***********Re-initing...**************
0 working threads finish.
Mover threads finish.
0 Gen time: 0.000209093
Buffer columns allocated: 477735
Total write: 0
Total read: 0
***********Re-init done.**************
0 total msg block: 0
Receive time: 6.81877e-05
1 working threads finish.
Mover threads finish.
1 Gen time: 0.0115139
1 total msg block: 0
Receive time: 2.09808e-05
Insert time: 0.000206947
0 remote msg receive done.
Reduce time: 0.000219822
Messages reduce done.
Update time: 0.000203848

Iter: 7
Rank: 0 status count done.
Insert time: 0.00144792
1 remote msg receive done.
Reduce time: 0.00144887
Messages reduce done.
Update time: 0.00145698

Iter: 7
After receive ...

Iter: 7...
Active vertex count: 89896
***********Re-initing...**************
Buffer columns allocated: 0
Total write: 0
Total read: 0
***********Re-init done.**************
Rank: 1 status count done.
After receive ...

Iter: 7...
Active vertex count: 89896
***********Re-initing...**************
0 working threads finish.
Mover threads finish.
0 Gen time: 0.000222921
Buffer columns allocated: 89896
Total write: 0
Total read: 0
***********Re-init done.**************
0 total msg block: 0
Receive time: 6.81877e-05
1 working threads finish.
Mover threads finish.
1 Gen time: 0.0114191
1 total msg block: 0
Receive time: 2.21729e-05
Insert time: 0.000202894
0 remote msg receive done.
Reduce time: 0.000200033
Messages reduce done.
Update time: 0.000213861

Iter: 8
Rank: 0 status count done.
Insert time: 0.00147796
1 remote msg receive done.
Reduce time: 0.00148702
Messages reduce done.
Update time: 0.00145888

Iter: 8
After receive ...

Iter: 8...
Active vertex count: 9240
***********Re-initing...**************
Buffer columns allocated: 0
Total write: 0
Total read: 0
***********Re-init done.**************
Rank: 1 status count done.
After receive ...

Iter: 8...
Active vertex count: 9240
***********Re-initing...**************
0 working threads finish.
Mover threads finish.
0 Gen time: 0.000211954
Buffer columns allocated: 9240
Total write: 0
Total read: 0
***********Re-init done.**************
0 total msg block: 0
Receive time: 9.20296e-05
1 working threads finish.
Mover threads finish.
1 Gen time: 0.0113661
1 total msg block: 0
Receive time: 2.71797e-05
Insert time: 0.000216007
0 remote msg receive done.
Reduce time: 0.000213146
Messages reduce done.
Update time: 0.000211954

Iter: 9
Rank: 0 status count done.
Insert time: 0.00145602
1 remote msg receive done.
Reduce time: 0.00144696
Messages reduce done.
Update time: 0.00146294

Iter: 9
After receive ...

Iter: 9...
Active vertex count: 862
***********Re-initing...**************
Buffer columns allocated: 0
Total write: 0
Total read: 0
***********Re-init done.**************
Rank: 1 status count done.
After receive ...

Iter: 9...
Active vertex count: 862
***********Re-initing...**************
0 working threads finish.
Mover threads finish.
0 Gen time: 0.00022006
Buffer columns allocated: 862
Total write: 0
Total read: 0
***********Re-init done.**************
0 total msg block: 0
Receive time: 7.20024e-05
1 working threads finish.
Mover threads finish.
1 Gen time: 0.0113208
1 total msg block: 0
Receive time: 2.28882e-05
Insert time: 0.000228167
0 remote msg receive done.
Reduce time: 0.000202179
Messages reduce done.
Update time: 0.000206947

Iter: 10
Rank: 0 status count done.
Insert time: 0.00150204
1 remote msg receive done.
Reduce time: 0.00145316
Messages reduce done.
Update time: 0.00146198

Iter: 10
After receive ...

Iter: 10...
Active vertex count: 91
***********Re-initing...**************
Buffer columns allocated: 0
Total write: 0
Total read: 0
***********Re-init done.**************
Rank: 1 status count done.
After receive ...

Iter: 10...
Active vertex count: 91
***********Re-initing...**************
0 working threads finish.
Mover threads finish.
0 Gen time: 0.000221014
Buffer columns allocated: 91
Total write: 0
Total read: 0
***********Re-init done.**************
0 total msg block: 0
Receive time: 7.08103e-05
1 working threads finish.
Mover threads finish.
1 Gen time: 0.011421
1 total msg block: 0
Receive time: 2.19345e-05
Insert time: 0.000200987
0 remote msg receive done.
Reduce time: 0.00020504
Messages reduce done.
Update time: 0.000201941

Iter: 11
Rank: 0 status count done.
Insert time: 0.00145006
1 remote msg receive done.
Reduce time: 0.00145411
Messages reduce done.
Update time: 0.00147414

Iter: 11
After receive ...

Iter: 11...
Active vertex count: 8
***********Re-initing...**************
Buffer columns allocated: 0
Total write: 0
Total read: 0
***********Re-init done.**************
Rank: 1 status count done.
After receive ...

Iter: 11...
Active vertex count: 8
***********Re-initing...**************
0 working threads finish.
Mover threads finish.
0 Gen time: 0.000208139
Buffer columns allocated: 8
Total write: 0
Total read: 0
***********Re-init done.**************
0 total msg block: 0
Receive time: 6.8903e-05
1 working threads finish.
Mover threads finish.
1 Gen time: 0.011374
1 total msg block: 0
Receive time: 2.09808e-05
Insert time: 0.00019908
0 remote msg receive done.
Reduce time: 0.000197887
Messages reduce done.
Update time: 0.000203848

Iter: 12
Rank: 0 status count done.
Insert time: 0.00145102
1 remote msg receive done.
Reduce time: 0.00153899
Messages reduce done.
Update time: 0.00145721

Iter: 12
After receive ...

Iter: 12...
Active vertex count: 1
***********Re-initing...**************
Buffer columns allocated: 0
Total write: 0
Total read: 0
***********Re-init done.**************
Rank: 1 status count done.
After receive ...

Iter: 12...
Active vertex count: 1
***********Re-initing...**************
0 working threads finish.
Mover threads finish.
0 Gen time: 0.000221968
Buffer columns allocated: 1
Total write: 0
Total read: 0
***********Re-init done.**************
0 total msg block: 0
Receive time: 7.00951e-05
1 working threads finish.
Mover threads finish.
1 Gen time: 0.0113208
1 total msg block: 0
Receive time: 2.31266e-05
Insert time: 0.000200987
0 remote msg receive done.
Reduce time: 0.000238895
Messages reduce done.
Update time: 0.000215054

Iter: 13
Rank: 0 status count done.
Insert time: 0.00146103
1 remote msg receive done.
Reduce time: 0.001436
Messages reduce done.
Update time: 0.00146317

Iter: 13
After receive ...

Iter: 13...
Active vertex count: 0
No vertice is active, ending the computation :)

0 all time : 0.00844169
Total reduce time: 0.00282598
Total working time: 0.00189543
Total moving time: 0.0028193
Total update time: 0.00278854
Total comm time: 0.000968218
Total insert time: 0.00268817
Accumulative total active vertices: 1504295
Rank: 1 status count done.
After receive ...

Iter: 13...
Active vertex count: 0
No vertice is active, ending the computation :)

1 all time : 0.188661
Total reduce time: 0.0189824
Total working time: 0.146146
Total moving time: 0.147886
Total update time: 0.0217662
Total comm time: 0.000326633
Total insert time: 0.0190089
Accumulative total active vertices: 1504295
Finish.
Finish.
 
TACC: Shutdown complete. Exiting.
