Lmod has detected the following error: Swap failed: "mvapich2" is not
loaded.

Running on MIC and CPU
TACC: Starting up job 5073914
TACC: Starting parallel tasks...
# Command used to run job in: /home1/02687/binren/.slurm/job.5073914.runcmd.LlDDdEKQ 
My rank is: 0
My rank is: 1
0 vertex count: 0
0 line no: 38394
0 edges: 0
Reordering...
Reorder time: 2.00272e-05
****** remote edges: ****** 0
Iter: 0
Rank: 0 status count done.
1 vertex count: 38394
1 line no: 38394
1 edges: 191457899
Reordering...
Rank: 1 width is: 32
Rank: 1 vlen is: 64
===========> Max length: 24997
===========> Min length: 0
Reorder time: 0.0411789
****** remote edges: ****** 0
Iter: 0
After receive ...

Iter: 0...
Active vertex count: 20205
***********Re-initing...**************
Buffer columns allocated: 0
Total write: 0
Total read: 0
***********Re-init done.**************
Rank: 1 status count done.
After receive ...

Iter: 0...
Active vertex count: 20205
***********Re-initing...**************
0 working threads finish.
Mover threads finish.
0 Gen time: 8.89301e-05
Buffer columns allocated: 0
Total write: 0
Total read: 0
***********Re-init done.**************
0 total msg block: 0
Receive time: 0.000101089
1 working threads finish.
Mover threads finish.
1 Gen time: Insert time: 4.1008e-05
0 remote msg receive done.
1.17578
1 total msg block: 0
Receive time: 6.00815e-05
Reduce time: 1.09673e-05
Messages reduce done.
Update time: 1.09673e-05

Iter: 1
Rank: 0 status count done.
Insert time: 0.00145888
1 remote msg receive done.
Reduce time: 0.00147414
Messages reduce done.
Update time: 0.00145698

Iter: 1
After receive ...

Iter: 1...
Active vertex count: 3004
***********Re-initing...**************
Buffer columns allocated: 0
Total write: 0
Total read: 0
***********Re-init done.**************
Rank: 1 status count done.
0 working threads finish.
Mover threads finish.
0 Gen time: 8.29697e-05
After receive ...

Iter: 1...
Active vertex count: 3004
***********Re-initing...**************
Buffer columns allocated: 18189
Total write: 0
Total read: 0
***********Re-init done.**************
0 total msg block: 0
Receive time: 7.10487e-05
Insert time: 1.00136e-05
0 remote msg receive done.
1 working threads finish.
Mover threads finish.
1 Gen time: 0.188643
1 total msg block: 0
Receive time: Reduce time: 1.09673e-05
Messages reduce done.
2.28882e-05
Update time: 1.00136e-05

Iter: 2
Rank: 0 status count done.
Insert time: 0.00147486
1 remote msg receive done.
Reduce time: 0.00147796
Messages reduce done.
Update time: 0.0015142

Iter: 2
After receive ...

Iter: 2...
Active vertex count: 7
***********Re-initing...**************
Buffer columns allocated: 0
Total write: 0
Total read: 0
***********Re-init done.**************
Rank: 1 status count done.
After receive ...

Iter: 2...
Active vertex count: 7
***********Re-initing...**************
0 working threads finish.
Mover threads finish.
0 Gen time: 8.01086e-05
Buffer columns allocated: 11184
Total write: 0
Total read: 0
***********Re-init done.**************
0 total msg block: 0
Receive time: 7.08103e-05
Insert time: 7.86781e-06
0 remote msg receive done.
1 working threads finish.
Mover threads finish.
1 Gen time: 0.00578809
1 total msg block: 0
Receive time: 2.19345e-05Reduce time: 1.00136e-05

Messages reduce done.
Update time: 9.77516e-06

Iter: 3
Rank: 0 status count done.
Insert time: 0.00177503
1 remote msg receive done.
Reduce time: 0.00146794
Messages reduce done.
Update time: 0.00147986

Iter: 3
After receive ...

Iter: 3...
Active vertex count: 0
No vertice is active, ending the computation :)

0 all time : 0.000314713
Total reduce time: 3.19481e-05
Total working time: 9.77516e-06
Total moving time: 0.000226021
Total update time: 3.0756e-05
Total comm time: 0.000242949
Total insert time: 5.88894e-05
Accumulative total active vertices: 23216
Finish.
Rank: 1 status count done.
After receive ...

Iter: 3...
Active vertex count: 0
No vertice is active, ending the computation :)

1 all time : 1.37908
Total reduce time: 0.00442004
Total working time: 1.36982
Total moving time: 0
Total update time: 0.00445104
Total comm time: 0.000104904
Total insert time: 0.00470877
Accumulative total active vertices: 23216
Finish.
 
TACC: Shutdown complete. Exiting.
