Running on MIC and CPU
TACC: Starting up job 4164207
TACC: Starting parallel tasks...
  mpiexec.hydra -iface br0 -configfile /home1/02687/binren/.slurm/config_file.4164207.lPYBAba3 -machinefile /home1/02687/binren/.slurm/job.4164207.hostlist.T8iM6Wnu  
My rank is: 0
My rank is: 1
0 vertex count: 0
0 line no: 38394
0 edges: 0
Reordering...
Reorder time: 1.90735e-05
****** remote edges: ****** 0
Iter: 0
Rank: 0 status count done.
1 vertex count: 38394
1 line no: 38394
1 edges: 191457899
Reordering...
Rank: 1 width is: 256
Rank: 1 vlen is: 64
===========> Max length: 24997
===========> Min length: 0
Reorder time: 0.040107
****** remote edges: ****** 0
Iter: 0
After receive ...

Iter: 0...
Active vertex count: 20205
***********Re-initing...**************
Buffer columns allocated: 0
Total write: 0
Total read: 0
***********Re-init done.**************
Rank: 1 status count done.
After receive ...

Iter: 0...
Active vertex count: 20205
***********Re-initing...**************
Buffer columns allocated: 0
0 working threads finish.
Mover threads finish.
0 Gen time: 9.20296e-05
Total write: 0
Total read: 0
***********Re-init done.**************
1 working threads finish.
0 total msg block: 0
Receive time: 4.41074e-05
Mover threads finish.
1 Gen time: Insert time: 1.21593e-05
0 remote msg receive done.
0.444618
1 total msg block: 0
Receive time: 5.10216e-05
Reduce time: 1.09673e-05
Messages reduce done.
Update time: 1.09673e-05

Iter: 1
Rank: 0 status count done.
Insert time: 0.00163102
1 remote msg receive done.
Reduce time: 0.098978
Messages reduce done.
Update time: 0.00152397

Iter: 1
After receive ...

Iter: 1...
Active vertex count: 2942
***********Re-initing...**************
Buffer columns allocated: 0
Total write: 0
Rank: 1Total read: 0
***********Re-init done.**************
 status count done.
After receive ...

Iter: 1...
Active vertex count: 2942
***********Re-initing...**************
0 working threads finish.
Mover threads finish.
0 Gen time: 7.82013e-05
Buffer columns allocated: 18189
Total write: 0
Total read: 0
***********Re-init done.**************
1 working threads finish.
0 total msg block: 0
Receive time: 6.81877e-05
Mover threads finish.
1 Gen time: Insert time: 0.081274
1 total msg block: 0
Receive time: 2.19345e-05
1.21593e-05
0 remote msg receive done.
Reduce time: 1.09673e-05
Messages reduce done.
Update time: 1.09673e-05

Iter: 2
Rank: 0 status count done.
Insert time: 0.00151396
1 remote msg receive done.
Reduce time: 0.00153208
Messages reduce done.
Update time: 0.00149298

Iter: 2
After receive ...

Iter: 2...
Active vertex count: 51
***********Re-initing...**************
Buffer columns allocated: 0
Total write: 0
Total read: 0
***********Re-init done.**************
Rank: 1 status count done.
0 working threads finish.
Mover threads finish.
0 Gen time: 7.89165e-05
After receive ...

Iter: 2...
Active vertex count: 51
***********Re-initing...**************
Buffer columns allocated: 11184
Total write: 0
Total read: 0
***********Re-init done.**************
1 working threads finish.
0 total msg block: 0
Receive time: 6.79493e-05
Mover threads finish.
1 Gen time: Insert time: 1.09673e-05
0 remote msg receive done.
Reduce time: 1.09673e-05
Messages reduce done.
0.0302968
1 total msg block: 0
Receive time: 2.28882e-05
Update time: 1.09673e-05

Iter: 3
Rank: 0 status count done.
Insert time: 0.00156188
1 remote msg receive done.
Reduce time: 0.00147891
Messages reduce done.
Update time: 0.00148392

Iter: 3
After receive ...

Iter: 3...
Active vertex count: 0
No vertice is active, ending the computation :)

0 all time : 0.000314951
Total reduce time: 3.29018e-05
Total working time: 1.09673e-05
Total moving time: 0.000219345
Total update time: 3.29018e-05
Total comm time: 0.000180244
Total insert time: 3.52859e-05
Accumulative total active vertices: 23198
Finish.
Rank: 1 status count done.
After receive ...

Iter: 3...
Active vertex count: 0
No vertice is active, ending the computation :)

1 all time : 0.662679
Total reduce time: 0.101989
Total working time: 0.271586
Total moving time: 0.284228
Total update time: 0.00450087
Total comm time: 9.58443e-05
Total insert time: 0.00470686
Accumulative total active vertices: 23198
Finish.
 
TACC: Shutdown complete. Exiting.
