Running on MIC and CPU
TACC: Starting up job 4144053
TACC: Starting parallel tasks...
  mpiexec.hydra -iface br0 -configfile /home1/02687/binren/.slurm/config_file.4144053.sVhOtnRS -machinefile /home1/02687/binren/.slurm/job.4144053.hostlist.GeOoZ2qp  
My rank is: 0
My rank is: 1
0 vertex count: 0
0 line no: 38394
0 edges: 0
Reordering...
Reorder time: 1.88351e-05
****** remote edges: ****** 0
Iter: 0
Rank: 0 status count done.
1 vertex count: 38394
1 line no: 38394
1 edges: 191457899
Reordering...
Rank: 1 width is: 256
Rank: 1 vlen is: 64
===========> Max length: 24997
===========> Min length: 0
Reorder time: 0.04021
****** remote edges: ****** 0
Iter: 0
After receive ...

Iter: 0...
Active vertex count: 20205
***********Re-initing...**************
Buffer columns allocated: 0
Total write: 0
Rank: 1 status count done.
Total read: 0
***********Re-init done.**************
After receive ...

Iter: 0...
Active vertex count: 20205
***********Re-initing...**************
Buffer columns allocated: 0
0 working threads finish.
Mover threads finish.
0 Gen time: 0.000175953
Total write: 0
Total read: 0
***********Re-init done.**************
1 working threads finish.
0 total msg block: 0
Receive time: 8.29697e-05
Mover threads finish.
1 Gen time: 0.499606
1 total msg block: 0
Receive time: 5.19753e-05
Insert time: 0.000228882
0 remote msg receive done.
Reduce time: 0.000277042
Messages reduce done.
Update time: 0.000209093

Iter: 1
Rank: 0 status count done.
Insert time: 0.00155997
1 remote msg receive done.
Reduce time: 0.0983908
Messages reduce done.
Update time: 0.00154805

Iter: 1
After receive ...

Iter: 1...
Active vertex count: 2942
***********Re-initing...**************
Buffer columns allocated: 0
Total write: 0
Total read: 0
***********Re-init done.**************
Rank: 1 status count done.
After receive ...

Iter: 1...
Active vertex count: 2942
***********Re-initing...**************
Buffer columns allocated: 18189
0 working threads finish.
Mover threads finish.
0 Gen time: 0.000178099
Total write: 0
Total read: 0
***********Re-init done.**************
1 working threads finish.
0 total msg block: 0
Receive time: 4.69685e-05
Mover threads finish.
1 Gen time: 0.0792351
1 total msg block: 0
Receive time: 1.78814e-05
Insert time: 0.000198841
0 remote msg receive done.
Reduce time: 0.000200033
Messages reduce done.
Update time: 0.00020504

Iter: 2
Rank: 0 status count done.
Insert time: 0.00153923
1 remote msg receive done.
Reduce time: 0.00149202
Messages reduce done.
Update time: 0.00149584

Iter: 2
After receive ...

Iter: 2...
Active vertex count: 51
***********Re-initing...**************
Buffer columns allocated: 0
Total write: 0
Total read: Rank: 10
***********Re-init done.**************
 status count done.
After receive ...

Iter: 2...
Active vertex count: 51
***********Re-initing...**************
Buffer columns allocated: 11184
0 working threads finish.
Mover threads finish.
0 Gen time: 0.000147104
Total write: 0
Total read: 0
***********Re-init done.**************
1 working threads finish.
Mover threads finish.
0 total msg block: 0
Receive time: 5.88894e-05
1 Gen time: 0.025095
1 total msg block: 0
Receive time: 1.90735e-05
Insert time: 0.000192881
0 remote msg receive done.
Reduce time: 0.000235081
Messages reduce done.
Update time: 0.000208139

Iter: 3
Rank: 0 status count done.
Insert time: 0.00149703
1 remote msg receive done.
Reduce time: 0.0015471
Messages reduce done.
Update time: 0.00152493

Iter: 3
After receive ...

Iter: 3...
Active vertex count: 0
No vertice is active, ending the computation :)

0 all time : 0.00183558
Total reduce time: 0.000712156
Total working time: 0.000481844
Total moving time: 0
Total update time: 0.000622272
Total comm time: 0.000188828
Total insert time: 0.000620604
Accumulative total active vertices: 23198
Finish.
Rank: 1 status count done.
After receive ...

Iter: 3...
Active vertex count: 0
No vertice is active, ending the computation :)

1 all time : 0.709935
Total reduce time: 0.10143
Total working time: 0.07478
Total moving time: 0.52879
Total update time: 0.00456882
Total comm time: 8.89301e-05
Total insert time: 0.00459623
Accumulative total active vertices: 23198
Finish.
 
TACC: Shutdown complete. Exiting.
