Running on MIC and CPU
TACC: Starting up job 4178012
TACC: Starting parallel tasks...
  mpiexec.hydra -iface br0 -configfile /home1/02687/binren/.slurm/config_file.4178012.j7rQrIpv -machinefile /home1/02687/binren/.slurm/job.4178012.hostlist.I0RzTDsm  
My rank is: 0
My rank is: 1
0 vertex count: 0
0 line no: 38394
0 edges: 0
Reordering...
Reorder time: 1.71661e-05
****** remote edges: ****** 0
Iter: 0
Rank: 0 status count done.
1 vertex count: 38394
1 line no: 38394
1 edges: 191457899
Reordering...
Rank: 1 width is: 32
Rank: 1 vlen is: 64
===========> Max length: 24997
===========> Min length: 0
Reorder time: 0.040632
****** remote edges: ****** 0
Iter: 0
After receive ...

Iter: 0...
Active vertex count: 20205
***********Re-initing...**************
Buffer columns allocated: 0
Total write: 0
Total read: 0Rank: 1 status count done.

***********Re-init done.**************
After receive ...

Iter: 0...
Active vertex count: 20205
***********Re-initing...**************
0 working threads finish.
Mover threads finish.
0 Gen time: 0.000149012
Buffer columns allocated: 0
Total write: 0
Total read: 0
***********Re-init done.**************
0 total msg block: 0
Receive time: 0.000110149
Insert time: 1.28746e-05
0 remote msg receive done.
1 working threads finish.
Mover threads finish.
1 Gen time: 1.17043
1 total msg block: 0
Reduce time: Receive time: 5.88894e-05
1.12057e-05
Messages reduce done.
Update time: 1.00136e-05

Iter: 1
Rank: 0 status count done.
Insert time: 0.00153589
1 remote msg receive done.
Reduce time: 0.00153518
Messages reduce done.
Update time: 0.0014379

Iter: 1
After receive ...

Iter: 1...
Active vertex count: 3004
***********Re-initing...**************
Buffer columns allocated: 0
Total write: 0
Total read: 0
***********Re-init done.**************
Rank: 1 status count done.
0 working threads finish.
After receive ...

Iter: 1...
Active vertex count: 3004
***********Re-initing...**************
Mover threads finish.
0 Gen time: 7.20024e-05
Buffer columns allocated: 18189
Total write: 0
Total read: 0
***********Re-init done.**************
0 total msg block: 0
Receive time: 6.60419e-05
1 working threads finish.
Mover threads finish.
1 Gen time: Insert time: 1.28746e-05
0 remote msg receive done.
0.187773
1 total msg block: 0
Receive time: 2.00272e-05
Reduce time: 1.00136e-05
Messages reduce done.
Update time: 1.09673e-05

Iter: 2
Rank: 0 status count done.
Insert time: 0.00147605
1 remote msg receive done.
Reduce time: 0.00145793
Messages reduce done.
Update time: 0.00147104

Iter: 2
After receive ...

Iter: 2...
Active vertex count: 7
***********Re-initing...**************
Buffer columns allocated: 0
Total write: 0
Total read: 0
***********Re-init done.**************
0 working threads finish.
Rank: 1 status count done.
Mover threads finish.
0After receive ...

Iter: 2...
Active vertex count: 7
***********Re-initing...**************
 Gen time: 8.29697e-05
Buffer columns allocated: 11184
Total write: 0
Total read: 0
***********Re-init done.**************
0 total msg block: 0
Receive time: 7.10487e-05
Insert time: 1.00136e-05
0 remote msg receive done.
1 working threads finish.
Mover threads finish.
1 Gen time: 0.00592089
1 total msg block: 0
Receive time: 2.19345e-05
Reduce time: 8.10623e-06
Messages reduce done.
Update time: 1.09673e-05

Iter: 3
Rank: 0 status count done.
Insert time: 0.00145411
1 remote msg receive done.
Reduce time: 0.00144911
Messages reduce done.
Update time: 0.00146699

Iter: 3
After receive ...

Iter: 3...
Active vertex count: 0
No vertice is active, ending the computation :)

0 all time : 0.000365257
Total reduce time: 2.93255e-05
Total working time: 1.07288e-05
Total moving time: 0.000224352
Total update time: 3.19481e-05
Total comm time: 0.00024724
Total insert time: 3.57628e-05
Accumulative total active vertices: 23216
Finish.
Rank: 1 status count done.
After receive ...

Iter: 3...
Active vertex count: 0
No vertice is active, ending the computation :)

1 all time : 1.37295
Total reduce time: 0.00444221
Total working time: 1.36374
Total moving time: 2.86102e-06
Total update time: 0.00437593
Total comm time: 0.000100851
Total insert time: 0.00446606
Accumulative total active vertices: 23216
Finish.
 
TACC: Shutdown complete. Exiting.
