Lmod has detected the following error: Swap failed: "mvapich2" is not
loaded.

Running on MIC and CPU
TACC: Starting up job 5074595
TACC: Starting parallel tasks...
# Command used to run job in: /home1/02687/binren/.slurm/job.5074595.runcmd.8ntSNtsx 
My rank is: 0
My rank is: 1
0 vertex count: 0
0 line no: 38394
0 edges: 0
Reordering...
Reorder time: 1.78814e-05
****** remote edges: ****** 0
Iter: 0
Rank: 0 status count done.
1 vertex count: 38394
1 line no: 38394
1 edges: 191457899
Reordering...
Rank: 1 width is: 32
Rank: 1 vlen is: 64
===========> Max length: 24997
===========> Min length: 0
Reorder time: 0.0409071
****** remote edges: ****** 0
Iter: 0
After receive ...

Iter: 0...
Active vertex count: 20205
***********Re-initing...**************
Buffer columns allocated: 0
Total write: 0
Total read: 0
***********Re-init done.**************
Rank: 1 status count done.
After receive ...

Iter: 0...
Active vertex count: 20205
***********Re-initing...**************
0 working threads finish.
Mover threads finish.
0 Gen time: 8.29697e-05
Buffer columns allocated: 0
Total write: 0
Total read: 0
***********Re-init done.**************
1 working threads finish.
0 total msg block: 0
Receive time: 8.2016e-05
Mover threads finish.
1 Gen time: Insert time: 1.28746e-05
0 remote msg receive done.
0.318766
1 total msg block: 0
Receive time: 4.79221e-05
Reduce time: 1.09673e-05
Messages reduce done.
Update time: 6.91414e-06

Iter: 1
Rank: 0 status count done.
Insert time: 0.00150013
1 remote msg receive done.
Reduce time: 0.00152421
Messages reduce done.
Update time: 0.00147796

Iter: 1
After receive ...

Iter: 1...
Active vertex count: 3004
***********Re-initing...**************
Buffer columns allocated: 0
Total write: 0
Total read: Rank: 1 status count done.0
***********Re-init done.**************

After receive ...

Iter: 1...
Active vertex count: 3004
***********Re-initing...**************
0 working threads finish.
Mover threads finish.
0 Gen time: 7.48634e-05
Buffer columns allocated: 18189
Total write: 0
Total read: 0
***********Re-init done.**************
1 working threads finish.
0 total msg block: 0
Receive time: 6.10352e-05
Insert time: 1.19209e-05
0 remote msg receive done.
Mover threads finish.
1 Gen time: 0.07111
1 total msg block: 0Reduce time: 
Receive time: 1.5974e-051.00136e-05
Messages reduce done.

Update time: 1.00136e-05

Iter: 2
Rank: 0 status count done.
Insert time: 0.001513
1 remote msg receive done.
Reduce time: 0.00158191
Messages reduce done.
Update time: 0.00155997

Iter: 2
After receive ...

Iter: 2...
Active vertex count: 7
***********Re-initing...**************
Buffer columns allocated: 0
Total write: 0
Total read: 0
***********Re-init done.**************
Rank: 1 status count done.
After receive ...

Iter: 2...
Active vertex count: 7
***********Re-initing...**************
0 working threads finish.
Mover threads finish.
0 Gen time: 7.60555e-05
Buffer columns allocated: 11184
Total write: 0
Total read: 0
***********Re-init done.**************
1 working threads finish.
0 total msg block: 0
Receive time: 8.70228e-05
Insert time: 1.12057e-05
0 remote msg receive done.
Mover threads finish.
1 Gen time: 0.029799
1 total msg block: 0
Reduce time: Receive time: 1.78814e-05
9.77516e-06
Messages reduce done.
Update time: 1.00136e-05

Iter: 3
Rank: 0 status count done.
Insert time: 0.00148797
1 remote msg receive done.
Reduce time: 0.00151205
Messages reduce done.
Update time: 0.00149202

Iter: 3
After receive ...

Iter: 3...
Active vertex count: 0
No vertice is active, ending the computation :)

0 all time : 0.000291586
Total reduce time: 3.0756e-05
Total working time: 1.00136e-05
Total moving time: 0.000231981
Total update time: 2.69413e-05
Total comm time: 0.000230074
Total insert time: 3.60012e-05
Accumulative total active vertices: 23216
Finish.
Rank: 1 status count done.
After receive ...

Iter: 3...
Active vertex count: 0
No vertice is active, ending the computation :)

1 all time : 0.428823
Total reduce time: 0.00461817
Total working time: 0.242866
Total moving time: 0.419655
Total update time: 0.00452995
Total comm time: 8.17776e-05
Total insert time: 0.0045011
Accumulative total active vertices: 23216
Finish.
 
TACC: Shutdown complete. Exiting.
