Lmod has detected the following error: Swap failed: "mvapich2" is not
loaded.

Running on MIC and CPU
TACC: Starting up job 5082272
TACC: Starting parallel tasks...
# Command used to run job in: /home1/02687/binren/.slurm/job.5082272.runcmd.lWezzQdz 
My rank is: 0
My rank is: 1
0 vertex count: 0
0 line no: 38394
0 edges: 0
Reordering...
Reorder time: 1.78814e-05
****** remote edges: ****** 0
Iter: 0
Rank: 0 status count done.
1 vertex count: 38394
1 line no: 38394
1 edges: 191457899
Reordering...
Rank: 1 width is: 32
Rank: 1 vlen is: 64
===========> Max length: 24997
===========> Min length: 0
Reorder time: 0.0410011
****** remote edges: ****** 0
Iter: 0
After receive ...

Iter: 0...
Active vertex count: 20205
***********Re-initing...**************
Buffer columns allocated: 0
Total write: 0
Total read: 0
***********Re-init done.**************
Rank: 1 status count done.
After receive ...

Iter: 0...
Active vertex count: 20205
***********Re-initing...**************
0 working threads finish.
Mover threads finish.
0 Gen time: 0.00011301
Buffer columns allocated: 0
Total write: 0
Total read: 0
***********Re-init done.**************
1 working threads finish.
0 total msg block: 0
Receive time: 7.9155e-05
Mover threads finish.
1 Gen time: Insert time: 0.132925
1 total msg block: 0
Receive time: 4.69685e-05
2.59876e-05
0 remote msg receive done.
Reduce time: 7.86781e-06
Messages reduce done.
Update time: 1.00136e-05

Iter: 1
Rank: 0 status count done.
Insert time: 0.00169301
1 remote msg receive done.
Reduce time: 0.00160289
Messages reduce done.
Update time: 0.00154996

Iter: 1
After receive ...

Iter: 1...
Active vertex count: 3004
***********Re-initing...**************
Buffer columns allocated: 0
Total write: 0
Total read: 0
***********Re-init done.**************
Rank: 1 status count done.
0 working threads finish.
After receive ...

Iter: 1...
Active vertex count: 3004
***********Re-initing...**************
Mover threads finish.
0 Gen time: 8.29697e-05
Buffer columns allocated: 18189
Total write: 0
Total read: 0
***********Re-init done.**************
1 working threads finish.
0 total msg block: 0
Mover threads finish.
Receive time: 4.88758e-05
Insert time: 9.05991e-06
0 remote msg receive done.
Reduce time: 1.00136e-05
Messages reduce done.
1 Gen time: 0.0577679
1 total msg block: 0
Receive time: 1.50204e-05
Update time: 1.00136e-05

Iter: 2
Rank: 0 status count done.
Insert time: 0.00158
1 remote msg receive done.
Reduce time: 0.001544
Messages reduce done.
Update time: 0.00155711

Iter: 2
After receive ...

Iter: 2...
Active vertex count: 7
***********Re-initing...**************
Buffer columns allocated: 0
Total write: 0
Total read: 0Rank: 1
***********Re-init done.**************
 status count done.
After receive ...

Iter: 2...
Active vertex count: 7
***********Re-initing...**************
0 working threads finish.
Mover threads finish.
0 Gen time: 8.39233e-05
Buffer columns allocated: 11184
Total write: 0
Total read: 0
***********Re-init done.**************
1 working threads finish.
0 total msg block: 0
Receive time: 5.48363e-05
Insert time: 1.09673e-05
0 remote msg receive done.
Mover threads finish.
1 Gen time: 0.0496938
Reduce time: 7.15256e-06
1 total msg block: Messages reduce done.
0
Receive time: 1.5974e-05Update time: 
1.00136e-05

Iter: 3
Rank: 0 status count done.
Insert time: 0.00156212
1 remote msg receive done.
Reduce time: 0.00155187
Messages reduce done.
Update time: 0.00155282

Iter: 3
After receive ...

Iter: 3...
Active vertex count: 0
No vertice is active, ending the computation :)

0 all time : 0.000334978
Total reduce time: 2.5034e-05
Total working time: 2.02656e-05
Total moving time: 0.00027895
Total update time: 3.00407e-05
Total comm time: 0.000182867
Total insert time: 4.60148e-05
Accumulative total active vertices: 23216
Finish.
Rank: 1 status count done.
After receive ...

Iter: 3...
Active vertex count: 0
No vertice is active, ending the computation :)

1 all time : 0.249745
Total reduce time: 0.00469875
Total working time: 0.067549
Total moving time: 0.240369
Total update time: 0.00465989
Total comm time: 7.79629e-05
Total insert time: 0.00483513
Accumulative total active vertices: 23216
Finish.
 
TACC: Shutdown complete. Exiting.
