Running on MIC and CPU
TACC: Starting up job 4260833
TACC: Starting parallel tasks...
  mpiexec.hydra -iface br0 -configfile /home1/02687/binren/.slurm/config_file.4260833.XVXx7aIl -machinefile /home1/02687/binren/.slurm/job.4260833.hostlist.oSuIw878  
My rank is: 0
My rank is: 1
0 vertex count: 7678
0 line no: 38394
0 edges: 72474881
Reordering...
Rank: 0 width is: 128
Rank: 0 vlen is: 16
===========> Max length: 2
===========> Min length: 0
Reorder time: 0.000375986
****** remote edges: ****** 72473816
Iter: 0
Rank: 0 status count done.
1 vertex count: 30716
1 line no: 38394
1 edges: 118983018
Reordering...
Rank: 1 width is: 32
Rank: 1 vlen is: 64
===========> Max length: 24997
===========> Min length: 0
Reorder time: 0.0284519
****** remote edges: ****** 0
Iter: 0
After receive ...

Iter: 0...
Active vertex count: 20205
***********Re-initing...**************
Buffer columns allocated: 0
Rank: 1 status count done.
Total write: 0
Total read: 0
***********Re-init done.**************
After receive ...

Iter: 0...
Active vertex count: 20205
***********Re-initing...**************
Buffer columns allocated: 0
Total write: 0
Total read: 0
***********Re-init done.**************
0 working threads finish.
1 working threads finish.
Mover threads finish.
1 Gen time: 0.604522
Mover threads finish.
0 Gen time: 1.45054
0 total msg block: 17063
1 total msg block: 0
Receive time: 0.00203991
Insert time: 6.91414e-06
0 remote msg receive done.
Receive time: 0.00197482
Reduce time: 1.09673e-05
Messages reduce done.
Update time: 1.19209e-05

Iter: 1
Rank: 0 status count done.
Insert time: 0.00146198
1 remote msg receive done.
Reduce time: 0.00147104
Messages reduce done.
Update time: 0.00185299

Iter: 1
After receive ...

Iter: 1...
Active vertex count: 1939
***********Re-initing...**************
Buffer columns allocated: 1065
Rank: 1 status count done.
Total write: 0
Total read: 0
***********Re-init done.**************
After receive ...

Iter: 1...
Active vertex count: 1939
***********Re-initing...**************
0 working threads finish.
Mover threads finish.
0 Gen time: 9.5129e-05
Buffer columns allocated: 17124
Total write: 0
Total read: 0
***********Re-init done.**************
0 total msg block: 0
Receive time: 7.10487e-05
1 working threads finish.
Mover threads finish.
1 Gen time: Insert time: 1.09673e-05
0 remote msg receive done.
Reduce time: 9.05991e-06
Messages reduce done.
0.109223
1 total msg block: 0
Receive time: 2.09808e-05
Update time: 1.00136e-05

Iter: 2
Rank: 0 status count done.
Insert time: 0.00146484
1 remote msg receive done.
Reduce time: 0.00182295
Messages reduce done.
Update time: 0.00145292

Iter: 2
After receive ...

Iter: 2...
Active vertex count: 7
***********Re-initing...**************
Buffer columns allocated: 0
Total write: 0
Total read: 0
***********Re-init done.**************
Rank: 1 status count done.
After receive ...

Iter: 2...
Active vertex count: 7
***********Re-initing...**************
0 working threads finish.
Mover threads finish.
0 Gen time: 7.79629e-05
Buffer columns allocated: 11058
Total write: 0
Total read: 0
***********Re-init done.**************
0 total msg block: 0
Receive time: 7.10487e-05
Insert time: 1.00136e-05
0 remote msg receive done.
1 working threads finish.
Mover threads finish.
1 Gen time: 0.00578785
1 total msg block: 0
Receive time: 2.09808e-05
Reduce time: 1.00136e-05
Messages reduce done.
Update time: 9.05991e-06

Iter: 3
Rank: 0 status count done.
Insert time: 0.00146604
1 remote msg receive done.
Reduce time: 0.00145197
Messages reduce done.
Update time: 0.00145292

Iter: 3
After receive ...

Iter: 3...
Active vertex count: 0
No vertice is active, ending the computation :)

0 all time : 1.45078
Total reduce time: 3.00407e-05
Total working time: 0.759779
Total moving time: 0.690828
Total update time: 3.09944e-05
Total comm time: 0.00218201
Total insert time: 2.7895e-05
Accumulative total active vertices: 22151
Rank: 1 status count done.
After receive ...

Iter: 3...
Active vertex count: 0
No vertice is active, ending the computation :)

1 all time : 0.729038
Total reduce time: 0.00474596
Total working time: 0.719154
Total moving time: 1.90735e-06
Total update time: 0.00475883
Total comm time: 0.00201678
Total insert time: 0.00439286
Accumulative total active vertices: 22151
Finish.
Finish.
 
TACC: Shutdown complete. Exiting.
