Lmod has detected the following error: Swap failed: "mvapich2" is not
loaded.

Running on MIC and CPU
TACC: Starting up job 5081962
TACC: Starting parallel tasks...
# Command used to run job in: /home1/02687/binren/.slurm/job.5081962.runcmd.RPS8XcwT 
My rank is: 0
My rank is: 1
0 vertex count: 0
0 line no: 38394
0 edges: 0
Reordering...
Reorder time: 1.88351e-05
****** remote edges: ****** 0
Iter: 0
Rank: 0 status count done.
1 vertex count: 38394
1 line no: 38394
1 edges: 191457899
Reordering...
Rank: 1 width is: 32
Rank: 1 vlen is: 64
===========> Max length: 24997
===========> Min length: 0
Reorder time: 0.0404589
****** remote edges: ****** 0
Iter: 0
After receive ...

Iter: 0...
Active vertex count: 20205
***********Re-initing...**************
Buffer columns allocated: 0
Total write: 0
Total read: 0
***********Re-init done.**************
Rank: 1 status count done.
After receive ...

Iter: 0...
Active vertex count: 20205
***********Re-initing...**************
0 working threads finish.
Mover threads finish.
0 Gen time: 8.60691e-05
Buffer columns allocated: 0
Total write: 0
Total read: 0
***********Re-init done.**************
1 working threads finish.
Mover threads finish.
0 total msg block: 0
Receive time: 9.10759e-05
1 Gen time: 0.664581
Insert time: 2.40803e-05
0 remote msg receive done.
1 total msg block: 0
Receive time: 5.19753e-05
Reduce time: 9.05991e-06
Messages reduce done.
Update time: 1.00136e-05

Iter: 1
Rank: 0 status count done.
Insert time: 0.00170493
1 remote msg receive done.
Reduce time: 0.00154996
Messages reduce done.
Update time: 0.00161195

Iter: 1
After receive ...

Iter: 1...
Active vertex count: 3004
***********Re-initing...**************
Buffer columns allocated: 0
Total write: 0
Total read: Rank: 10
***********Re-init done.**************
 status count done.
After receive ...

Iter: 1...
Active vertex count: 3004
***********Re-initing...**************
0 working threads finish.
Mover threads finish.
0 Gen time: 8.10623e-05
Buffer columns allocated: 18189
Total write: 0
Total read: 0
***********Re-init done.**************
1 working threads finish.
0 total msg block: 0
Receive time: 5.00679e-05
Mover threads finish.
1 Gen time: Insert time: 1.00136e-05
0 remote msg receive done.
0.0474091
1 total msg block: 0
Receive time: 1.5974e-05
Reduce time: 1.09673e-05
Messages reduce done.
Update time: 1.00136e-05

Iter: 2
Rank: 0 status count done.
Insert time: 0.00153208
1 remote msg receive done.
Reduce time: 0.00154996
Messages reduce done.
Update time: 0.001544

Iter: 2
After receive ...

Iter: 2...
Active vertex count: 7
***********Re-initing...**************
Buffer columns allocated: 0
Total write: 0Rank: 1
Total read: 0
***********Re-init done.**************
 status count done.
After receive ...

Iter: 2...
Active vertex count: 7
***********Re-initing...**************
0 working threads finish.
Mover threads finish.
0 Gen time: 7.79629e-05
Buffer columns allocated: 11184
Total write: 0
Total read: 0
***********Re-init done.**************
1 working threads finish.
0 total msg block: 0
Receive time: 5.79357e-05
Insert time: 1.12057e-05
0 remote msg receive done.
Mover threads finish.
1 Gen time: 0.0322561
1 total msg block: Reduce time: 0
Receive time: 1.09673e-05
Messages reduce done.
1.69277e-05
Update time: 1.00136e-05

Iter: 3
Rank: 0 status count done.
Insert time: 0.0015099
1 remote msg receive done.
Reduce time: 0.00154686
Messages reduce done.
Update time: 0.001477

Iter: 3
After receive ...

Iter: 3...
Active vertex count: 0
No vertice is active, ending the computation :)

0 all time : 0.000306129
Total reduce time: 3.09944e-05
Total working time: 1.19209e-05
Total moving time: 0.000244141
Total update time: 3.00407e-05
Total comm time: 0.00019908
Total insert time: 4.52995e-05
Accumulative total active vertices: 23216
Finish.
Rank: 1 status count done.
After receive ...

Iter: 3...
Active vertex count: 0
No vertice is active, ending the computation :)

1 all time : 0.753526
Total reduce time: 0.00464678
Total working time: 0.639835
Total moving time: 0.744236
Total update time: 0.00463295
Total comm time: 8.4877e-05
Total insert time: 0.00474691
Accumulative total active vertices: 23216
Finish.
 
TACC: Shutdown complete. Exiting.
