Lmod has detected the following error: Swap failed: "mvapich2" is not
loaded.

Running on MIC and CPU
TACC: Starting up job 5081857
TACC: Starting parallel tasks...
# Command used to run job in: /home1/02687/binren/.slurm/job.5081857.runcmd.020s3D1l 
My rank is: 0
My rank is: 1
0 vertex count: 0
0 line no: 38394
0 edges: 0
Reordering...
Reorder time: 1.71661e-05
****** remote edges: ****** 0
Iter: 0
Rank: 0 status count done.
1 vertex count: 38394
1 line no: 38394
1 edges: 191457899
Reordering...
Rank: 1 width is: 32
Rank: 1 vlen is: 64
===========> Max length: 24997
===========> Min length: 0
Reorder time: 0.0403092
****** remote edges: ****** 0
Iter: 0
After receive ...

Iter: 0...
Active vertex count: 20205
***********Re-initing...**************
Buffer columns allocated: 0
Total write: 0
Total read: 0
***********Re-init done.**************
Rank: 1 status count done.
After receive ...

Iter: 0...
Active vertex count: 20205
***********Re-initing...**************
0 working threads finish.
Mover threads finish.
0 Gen time: 0.000111103
Buffer columns allocated: 0
Total write: 0
Total read: 0
***********Re-init done.**************
1 working threads finish.
0 total msg block: 0
Receive time: 8.32081e-05
Mover threads finish.
1 Gen time: Insert time: 1.19209e-05
0 remote msg receive done.
0.20145
1 total msg block: 0
Receive time: 5.10216e-05
Reduce time: 1.09673e-05
Messages reduce done.
Update time: 1.09673e-05

Iter: 1
Rank: 0 status count done.
Insert time: 0.00162315
1 remote msg receive done.
Reduce time: 0.00153613
Messages reduce done.
Update time: 0.00153899

Iter: 1
After receive ...

Iter: 1...
Active vertex count: 3004
***********Re-initing...**************
Buffer columns allocated: 0
Total write: 0
Total read: 0
***********Re-init done.**************
Rank: 1 status count done.
After receive ...

0 working threads finish.
Iter: 1...
Active vertex count: 3004
***********Re-initing...**************
Mover threads finish.
0 Gen time: 6.48499e-05
Buffer columns allocated: 18189
Total write: 0
Total read: 0
***********Re-init done.**************
1 working threads finish.
0 total msg block: 0
Mover threads finish.
Receive time: 5.29289e-05
Insert time: 1.09673e-05
0 remote msg receive done.
Reduce time: 1.00136e-05
Messages reduce done.
1 Gen time: 0.0476561
Update time: 1.00136e-05

Iter: 2
1 total msg block: 0
Receive time: 1.69277e-05
Rank: 0 status count done.
Insert time: 0.00155401
1 remote msg receive done.
Reduce time: 0.00149298
Messages reduce done.
Update time: 0.00154495

Iter: 2
After receive ...

Iter: 2...
Active vertex count: 7
***********Re-initing...**************
Buffer columns allocated: 0
Total write: 0
Rank: 1Total read: 0
***********Re-init done.**************
 status count done.
After receive ...

Iter: 2...
Active vertex count: 7
***********Re-initing...**************
0 working threads finish.
Mover threads finish.
0 Gen time: 8.10623e-05
Buffer columns allocated: 11184
Total write: 0
Total read: 0
***********Re-init done.**************
1 working threads finish.
Mover threads finish.
0 total msg block: 0
1 Gen time: 0.0316889
Receive time: 1 total msg block: 0
5.4121e-05
Receive time: 1.81198e-05
Insert time: 1.00136e-05
0 remote msg receive done.
Reduce time: 7.86781e-06
Messages reduce done.
Update time: 1.00136e-05

Iter: 3
Rank: 0 status count done.
Insert time: 0.00152802
1 remote msg receive done.
Reduce time: 0.00156403
Messages reduce done.
Update time: 0.00150418

Iter: 3
After receive ...

Iter: 3...
Active vertex count: 0
No vertice is active, ending the computation :)

0 all time : 0.000316858
Total reduce time: Rank: 1 status count done.2.88486e-05
Total working time: 1.19209e-05
Total moving time: 0.000255108
Total update time: 3.09944e-05
Total comm time: 0.000190258
Total insert time: 3.29018e-05
Accumulative total active vertices: 23216
Finish.

After receive ...

Iter: 3...
Active vertex count: 0
No vertice is active, ending the computation :)

1 all time : 0.289976
Total reduce time: 0.00459313
Total working time: 0.0776827
Total moving time: 0.280776
Total update time: 0.00458813
Total comm time: 8.60691e-05
Total insert time: 0.00470519
Accumulative total active vertices: 23216
Finish.
 
TACC: Shutdown complete. Exiting.
