Lmod has detected the following error: Swap failed: "mvapich2" is not
loaded.

Running on MIC and CPU
TACC: Starting up job 5081653
TACC: Starting parallel tasks...
# Command used to run job in: /home1/02687/binren/.slurm/job.5081653.runcmd.BHpTiLwe 
My rank is: 0
My rank is: 1
0 vertex count: 0
0 line no: 38394
0 edges: 0
Reordering...
Reorder time: 2.00272e-05
****** remote edges: ****** 0
Iter: 0
Rank: 0 status count done.
1 vertex count: 38394
1 line no: 38394
1 edges: 191457899
Reordering...
Rank: 1 width is: 32
Rank: 1 vlen is: 64
===========> Max length: 24997
===========> Min length: 0
Reorder time: 0.0405719
****** remote edges: ****** 0
Iter: 0
After receive ...

Iter: 0...
Active vertex count: 20205
***********Re-initing...**************
Buffer columns allocated: 0
Total write: 0
Total read: 0
***********Re-init done.**************
Rank: 1 status count done.
After receive ...

Iter: 0...
Active vertex count: 20205
***********Re-initing...**************
0 working threads finish.
Mover threads finish.
0 Gen time: 8.70228e-05
Buffer columns allocated: 0
Total write: 0
Total read: 0
***********Re-init done.**************
1 working threads finish.
0 total msg block: 0
Receive time: 8.39233e-05
Mover threads finish.
1 Gen time: Insert time: 2.59876e-05
0 remote msg receive done.
Reduce time: 1.09673e-05
Messages reduce done.
0.301247
1 total msg block: 0
Update time: 1.09673e-05

Iter: 1
Receive time: 5.00679e-05
Rank: 0 status count done.
Insert time: 0.00159502
1 remote msg receive done.
Reduce time: 0.00168395
Messages reduce done.
Update time: 0.00154591

Iter: 1
After receive ...

Iter: 1...
Active vertex count: 3004
***********Re-initing...**************
Buffer columns allocated: 0
Total write: 0
Rank: 1Total read: 0
***********Re-init done.**************
0 working threads finish.
Mover threads finish.
0 Gen time: 8.2016e-05
 status count done.
After receive ...

Iter: 1...
Active vertex count: 3004
***********Re-initing...**************
Buffer columns allocated: 18189
Total write: 0
Total read: 0
***********Re-init done.**************
1 working threads finish.
Mover threads finish.
0 total msg block: 0
Receive time: 5.38826e-05
1 Gen time: 0.0674529
Insert time: 1.09673e-05
0 remote msg receive done.
1 total msg block: 0
Receive time: 1.62125e-05
Reduce time: 1.00136e-05
Messages reduce done.
Update time: 1.00136e-05

Iter: 2
Rank: 0 status count done.
Insert time: 0.00153899
1 remote msg receive done.
Reduce time: 0.00149798
Messages reduce done.
Update time: 0.00148606

Iter: 2
After receive ...

Iter: 2...
Active vertex count: 7
***********Re-initing...**************
Buffer columns allocated: 0
Total write: 0
Total read: Rank: 10
***********Re-init done.**************
 status count done.
After receive ...

Iter: 2...
Active vertex count: 7
***********Re-initing...**************
0 working threads finish.
Mover threads finish.
0 Gen time: 7.70092e-05
Buffer columns allocated: 11184
Total write: 0
Total read: 0
***********Re-init done.**************
1 working threads finish.
Mover threads finish.
0 total msg block: 0
Receive time: 5.60284e-05
1 Gen time: 0.0314519
Insert time: 1.00136e-05
0 remote msg receive done.
1 total msg block: 0
Receive time: 1.69277e-05
Reduce time: 1.00136e-05
Messages reduce done.
Update time: 1.00136e-05

Iter: 3
Rank: 0 status count done.
Insert time: 0.0015161
1 remote msg receive done.
Reduce time: 0.00149918
Messages reduce done.
Update time: 0.00149393

Iter: 3
After receive ...

Iter: 3...
Active vertex count: 0
No vertice is active, ending the computation :)

0 all time : 0.000308037
Total reduce time: 3.09944e-05
Total working time: 1.0252e-05
Total moving time: 0.000243187
Total update time: 3.09944e-05
Total comm time: 0.000193834
Total insert time: 4.69685e-05
Accumulative total active vertices: 23216
Finish.
Rank: 1 status count done.
After receive ...

Iter: 3...
Active vertex count: 0
No vertice is active, ending the computation :)

1 all time : 0.409359
Total reduce time: 0.00468111
Total working time: 0.265287
Total moving time: 0.400134
Total update time: 0.0045259
Total comm time: 8.32081e-05
Total insert time: 0.00465012
Accumulative total active vertices: 23216
Finish.
 
TACC: Shutdown complete. Exiting.
