Lmod has detected the following error: Swap failed: "mvapich2" is not
loaded.

Running on MIC and CPU
TACC: Starting up job 5178238
*******************************************************
 WARNING: Your MPI Environment is :       impi/4.1.0.030
          Your executable was built with: impi/4.1.3.049
*******************************************************
TACC: Starting parallel tasks...
# Command used to run job in: /home1/02687/binren/.slurm/job.5178238.runcmd.QJBrQqIP 
My rank is: 0
My rank is: 1
0 vertex count: 0
0 line no: 38394
0 edges: 0
Reordering...
Reorder time: 1.78814e-05
****** remote edges: ****** 0
Iter: 0
Rank: 0 status count done.
1 vertex count: 38394
1 line no: 38394
1 edges: 191457899
slurmd[c558-901]: *** JOB 5178238 CANCELLED AT 2015-04-27T20:59:59 DUE TO TIME LIMIT ***
[mpiexec@c558-901.stampede.tacc.utexas.edu] HYD_pmcd_pmiserv_send_signal (./pm/pmiserv/pmiserv_cb.c:221): assert (!closed) failed
[mpiexec@c558-901.stampede.tacc.utexas.edu] ui_cmd_cb (./pm/pmiserv/pmiserv_pmci.c:128): unable to send SIGUSR1 downstream
[mpiexec@c558-901.stampede.tacc.utexas.edu] HYDT_dmxu_poll_wait_for_event (./tools/demux/demux_poll.c:77): callback returned error status
[mpiexec@c558-901.stampede.tacc.utexas.edu] HYD_pmci_wait_for_completion (./pm/pmiserv/pmiserv_pmci.c:388): error waiting for event
[mpiexec@c558-901.stampede.tacc.utexas.edu] main (./ui/mpich/mpiexec.c:745): process manager error waiting for completion
