Running on MIC and CPU
TACC: Starting up job 4161416
TACC: Starting parallel tasks...
  mpiexec.hydra -iface br0 -configfile /home1/02687/binren/.slurm/config_file.4161416.VL165NVl -machinefile /home1/02687/binren/.slurm/job.4161416.hostlist.w78xcteN  
My rank is: 0
My rank is: 1
0 vertex count: 38394
0 line no: 38394
0 edges: 191457899
Reordering...
Rank: 0 width is: 128
Rank: 0 vlen is: 16
===========> Max length: 24997
===========> Min length: 0
Reorder time: 0.30861
****** remote edges: ****** 0
Iter: 0
Rank: 0 status count done.
1 vertex count: 0
1 line no: 38394
1 edges: 0
Reordering...
Reorder time: 1.3113e-05
****** remote edges: ****** 0
Iter: 0
After receive ...

Iter: 0...
Active vertex count: 20205
***********Re-initing...**************
Rank: 1 status count done.
Buffer columns allocated: 0
Total write: 0
Total read: 0
***********Re-init done.**************
After receive ...

Iter: 0...
Active vertex count: 20205
***********Re-initing...**************
Buffer columns allocated: 0
Total write: 0
Total read: 0
***********Re-init done.**************
1 working threads finish.
Mover threads finish.
1 Gen time: 0.0284989
0 working threads finish.
Mover threads finish.
0 Gen time: 2.03562
0 total msg block: 0
Receive time: 0.000118017
1 total msg block: 0
Insert time: 7.86781e-06
0 remote msg receive done.
Receive time: 5.50747e-05
Reduce time: 0.011333
Messages reduce done.
Update time: 0.000396013

Iter: 1
Rank: 0 status count done.
Insert time: 0.00170708
1 remote msg receive done.
Reduce time: 0.00151587
Messages reduce done.
Update time: 0.00144386

Iter: 1
After receive ...

Iter: 1...
Active vertex count: 1206
***********Re-initing...**************
Rank: 1 status count done.
Buffer columns allocated: 18189
Total write: 0
Total read: 0
***********Re-init done.**************
After receive ...

Iter: 1...
Active vertex count: 1206
***********Re-initing...**************
Buffer columns allocated: 0
Total write: 0
Total read: 0
***********Re-init done.**************
0 working threads finish.
Mover threads finish.
0 Gen time: 0.150644
1 working threads finish.
0 total msg block: 0
Receive time: 6.29425e-05
Mover threads finish.
1 Gen time: Insert time: 1.09673e-05
0 remote msg receive done.
0.0291619
1 total msg block: 0
Receive time: 2.09808e-05
Reduce time: 0.000905991
Messages reduce done.
Update time: 0.000383854

Iter: 2
Rank: 0 status count done.
Insert time: 0.00158095
1 remote msg receive done.
Reduce time: 0.00179887
Messages reduce done.
Update time: 0.00148487

Iter: 2
After receive ...

Iter: 2...
Active vertex count: 0
No vertice is active, ending the computation :)

0 all time : 2.19929
Total reduce time: 0.012239
Total working time: 2.1862
Total moving time: 0
Total update time: 0.000779867
Total comm time: 0.00018096
Total insert time: 1.88351e-05
Accumulative total active vertices: 21411
Rank: 1 status count done.
After receive ...

Iter: 2...
Active vertex count: 0
No vertice is active, ending the computation :)

1 all time : 0.0639043
Total reduce time: 0.00331473
Total working time: 0.0033319
Total moving time: 0.0541172
Total update time: 0.00292873
Total comm time: 7.60555e-05
Total insert time: 0.00328803
Accumulative total active vertices: 21411
Finish.
Finish.
 
TACC: Shutdown complete. Exiting.
