Running on MIC and CPU
TACC: Starting up job 4178045
TACC: Starting parallel tasks...
  mpiexec.hydra -iface br0 -configfile /home1/02687/binren/.slurm/config_file.4178045.TynchfPf -machinefile /home1/02687/binren/.slurm/job.4178045.hostlist.9ASZfwOj  
My rank is: 0
My rank is: 1
0 vertex count: 38394
0 line no: 38394
0 edges: 191457899
Reordering...
Rank: 0 width is: 128
Rank: 0 vlen is: 16
===========> Max length: 24997
===========> Min length: 0
Reorder time: 0.333113
****** remote edges: ****** 0
Iter: 0
Rank: 0 status count done.
1 vertex count: 0
1 line no: 38394
1 edges: 0
Reordering...
Reorder time: 1.3113e-05
****** remote edges: ****** 0
Iter: 0
After receive ...

Iter: 0...
Active vertex count: 20205
***********Re-initing...**************
Buffer columns allocated: 0
Total write: 0
Total read: 0
***********Re-init done.**************
Rank: 1 status count done.
After receive ...

Iter: 0...
Active vertex count: 20205
***********Re-initing...**************
Buffer columns allocated: 0
Total write: 0
Total read: 0
***********Re-init done.**************
1 working threads finish.
Mover threads finish.
1 Gen time: 0.00572991
0 working threads finish.
Mover threads finish.
0 Gen time: 3.41929
0 total msg block: 0
Receive time: 0.000126839
Insert time: 1.09673e-05
0 remote msg receive done.
1 total msg block: 0
Receive time: 5.57899e-05
Reduce time: 0.014401
Messages reduce done.
Update time: 0.000406027

Iter: 1
Rank: 0 status count done.
Insert time: 0.00149417
1 remote msg receive done.
Reduce time: 0.00151801
Messages reduce done.
Update time: 0.00144386

Iter: 1
After receive ...

Iter: 1...
Active vertex count: 1206
***********Re-initing...**************
Buffer columns allocated: 18189
Total write: 0
Total read: 0
***********Re-init done.**************
Rank: 1 status count done.
After receive ...

Iter: 1...
Active vertex count: 1206
***********Re-initing...**************
Buffer columns allocated: 0
Total write: 0
Total read: 0
***********Re-init done.**************
1 working threads finish.
Mover threads finish.
1 Gen time: 0.00571108
0 working threads finish.
Mover threads finish.
0 Gen time: 0.243508
0 total msg block: 0
Receive time: 8.89301e-05
Insert time: 1.19209e-05
0 remote msg receive done.
1 total msg block: 0
Receive time: 3.19481e-05
Reduce time: 0.000910997
Messages reduce done.
Update time: 0.000349998

Iter: 2
Rank: 0 status count done.
Insert time: 0.00150394
1 remote msg receive done.
Reduce time: 0.00145102
Messages reduce done.
Update time: 0.00144911

Iter: 2
After receive ...

Iter: 2...
Active vertex count: 0
No vertice is active, ending the computation :)

0 all time : 3.67886
Total reduce time: 0.015312
Total working time: 1.78854
Total moving time: 1.87411
Total update time: 0.000756025
Total comm time: 0.000215769
Total insert time: 2.28882e-05
Accumulative total active vertices: 21411
Rank: 1 status count done.
After receive ...

Iter: 2...
Active vertex count: 0
No vertice is active, ending the computation :)

1 all time : 0.017303
Total reduce time: 0.00296903
Total working time: 0.0111239
Total moving time: 1.90735e-06
Total update time: 0.00289297
Total comm time: 8.7738e-05
Total insert time: 0.00299811
Accumulative total active vertices: 21411
Finish.
Finish.
 
TACC: Shutdown complete. Exiting.
