Running on MIC and CPU
TACC: Starting up job 4162578
TACC: Starting parallel tasks...
  mpiexec.hydra -iface br0 -configfile /home1/02687/binren/.slurm/config_file.4162578.Es3BgNiP -machinefile /home1/02687/binren/.slurm/job.4162578.hostlist.hMoDrtAG  
My rank is: 0
My rank is: 1
0 vertex count: 0
0 line no: 38394
0 edges: 0
Reordering...
Reorder time: 2.69413e-05
****** remote edges: ****** 0
Iter: 0
Rank: 0 status count done.
1 vertex count: 38394
1 line no: 38394
1 edges: 191457899
slurmd[c557-502]: *** JOB 4162578 CANCELLED AT 2014-09-26T10:25:07 DUE TO TIME LIMIT ***
[mpiexec@c557-502.stampede.tacc.utexas.edu] HYD_pmcd_pmiserv_send_signal (./pm/pmiserv/pmiserv_cb.c:221): assert (!closed) failed
[mpiexec@c557-502.stampede.tacc.utexas.edu] ui_cmd_cb (./pm/pmiserv/pmiserv_pmci.c:128): unable to send SIGUSR1 downstream
[mpiexec@c557-502.stampede.tacc.utexas.edu] HYDT_dmxu_poll_wait_for_event (./tools/demux/demux_poll.c:77): callback returned error status
[mpiexec@c557-502.stampede.tacc.utexas.edu] HYD_pmci_wait_for_completion (./pm/pmiserv/pmiserv_pmci.c:388): error waiting for event
[mpiexec@c557-502.stampede.tacc.utexas.edu] main (./ui/mpich/mpiexec.c:745): process manager error waiting for completion
