Lmod has detected the following error: Swap failed: "mvapich2" is not
loaded.

Running on MIC and CPU
TACC: Starting up job 5081027
TACC: Starting parallel tasks...
# Command used to run job in: /home1/02687/binren/.slurm/job.5081027.runcmd.HgnpEbDp 
My rank is: 0
My rank is: 1
0 vertex count: 0
0 line no: 38394
0 edges: 0
Reordering...
Reorder time: 2.09808e-05
****** remote edges: ****** 0
Iter: 0
Rank: 0 status count done.
1 vertex count: 38394
1 line no: 38394
1 edges: 191457899
Reordering...
Rank: 1 width is: 32
Rank: 1 vlen is: 64
===========> Max length: 24997
===========> Min length: 0
Reorder time: 0.0407941
****** remote edges: ****** 0
Iter: 0
After receive ...

Iter: 0...
Active vertex count: 20205
***********Re-initing...**************
Buffer columns allocated: 0
Total write: 0
Total read: 0
***********Re-init done.**************
Rank: 1 status count done.
After receive ...

Iter: 0...
Active vertex count: 20205
***********Re-initing...**************
0 working threads finish.
Mover threads finish.
0 Gen time: 8.89301e-05
Buffer columns allocated: 0
Total write: 0
Total read: 0
***********Re-init done.**************
1 working threads finish.
0 total msg block: 0
Receive time: 8.60691e-05
Mover threads finish.
Insert time: 2.69413e-05
1 Gen time: 1.37177
0 remote msg receive done.
Reduce time: 1.00136e-05
Messages reduce done.
Update time: 1.00136e-05

Iter: 1
1 total msg block: 0
Receive time: 4.91142e-05
Rank: 0 status count done.
Insert time: 0.00163507
1 remote msg receive done.
Reduce time: 0.00165415
Messages reduce done.
Update time: 0.00161791

Iter: 1
After receive ...

Iter: 1...
Active vertex count: 3004
***********Re-initing...**************
Buffer columns allocated: 0
Total write: 0
Total read: 0
***********Re-init done.**************
Rank: 1 status count done.
After receive ...

Iter: 1...
Active vertex count: 3004
***********Re-initing...**************
0 working threads finish.
Mover threads finish.
0 Gen time: 8.51154e-05
Buffer columns allocated: 18189
Total write: 0
Total read: 0
***********Re-init done.**************
1 working threads finish.
0 total msg block: 0
Receive time: 7.00951e-05
Mover threads finish.
1 Gen time: Insert time: 1.09673e-05
0 remote msg receive done.
Reduce time: 1.00136e-05
Messages reduce done.
Update time: 1.00136e-05

Iter: 2
Rank: 0 status count done.
0.048064
1 total msg block: 0
Receive time: 2.31266e-05
Insert time: 0.0015738
1 remote msg receive done.
Reduce time: 0.00149107
Messages reduce done.
Update time: 0.00149894

Iter: 2
After receive ...

Iter: 2...
Active vertex count: 7
***********Re-initing...**************
Buffer columns allocated: 0
Total write: 0
Total read: 0
***********Re-init done.**************
0 working threads finish.
Rank: 1 status count done.
Mover threads finish.
0 Gen time: After receive ...

Iter: 2...
Active vertex count: 7
***********Re-initing...**************
7.9155e-05
Buffer columns allocated: 11184
Total write: 0
Total read: 0
***********Re-init done.**************
1 working threads finish.
0 total msg block: 0
Receive time: 6.91414e-05
Mover threads finish.
1 Gen time: Insert time: 0.025218
1 total msg block: 0
Receive time: 2.38419e-05
1.00136e-05
0 remote msg receive done.
Reduce time: 1.00136e-05
Messages reduce done.
Update time: 1.00136e-05

Iter: 3
Rank: 0 status count done.
Insert time: 0.00156593
1 remote msg receive done.
Reduce time: 0.00152087
Messages reduce done.
Update time: 0.00153613

Iter: 3
After receive ...

Iter: 3...
Active vertex count: 0
No vertice is active, ending the computation :)

0 all time : 0.000313282
Total reduce time: 3.00407e-05
Total working time: 9.77516e-06
Total moving time: 0.000249863
Total update time: 3.00407e-05
Total comm time: 0.000225306
Total insert time: 4.79221e-05
Accumulative total active vertices: 23216
Rank: 1 status count done.
Finish.
After receive ...

Iter: 3...
Active vertex count: 0
No vertice is active, ending the computation :)

1 all time : 1.45437
Total reduce time: 0.00466609
Total working time: 1.35301
Total moving time: 1.44504
Total update time: 0.00465298
Total comm time: 9.60827e-05
Total insert time: 0.00477481
Accumulative total active vertices: 23216
Finish.
 
TACC: Shutdown complete. Exiting.
