Running on MIC and CPU
TACC: Starting up job 4164351
TACC: Starting parallel tasks...
  mpiexec.hydra -iface br0 -configfile /home1/02687/binren/.slurm/config_file.4164351.wtiK7BtX -machinefile /home1/02687/binren/.slurm/job.4164351.hostlist.oCcUXBfR  
My rank is: 0
My rank is: 1
0 vertex count: 0
0 line no: 38394
0 edges: 0
Reordering...
Reorder time: 1.5974e-05
****** remote edges: ****** 0
Iter: 0
Rank: 0 status count done.
1 vertex count: 38394
1 line no: 38394
1 edges: 191457899
Reordering...
Rank: 1 width is: 256
Rank: 1 vlen is: 64
===========> Max length: 24997
===========> Min length: 0
Reorder time: 0.039963
****** remote edges: ****** 0
Iter: 0
After receive ...

Iter: 0...
Active vertex count: 20205
***********Re-initing...**************
Buffer columns allocated: 0
Total write: 0
Total read: 0
***********Re-init done.**************
Rank: 1 status count done.
After receive ...

Iter: 0...
Active vertex count: 20205
***********Re-initing...**************
0 working threads finish.
Mover threads finish.
0 Gen time: 8.89301e-05
Buffer columns allocated: 0
Total write: 0
Total read: 0
***********Re-init done.**************
0 total msg block: 0
Receive time: 5.60284e-05
1 working threads finish.
Mover threads finish.
1 Gen time: Insert time: 1.00136e-05
0 remote msg receive done.
Reduce time: 1.00136e-05
Messages reduce done.
Update time: 1.00136e-05

Iter: 1
1.14952
1 total msg block: 0
Receive time: 5.6982e-05
Rank: 0 status count done.
Insert time: 0.00147605
1 remote msg receive done.
Reduce time: 0.105475
Messages reduce done.
Update time: 0.00147891

Iter: 1
After receive ...

Iter: 1...
Active vertex count: 2942
***********Re-initing...**************
Buffer columns allocated: 0
Total write: 0
Total read: 0
***********Re-init done.**************
0 working threads finish.
Rank: 1 status count done.
Mover threads finish.
0After receive ...

Iter: 1...
Active vertex count: 2942
***********Re-initing...**************
 Gen time: 8.10623e-05
Buffer columns allocated: 18189
Total write: 0
Total read: 0
***********Re-init done.**************
0 total msg block: 0
Receive time: 6.8903e-05
1 working threads finish.
Mover threads finish.
1 Gen time: Insert time: 1.00136e-05
0 remote msg receive done.
Reduce time: 1.00136e-05
Messages reduce done.
Update time: 1.00136e-05

Iter: 2
0.159249
1 total msg block: 0
Receive time: 2.09808e-05
Rank: 0 status count done.
Insert time: 0.00149202
1 remote msg receive done.
Reduce time: 0.00148606
Messages reduce done.
Update time: 0.00152898

Iter: 2
After receive ...

Iter: 2...
Active vertex count: 51
***********Re-initing...**************
Buffer columns allocated: 0
Total write: 0
Total read: 0
***********Re-init done.**************
Rank: 1 status count done.
After receive ...

Iter: 2...
Active vertex count: 51
***********Re-initing...**************
0 working threads finish.
Mover threads finish.
0 Gen time: 7.70092e-05
Buffer columns allocated: 11184
Total write: 0
Total read: 0
***********Re-init done.**************
0 total msg block: 0
Receive time: 7.20024e-05
1 working threads finish.
Mover threads finish.
1 Gen time: Insert time: 1.09673e-05
0 remote msg receive done.
Reduce time: 9.05991e-06
Messages reduce done.
0.0058918
1 total msg block: 0
Receive time: 2.09808e-05
Update time: 1.00136e-05

Iter: 3
Rank: 0 status count done.
Insert time: 0.00148296
1 remote msg receive done.
Reduce time: 0.0014751
Messages reduce done.
Update time: 0.00146198

Iter: 3
After receive ...

Iter: 3...
Active vertex count: 0
No vertice is active, ending the computation :)

0 all time : 0.000306129
Total reduce time: 2.90871e-05
Total working time: 9.05991e-06
Total moving time: 0.000218868
Total update time: 3.00407e-05
Total comm time: 0.000196934
Total insert time: 3.09944e-05
Accumulative total active vertices: 23198
Finish.
Rank: 1 status count done.
After receive ...

Iter: 3...
Active vertex count: 0
No vertice is active, ending the computation :)

1 all time : 1.42757
Total reduce time: 0.108436
Total working time: 1.31424
Total moving time: 9.53674e-07
Total update time: 0.00446987
Total comm time: 9.89437e-05
Total insert time: 0.00445104
Accumulative total active vertices: 23198
Finish.
 
TACC: Shutdown complete. Exiting.
