Lmod has detected the following error: Swap failed: "mvapich2" is not
loaded.

Running on MIC and CPU
TACC: Starting up job 5081468
TACC: Starting parallel tasks...
# Command used to run job in: /home1/02687/binren/.slurm/job.5081468.runcmd.IjHwSGGO 
My rank is: 0
My rank is: 1
0 vertex count: 0
0 line no: 38394
0 edges: 0
Reordering...
Reorder time: 1.90735e-05
****** remote edges: ****** 0
Iter: 0
Rank: 0 status count done.
1 vertex count: 38394
1 line no: 38394
1 edges: 191457899
Reordering...
Rank: 1 width is: 32
Rank: 1 vlen is: 64
===========> Max length: 24997
===========> Min length: 0
Reorder time: 0.0403759
****** remote edges: ****** 0
Iter: 0
After receive ...

Iter: 0...
Active vertex count: 20205
***********Re-initing...**************
Buffer columns allocated: 0
Total write: 0
Total read: 0
***********Re-init done.**************
Rank: 1 status count done.
After receive ...

Iter: 0...
Active vertex count: 20205
***********Re-initing...**************
0 working threads finish.
Mover threads finish.
0 Gen time: 9.5129e-05
Buffer columns allocated: 0
Total write: 0
Total read: 0
***********Re-init done.**************
1 working threads finish.
0 total msg block: 0
Receive time: 8.39233e-05
Mover threads finish.
1 Gen time: Insert time: 4.3869e-05
0 remote msg receive done.
0.619086
1 total msg block: 0
Receive time: 4.79221e-05
Reduce time: 1.00136e-05
Messages reduce done.
Update time: 1.09673e-05

Iter: 1
Rank: 0 status count done.
Insert time: 0.00158215
1 remote msg receive done.
Reduce time: 0.00157619
Messages reduce done.
Update time: 0.0015099

Iter: 1
After receive ...

Iter: 1...
Active vertex count: 3004
***********Re-initing...**************
Buffer columns allocated: 0
Total write: 0
Total read: 0
***********Re-init done.**************
Rank: 1 status count done.
After receive ...

Iter: 1...
Active vertex count: 3004
***********Re-initing...**************
0 working threads finish.
Mover threads finish.
0 Gen time: 7.70092e-05
Buffer columns allocated: 18189
Total write: 0
Total read: 0
***********Re-init done.**************
1 working threads finish.
0 total msg block: 0
Receive time: 7.60555e-05
Insert time: 1.00136e-05
0 remote msg receive done.
Mover threads finish.
1 Gen time: 0.121696
Reduce time: 1.00136e-05
Messages reduce done.
Update time: 1.00136e-05

Iter: 2
Rank: 0 status count done.
1 total msg block: 0
Receive time: 1.81198e-05
Insert time: 0.00159502
1 remote msg receive done.
Reduce time: 0.00151086
Messages reduce done.
Update time: 0.00148416

Iter: 2
After receive ...

Iter: 2...
Active vertex count: 7
***********Re-initing...**************
Buffer columns allocated: 0
Total write: 0
Total read: 0
***********Re-init done.**************
Rank: 1 status count done.
After receive ...

Iter: 2...
Active vertex count: 7
***********Re-initing...**************
0 working threads finish.
Mover threads finish.
0 Gen time: 8.41618e-05
Buffer columns allocated: 11184
Total write: 0
Total read: 0
***********Re-init done.**************
1 working threads finish.
Mover threads finish.
0 total msg block: 0
Receive time: 6.19888e-05
1 Gen time: 0.0313969
Insert time: 1.19209e-05
0 remote msg receive done.
1 total msg block: 0
Receive time: 1.69277e-05
Reduce time: 1.00136e-05
Messages reduce done.
Update time: 1.00136e-05

Iter: 3
Rank: 0 status count done.
Insert time: 0.00149894
1 remote msg receive done.
Reduce time: 0.001513
Messages reduce done.
Update time: 0.00153899

Iter: 3
After receive ...

Iter: 3...
Active vertex count: 0
No vertice is active, ending the computation :)

0 all time : 0.000317335
Rank: 1Total reduce time: 3.00407e-05
Total working time: 2.09808e-05
Total moving time: 0.000254154
Total update time: 3.09944e-05
Total comm time:  status count done.
After receive ...

Iter: 30.000221968
Total insert time: 6.58035e-05...
Active vertex count: 0
No vertice is active, ending the computation :)

1 all time : 0.781312
Total reduce time: 
Accumulative total active vertices: 23216
0.00460005
Total working time: 0.584314
Total moving time: 0.77216
Total update time: 0.00453305
Total comm time: 8.29697e-05
Total insert time: 0.0046761
Accumulative total active vertices: 23216
Finish.
Finish.
 
TACC: Shutdown complete. Exiting.
