Running on MIC and CPU
TACC: Starting up job 4144778
TACC: Starting parallel tasks...
  mpiexec.hydra -iface br0 -configfile /home1/02687/binren/.slurm/config_file.4144778.8Ry7sVHQ -machinefile /home1/02687/binren/.slurm/job.4144778.hostlist.ZpkBeZWJ  
My rank is: 0
My rank is: 1
0 vertex count: 38394
0 line no: 38394
0 edges: 191457899
Reordering...
Rank: 0 width is: 256
Rank: 0 vlen is: 16
===========> Max length: 24997
===========> Min length: 0
Reorder time: 0.328467
****** remote edges: ****** 0
Iter: 0
Rank: 0 status count done.
1 vertex count: 0
1 line no: 38394
1 edges: 0
Reordering...
Reorder time: 1.19209e-05
****** remote edges: ****** 0
Iter: 0
After receive ...

Iter: 0...
Active vertex count: 20205
***********Re-initing...**************
Rank: 1 status count done.
Buffer columns allocated: 0
Total write: 0
Total read: 0
***********Re-init done.**************
After receive ...

Iter: 0...
Active vertex count: 20205
***********Re-initing...**************
Buffer columns allocated: 0
Total write: 0
Total read: 0
***********Re-init done.**************
1 working threads finish.
Mover threads finish.
1 Gen time: 0.028497
0 working threads finish.
Mover threads finish.
0 Gen time: 2.38702
0 total msg block: 0
Receive time: 0.000120163
1 total msg block: 0
Receive time: 5.4121e-05
Insert time: 0.000229836
0 remote msg receive done.
Insert time: 0.00156903
1 remote msg receive done.
Reduce time: 0.0376699
Messages reduce done.
Update time: 0.000227928

Iter: 1
Rank: 0 status count done.
Reduce time: 0.0014689
Messages reduce done.
Update time: 0.00145912

Iter: 1
After receive ...

Iter: 1...
Active vertex count: 113
***********Re-initing...**************
Buffer columns allocated: 18189
Total write: 0
Total read: 0
***********Re-init done.**************
Rank: 1 status count done.
After receive ...

Iter: 1...
Active vertex count: 113
***********Re-initing...**************
Buffer columns allocated: 0
0 working threads finish.
Mover threads finish.
0 Gen time: 0.0131471
Total write: 0
Total read: 0
***********Re-init done.**************
1 working threads finish.
0 total msg block: 0
Receive time: 7.10487e-05
Mover threads finish.
1 Gen time: 0.0289741
1 total msg block: 0
Receive time: 2.40803e-05
Insert time: 0.000218153
0 remote msg receive done.
Reduce time: 0.000208855
Messages reduce done.
Update time: 0.000194073

Iter: 2
Rank: 0 status count done.
Insert time: 0.00171709
1 remote msg receive done.
Reduce time: 0.00161004
Messages reduce done.
Update time: 0.00150204

Iter: 2
After receive ...

Iter: 2...
Active vertex count: 0
No vertice is active, ending the computation :)

0 all time : 2.43846
Total reduce time: 0.0378788
Total working time: 1.42013
Total moving time: 0.980011
Total update time: 0.000422001
Total comm time: 0.000191212
Total insert time: 0.000447989
Accumulative total active vertices: 20318
Rank: 1 status count done.
After receive ...

Iter: 2...
Active vertex count: 0
No vertice is active, ending the computation :)

1 all time : 0.0635111
Total reduce time: 0.00307894
Total working time: 0.00330114
Total moving time: 0.0539558
Total update time: 0.00296116
Total comm time: 7.82013e-05
Total insert time: 0.00328612
Accumulative total active vertices: 20318
Finish.
Finish.
 
TACC: Shutdown complete. Exiting.
