Running on MIC and CPU
TACC: Starting up job 4164076
TACC: Starting parallel tasks...
  mpiexec.hydra -iface br0 -configfile /home1/02687/binren/.slurm/config_file.4164076.wRRjaLtJ -machinefile /home1/02687/binren/.slurm/job.4164076.hostlist.INxXcBWn  
My rank is: 0
My rank is: 1
0 vertex count: 0
0 line no: 38394
0 edges: 0
Reordering...
Reorder time: 2.00272e-05
****** remote edges: ****** 0
Iter: 0
Rank: 0 status count done.
1 vertex count: 38394
1 line no: 38394
1 edges: 191457899
Reordering...
Rank: 1 width is: 256
Rank: 1 vlen is: 64
===========> Max length: 24997
===========> Min length: 0
Reorder time: 0.039865
****** remote edges: ****** 0
Iter: 0
After receive ...

Iter: 0...
Active vertex count: 20205
***********Re-initing...**************
Buffer columns allocated: 0
Total write: 0
Total read: 0
***********Re-init done.**************
Rank: 1 status count done.
After receive ...

Iter: 0...
Active vertex count: 20205
***********Re-initing...**************
0 working threads finish.
Mover threads finish.
0 Gen time: Buffer columns allocated: 0
8.98838e-05
Total write: 0
Total read: 0
***********Re-init done.**************
1 working threads finish.
Mover threads finish.
0 total msg block: 0
Receive time: 3.21865e-05
Insert time: 1.19209e-05
0 remote msg receive done.
1 Gen time: 4.90034
Reduce time: 1 total msg block: 6.91414e-06
Messages reduce done.
0
Receive time: 4.98295e-05
Update time: 1.21593e-05

Iter: 1
Rank: 0 status count done.
Insert time: 0.00165105
1 remote msg receive done.
Reduce time: 0.09973
Messages reduce done.
Update time: 0.0015738

Iter: 1
After receive ...

Iter: 1...
Active vertex count: 2942
***********Re-initing...**************
Buffer columns allocated: 0
Total write: 0
Total read: 0
***********Re-init done.**************
Rank: 1 status count done.
After receive ...

Iter: 1...
Active vertex count: 2942
***********Re-initing...**************
0 working threads finish.
Mover threads finish.
0 Gen time: 8.51154e-05
Buffer columns allocated: 18189
Total write: 0
Total read: 0
***********Re-init done.**************
1 working threads finish.
0 total msg block: 0
Receive time: 4.91142e-05
Mover threads finish.
1 Gen time: Insert time: 1.09673e-05
0 remote msg receive done.
Reduce time: 2.86102e-06
Messages reduce done.
0.077384
1 total msg block: 0
Receive time: 1.4782e-05
Update time: 1.00136e-05

Iter: 2
Rank: 0 status count done.
Insert time: 0.00153708
1 remote msg receive done.
Reduce time: 0.00156498
Messages reduce done.
Update time: 0.0014751

Iter: 2
After receive ...

Iter: 2...
Active vertex count: 51
***********Re-initing...**************
Buffer columns allocated: 0
Total write: 0
Total read: 0
***********Re-init done.**************
Rank: 1 status count done.
After receive ...

Iter: 2...
Active vertex count: 51
***********Re-initing...**************
0 working threads finish.
Mover threads finish.
0 Gen time: 7.60555e-05
Buffer columns allocated: 11184
Total write: 0
Total read: 0
***********Re-init done.**************
1 working threads finish.
Mover threads finish.
0 total msg block: 0
1 Gen time: 0.0285928
Receive time: 4.91142e-05
Insert time: 8.10623e-06
0 remote msg receive done.
1 total msg block: 0
Receive time: 1.50204e-05
Reduce time: 1.3113e-05
Messages reduce done.
Update time: 1.00136e-05

Iter: 3
Rank: 0 status count done.
Insert time: 0.00152206
1 remote msg receive done.
Reduce time: 0.00162506
Messages reduce done.
Update time: 0.00177789

Iter: 3
After receive ...

Iter: 3...
Active vertex count: 0
No vertice is active, ending the computation :)

0 all time : 0.000306129
Total reduce time: 2.28882e-05
Total working time: 1.0252e-05
Total moving time: 0.000223875
Total update time: 3.21865e-05
Total comm time: Rank: 1 status count done.
0.000130415
Total insert time: After receive ...

Iter: 3...
Active vertex count: 0
No vertice is active, ending the computation :)

1 all time : 3.09944e-05
Accumulative total active vertices: 23198
Finish.
5.11406
Total reduce time: 0.10292
Total working time: 4.88583
Total moving time: 0.120122
Total update time: 0.00482678
Total comm time: 7.96318e-05
Total insert time: 0.0047102
Accumulative total active vertices: 23198
Finish.
 
TACC: Shutdown complete. Exiting.
