Lmod has detected the following error: Swap failed: "mvapich2" is not
loaded.

Running on MIC and CPU
TACC: Starting up job 5074748
TACC: Starting parallel tasks...
# Command used to run job in: /home1/02687/binren/.slurm/job.5074748.runcmd.mFxRgwoZ 
My rank is: 0
My rank is: 1
0 vertex count: 0
0 line no: 38394
0 edges: 0
Reordering...
Reorder time: 1.90735e-05
****** remote edges: ****** 0
Iter: 0
Rank: 0 status count done.
1 vertex count: 38394
1 line no: 38394
1 edges: 191457899
Reordering...
Rank: 1 width is: 32
Rank: 1 vlen is: 64
===========> Max length: 24997
===========> Min length: 0
Reorder time: 0.0407062
****** remote edges: ****** 0
Iter: 0
After receive ...

Iter: 0...
Active vertex count: 20205
***********Re-initing...**************
Buffer columns allocated: 0
Total write: 0
Rank: 1 status count done.
Total read: 0
***********Re-init done.**************
After receive ...

Iter: 0...
Active vertex count: 20205
***********Re-initing...**************
0 working threads finish.
Mover threads finish.
0 Gen time: 8.39233e-05
Buffer columns allocated: 0
Total write: 0
Total read: 0
***********Re-init done.**************
1 working threads finish.
Mover threads finish.
0 total msg block: 0
1 Gen time: 0.250261
Receive time: 8.51154e-05
1 total msg block: 0
Insert time: 1.78814e-05
Receive time: 5.00679e-05
0 remote msg receive done.
Reduce time: 1.00136e-05
Messages reduce done.
Update time: 1.09673e-05

Iter: 1
Rank: 0 status count done.
Insert time: 0.00167179
1 remote msg receive done.
Reduce time: 0.00172615
Messages reduce done.
Update time: 0.00163007

Iter: 1
After receive ...

Iter: 1...
Active vertex count: 3004
***********Re-initing...**************
Buffer columns allocated: 0
Total write: 0Rank: 1
Total read: 0
***********Re-init done.**************
 status count done.
After receive ...

Iter: 0 working threads finish.
1...
Active vertex count: 3004
***********Re-initing...**************
Mover threads finish.
0 Gen time: 6.8903e-05
Buffer columns allocated: 18189
Total write: 0
Total read: 0
***********Re-init done.**************
1 working threads finish.
0 total msg block: 0
Receive time: 5.31673e-05
Insert time: 1.00136e-05
0 remote msg receive done.
Mover threads finish.
1 Gen time: 0.0499451
1 total msg block: 0
Receive time: 1.69277e-05
Reduce time: 1.00136e-05
Messages reduce done.
Update time: 1.09673e-05

Iter: 2
Rank: 0 status count done.
Insert time: 0.00155616
1 remote msg receive done.
Reduce time: 0.00156403
Messages reduce done.
Update time: 0.00158906

Iter: 2
After receive ...

Iter: 2...
Active vertex count: 7
***********Re-initing...**************
Buffer columns allocated: 0
Rank: 1Total write: 0
Total read: 0
***********Re-init done.**************
0 working threads finish.
 status count done.
After receive ...

Mover threads finish.
0Iter: 2...
Active vertex count: 7
***********Re-initing...**************
 Gen time: 0.000114918
Buffer columns allocated: 11184
Total write: 0
Total read: 0
***********Re-init done.**************
1 working threads finish.
Mover threads finish.
0 total msg block: 0
Receive time: 4.79221e-05
Insert time: 1.09673e-05
0 remote msg receive done.
Reduce time: 1 Gen time: 0.030268
1.00136e-05
Messages reduce done.
1 total msg block: 0
Receive time: 1.71661e-05
Update time: 1.00136e-05

Iter: 3
Rank: 0 status count done.
Insert time: 0.00158286
1 remote msg receive done.
Reduce time: 0.001899
Messages reduce done.
Update time: 0.00152493

Iter: 3
After receive ...

Iter: 3...
Active vertex count: 0
No vertice is active, ending the computation :)

0 all time : 0.000329733
Total reduce time: 3.00407e-05
Total working time: 1.97887e-05
Total moving time: 0.000265837Rank: 1
Total update time: 3.19481e-05
Total comm time: 0.000186205
Total insert time: 3.88622e-05
Accumulative total active vertices: 23216
Finish.
 status count done.
After receive ...

Iter: 3...
Active vertex count: 0
No vertice is active, ending the computation :)

1 all time : 0.340407
Total reduce time: 0.00518918
Total working time: 0.22638
Total moving time: 0.330464
Total update time: 0.00474405
Total comm time: 8.41618e-05
Total insert time: 0.00481081
Accumulative total active vertices: 23216
Finish.
 
TACC: Shutdown complete. Exiting.
