Lmod has detected the following error: Swap failed: "mvapich2" is not
loaded.

Running on MIC and CPU
TACC: Starting up job 5082088
TACC: Starting parallel tasks...
# Command used to run job in: /home1/02687/binren/.slurm/job.5082088.runcmd.vFSyWNhi 
My rank is: 0
My rank is: 1
0 vertex count: 0
0 line no: 38394
0 edges: 0
Reordering...
Reorder time: 1.90735e-05
****** remote edges: ****** 0
Iter: 0
Rank: 0 status count done.
1 vertex count: 38394
1 line no: 38394
1 edges: 191457899
Reordering...
Rank: 1 width is: 32
Rank: 1 vlen is: 64
===========> Max length: 24997
===========> Min length: 0
Reorder time: 0.0405982
****** remote edges: ****** 0
Iter: 0
After receive ...

Iter: 0...
Active vertex count: 20205
***********Re-initing...**************
Buffer columns allocated: 0
Total write: 0
Total read: 0
***********Re-init done.**************
Rank: 1 status count done.
After receive ...

Iter: 0...
Active vertex count: 20205
***********Re-initing...**************
0 working threads finish.
Mover threads finish.
0 Gen time: 8.2016e-05
Buffer columns allocated: 0
Total write: 0
Total read: 0
***********Re-init done.**************
1 working threads finish.
0 total msg block: 0
Receive time: 9.60827e-05
Mover threads finish.
1 Gen time: Insert time: 4.1008e-05
0 remote msg receive done.
0.164934
1 total msg block: 0
Receive time: 5.19753e-05
Reduce time: 1.09673e-05
Messages reduce done.
Update time: 1.00136e-05

Iter: 1
Rank: 0 status count done.
Insert time: 0.00155282
1 remote msg receive done.
Reduce time: 0.00156093
Messages reduce done.
Update time: 0.00150919

Iter: 1
After receive ...

Iter: 1...
Active vertex count: 3004
***********Re-initing...**************
Buffer columns allocated: 0
Total write: 0
Total read: 0
***********Re-init done.**************
Rank: 1 status count done.
After receive ...

Iter: 1...
Active vertex count: 3004
***********Re-initing...**************
0 working threads finish.
Mover threads finish.
0 Gen time: 7.29561e-05
Buffer columns allocated: 18189
Total write: 0
Total read: 0
***********Re-init done.**************
1 working threads finish.
0 total msg block: 0
Receive time: 6.8903e-05
Insert time: 1.09673e-05
0 remote msg receive done.
Mover threads finish.
1 Gen time: 0.050226
1 total msg block: 0
Receive time: 2.00272e-05
Reduce time: 1.09673e-05
Messages reduce done.
Update time: 1.00136e-05

Iter: 2
Rank: 0 status count done.
Insert time: 0.00155997
1 remote msg receive done.
Reduce time: 0.00152206
Messages reduce done.
Update time: 0.00153804

Iter: 2
After receive ...

Iter: 2...
Active vertex count: 7
***********Re-initing...**************
Buffer columns allocated: 0
Total write: 0
Total read: 0
***********Re-init done.**************
0 working threads finish.
Rank: 1 status count done.
Mover threads finish.
0After receive ...

Iter: 2...
Active vertex count: 7
***********Re-initing...**************
 Gen time: 7.58171e-05
Buffer columns allocated: 11184
Total write: 0
Total read: 0
***********Re-init done.**************
1 working threads finish.
0 total msg block: 0
Receive time: 6.41346e-05
Insert time: 1.00136e-05
0 remote msg receive done.
Mover threads finish.
1 Gen time: 0.0384512
1 total msg block: 0
Receive time: 1.90735e-05
Reduce time: 1.00136e-05
Messages reduce done.
Update time: 1.00136e-05

Iter: 3
Rank: 0 status count done.
Insert time: 0.00153899
1 remote msg receive done.
Reduce time: 0.001513
Messages reduce done.
Update time: 0.00148392

Iter: 3
After receive ...

Iter: 3...
Active vertex count: 0
No vertice is active, ending the computation :)

0 all time : 0.000292778
Total reduce time: 3.19481e-05
Total working time: 9.77516e-06
Total moving time: 0.000229836
Total update time: 3.00407e-05
Total comm time: 0.00022912
Total insert time: 6.19888e-05
Accumulative total active vertices: 23216
Finish.
Rank: 1 status count done.
After receive ...

Iter: 3...
Active vertex count: 0
No vertice is active, ending the computation :)

1 all time : 0.262738
Total reduce time: 0.00459599
Total working time: 0.0843379
Total moving time: 0.253594
Total update time: 0.00453115
Total comm time: 9.10759e-05
Total insert time: 0.00465178
Accumulative total active vertices: 23216
Finish.
 
TACC: Shutdown complete. Exiting.
