Lmod has detected the following error: Swap failed: "mvapich2" is not
loaded.

Running on MIC and CPU
TACC: Starting up job 5074192
TACC: Starting parallel tasks...
# Command used to run job in: /home1/02687/binren/.slurm/job.5074192.runcmd.nMaA9ehF 
My rank is: 0
My rank is: 1
0 vertex count: 0
0 line no: 38394
0 edges: 0
Reordering...
Reorder time: 1.78814e-05
****** remote edges: ****** 0
Iter: 0
Rank: 0 status count done.
1 vertex count: 38394
1 line no: 38394
1 edges: 191457899
Reordering...
Rank: 1 width is: 32
Rank: 1 vlen is: 64
===========> Max length: 24997
===========> Min length: 0
Reorder time: 0.0410051
****** remote edges: ****** 0
Iter: 0
After receive ...

Iter: 0...
Active vertex count: 20205
***********Re-initing...**************
Buffer columns allocated: 0
Total write: 0
Total read: 0
***********Re-init done.**************
Rank: 1 status count done.
After receive ...

Iter: 0...
Active vertex count: 20205
***********Re-initing...**************
0 working threads finish.
Mover threads finish.
0 Gen time: 9.10759e-05
Buffer columns allocated: 0
Total write: 0
Total read: 0
***********Re-init done.**************
1 working threads finish.
0 total msg block: 0
Receive time: 8.29697e-05
Mover threads finish.
1 Gen time: Insert time: 2.90871e-05
0 remote msg receive done.
0.252849
1 total msg block: 0
Receive time: 4.79221e-05
Reduce time: 9.05991e-06
Messages reduce done.
Update time: 1.00136e-05

Iter: 1
Rank: 0 status count done.
Insert time: 0.00157309
1 remote msg receive done.
Reduce time: 0.00154901
Messages reduce done.
Update time: 0.00152397

Iter: 1
After receive ...

Iter: 1...
Active vertex count: 3004
***********Re-initing...**************
Buffer columns allocated: 0
Total write: 0
Total read: 0
***********Re-init done.**************
Rank: 1 status count done.
After receive ...

Iter: 1...
Active vertex count: 3004
***********Re-initing...**************
0 working threads finish.
Mover threads finish.
0 Gen time: 6.29425e-05
Buffer columns allocated: 18189
Total write: 0
Total read: 0
***********Re-init done.**************
1 working threads finish.
0 total msg block: 0
Receive time: 7.29561e-05
Mover threads finish.
1 Gen time: 0.0517001
Insert time: 1.00136e-05
0 remote msg receive done.
Reduce time: 1.00136e-05
Messages reduce done.
Update time: 1.00136e-05

Iter: 2
1 total msg block: 0
Receive time: 1.81198e-05
Rank: 0 status count done.
Insert time: 0.00152183
1 remote msg receive done.
Reduce time: 0.00147891
Messages reduce done.
Update time: 0.00146413

Iter: 2
After receive ...

Iter: 2...
Active vertex count: 7
***********Re-initing...**************
Buffer columns allocated: 0
Total write: 0
Total read: 0
***********Re-init done.**************
Rank: 1 status count done.
After receive ...

Iter: 2...
Active vertex count: 7
***********Re-initing...**************
0 working threads finish.
Mover threads finish.
0 Gen time: 6.19888e-05
Buffer columns allocated: 11184
Total write: 0
Total read: 0
***********Re-init done.**************
1 working threads finish.
0 total msg block: 0
Mover threads finish.
Receive time: 5.4121e-05
Insert time: 1.00136e-05
0 remote msg receive done.
1 Gen time: 0.0301731
1 total msg block: 0
Receive time: 1.78814e-05
Reduce time: 9.05991e-06
Messages reduce done.
Update time: 1.00136e-05

Iter: 3
Rank: 0 status count done.
Insert time: 0.00149703
1 remote msg receive done.
Reduce time: 0.00146508
Messages reduce done.
Update time: 0.00146794

Iter: 3
After receive ...

Iter: 3...
Active vertex count: 0
No vertice is active, ending the computation :)

0 all time : 0.000274181
Total reduce time: 2.81334e-05
Total working time: 1.85966e-05
Total moving time: 0.000213861
Total update time: 3.00407e-05
Total comm time: 0.000210047
Total insert time: 4.91142e-05
Accumulative total active vertices: 23216
Finish.
Rank: 1 status count done.
After receive ...

Iter: 3...
Active vertex count: 0
No vertice is active, ending the computation :)

1 all time : 0.343671
Total reduce time: 0.004493
Total working time: 0.130516
Total moving time: 0.334698
Total update time: 0.00445604
Total comm time: 8.39233e-05
Total insert time: 0.00459194
Accumulative total active vertices: 23216
Finish.
 
TACC: Shutdown complete. Exiting.
