Running on MIC and CPU
TACC: Starting up job 4163971
TACC: Starting parallel tasks...
  mpiexec.hydra -iface br0 -configfile /home1/02687/binren/.slurm/config_file.4163971.Udht6Udp -machinefile /home1/02687/binren/.slurm/job.4163971.hostlist.xXeOGtKI  
My rank is: 0
My rank is: 1
0 vertex count: 0
0 line no: 38394
0 edges: 0
Reordering...
Reorder time: 1.81198e-05
****** remote edges: ****** 0
Iter: 0
Rank: 0 status count done.
1 vertex count: 38394
1 line no: 38394
1 edges: 191457899
Reordering...
Rank: 1 width is: 256
Rank: 1 vlen is: 64
===========> Max length: 24997
===========> Min length: 0
Reorder time: 0.0399158
****** remote edges: ****** 0
Iter: 0
After receive ...

Iter: 0...
Active vertex count: 20205
***********Re-initing...**************
Buffer columns allocated: 0
Total write: 0
Total read: 0
***********Re-init done.**************
Rank: 1 status count done.
After receive ...

Iter: 0...
Active vertex count: 20205
***********Re-initing...**************
0 working threads finish.
Mover threads finish.
0 Gen time: 8.58307e-05
Buffer columns allocated: 0
Total write: 0
Total read: 0
***********Re-init done.**************
1 working threads finish.
0 total msg block: 0
Receive time: 4.00543e-05
Insert time: 1.19209e-05
0 remote msg receive done.
Mover threads finish.
1 Gen time: 0.680837
1 total msg block: 0
Receive time: Reduce time: 1.00136e-05
Messages reduce done.
Update time: 9.77516e-06

Iter: 1
Rank: 0 status count done.
4.91142e-05
Insert time: 0.00165319
1 remote msg receive done.
Reduce time: 0.0992172
Messages reduce done.
Update time: 0.00157094

Iter: 1
After receive ...

Iter: 1...
Active vertex count: 2942
***********Re-initing...**************
Buffer columns allocated: 0
Total write: 0
Rank: 1Total read: 0
***********Re-init done.**************
0 working threads finish.
 status count done.
After receive ...
Mover threads finish.
0
Iter: 1...
Active vertex count: 2942
***********Re-initing...**************
 Gen time: Buffer columns allocated: 18189
9.5129e-05
Total write: 0
Total read: 0
***********Re-init done.**************
1 working threads finish.
Mover threads finish.
0 total msg block: 0
Receive time: 4.79221e-05
1 Gen time: 0.080317
Insert time: 1.00136e-05
0 remote msg receive done.
1 total msg block: 0
Receive time: 1.50204e-05
Reduce time: 8.82149e-06
Messages reduce done.
Update time: 1.00136e-05

Iter: 2
Rank: 0 status count done.
Insert time: 0.00155091
1 remote msg receive done.
Reduce time: 0.00154495
Messages reduce done.
Update time: 0.00152898

Iter: 2
After receive ...

Iter: 2...
Active vertex count: 51
***********Re-initing...**************
Buffer columns allocated: 0
Total write: 0
Total read: 0
***********Re-init done.**************
Rank: 1 status count done.
After receive ...

Iter: 2...
Active vertex count: 51
***********Re-initing...**************
0 working threads finish.
Mover threads finish.
0 Gen time: 8.10623e-05
Buffer columns allocated: 11184
Total write: 0
Total read: 0
***********Re-init done.**************
1 working threads finish.
0 total msg block: 0
Receive time: 8.10623e-05
Insert time: 1.00136e-05
0 remote msg receive done.
Mover threads finish.
1 Gen time: 0.0305681
1 total msg block: 0
Reduce time: 1.09673e-05
Messages reduce done.Receive time: 1.50204e-05

Update time: 1.00136e-05

Iter: 3
Rank: 0 status count done.
Insert time: 0.00152206
1 remote msg receive done.
Reduce time: 0.00158405
Messages reduce done.
Update time: 0.00151396

Iter: 3
After receive ...

Iter: 3...
Active vertex count: 0
No vertice is active, ending the computation :)

0 all time : 0.000321627
Total reduce time: 2.98023e-05
Rank: 1Total working time: 1.09673e-05
Total moving time: 0.000236034
 status count done.
After receive ...
Total update time: 2.98023e-05
Total comm time: 
Iter: 3...
Active vertex count: 0
No vertice is active, ending the computation :)

1 all time : 0.000169039
Total insert time: 3.19481e-05
Accumulative total active vertices: 23198
Finish.
0.898682
Total reduce time: 0.102346
Total working time: 0.57748
Total moving time: 0.213905
Total update time: 0.00461388
Total comm time: 7.9155e-05
Total insert time: 0.00472617
Accumulative total active vertices: 23198
Finish.
 
TACC: Shutdown complete. Exiting.
