Running on MIC and CPU
TACC: Starting up job 4162486
TACC: Starting parallel tasks...
  mpiexec.hydra -iface br0 -configfile /home1/02687/binren/.slurm/config_file.4162486.lZtTkomy -machinefile /home1/02687/binren/.slurm/job.4162486.hostlist.tdxwtrGt  
My rank is: 0
My rank is: 1
0 vertex count: 0
0 line no: 38394
0 edges: 0
Reordering...
Reorder time: 1.88351e-05
****** remote edges: ****** 0
Iter: 0
Rank: 0 status count done.
1 vertex count: 38394
1 line no: 38394
1 edges: 191457899
Reordering...
Rank: 1 width is: 256
Rank: 1 vlen is: 64
===========> Max length: 24997
===========> Min length: 0
Reorder time: 0.04018
****** remote edges: ****** 0
Iter: 0
After receive ...

Iter: 0...
Active vertex count: 20205
***********Re-initing...**************
Buffer columns allocated: 0
Total write: 0
Total read: 0
***********Re-init done.**************
Rank: 1 status count done.
After receive ...

Iter: 0...
Active vertex count: 20205
***********Re-initing...**************
0 working threads finish.
Mover threads finish.
0 Gen time: 9.20296e-05
Buffer columns allocated: 0
Total write: 0
Total read: 0
***********Re-init done.**************
1 working threads finish.
0 total msg block: 0
Receive time: 3.91006e-05
Mover threads finish.
1 Gen time: Insert time: 1.09673e-05
0 remote msg receive done.
Reduce time: 1.21593e-05
Messages reduce done.
0.408397
1 total msg block: 0
Receive time: 5.10216e-05
Update time: 1.09673e-05

Iter: 1
Rank: 0 status count done.
Insert time: 0.00167108
1 remote msg receive done.
Reduce time: 0.0992301
Messages reduce done.
Update time: 0.00158596

Iter: 1
After receive ...

Iter: 1...
Active vertex count: 2942
***********Re-initing...**************
Buffer columns allocated: 0
Total write: 0
Rank: 1Total read: 0
***********Re-init done.**************
 status count done.
After receive ...

Iter: 1...
Active vertex count: 2942
***********Re-initing...**************
0 working threads finish.
Mover threads finish.
0 Gen time: 8.29697e-05
Buffer columns allocated: 18189
Total write: 0
Total read: 0
***********Re-init done.**************
1 working threads finish.
0 total msg block: 0
Receive time: 5.00679e-05
Mover threads finish.
1 Gen time: Insert time: 1.21593e-05
0 remote msg receive done.
0.073787
1 total msg block: 0
Receive time: 1.62125e-05
Reduce time: 1.09673e-05
Messages reduce done.
Update time: 1.00136e-05

Iter: 2
Rank: 0 status count done.
Insert time: 0.0015769
1 remote msg receive done.
Reduce time: 0.00156784
Messages reduce done.
Update time: 0.00155115

Iter: 2
After receive ...

Iter: 2...
Active vertex count: 51
***********Re-initing...**************
Buffer columns allocated: 0
Total write: 0
Total read: 0
***********Re-init done.**************
Rank: 1 status count done.
After receive ...

Iter: 2...
Active vertex count: 51
***********Re-initing...**************
0 working threads finish.
Mover threads finish.
0 Gen time: 6.60419e-05
Buffer columns allocated: 11184
Total write: 0
Total read: 0
***********Re-init done.**************
1 working threads finish.
0 total msg block: 0
Receive time: 5.29289e-05
Insert time: 1.09673e-05
0 remote msg receive done.
Mover threads finish.
1 Gen time: 0.0295072
1 total msg block: 0
Receive time: 1.78814e-05
Reduce time: 9.05991e-06
Messages reduce done.
Update time: 1.00136e-05

Iter: 3
Rank: 0 status count done.
Insert time: 0.00150394
1 remote msg receive done.
Reduce time: 0.00155997
Messages reduce done.
Update time: 0.00149512

Iter: 3
After receive ...

Iter: 3...
Active vertex count: 0
No vertice is active, ending the computation :)

0 all time : Rank: 10.000304222
Total reduce time: 3.21865e-05 status count done.
After receive ...
Total working time: 1.00136e-05

Iter: 3...
Active vertex count: 0
No vertice is active, ending the computation :)

1 all time : 
Total moving time: 0.000211716
Total update time: 3.09944e-05
Total comm time: 0.000142097
Total insert time: 3.40939e-05
Accumulative total active vertices: 23198
Finish.
0.618681
Total reduce time: 0.102358
Total working time: 0.100184
Total moving time: 0.411129
Total update time: 0.00463223
Total comm time: 8.51154e-05
Total insert time: 0.00475192
Accumulative total active vertices: 23198
Finish.
 
TACC: Shutdown complete. Exiting.
