Lmod has detected the following error: Swap failed: "mvapich2" is not
loaded.

Running on MIC and CPU
TACC: Starting up job 5082349
TACC: Starting parallel tasks...
# Command used to run job in: /home1/02687/binren/.slurm/job.5082349.runcmd.r4sGL4rN 
My rank is: 0
My rank is: 1
0 vertex count: 0
0 line no: 38394
0 edges: 0
Reordering...
Reorder time: 2.00272e-05
****** remote edges: ****** 0
Iter: 0
Rank: 0 status count done.
1 vertex count: 38394
1 line no: 38394
1 edges: 191457899

=====================================================================================
=   BAD TERMINATION OF ONE OF YOUR APPLICATION PROCESSES
=   EXIT CODE: 9
=   CLEANING UP REMAINING PROCESSES
=   YOU CAN IGNORE THE BELOW CLEANUP MESSAGES
=====================================================================================
APPLICATION TERMINATED WITH THE EXIT STRING: Killed (signal 9)
TACC: MPI job exited with code: 9
 
TACC: Shutdown complete. Exiting.
