Lmod has detected the following error: Swap failed: "mvapich2" is not
loaded.

Running on MIC and CPU
TACC: Starting up job 5080673
TACC: Starting parallel tasks...
# Command used to run job in: /home1/02687/binren/.slurm/job.5080673.runcmd.f3LfUYMS 
My rank is: 0
My rank is: 1
0 vertex count: 0
0 line no: 38394
0 edges: 0
Reordering...
Reorder time: 1.78814e-05
****** remote edges: ****** 0
Iter: 0
Rank: 0 status count done.
1 vertex count: 38394
1 line no: 38394
1 edges: 191457899
Reordering...
Rank: 1 width is: 32
Rank: 1 vlen is: 64
===========> Max length: 24997
===========> Min length: 0
Reorder time: 0.041091
****** remote edges: ****** 0
Iter: 0
After receive ...

Iter: 0...
Active vertex count: 20205
***********Re-initing...**************
Buffer columns allocated: 0
Total write: 0
Total read: 0
***********Re-init done.**************
Rank: 1 status count done.
After receive ...

Iter: 0...
Active vertex count: 20205
***********Re-initing...**************
0 working threads finish.
Mover threads finish.
0 Gen time: 0.00010705
Buffer columns allocated: 0
Total write: 0
Total read: 0
***********Re-init done.**************
1 working threads finish.
0 total msg block: 0
Receive time: 8.41618e-05
Mover threads finish.
1 Gen time: Insert time: 1.00136e-05
0 remote msg receive done.
1.02257
1 total msg block: 0
Receive time: Reduce time: 1.12057e-05
Messages reduce done.
5.10216e-05
Update time: 1.12057e-05

Iter: 1
Rank: 0 status count done.
Insert time: 0.00152707
1 remote msg receive done.
Reduce time: 0.00160003
Messages reduce done.
Update time: 0.00152206

Iter: 1
After receive ...

Iter: 1...
Active vertex count: 3004
***********Re-initing...**************
Buffer columns allocated: 0
Total write: 0
Total read: 0
***********Re-init done.**************
Rank: 1 status count done.
0 working threads finish.
After receive ...

Iter: 1...
Active vertex count: 3004
***********Re-initing...**************
Mover threads finish.
0 Gen time: 6.69956e-05
Buffer columns allocated: 18189
Total write: 0
Total read: 0
***********Re-init done.**************
1 working threads finish.
0 total msg block: 0
Receive time: 4.72069e-05
Mover threads finish.
1 Gen time: Insert time: 1.09673e-05
0 remote msg receive done.
0.183582
1 total msg block: 0
Receive time: 1.5974e-05
Reduce time: 1.00136e-05
Messages reduce done.
Update time: 9.05991e-06

Iter: 2
Rank: 0 status count done.
Insert time: 0.00152516
1 remote msg receive done.
Reduce time: 0.00152802
Messages reduce done.
Update time: 0.00149012

Iter: 2
After receive ...

Iter: 2...
Active vertex count: 7
***********Re-initing...**************
Buffer columns allocated: 0
Total write: 0
Total read: 0
***********Re-init done.**************
Rank: 1 status count done.
After receive ...

Iter: 2...
0 working threads finish.
Mover threads finish.
0 Gen time: 7.20024e-05
Active vertex count: 7
***********Re-initing...**************
Buffer columns allocated: 11184
Total write: 0
Total read: 0
***********Re-init done.**************
1 working threads finish.
0 total msg block: 0
Mover threads finish.
Receive time: 1 Gen time: 0.0243389.39369e-05

Insert time: 1.3113e-05
0 remote msg receive done.
1 total msg block: Reduce time: 0
9.05991e-06
Messages reduce done.
Receive time: 2.31266e-05
Update time: 1.12057e-05

Iter: 3
Rank: 0 status count done.
Insert time: 0.00151491
1 remote msg receive done.
Reduce time: 0.00148106
Messages reduce done.
Update time: 0.00147009

Iter: 3
After receive ...

Iter: 3...
Active vertex count: 0
No vertice is active, ending the computation :)

0 all time : 0.000307798
Total reduce time: 3.02792e-05
Total working time: 2.40803e-05
Total moving time: 0.000244141
Total update time: 3.14713e-05
Total comm time: 0.000225306
Total insert time: 3.40939e-05
Accumulative total active vertices: 23216
Rank: 1Finish.
 status count done.
After receive ...

Iter: 3...
Active vertex count: 0
No vertice is active, ending the computation :)

1 all time : 1.23958
Total reduce time: 0.00460911
Total working time: 1.10049
Total moving time: 1.23046
Total update time: 0.00448227
Total comm time: 9.01222e-05
Total insert time: 0.00456715
Accumulative total active vertices: 23216
Finish.
 
TACC: Shutdown complete. Exiting.
