Lmod has detected the following error: Swap failed: "mvapich2" is not
loaded.

Running on MIC and CPU
TACC: Starting up job 5080917
TACC: Starting parallel tasks...
# Command used to run job in: /home1/02687/binren/.slurm/job.5080917.runcmd.iQn8iZmv 
My rank is: 0
My rank is: 1
0 vertex count: 0
0 line no: 38394
0 edges: 0
Reordering...
Reorder time: 1.90735e-05
****** remote edges: ****** 0
Iter: 0
Rank: 0 status count done.
1 vertex count: 38394
1 line no: 38394
1 edges: 191457899
Reordering...
Rank: 1 width is: 32
Rank: 1 vlen is: 64
===========> Max length: 24997
===========> Min length: 0
Reorder time: 0.0406899
****** remote edges: ****** 0
Iter: 0
After receive ...

Iter: 0...
Active vertex count: 20205
***********Re-initing...**************
Buffer columns allocated: 0
Total write: 0
Total read: 0
***********Re-init done.**************
Rank: 1 status count done.
After receive ...

Iter: 0...
Active vertex count: 20205
***********Re-initing...**************
0 working threads finish.
Mover threads finish.
0 Gen time: 7.29561e-05
Buffer columns allocated: 0
Total write: 0
Total read: 0
***********Re-init done.**************
1 working threads finish.
0 total msg block: 0
Receive time: 8.39233e-05
Mover threads finish.
1 Gen time: Insert time: 2.09808e-05
0 remote msg receive done.
Reduce time: 9.05991e-06
Messages reduce done.
0.303066
1 total msg block: 0
Receive time: 5.00679e-05
Update time: 1.00136e-05

Iter: 1
Rank: 0 status count done.
Insert time: 0.00156808
1 remote msg receive done.
Reduce time: 0.00153804
Messages reduce done.
Update time: 0.00149512

Iter: 1
After receive ...

Iter: 1...
Active vertex count: 3004
***********Re-initing...**************
Buffer columns allocated: 0
Total write: 0
Total read: 0
***********Re-init done.**************
Rank: 1 status count done.
After receive ...

Iter: 1...
Active vertex count: 3004
***********Re-initing...**************
0 working threads finish.
Mover threads finish.
0 Gen time: 0.000105858
Buffer columns allocated: 18189
Total write: 0
Total read: 0
***********Re-init done.**************
1 working threads finish.
Mover threads finish.
0 total msg block: 0
Receive time: 5.29289e-05
Insert time: 1.09673e-05
0 remote msg receive done.
1 Gen time: 0.050262
1 total msg block: 0
Receive time: 1.88351e-05
Reduce time: 1.00136e-05
Messages reduce done.
Update time: 1.00136e-05

Iter: 2
Rank: 0 status count done.
Insert time: 0.00157213
1 remote msg receive done.
Reduce time: 0.00151801
Messages reduce done.
Update time: 0.00150108

Iter: 2
After receive ...

Iter: 2...
Active vertex count: 7
***********Re-initing...**************
Buffer columns allocated: 0
Rank: 1 status count done.Total write: 0
Total read: 0
***********Re-init done.**************

After receive ...

Iter: 2...0 working threads finish.

Active vertex count: 7
***********Re-initing...**************
Mover threads finish.
0 Gen time: 7.29561e-05
Buffer columns allocated: 11184
Total write: 0
Total read: 0
***********Re-init done.**************
1 working threads finish.
0 total msg block: 0
Mover threads finish.
Receive time: 5.79357e-05
1 Gen time: 0.0241141
Insert time: 1.09673e-05
0 remote msg receive done.
1 total msg block: 0
Receive time: 1.90735e-05
Reduce time: 1.00136e-05
Messages reduce done.
Update time: 1.00136e-05

Iter: 3
Rank: 0 status count done.
Insert time: 0.00148797
1 remote msg receive done.
Reduce time: 0.00148296
Messages reduce done.
Update time: 0.0014739

Iter: 3
After receive ...

Iter: 3...
Active vertex count: 0
No vertice is active, ending the computation :)

0 all time : Rank: 1 status count done.0.000310898
Total reduce time: 2.90871e-05
Total working time: 2.00272e-05
Total moving time: 0.000249863
After receive ...

Total update time: 3.00407e-05
Iter: 3...
Active vertex count: 0
No vertice is active, ending the computation :)

1 all time : 0.386451
Total reduce time: 0.00453901
Total working time: 0.148176
Total moving time: 0.377425
Total update time: 
Total comm time: 0.0001947880.00447011
Total comm time: 8.79765e-05
Total insert time: 0.00462818
Accumulative total active vertices: 23216

Total insert time: 4.29153e-05
Accumulative total active vertices: 23216
Finish.
Finish.
 
TACC: Shutdown complete. Exiting.
