Lmod has detected the following error: Swap failed: "mvapich2" is not
loaded.

Running on MIC and CPU
TACC: Starting up job 5080751
TACC: Starting parallel tasks...
# Command used to run job in: /home1/02687/binren/.slurm/job.5080751.runcmd.ceqchLoJ 
My rank is: 0
My rank is: 1
0 vertex count: 0
0 line no: 38394
0 edges: 0
Reordering...
Reorder time: 2.09808e-05
****** remote edges: ****** 0
Iter: 0
Rank: 0 status count done.
1 vertex count: 38394
1 line no: 38394
1 edges: 191457899
Reordering...
Rank: 1 width is: 32
Rank: 1 vlen is: 64
===========> Max length: 24997
===========> Min length: 0
Reorder time: 0.040961
****** remote edges: ****** 0
Iter: 0
After receive ...

Iter: 0...
Active vertex count: 20205
***********Re-initing...**************
Buffer columns allocated: 0
Total write: 0
Total read: 0
***********Re-init done.**************
Rank: 1 status count done.
After receive ...

Iter: 0...
Active vertex count: 20205
***********Re-initing...**************
0 working threads finish.
Mover threads finish.
0 Gen time: 8.70228e-05
Buffer columns allocated: 0
Total write: 0
Total read: 0
***********Re-init done.**************
1 working threads finish.
0 total msg block: 0
Receive time: 8.10623e-05
Mover threads finish.
1 Gen time: Insert time: 2.38419e-05
0 remote msg receive done.
0.417969
1 total msg block: 0
Receive time: 4.69685e-05
Reduce time: 1.00136e-05
Messages reduce done.
Update time: 1.00136e-05

Iter: 1
Rank: 0 status count done.
Insert time: 0.00152493
1 remote msg receive done.
Reduce time: 0.00152612
Messages reduce done.
Update time: 0.00148606

Iter: 1
After receive ...

Iter: 1...
Active vertex count: 3004
***********Re-initing...**************
Buffer columns allocated: 0
Total write: 0
Total read: 0
***********Re-init done.**************
Rank: 1 status count done.0 working threads finish.

After receive ...

Iter: 1...
Active vertex count: 3004
***********Re-initing...**************
Mover threads finish.
0 Gen time: 8.2016e-05
Buffer columns allocated: 18189
Total write: 0
Total read: 0
***********Re-init done.**************
1 working threads finish.
0 total msg block: 0
Mover threads finish.
Receive time: 5.38826e-05
Insert time: 1.00136e-05
0 remote msg receive done.
1 Gen time: 0.085274
1 total msg block: 0
Receive time: 1.71661e-05
Reduce time: 1.12057e-05
Messages reduce done.
Update time: 1.00136e-05

Iter: 2
Rank: 0 status count done.
Insert time: 0.00152087
1 remote msg receive done.
Reduce time: 0.00149894
Messages reduce done.
Update time: 0.00147891

Iter: 2
After receive ...

Iter: 2...
Active vertex count: 7
***********Re-initing...**************
Buffer columns allocated: 0
Total write: 0
Total read: 0
***********Re-init done.**************
Rank: 1 status count done.
After receive ...

Iter: 2...
Active vertex count: 7
***********Re-initing...**************
0 working threads finish.
Mover threads finish.
0 Gen time: 7.79629e-05
Buffer columns allocated: 11184
Total write: 0
Total read: 0
***********Re-init done.**************
1 working threads finish.
0 total msg block: 0
Receive time: 5.91278e-05
Insert time: 9.77516e-06
0 remote msg receive done.
Mover threads finish.
1 Gen time: 0.024256
1 total msg block: Reduce time: 0
Receive time: 1.69277e-059.05991e-06
Messages reduce done.

Update time: 1.00136e-05

Iter: 3
Rank: 0 status count done.
Insert time: 0.00149393
1 remote msg receive done.
Reduce time: 0.00148606
Messages reduce done.
Update time: 0.0014689

Iter: 3
After receive ...

Iter: 3...
Active vertex count: 0
No vertice is active, ending the computation :)

0 all time : 0.000307322
Total reduce time: 3.02792e-05
Total working time: 1.09673e-05
Total moving time: 0.000246048
Total update time: 3.00407e-05
Total comm time: 0.000194073
Total insert time: 4.36306e-05
Accumulative total active vertices: 23216
Finish.
Rank: 1 status count done.
After receive ...

Iter: 3...
Active vertex count: 0
No vertice is active, ending the computation :)

1 all time : 0.536444
Total reduce time: 0.00451112
Total working time: 0.399877
Total moving time: 0.527482
Total update time: 0.00443387
Total comm time: 8.10623e-05
Total insert time: 0.00453973
Accumulative total active vertices: 23216
Finish.
 
TACC: Shutdown complete. Exiting.
