Lmod has detected the following error: Swap failed: "mvapich2" is not
loaded.

Running on MIC and CPU
TACC: Starting up job 5081577
TACC: Starting parallel tasks...
# Command used to run job in: /home1/02687/binren/.slurm/job.5081577.runcmd.wQAlZzmg 
My rank is: 0
My rank is: 1
0 vertex count: 0
0 line no: 38394
0 edges: 0
Reordering...
Reorder time: 1.81198e-05
****** remote edges: ****** 0
Iter: 0
Rank: 0 status count done.
1 vertex count: 38394
1 line no: 38394
1 edges: 191457899
Reordering...
Rank: 1 width is: 32
Rank: 1 vlen is: 64
===========> Max length: 24997
===========> Min length: 0
Reorder time: 0.0404589
****** remote edges: ****** 0
Iter: 0
After receive ...

Iter: 0...
Active vertex count: 20205
***********Re-initing...**************
Buffer columns allocated: 0
Total write: 0
Total read: 0
***********Re-init done.**************
Rank: 1 status count done.
After receive ...

Iter: 0...
Active vertex count: 20205
***********Re-initing...**************
0 working threads finish.
Mover threads finish.
0 Gen time: 8.70228e-05
Buffer columns allocated: 0
Total write: 0
Total read: 0
***********Re-init done.**************
1 working threads finish.
0 total msg block: 0
Receive time: 9.91821e-05
Mover threads finish.
1 Gen time: Insert time: 1.19209e-05
0 remote msg receive done.
0.409262
1 total msg block: 0
Receive time: 5.50747e-05
Reduce time: 9.77516e-06
Messages reduce done.
Update time: 1.00136e-05

Iter: 1
Rank: 0 status count done.
Insert time: 0.00158501
1 remote msg receive done.
Reduce time: 0.00152898
Messages reduce done.
Update time: 0.00152278

Iter: 1
After receive ...

Iter: 1...
Active vertex count: 3004
***********Re-initing...**************
Buffer columns allocated: 0
Total write: 0
Total read: 0
***********Re-init done.**************
0 working threads finish.
Rank: 1 status count done.
Mover threads finish.
0After receive ...

Iter: 1...
Active vertex count: 3004
***********Re-initing...**************
 Gen time: 7.79629e-05
Buffer columns allocated: 18189
Total write: 0
Total read: 0
***********Re-init done.**************
1 working threads finish.
0 total msg block: 0
Receive time: 6.69956e-05
Mover threads finish.
1 Gen time: Insert time: 7.86781e-06
0 remote msg receive done.
0.094486
1 total msg block: 0
Receive time: 2.09808e-05
Reduce time: 1.09673e-05
Messages reduce done.
Update time: 9.05991e-06

Iter: 2
Rank: 0 status count done.
Insert time: 0.00158787
1 remote msg receive done.
Reduce time: 0.00149107
Messages reduce done.
Update time: 0.001477

Iter: 2
After receive ...

Iter: 2...
Active vertex count: 7
***********Re-initing...**************
Buffer columns allocated: 0
Total write: 0
Total read: 0
***********Re-init done.**************
0 working threads finish.
Rank: 1 status count done.
Mover threads finish.
0After receive ...

Iter: 2...
Active vertex count: 7
***********Re-initing...**************
 Gen time: 7.51019e-05
Buffer columns allocated: 11184
Total write: 0
Total read: 0
***********Re-init done.**************
1 working threads finish.
0 total msg block: 0
Receive time: 6.91414e-05
Mover threads finish.
1 Gen time: Insert time: 1.09673e-05
0 remote msg receive done.
0.0315189
1 total msg block: 0
Receive time: 2.09808e-05
Reduce time: 1.00136e-05
Messages reduce done.
Update time: 1.00136e-05

Iter: 3
Rank: 0 status count done.
Insert time: 0.00152493
1 remote msg receive done.
Reduce time: 0.00148416
Messages reduce done.
Update time: 0.00146794

Iter: 3
After receive ...

Iter: 3...
Active vertex count: 0
No vertice is active, ending the computation :)

0 all time : 0.000299931
Total reduce time: 3.0756e-05
Total working time: 1.21593e-05
Total moving time: 0.000239134
Total update time: 2.90871e-05
Total comm time: 0.000235319
Total insert time: 3.0756e-05
Accumulative total active vertices: 23216
Finish.
Rank: 1 status count done.
After receive ...

Iter: 3...
Active vertex count: 0
No vertice is active, ending the computation :)

1 all time : 0.544239
Total reduce time: 0.0045042
Total working time: 0.466806
Total moving time: 0.535247
Total update time: 0.00446773
Total comm time: 9.70364e-05
Total insert time: 0.0046978
Accumulative total active vertices: 23216
Finish.
 
TACC: Shutdown complete. Exiting.
