Lmod has detected the following error: Swap failed: "mvapich2" is not
loaded.

Running on MIC and CPU
TACC: Starting up job 5074051
TACC: Starting parallel tasks...
# Command used to run job in: /home1/02687/binren/.slurm/job.5074051.runcmd.9duQPtYz 
My rank is: 0
My rank is: 1
0 vertex count: 0
0 line no: 38394
0 edges: 0
Reordering...
Reorder time: 2.09808e-05
****** remote edges: ****** 0
Iter: 0
Rank: 0 status count done.
1 vertex count: 38394
1 line no: 38394
1 edges: 191457899
Reordering...
Rank: 1 width is: 32
Rank: 1 vlen is: 64
===========> Max length: 24997
===========> Min length: 0
Reorder time: 0.0409839
****** remote edges: ****** 0
Iter: 0
After receive ...

Iter: 0...
Active vertex count: 20205
***********Re-initing...**************
Buffer columns allocated: 0
Total write: 0
Total read: 0
***********Re-init done.**************
Rank: 1 status count done.
After receive ...

Iter: 0...
Active vertex count: 20205
***********Re-initing...**************
0 working threads finish.
Mover threads finish.
0 Gen time: 8.29697e-05
Buffer columns allocated: 0
Total write: 0
Total read: 0
***********Re-init done.**************
1 working threads finish.
0 total msg block: 0
Receive time: 8.29697e-05
Mover threads finish.
1 Gen time: Insert time: 1.00136e-05
0 remote msg receive done.
0.249099
1 total msg block: 0
Receive time: 5.00679e-05
Reduce time: 1.00136e-05
Messages reduce done.
Update time: 9.05991e-06

Iter: 1
Rank: 0 status count done.
Insert time: 0.00153399
1 remote msg receive done.
Reduce time: 0.00159788
Messages reduce done.
Update time: 0.0015049

Iter: 1
After receive ...

Iter: 1...
Active vertex count: 3004
***********Re-initing...**************
Buffer columns allocated: 0
Total write: 0
Total read: 0
***********Re-init done.**************
Rank: 1 status count done.
After receive ...

Iter: 1...
Active vertex count: 3004
***********Re-initing...**************
0 working threads finish.
Mover threads finish.
0 Gen time: 7.79629e-05
Buffer columns allocated: 18189
Total write: 0
Total read: 0
***********Re-init done.**************
1 working threads finish.
Mover threads finish.
0 total msg block: 0
Receive time: 5.60284e-05
Insert time: 1.09673e-05
0 remote msg receive done.
1 Gen time: 0.0520492
Reduce time: 1.00136e-05
Messages reduce done.
1 total msg block: 0
Receive time: 1.69277e-05
Update time: 1.00136e-05

Iter: 2
Rank: 0 status count done.
Insert time: 0.00152802
1 remote msg receive done.
Reduce time: 0.00148487
Messages reduce done.
Update time: 0.00149989

Iter: 2
After receive ...

Iter: 2...
Active vertex count: 7
***********Re-initing...**************
Buffer columns allocated: 0
Total write: 0
Total read: Rank: 1 status count done.0
***********Re-init done.**************

After receive ...

Iter: 2...
Active vertex count: 7
***********Re-initing...**************
0 working threads finish.
Mover threads finish.
0 Gen time: 7.41482e-05
Buffer columns allocated: 11184
Total write: 0
Total read: 0
***********Re-init done.**************
1 working threads finish.
0 total msg block: 0
Receive time: 5.50747e-05
Insert time: 1.00136e-05
0 remote msg receive done.
Mover threads finish.
1 Gen time: 0.029242
1 total msg block: 0
Receive time: 1.78814e-05Reduce time: 
1.12057e-05
Messages reduce done.
Update time: 1.00136e-05

Iter: 3
Rank: 0 status count done.
Insert time: 0.0015018
1 remote msg receive done.
Reduce time: 0.001513
Messages reduce done.
Update time: 0.001508

Iter: 3
After receive ...

Iter: 3...
Active vertex count: 0
No vertice is active, ending the computation :)

0 all time : 0.000295401
Total reduce time: 3.12328e-05
Total working time: 1.09673e-05
Total moving time: 0.000210047
Total update time: 2.90871e-05
Total comm time: 0.000194073
Total insert time: 3.09944e-05
Accumulative total active vertices: 23216
Finish.
Rank: 1 status count done.
After receive ...

Iter: 3...
Active vertex count: 0
No vertice is active, ending the computation :)

1 all time : 0.339499
Total reduce time: 0.00459576
Total working time: 0.174155
Total moving time: 0.155823
Total update time: 0.00451279
Total comm time: 8.4877e-05
Total insert time: 0.00456381
Accumulative total active vertices: 23216
Finish.
 
TACC: Shutdown complete. Exiting.
