Lmod has detected the following error: Swap failed: "mvapich2" is not
loaded.

Running on MIC and CPU
TACC: Starting up job 5080809
TACC: Starting parallel tasks...
# Command used to run job in: /home1/02687/binren/.slurm/job.5080809.runcmd.l0Iverkp 
My rank is: 0
My rank is: 1
0 vertex count: 0
0 line no: 38394
0 edges: 0
Reordering...
Reorder time: 2.00272e-05
****** remote edges: ****** 0
Iter: 0
Rank: 0 status count done.
1 vertex count: 38394
1 line no: 38394
1 edges: 191457899
Reordering...
Rank: 1 width is: 32
Rank: 1 vlen is: 64
===========> Max length: 24997
===========> Min length: 0
Reorder time: 0.0410159
****** remote edges: ****** 0
Iter: 0
After receive ...

Iter: 0...
Active vertex count: 20205
***********Re-initing...**************
Buffer columns allocated: 0
Total write: 0
Total read: 0
***********Re-init done.**************
Rank: 1 status count done.
After receive ...

Iter: 0...
Active vertex count: 20205
***********Re-initing...**************
0 working threads finish.
Mover threads finish.
0 Gen time: 8.70228e-05
Buffer columns allocated: 0
Total write: 0
Total read: 0
***********Re-init done.**************
1 working threads finish.
0 total msg block: 0
Receive time: 9.98974e-05
Mover threads finish.
1 Gen time: Insert time: 2.40803e-05
0 remote msg receive done.
Reduce time: 1.00136e-05
Messages reduce done.
Update time: 1.00136e-05

Iter: 1
Rank: 0 status count done.
0.327044
1 total msg block: 0
Receive time: 5.6982e-05
Insert time: 0.00153899
1 remote msg receive done.
Reduce time: 0.001513
Messages reduce done.
Update time: 0.00159311

Iter: 1
After receive ...

Iter: 1...
Active vertex count: 3004
***********Re-initing...**************
Buffer columns allocated: 0
Total write: 0
Total read: 0
***********Re-init done.**************
Rank: 1 status count done.
0 working threads finish.
Mover threads finish.
0 Gen time: 7.9155e-05
After receive ...

Iter: 1...
Active vertex count: 3004
***********Re-initing...**************
Buffer columns allocated: 18189
Total write: 0
Total read: 0
***********Re-init done.**************
1 working threads finish.
0 total msg block: 0
Receive time: 6.69956e-05
Insert time: 1.09673e-05
0 remote msg receive done.
Mover threads finish.
1 Gen time: 0.0657909
1 total msg block: 0
Receive time: 2.00272e-05
Reduce time: 1.00136e-05
Messages reduce done.
Update time: 1.00136e-05

Iter: 2
Rank: 0 status count done.
Insert time: 0.00152016
1 remote msg receive done.
Reduce time: 0.00148892
Messages reduce done.
Update time: 0.00148416

Iter: 2
After receive ...

Iter: 2...
Active vertex count: 7
***********Re-initing...**************
Buffer columns allocated: 0
Total write: 0
Total read: 0
***********Re-init done.**************
Rank: 1 status count done.
After receive ...

Iter: 2...
Active vertex count: 7
***********Re-initing...**************
0 working threads finish.
Mover threads finish.
0 Gen time: 7.82013e-05
Buffer columns allocated: 11184
Total write: 0
Total read: 0
***********Re-init done.**************
1 working threads finish.
0 total msg block: 0
Receive time: 6.69956e-05
Insert time: 1.09673e-05
0 remote msg receive done.
Mover threads finish.
1 Gen time: 0.0247359
1 total msg block: 0
Receive time: 2.21729e-05
Reduce time: 1.00136e-05
Messages reduce done.
Update time: 1.00136e-05

Iter: 3
Rank: 0 status count done.
Insert time: 0.00150704
1 remote msg receive done.
Reduce time: 0.00147486
Messages reduce done.
Update time: 0.00146103

Iter: 3
After receive ...

Iter: 3...
Active vertex count: 0
No vertice is active, ending the computation :)

0 all time : 0.000304461
Total reduce time: 3.00407e-05
Total working time: 1.0252e-05
Total moving time: 0.000243425
Total update time: 3.00407e-05
Total comm time: 0.000233889
Total insert time: 4.60148e-05
Accumulative total active vertices: 23216
Finish.
Rank: 1 status count done.
After receive ...

Iter: 3...
Active vertex count: 0
No vertice is active, ending the computation :)

1 all time : 0.426586
Total reduce time: 0.00447679
Total working time: 0.164092
Total moving time: 0.417554
Total update time: 0.0045383
Total comm time: 9.91821e-05
Total insert time: 0.00456619
Accumulative total active vertices: 23216
Finish.
 
TACC: Shutdown complete. Exiting.
