Running on MIC and CPU
TACC: Starting up job 4144907
TACC: Starting parallel tasks...
  mpiexec.hydra -iface br0 -configfile /home1/02687/binren/.slurm/config_file.4144907.ibW8CwN1 -machinefile /home1/02687/binren/.slurm/job.4144907.hostlist.f3oLUGM0  
My rank is: 0
My rank is: 1
0 vertex count: 0
0 line no: 1632803
0 edges: 0
Reordering...
Reorder time: 1.71661e-05
****** remote edges: ****** 0
Iter: 0
Rank: 0 status count done.
1 vertex count: 1632803
1 line no: 1632803
1 edges: 30622564
Reordering...
Rank: 1 width is: 1024
Rank: 1 vlen is: 64
===========> Max length: 13734
===========> Min length: 0
Reorder time: 1.73245
****** remote edges: ****** 0
Iter: 0
After receive ...

Iter: 0...
Active vertex count: 1
***********Re-initing...**************
Buffer columns allocated: 0
Total write: 0
Total read: 0
***********Re-init done.**************
Rank: 1 status count done.
After receive ...

Iter: 0...
Active vertex count: 1
***********Re-initing...**************
0 working threads finish.
Mover threads finish.
0 Gen time: 0.000150919
Buffer columns allocated: 0
Total write: 0
Total read: 0
***********Re-init done.**************
1 working threads finish.
0 total msg block: 0
Receive time: Mover threads finish.
1 Gen time: 0.00010705
0.0284021
1 total msg block: 0
Receive time: 5.6982e-05
Insert time: 0.000226021
0 remote msg receive done.
Reduce time: 0.000202179
Messages reduce done.
Update time: 0.000216007

Iter: 1
Rank: 0 status count done.
Insert time: 0.00177193
1 remote msg receive done.
Reduce time: 0.00144696
Messages reduce done.
Update time: 0.00145698

Iter: 1
After receive ...

Iter: 1...
Active vertex count: 14
***********Re-initing...**************
Buffer columns allocated: 0
Total write: 0
Total read: 0
***********Re-init done.**************
Rank: 1 status count done.
After receive ...

Iter: 1...
Active vertex count: 14
***********Re-initing...**************
0 working threads finish.
Mover threads finish.
0 Gen time: 0.000174999
Buffer columns allocated: 14
Total write: 0
Total read: 0
***********Re-init done.**************
1 working threads finish.
0 total msg block: 0
Receive time: 6.41346e-05
Mover threads finish.
1 Gen time: 0.0290809
1 total msg block: 0
Receive time: 2.09808e-05
Insert time: 0.000234127
0 remote msg receive done.
Reduce time: 0.000234127
Messages reduce done.
Update time: 0.000208855

Iter: 2
Rank: 0 status count done.
Insert time: 0.00242114
1 remote msg receive done.
Reduce time: 0.00144005
Messages reduce done.
Update time: 0.00146413

Iter: 2
After receive ...

Iter: 2...
Active vertex count: 280
***********Re-initing...**************
Buffer columns allocated: 0
Total write: 0
Total read: 0
***********Re-init done.**************
Rank: 1 status count done.
After receive ...

Iter: 2...
Active vertex count: 280
***********Re-initing...**************
0 working threads finish.
Mover threads finish.
0 Gen time: 0.000159025
Buffer columns allocated: 283
Total write: 0
Total read: 0
***********Re-init done.**************
1 working threads finish.
0 total msg block: 0
Receive time: 6.29425e-05
Mover threads finish.
1 Gen time: 0.029135
1 total msg block: 0
Receive time: 2.09808e-05
Insert time: 0.000225067
0 remote msg receive done.
Reduce time: 0.000225067
Messages reduce done.
Update time: 0.000204086

Iter: 3
Rank: 0 status count done.
Insert time: 0.00153899
1 remote msg receive done.
Reduce time: 0.00147486
Messages reduce done.
Update time: 0.00146794

Iter: 3
After receive ...

Iter: 3...
Active vertex count: 7893
***********Re-initing...**************
Buffer columns allocated: 0
Total write: 0
Total read: 0
***********Re-init done.**************
Rank: 1 status count done.
After receive ...

Iter: 3...
Active vertex count: 7893
***********Re-initing...**************
0 working threads finish.
Mover threads finish.
0 Gen time: 0.000182867
Buffer columns allocated: 8105
Total write: 0
Total read: 0
***********Re-init done.**************
1 working threads finish.
0 total msg block: 0
Receive time: 6.48499e-05
Mover threads finish.
1 Gen time: 0.03036
1 total msg block: 0
Receive time: 2.09808e-05
Insert time: 0.00022006
0 remote msg receive done.
Reduce time: 0.000205994
Messages reduce done.
Update time: 0.000226974

Iter: 4
Rank: 0 status count done.
Insert time: 0.00148106
1 remote msg receive done.
Reduce time: 0.00145102
Messages reduce done.
Update time: 0.00147891

Iter: 4
After receive ...

Iter: 4...
Active vertex count: 167994
***********Re-initing...**************
Buffer columns allocated: 0
Total write: 0
Total read: 0
***********Re-init done.**************
Rank: 1 status count done.
After receive ...

Iter: 4...
Active vertex count: 167994
***********Re-initing...**************
0 working threads finish.
Mover threads finish.
0 Gen time: 0.000177145
Buffer columns allocated: 174924
Total write: 0
Total read: 0
***********Re-init done.**************
1 working threads finish.
0 total msg block: 0
Receive time: 6.31809e-05
Mover threads finish.
1 Gen time: 0.052253
1 total msg block: 0
Receive time: 2.09808e-05
Insert time: 0.000204802
0 remote msg receive done.
Reduce time: 0.000241041
Messages reduce done.
Update time: 0.000212908

Iter: 5
Rank: 0 status count done.
Insert time: 0.00172496
1 remote msg receive done.
Reduce time: 0.00857711
Messages reduce done.
Update time: 0.00538993

Iter: 5
After receive ...

Iter: 5...
Active vertex count: 750280
***********Re-initing...**************
Buffer columns allocated: 0
Total write: 0
Total read: 0
***********Re-init done.**************
Rank: 1 status count done.
After receive ...

Iter: 5...
Active vertex count: 750280
***********Re-initing...**************
0 working threads finish.
Mover threads finish.
0 Gen time: 0.000153065
Buffer columns allocated: 919172
Total write: 0
Total read: 0
***********Re-init done.**************
1 working threads finish.
0 total msg block: 0
Receive time: 6.79493e-05
Mover threads finish.
1 Gen time: 0.091819
1 total msg block: 0
Receive time: 2.09808e-05
Insert time: 0.000222206
0 remote msg receive done.
Reduce time: 0.000207901
Messages reduce done.
Update time: 0.000209808

Iter: 6
Rank: 0 status count done.
Insert time: 0.00157595
1 remote msg receive done.
Reduce time: 0.0121381
Messages reduce done.
Update time: 0.0069859

Iter: 6
After receive ...

Iter: 6...
Active vertex count: 477735
***********Re-initing...**************
Buffer columns allocated: 0
Total write: 0
Total read: 0
***********Re-init done.**************
Rank: 1 status count done.
After receive ...

Iter: 6...
Active vertex count: 477735
***********Re-initing...**************
0 working threads finish.
Mover threads finish.
0 Gen time: 0.000157833
Buffer columns allocated: 1359303
Total write: 0
Total read: 0
***********Re-init done.**************
1 working threads finish.
0 total msg block: 0
Receive time: 6.50883e-05
Mover threads finish.
1 Gen time: 0.0406361
1 total msg block: 0
Receive time: 2.00272e-05
Insert time: 0.000246048
0 remote msg receive done.
Reduce time: 0.000224113
Messages reduce done.
Update time: 0.000237942

Iter: 7
Rank: 0 status count done.
Insert time: 0.00155115
1 remote msg receive done.
Reduce time: 0.00148296
Messages reduce done.
Update time: 0.00151587

Iter: 7
After receive ...

Iter: 7...
Active vertex count: 89896
***********Re-initing...**************
Buffer columns allocated: 0
Total write: 0
Total read: 0
***********Re-init done.**************
Rank: 1 status count done.
After receive ...

Iter: 7...
Active vertex count: 89896
***********Re-initing...**************
0 working threads finish.
Mover threads finish.
0 Gen time: 0.000173092
Buffer columns allocated: 960353
Total write: 0
Total read: 0
***********Re-init done.**************
1 working threads finish.
0 total msg block: 0
Receive time: 6.29425e-05
Mover threads finish.
1 Gen time: 0.0302238
1 total msg block: 0
Receive time: 2.09808e-05
Insert time: 0.000206947
0 remote msg receive done.
Reduce time: 0.000223875
Messages reduce done.
Update time: 0.000210047

Iter: 8
Rank: 0 status count done.
Insert time: 0.00149107
1 remote msg receive done.
Reduce time: 0.001508
Messages reduce done.
Update time: 0.001477

Iter: 8
After receive ...

Iter: 8...
Active vertex count: 9240
***********Re-initing...**************
Buffer columns allocated: 0
Total write: 0
Total read: 0
***********Re-init done.**************
Rank: 1 status count done.
After receive ...

Iter: 8...
Active vertex count: 9240
***********Re-initing...**************
0 working threads finish.
Mover threads finish.
0 Gen time: 0.000179052
Buffer columns allocated: 184578
Total write: 0
Total read: 0
***********Re-init done.**************
1 working threads finish.
0 total msg block: 0
Receive time: 6.60419e-05
Mover threads finish.
1 Gen time: 0.0295949
1 total msg block: 0
Receive time: 2.09808e-05
Insert time: 0.000215769
0 remote msg receive done.
Reduce time: 0.000201941
Messages reduce done.
Update time: 0.000221014

Iter: 9
Rank: 0 status count done.
Insert time: 0.00150299
1 remote msg receive done.
Reduce time: 0.0014739
Messages reduce done.
Update time: 0.00148702

Iter: 9
After receive ...

Iter: 9...
Active vertex count: 862
***********Re-initing...**************
Buffer columns allocated: 0
Total write: 0
Total read: 0
***********Re-init done.**************
Rank: 1 status count done.
After receive ...

Iter: 9...
Active vertex count: 862
***********Re-initing...**************
0 working threads finish.
Mover threads finish.
0 Gen time: 0.000159979
Buffer columns allocated: 18816
Total write: 0
Total read: 0
***********Re-init done.**************
1 working threads finish.
0 total msg block: 0
Receive time: 6.79493e-05
Mover threads finish.
1 Gen time: 0.029562
1 total msg block: 0
Receive time: 2.12193e-05
Insert time: 0.000206947
0 remote msg receive done.
Reduce time: 0.000210047
Messages reduce done.
Update time: 0.000288963

Iter: 10
Rank: 0 status count done.
Insert time: 0.0014739
1 remote msg receive done.
Reduce time: 0.00150108
Messages reduce done.
Update time: 0.00153804

Iter: 10
After receive ...

Iter: 10...
Active vertex count: 91
***********Re-initing...**************
Buffer columns allocated: 0
Total write: 0
Total read: 0
***********Re-init done.**************
Rank: 1 status count done.
After receive ...

Iter: 10...
Active vertex count: 91
***********Re-initing...**************
0 working threads finish.
Mover threads finish.
0 Gen time: 0.000160933
Buffer columns allocated: 1747
Total write: 0
Total read: 0
***********Re-init done.**************
1 working threads finish.
0 total msg block: 0
Receive time: 6.79493e-05
Mover threads finish.
1 Gen time: 0.0309541
1 total msg block: 0
Receive time: 2.09808e-05
Insert time: 0.000236988
0 remote msg receive done.
Reduce time: 0.000224829
Messages reduce done.
Update time: 0.000205994

Iter: 11
Rank: 0 status count done.
Insert time: 0.00151777
1 remote msg receive done.
Reduce time: 0.00163507
Messages reduce done.
Update time: 0.00189209

Iter: 11
After receive ...

Iter: 11...
Active vertex count: 8
***********Re-initing...**************
Buffer columns allocated: 0
Total write: 0
Total read: 0
***********Re-init done.**************
Rank: 1 status count done.
After receive ...

Iter: 11...
Active vertex count: 8
***********Re-initing...**************
0 working threads finish.
Mover threads finish.
0 Gen time: 0.000176191
Buffer columns allocated: 188
Total write: 0
Total read: 0
***********Re-init done.**************
1 working threads finish.
0 total msg block: 0
Receive time: 6.48499e-05
Mover threads finish.
1 Gen time: 0.0301349
1 total msg block: 0
Receive time: 2.09808e-05
Insert time: 0.000236988
0 remote msg receive done.
Reduce time: 0.000207901
Messages reduce done.
Update time: 0.000208139

Iter: 12
Rank: 0 status count done.
Insert time: 0.00156999
1 remote msg receive done.
Reduce time: 0.002177
Messages reduce done.
Update time: 0.00149107

Iter: 12
After receive ...

Iter: 12...
Active vertex count: 1
***********Re-initing...**************
Buffer columns allocated: 0
Total write: 0
Total read: 0
***********Re-init done.**************
Rank: 1 status count done.
After receive ...

Iter: 12...
Active vertex count: 1
***********Re-initing...**************
0 working threads finish.
Mover threads finish.
0 Gen time: 0.000175953
Buffer columns allocated: 56
Total write: 0
Total read: 0
***********Re-init done.**************
1 working threads finish.
0 total msg block: 0
Receive time: 6.91414e-05
Mover threads finish.
1 Gen time: 0.03122
1 total msg block: 0
Receive time: 2.21729e-05
Insert time: 0.000223875
0 remote msg receive done.
Reduce time: 0.000239849
Messages reduce done.
Update time: 0.000212908

Iter: 13
Rank: 0 status count done.
Insert time: 0.00149798
1 remote msg receive done.
Reduce time: 0.00152111
Messages reduce done.
Update time: 0.00148892

Iter: 13
After receive ...

Iter: 13...
Active vertex count: 0
No vertice is active, ending the computation :)

0 all time : 0.00789356
Total reduce time: 0.00284886
Total working time: 0.00209188
Total moving time: 0
Total update time: 0.00286365
Total comm time: 0.00089407
Total insert time: Rank: 1 status count done.
0.00290585
Accumulative total active vertices: 1504295
After receive ...

Iter: 13...
Active vertex count: 0
No vertice is active, ending the computation :)

1 all time : 0.550337
Total reduce time: 0.0378273
Total working time: 0.165273
Total moving time: 0.316374
Total update time: 0.0291338
Total comm time: 0.000309229
Total insert time: 0.0211189
Accumulative total active vertices: 1504295
Finish.
Finish.
 
TACC: Shutdown complete. Exiting.
