Running on MIC and CPU
TACC: Starting up job 4177980
TACC: Starting parallel tasks...
  mpiexec.hydra -iface br0 -configfile /home1/02687/binren/.slurm/config_file.4177980.rptSEtV6 -machinefile /home1/02687/binren/.slurm/job.4177980.hostlist.Lnd0pwTU  
My rank is: 0
My rank is: 1
0 vertex count: 0
0 line no: 1632803
0 edges: 0
Reordering...
Reorder time: 1.69277e-05
****** remote edges: ****** 0
Iter: 0
Rank: 0 status count done.
1 vertex count: 1632803
1 line no: 1632803
1 edges: 30622564
Reordering...
Rank: 1 width is: 64
Rank: 1 vlen is: 64
===========> Max length: 13734
===========> Min length: 0
Reorder time: 1.73939
****** remote edges: ****** 0
Iter: 0
After receive ...

Iter: 0...
Active vertex count: 1
***********Re-initing...**************
Buffer columns allocated: 0
Total write: 0
Total read: 0
***********Re-init done.**************
Rank: 1 status count done.
After receive ...

Iter: 0...
Active vertex count: 1
***********Re-initing...**************
0 working threads finish.
Mover threads finish.
0 Gen time: 7.89165e-05
Buffer columns allocated: 0
Total write: 0
Total read: 0
***********Re-init done.**************
1 working threads finish.
0 total msg block: 0
Receive time: 0.000105858
Mover threads finish.
1 Gen time: 0.0289319
1 total msg block: 0
Receive time: 5.6982e-05
Insert time: 0.00019908
0 remote msg receive done.
Reduce time: 0.0001719
Messages reduce done.
Update time: 0.000200987

Iter: 1
Rank: 0 status count done.
Insert time: 0.00148511
1 remote msg receive done.
Reduce time: 0.00146198
Messages reduce done.
Update time: 0.00144219

Iter: 1
After receive ...

Iter: 1...
Active vertex count: 14
***********Re-initing...**************
Buffer columns allocated: 0
Total write: 0
Total read: 0
***********Re-init done.**************
0 working threads finish.
Rank: 1 status count done.
Mover threads finish.
0 Gen time: After receive ...

Iter: 1...
Active vertex count: 14
***********Re-initing...**************
7.51019e-05
Buffer columns allocated: 14
Total write: 0
Total read: 0
***********Re-init done.**************
1 working threads finish.
0 total msg block: 0
Receive time: 6.8903e-05
Mover threads finish.
1 Gen time: 0.0291071
1 total msg block: 0
Receive time: 2.19345e-05
Insert time: 0.000200987
0 remote msg receive done.
Reduce time: 0.000200033
Messages reduce done.
Update time: 0.000194073

Iter: 2
Rank: 0 status count done.
Insert time: 0.00145006
1 remote msg receive done.
Reduce time: 0.00148106
Messages reduce done.
Update time: 0.00146008

Iter: 2
After receive ...

Iter: 2...
Active vertex count: 280
***********Re-initing...**************
Buffer columns allocated: 0
Total write: 0
Total read: 0
***********Re-init done.**************
0 working threads finish.
Rank: 1 status count done.
Mover threads finish.
0 Gen time: After receive ...

Iter: 2...
Active vertex count: 280
***********Re-initing...**************
7.51019e-05
Buffer columns allocated: 283
Total write: 0
Total read: 0
***********Re-init done.**************
1 working threads finish.
0 total msg block: 0
Receive time: 7.08103e-05
Mover threads finish.
1 Gen time: 0.0291951
1 total msg block: 0
Receive time: 2.28882e-05
Insert time: 0.000197887
0 remote msg receive done.
Reduce time: 0.000204086
Messages reduce done.
Update time: 0.000198841

Iter: 3
Rank: 0 status count done.
Insert time: 0.00149202
1 remote msg receive done.
Reduce time: 0.00149703
Messages reduce done.
Update time: 0.00147605

Iter: 3
After receive ...

Iter: 3...
Active vertex count: 7893
***********Re-initing...**************
Buffer columns allocated: 0
Total write: 0
Total read: 0
***********Re-init done.**************
0 working threads finish.
Rank: 1 status count done.
Mover threads finish.
0After receive ...

Iter: 3...
Active vertex count: 7893
***********Re-initing...**************
 Gen time: 7.89165e-05
Buffer columns allocated: 8105
Total write: 0
Total read: 0
***********Re-init done.**************
1 working threads finish.
0 total msg block: 0
Receive time: 6.8903e-05
Mover threads finish.
1 Gen time: 0.030549
1 total msg block: 0
Receive time: 2.21729e-05
Insert time: 0.00022006
0 remote msg receive done.
Reduce time: 0.000194788
Messages reduce done.
Update time: 0.000201941

Iter: 4
Rank: 0 status count done.
Insert time: 0.00152493
1 remote msg receive done.
Reduce time: 0.00147295
Messages reduce done.
Update time: 0.00146794

Iter: 4
After receive ...

Iter: 4...
Active vertex count: 167994
***********Re-initing...**************
Buffer columns allocated: 0
Total write: 0
Total read: 0
***********Re-init done.**************
0 working threads finish.
Rank: 1 status count done.
Mover threads finish.
0After receive ...

Iter: 4...
Active vertex count: 167994
***********Re-initing...**************
 Gen time: 7.51019e-05
Buffer columns allocated: 174924
Total write: 0
Total read: 0
***********Re-init done.**************
1 working threads finish.
0 total msg block: 0
Receive time: 7.10487e-05
Mover threads finish.
1 Gen time: 0.048033
1 total msg block: 0
Receive time: 2.09808e-05
Insert time: 0.000211954
0 remote msg receive done.
Reduce time: 0.000202894
Messages reduce done.
Update time: 0.000200987

Iter: 5
Rank: 0 status count done.
Insert time: 0.00148702
1 remote msg receive done.
Reduce time: 0.00151205
Messages reduce done.
Update time: 0.0058682

Iter: 5
After receive ...

Iter: 5...
Active vertex count: 750280
***********Re-initing...**************
Buffer columns allocated: 0
Total write: 0
Total read: 0
***********Re-init done.**************
0 working threads finish.
Mover threads finish.
0 Gen time: 7.89165e-05
Rank: 1 status count done.
After receive ...

Iter: 5...
Active vertex count: 750280
***********Re-initing...**************
Buffer columns allocated: 919172
Total write: 0
Total read: 0
***********Re-init done.**************
1 working threads finish.
Mover threads finish.
0 total msg block: 0
Receive time: 5.50747e-05
1 Gen time: 0.0946209
1 total msg block: 0
Receive time: 1.81198e-05
Insert time: 0.000223875
0 remote msg receive done.
Reduce time: 0.00022912
Messages reduce done.
Update time: 0.000210047

Iter: 6
Rank: 0 status count done.
Insert time: 0.0015769
1 remote msg receive done.
Reduce time: 0.00150394
Messages reduce done.
Update time: 0.00695395

Iter: 6
After receive ...

Iter: 6...
Active vertex count: 477735
***********Re-initing...**************
Buffer columns allocated: 0
Total write: 0
Total read: 0Rank: 1 status count done.
***********Re-init done.**************
0 working threads finish.

After receive ...

Iter: 6...
Mover threads finish.
0 Gen time: Active vertex count: 477735
***********Re-initing...**************
7.89165e-05
Buffer columns allocated: 1359303
Total write: 0
Total read: 0
***********Re-init done.**************
1 working threads finish.
0 total msg block: 0
Receive time: 7.10487e-05
Mover threads finish.
1 Gen time: 0.0409932
1 total msg block: 0
Receive time: 2.40803e-05
Insert time: 0.00022316
0 remote msg receive done.
Reduce time: 0.00019908
Messages reduce done.
Update time: 0.000198126

Iter: 7
Rank: 0 status count done.
Insert time: 0.001508
1 remote msg receive done.
Reduce time: 0.00161505
Messages reduce done.
Update time: 0.00150299

Iter: 7
After receive ...

Iter: 7...
Active vertex count: 89896
***********Re-initing...**************
Buffer columns allocated: 0
Total write: 0
Total read: 0
***********Re-init done.**************
0 working threads finish.
Mover threads finish.
0 Gen time: 8.2016e-05
Rank: 1 status count done.
After receive ...

Iter: 7...
Active vertex count: 89896
***********Re-initing...**************
Buffer columns allocated: 960353
Total write: 0
Total read: 0
***********Re-init done.**************
1 working threads finish.
0 total msg block: 0
Receive time: 7.20024e-05
Mover threads finish.
1 Gen time: 0.0308981
1 total msg block: 0
Receive time: 2.38419e-05
Insert time: 0.000215054
0 remote msg receive done.
Reduce time: 0.000197172
Messages reduce done.
Update time: 0.000204086

Iter: 8
Rank: 0 status count done.
Insert time: 0.00150394
1 remote msg receive done.
Reduce time: 0.00147605
Messages reduce done.
Update time: 0.0014751

Iter: 8
After receive ...

Iter: 8...
Active vertex count: 9240
***********Re-initing...**************
Buffer columns allocated: 0
Total write: 0
Total read: 0
***********Re-init done.**************
0 working threads finish.
Rank: 1 status count done.
Mover threads finish.
0After receive ...

Iter: 8...
Active vertex count: 9240
***********Re-initing...**************
 Gen time: 7.98702e-05
Buffer columns allocated: 184578
Total write: 0
Total read: 0
***********Re-init done.**************
1 working threads finish.
0 total msg block: 0
Receive time: 6.79493e-05
Mover threads finish.
1 Gen time: 0.0303779
1 total msg block: 0
Receive time: 2.38419e-05
Insert time: 0.000236034
0 remote msg receive done.
Reduce time: 0.000212193
Messages reduce done.
Update time: 0.000200987

Iter: 9
Rank: 0 status count done.
Insert time: 0.00177813
1 remote msg receive done.
Reduce time: 0.00149822
Messages reduce done.
Update time: 0.00147796

Iter: 9
After receive ...

Iter: 9...
Active vertex count: 862
***********Re-initing...**************
Buffer columns allocated: 0
Total write: 0
Total read: 0
***********Re-init done.**************
0 working threads finish.
Rank: 1 status count done.
Mover threads finish.
0 Gen time: After receive ...

Iter: 9...
Active vertex count: 862
***********Re-initing...**************
7.89165e-05
Buffer columns allocated: 18816
Total write: 0
Total read: 0
***********Re-init done.**************
1 working threads finish.
0 total msg block: 0
Receive time: 7.48634e-05
Mover threads finish.
1 Gen time: 0.029676
1 total msg block: 0
Receive time: 2.31266e-05
Insert time: 0.000212908
0 remote msg receive done.
Reduce time: 0.000237942
Messages reduce done.
Update time: 0.000206947

Iter: 10
Rank: 0 status count done.
Insert time: 0.00150299
1 remote msg receive done.
Reduce time: 0.00148392
Messages reduce done.
Update time: 0.001544

Iter: 10
After receive ...

Iter: 10...
Active vertex count: 91
***********Re-initing...**************
Buffer columns allocated: 0
Total write: 0
Total read: 0
***********Re-init done.**************
Rank: 1 status count done.
0 working threads finish.
Mover threads finish.
0 Gen time: 7.70092e-05
After receive ...

Iter: 10...
Active vertex count: 91
***********Re-initing...**************
Buffer columns allocated: 1747
Total write: 0
Total read: 0
***********Re-init done.**************
1 working threads finish.
0 total msg block: 0
Receive time: 6.60419e-05
Mover threads finish.
1 Gen time: 0.0296261
1 total msg block: 0
Receive time: 2.40803e-05
Insert time: 0.000200987
0 remote msg receive done.
Reduce time: 0.000197887
Messages reduce done.
Update time: 0.000201941

Iter: 11
Rank: 0 status count done.
Insert time: 0.00148487
1 remote msg receive done.
Reduce time: 0.00156403
Messages reduce done.
Update time: 0.00152802

Iter: 11
After receive ...

Iter: 11...
Active vertex count: 8
***********Re-initing...**************
Buffer columns allocated: 0
Total write: 0
Total read: 0
***********Re-init done.**************
Rank: 1 status count done.
0 working threads finish.
Mover threads finish.
0 Gen time: 7.9155e-05
After receive ...

Iter: 11...
Active vertex count: 8
***********Re-initing...**************
Buffer columns allocated: 188
Total write: 0
Total read: 0
***********Re-init done.**************
1 working threads finish.
0 total msg block: 0
Receive time: 7.29561e-05
Mover threads finish.
1 Gen time: 0.029443
1 total msg block: 0
Receive time: 2.59876e-05
Insert time: 0.000200033
0 remote msg receive done.
Reduce time: 0.000196934
Messages reduce done.
Update time: 0.000203133

Iter: 12
Rank: 0 status count done.
Insert time: 0.00151396
1 remote msg receive done.
Reduce time: 0.00176692
Messages reduce done.
Update time: 0.00149703

Iter: 12
After receive ...

Iter: 12...
Active vertex count: 1
***********Re-initing...**************
Buffer columns allocated: 0
Total write: 0
Total read: 0
***********Re-init done.**************
0 working threads finish.
Rank: 1 status count done.
Mover threads finish.
0 Gen time: After receive ...

Iter: 12...
Active vertex count: 1
***********Re-initing...**************
7.79629e-05
Buffer columns allocated: 56
Total write: 0
Total read: 0
***********Re-init done.**************
1 working threads finish.
0 total msg block: 0
Receive time: 7.20024e-05
Mover threads finish.
1 Gen time: 0.029599
1 total msg block: 0
Receive time: 2.38419e-05
Insert time: 0.000212908
0 remote msg receive done.
Reduce time: 0.000200987
Messages reduce done.
Update time: 0.000203133

Iter: 13
Rank: 0 status count done.
Insert time: 0.00149417
1 remote msg receive done.
Reduce time: 0.00151491
Messages reduce done.
Update time: 0.00148988

Iter: 13
After receive ...

Iter: 13...
Active vertex count: 0
No vertice is active, ending the computation :)

0 all time : 0.00628614
Total reduce time: 0.00264502
Total working time: 4.12464e-05
Total moving time: 0.000903845
Total update time: 0.00262523
Total comm time: 0.000937462
Total insert time: 0.00275493
Accumulative total active vertices: 1504295
Rank: 1 status count done.
After receive ...

Iter: 13...
Active vertex count: 0
No vertice is active, ending the computation :)

1 all time : 0.530082
Total reduce time: 0.0198481
Total working time: 0.168227
Total moving time: 0.311134
Total update time: 0.0291834
Total comm time: 0.000331879
Total insert time: 0.0198021
Accumulative total active vertices: 1504295
Finish.
Finish.
 
TACC: Shutdown complete. Exiting.
