Running on MIC and CPU
TACC: Starting up job 4177963
TACC: Starting parallel tasks...
  mpiexec.hydra -iface br0 -configfile /home1/02687/binren/.slurm/config_file.4177963.Gzfp9kvO -machinefile /home1/02687/binren/.slurm/job.4177963.hostlist.yU5QbLjM  
My rank is: 0
My rank is: 1
0 vertex count: 0
0 line no: 1632803
0 edges: 0
Reordering...
Reorder time: 1.71661e-05
****** remote edges: ****** 0
Iter: 0
Rank: 0 status count done.
1 vertex count: 1632803
1 line no: 1632803
1 edges: 30622564
Reordering...
Rank: 1 width is: 64
Rank: 1 vlen is: 64
===========> Max length: 13734
===========> Min length: 0
Reorder time: 1.73943
****** remote edges: ****** 0
Iter: 0
After receive ...

Iter: 0...
Active vertex count: 1
***********Re-initing...**************
Buffer columns allocated: 0
Total write: 0
Total read: 0
***********Re-init done.**************
Rank: 1 status count done.
After receive ...

Iter: 0...
Active vertex count: 1
***********Re-initing...**************
0 working threads finish.
Mover threads finish.
0 Gen time: 7.79629e-05
Buffer columns allocated: 0
Total write: 0
Total read: 0
***********Re-init done.**************
0 total msg block: 0
Receive time: 0.000102997
1 working threads finish.
Mover threads finish.
1 Gen time: 0.00569105
1 total msg block: 0
Receive time: 5.60284e-05
Insert time: 0.000216007
0 remote msg receive done.
Reduce time: 0.000216961
Messages reduce done.
Update time: 0.000200033

Iter: 1
Rank: 0 status count done.
Insert time: 0.0014441
1 remote msg receive done.
Reduce time: 0.0014379
Messages reduce done.
Update time: 0.00146294

Iter: 1
After receive ...

Iter: 1...
Active vertex count: 14
***********Re-initing...**************
Buffer columns allocated: 0
Total write: 0
Total read: 0
***********Re-init done.**************
Rank: 1 status count done.
0 working threads finish.
Mover threads finish.
0 Gen time: 7.9155e-05
After receive ...

Iter: 1...
Active vertex count: 14
***********Re-initing...**************
Buffer columns allocated: 14
Total write: 0
Total read: 0
***********Re-init done.**************
0 total msg block: 0
Receive time: 7.08103e-05
1 working threads finish.
Mover threads finish.
1 Gen time: 0.00582504
1 total msg block: 0
Receive time: 2.00272e-05
Insert time: 0.0002141
0 remote msg receive done.
Reduce time: 0.000211954
Messages reduce done.
Update time: 0.000221968

Iter: 2
Rank: 0 status count done.
Insert time: 0.00154805
1 remote msg receive done.
Reduce time: 0.00154996
Messages reduce done.
Update time: 0.00146699

Iter: 2
After receive ...

Iter: 2...
Active vertex count: 280
***********Re-initing...**************
Buffer columns allocated: 0
Total write: 0
Total read: 0
***********Re-init done.**************
Rank: 1 status count done.
0 working threads finish.
Mover threads finish.
0 Gen time: 7.79629e-05
After receive ...

Iter: 2...
Active vertex count: 280
***********Re-initing...**************
Buffer columns allocated: 283
Total write: 0
Total read: 0
***********Re-init done.**************
0 total msg block: 0
Receive time: 7.10487e-05
1 working threads finish.
Mover threads finish.
1 Gen time: 0.00588489
1 total msg block: 0
Receive time: 2.09808e-05
Insert time: 0.000196934
0 remote msg receive done.
Reduce time: 0.000221968
Messages reduce done.
Update time: 0.00019598

Iter: 3
Rank: 0 status count done.
Insert time: 0.00145197
1 remote msg receive done.
Reduce time: 0.00145698
Messages reduce done.
Update time: 0.00146508

Iter: 3
After receive ...

Iter: 3...
Active vertex count: 7893
***********Re-initing...**************
Buffer columns allocated: 0
Total write: 0
Total read: 0
***********Re-init done.**************
Rank: 1 status count done.
0 working threads finish.
Mover threads finish.
0 Gen time: 7.79629e-05
After receive ...

Iter: 3...
Active vertex count: 7893
***********Re-initing...**************
Buffer columns allocated: 8105
Total write: 0
Total read: 0
***********Re-init done.**************
0 total msg block: 0
Receive time: 6.69956e-05
1 working threads finish.
Mover threads finish.
1 Gen time: 0.010783
1 total msg block: 0
Receive time: 2.21729e-05
Insert time: 0.00019598
0 remote msg receive done.
Reduce time: 0.000202894
Messages reduce done.
Update time: 0.000226021

Iter: 4
Rank: 0 status count done.
Insert time: 0.00144601
1 remote msg receive done.
Reduce time: 0.00154185
Messages reduce done.
Update time: 0.0014801

Iter: 4
After receive ...

Iter: 4...
Active vertex count: 167994
***********Re-initing...**************
Buffer columns allocated: 0
Total write: 0
Total read: 0
***********Re-init done.**************
0 working threads finish.
Rank: 1 status count done.
Mover threads finish.
After receive ...

Iter: 4...
Active vertex count: 167994
***********Re-initing...**************
0 Gen time: 8.2016e-05
Buffer columns allocated: 174924
Total write: 0
Total read: 0
***********Re-init done.**************
0 total msg block: 0
Receive time: 6.50883e-05
1 working threads finish.
Mover threads finish.
1 Gen time: 0.0643229
1 total msg block: 0
Receive time: 2.19345e-05
Insert time: 0.000200033
0 remote msg receive done.
Reduce time: 0.00023818
Messages reduce done.
Update time: 0.000227928

Iter: 5
Rank: 0 status count done.
Insert time: 0.0014801
1 remote msg receive done.
Reduce time: 0.001472
Messages reduce done.
Update time: 0.00605321

Iter: 5
After receive ...

Iter: 5...
Active vertex count: 750280
***********Re-initing...**************
Buffer columns allocated: 0
Total write: 0
Total read: 0
***********Re-init done.**************
0 working threads finish.
Rank: 1 status count done.
Mover threads finish.
0After receive ...

Iter: 5...
Active vertex count: 750280
***********Re-initing...**************
 Gen time: 8.51154e-05
Buffer columns allocated: 919172
Total write: 0
Total read: 0
***********Re-init done.**************
0 total msg block: 0
Receive time: 6.60419e-05
1 working threads finish.
Mover threads finish.
1 Gen time: 0.31636
1 total msg block: 0
Receive time: 2.00272e-05
Insert time: 0.000227928
0 remote msg receive done.
Reduce time: 0.0002141
Messages reduce done.
Update time: 0.000225067

Iter: 6
Rank: 0 status count done.
Insert time: 0.00154805
1 remote msg receive done.
Reduce time: 0.00144696
Messages reduce done.
Update time: 0.00695109

Iter: 6
After receive ...

Iter: 6...
Active vertex count: 477735
***********Re-initing...**************
Buffer columns allocated: 0
Total write: 0
Total read: 0
***********Re-init done.**************
Rank: 1 status count done.
0 working threads finish.
Mover threads finish.
0 Gen time: 8.10623e-05
After receive ...

Iter: 6...
Active vertex count: 477735
***********Re-initing...**************
Buffer columns allocated: 1359303
Total write: 0
Total read: 0
***********Re-init done.**************
0 total msg block: 0
Receive time: 6.60419e-05
1 working threads finish.
Mover threads finish.
1 Gen time: 0.0448589
1 total msg block: 0
Receive time: 2.09808e-05
Insert time: 0.000239134
0 remote msg receive done.
Reduce time: 0.000196934
Messages reduce done.
Update time: 0.000198841

Iter: 7
Rank: 0 status count done.
Insert time: 0.00145817
1 remote msg receive done.
Reduce time: 0.00146413
Messages reduce done.
Update time: 0.00160599

Iter: 7
After receive ...

Iter: 7...
Active vertex count: 89896
***********Re-initing...**************
Buffer columns allocated: 0
Total write: 0
Total read: 0
***********Re-init done.**************
0 working threads finish.
Rank: 1 status count done.
Mover threads finish.
0 Gen time: After receive ...

Iter: 7...
Active vertex count: 89896
***********Re-initing...**************
9.5129e-05
Buffer columns allocated: 960353
Total write: 0
Total read: 0
***********Re-init done.**************
0 total msg block: 0
Receive time: 6.81877e-05
1 working threads finish.
Mover threads finish.
1 Gen time: 0.00601101
1 total msg block: 0
Receive time: 2.00272e-05
Insert time: 0.000204086
0 remote msg receive done.
Reduce time: 0.000283003
Messages reduce done.
Update time: 0.000209808

Iter: 8
Rank: 0 status count done.
Insert time: 0.00143981
1 remote msg receive done.
Reduce time: 0.00145078
Messages reduce done.
Update time: 0.00149512

Iter: 8
After receive ...

Iter: 8...
Active vertex count: 9240
***********Re-initing...**************
Buffer columns allocated: 0
Total write: 0
Total read: 0
***********Re-init done.**************
0 working threads finish.
Rank: 1 status count done.
Mover threads finish.
After receive ...

Iter: 8...
Active vertex count: 9240
***********Re-initing...**************
0 Gen time: 9.5129e-05
Buffer columns allocated: 184578
Total write: 0
Total read: 0
***********Re-init done.**************
0 total msg block: 0
Receive time: 7.10487e-05
1 working threads finish.
Mover threads finish.
1 Gen time: 0.00587487
1 total msg block: 0
Receive time: 2.00272e-05
Insert time: 0.000236034
0 remote msg receive done.
Reduce time: 0.000216007
Messages reduce done.
Update time: 0.000200987

Iter: 9
Rank: 0 status count done.
Insert time: 0.00145388
1 remote msg receive done.
Reduce time: 0.00154805
Messages reduce done.
Update time: 0.00148511

Iter: 9
After receive ...

Iter: 9...
Active vertex count: 862
***********Re-initing...**************
Buffer columns allocated: 0
Total write: 0
Total read: 0
***********Re-init done.**************
0 working threads finish.
Rank: 1 status count done.
Mover threads finish.
After receive ...

Iter: 9...
Active vertex count: 862
***********Re-initing...**************
0 Gen time: 8.39233e-05
Buffer columns allocated: 18816
Total write: 0
Total read: 0
***********Re-init done.**************
0 total msg block: 0
Receive time: 7.10487e-051 working threads finish.
Mover threads finish.
1 Gen time: 
0.00591183
1 total msg block: 0
Receive time: 2.09808e-05
Insert time: 0.00022316
0 remote msg receive done.
Reduce time: 0.000198841
Messages reduce done.
Update time: 0.000180006

Iter: 10
Rank: 0 status count done.
Insert time: 0.00150704
1 remote msg receive done.
Reduce time: 0.00145102
Messages reduce done.
Update time: 0.00152111

Iter: 10
After receive ...

Iter: 10...
Active vertex count: 91
***********Re-initing...**************
Buffer columns allocated: 0
Total write: 0
Total read: 0
***********Re-init done.**************
0 working threads finish.
Mover threads finish.
0 Gen time: Rank: 1 status count done.
6.50883e-05
After receive ...

Iter: 10...
Active vertex count: 91
***********Re-initing...**************
Buffer columns allocated: 1747
Total write: 0
Total read: 0
***********Re-init done.**************
0 total msg block: 0
Receive time: 6.91414e-05
1 working threads finish.
Mover threads finish.
1 Gen time: 0.00588298
1 total msg block: 0
Receive time: 2.19345e-05
Insert time: 0.000179768
0 remote msg receive done.
Reduce time: 0.000185013
Messages reduce done.
Update time: 0.000174046

Iter: 11
Rank: 0 status count done.
Insert time: 0.00144005
1 remote msg receive done.
Reduce time: 0.00144696
Messages reduce done.
Update time: 0.00147414

Iter: 11
After receive ...

Iter: 11...
Active vertex count: 8
***********Re-initing...**************
Buffer columns allocated: 0
Total write: 0
Total read: 0
***********Re-init done.**************
0 working threads finish.
Mover threads finish.
0 Gen time: Rank: 1 status count done.
8.29697e-05
After receive ...

Iter: 11...
Active vertex count: 8
***********Re-initing...**************
Buffer columns allocated: 188
Total write: 0
Total read: 0
***********Re-init done.**************
0 total msg block: 0
Receive time: 6.91414e-05
1 working threads finish.
Mover threads finish.
1 Gen time: 0.00592494
1 total msg block: 0
Receive time: 2.19345e-05
Insert time: 0.00019598
0 remote msg receive done.
Reduce time: 0.000201941
Messages reduce done.
Update time: 0.000209093

Iter: 12
Rank: 0 status count done.
Insert time: 0.00145698
1 remote msg receive done.
Reduce time: 0.001544
Messages reduce done.
Update time: 0.0014832

Iter: 12
After receive ...

Iter: 12...
Active vertex count: 1
***********Re-initing...**************
Buffer columns allocated: 0
Total write: 0
Total read: 0
***********Re-init done.**************
0 working threads finish.
Rank: 1 status count done.
Mover threads finish.
After receive ...

Iter: 12...
Active vertex count: 1
***********Re-initing...**************
0 Gen time: 0.000103951
Buffer columns allocated: 56
Total write: 0
Total read: 0
***********Re-init done.**************
0 total msg block: 0
Receive time: 6.8903e-05
1 working threads finish.
Mover threads finish.
1 Gen time: 0.00586486
1 total msg block: 0
Receive time: 2.09808e-05
Insert time: 0.000228167
0 remote msg receive done.
Reduce time: 0.000209093
Messages reduce done.
Update time: 0.000213861

Iter: 13
Rank: 0 status count done.
Insert time: 0.00144696
1 remote msg receive done.
Reduce time: 0.00153494
Messages reduce done.
Update time: 0.00148892

Iter: 13
After receive ...

Iter: 13...
Active vertex count: 0
No vertice is active, ending the computation :)

0 all time : 0.00656796
Total reduce time: 0.00279689
Total working time: 3.83854e-05
Total moving time: 0.00098443
Total update time: 0.00268364
Total comm time: 0.000926495
Total insert time: 0.00275731
Accumulative total active vertices: 1504295
Rank: 1 status count done.
After receive ...

Iter: 13...
Active vertex count: 0
No vertice is active, ending the computation :)

1 all time : 0.537975
Total reduce time: 0.0193455
Total working time: 0.487449
Total moving time: 1.07288e-05
Total update time: 0.029433
Total comm time: 0.000308037
Total insert time: 0.0191212
Accumulative total active vertices: 1504295
Finish.
Finish.
 
TACC: Shutdown complete. Exiting.
