Running on MIC and CPU
TACC: Starting up job 4177991
TACC: Starting parallel tasks...
  mpiexec.hydra -iface br0 -configfile /home1/02687/binren/.slurm/config_file.4177991.o1NI9Hwv -machinefile /home1/02687/binren/.slurm/job.4177991.hostlist.MCWGps2i  
My rank is: 0
My rank is: 1
0 vertex count: 1632803
0 line no: 1632803
0 edges: 30622564
Reordering...
Rank: 0 width is: 512
Rank: 0 vlen is: 16
===========> Max length: 13734
===========> Min length: 0
Reorder time: 0.199937
****** remote edges: ****** 0
Iter: 0
Rank: 0 status count done.
1 vertex count: 0
1 line no: 1632803
1 edges: 0
Reordering...
Reorder time: 1.5974e-05
****** remote edges: ****** 0
Iter: 0
After receive ...

Iter: 0...
Active vertex count: 1
***********Re-initing...**************
Rank: 1 status count done.
After receive ...

Iter: 0...
Active vertex count: 1
***********Re-initing...**************
Buffer columns allocated: 0
Buffer columns allocated: 0
Total write: 0
Total read: 0
***********Re-init done.**************
0 working threads finish.
Mover threads finish.
0 Gen time: 0.00337505
Total write: 0
Total read: 0
***********Re-init done.**************
1 working threads finish.
0 total msg block: 0
Receive time: 0.000105143
Mover threads finish.
1 Gen time: 0.0284591
1 total msg block: 0
Receive time: 6.10352e-05
Insert time: 0.000203848
0 remote msg receive done.
Reduce time: 0.000221014
Messages reduce done.
Update time: 0.00019908

Iter: 1
Rank: 0 status count done.
Insert time: 0.00159097
1 remote msg receive done.
Reduce time: 0.00153089
Messages reduce done.
Update time: 0.00145507

Iter: 1
After receive ...

Iter: 1...
Active vertex count: 14
***********Re-initing...**************
Rank: 1 status count done.
After receive ...

Iter: 1...
Active vertex count: 14
***********Re-initing...**************
Buffer columns allocated: 0
Buffer columns allocated: 14
Total write: 0
Total read: 0
***********Re-init done.**************
0 working threads finish.
Mover threads finish.
0 Gen time: 0.0031352
Total write: 0
Total read: 0
***********Re-init done.**************
1 working threads finish.
0 total msg block: 0
Receive time: 6.60419e-05
Mover threads finish.
1 Gen time: 0.0292041
1 total msg block: 0
Receive time: 2.19345e-05
Insert time: 0.000217915
0 remote msg receive done.
Reduce time: 0.000228882
Messages reduce done.
Update time: 0.00019908

Iter: 2
Rank: 0 status count done.
Insert time: 0.00158501
1 remote msg receive done.
Reduce time: 0.00153995
Messages reduce done.
Update time: 0.00146079

Iter: 2
After receive ...

Iter: 2...
Active vertex count: 280
***********Re-initing...**************
Rank: 1 status count done.
After receive ...

Iter: 2...
Active vertex count: 280
***********Re-initing...**************
Buffer columns allocated: 0
Buffer columns allocated: 283
Total write: 0
Total read: 0
***********Re-init done.**************
0 working threads finish.
Mover threads finish.
0 Gen time: 0.00391603
Total write: 0
Total read: 0
***********Re-init done.**************
1 working threads finish.
0 total msg block: 0
Receive time: 6.69956e-05
Mover threads finish.
1 Gen time: 0.0293188
1 total msg block: 0
Receive time: 2.38419e-05
Insert time: 0.000243902
0 remote msg receive done.
Reduce time: 0.000265837
Messages reduce done.
Update time: 0.000191927

Iter: 3
Rank: 0 status count done.
Insert time: 0.00157499
1 remote msg receive done.
Reduce time: 0.0014832
Messages reduce done.
Update time: 0.00145316

Iter: 3
After receive ...

Iter: 3...
Active vertex count: 7893
***********Re-initing...**************
Rank: 1 status count done.
After receive ...

Iter: 3...
Active vertex count: 7893
***********Re-initing...**************
Buffer columns allocated: 0
Buffer columns allocated: 8105
Total write: 0
Total read: 0
***********Re-init done.**************
0 working threads finish.
Mover threads finish.
0 Gen time: 0.023021
Total write: 0
Total read: 0
***********Re-init done.**************
1 working threads finish.
0 total msg block: 0
Receive time: 6.60419e-05
Mover threads finish.
1 Gen time: 0.029108
1 total msg block: 0
Receive time: 2.19345e-05
Insert time: 0.000205994
0 remote msg receive done.
Reduce time: 0.000198126
Messages reduce done.
Update time: 0.00104094

Iter: 4
Rank: 0 status count done.
Insert time: 0.00158906
1 remote msg receive done.
Reduce time: 0.00148702
Messages reduce done.
Update time: 0.00150514

Iter: 4
After receive ...

Iter: 4...
Active vertex count: 167994
***********Re-initing...**************
Rank: 1 status count done.
After receive ...

Iter: 4...
Active vertex count: 167994
***********Re-initing...**************
Buffer columns allocated: 0
Buffer columns allocated: 174924
Total write: 0
Total read: 0
***********Re-init done.**************
Total write: 0
Total read: 0
***********Re-init done.**************
0 working threads finish.
Mover threads finish.
0 Gen time: 0.291603
1 working threads finish.
0 total msg block: 0
Receive time: 6.58035e-05
Mover threads finish.
1 Gen time: 0.0293119
1 total msg block: 0
Receive time: 2.21729e-05
Insert time: 0.000237942
0 remote msg receive done.
Reduce time: 0.00543904
Messages reduce done.
Update time: 0.00369906

Iter: 5
Rank: 0 status count done.
Insert time: 0.00163984
1 remote msg receive done.
Reduce time: 0.00148797
Messages reduce done.
Update time: 0.00146604

Iter: 5
After receive ...

Iter: 5...
Active vertex count: 750280
***********Re-initing...**************
Rank: 1 status count done.
After receive ...

Iter: 5...
Active vertex count: 750280
***********Re-initing...**************
Buffer columns allocated: 0
Buffer columns allocated: 919172
Total write: 0
Total read: 0
***********Re-init done.**************
Total write: 0
Total read: 0
***********Re-init done.**************
0 working threads finish.
1 working threads finish.
Mover threads finish.
1 Gen time: 0.029171
Mover threads finish.
0 Gen time: 0.759214
0 total msg block: 0
Receive time: 9.17912e-05
1 total msg block: 0
Receive time: 3.19481e-05
Insert time: 0.000253201
0 remote msg receive done.
Reduce time: 0.00602412
Messages reduce done.
Update time: 0.00462699

Iter: 6
Rank: 0 status count done.
Insert time: 0.00160289
1 remote msg receive done.
Reduce time: 0.00150204
Messages reduce done.
Update time: 0.00145388

Iter: 6
After receive ...

Iter: 6...
Active vertex count: 477735
***********Re-initing...**************
Rank: 1 status count done.
After receive ...

Iter: 6...
Active vertex count: 477735
***********Re-initing...**************
Buffer columns allocated: 0
Buffer columns allocated: 1359303
Total write: 0
Total read: 0
***********Re-init done.**************
Total write: 0
Total read: 0
***********Re-init done.**************
0 working threads finish.
Mover threads finish.
0 Gen time: 0.165492
1 working threads finish.
0 total msg block: 0
Receive time: 6.38962e-05
Mover threads finish.
1 Gen time: 0.029202
1 total msg block: 0
Receive time: 2.21729e-05
Insert time: 0.000230074
0 remote msg receive done.
Reduce time: 0.00305986
Messages reduce done.
Update time: 0.00356889

Iter: 7
Rank: 0 status count done.
Insert time: 0.00160313
1 remote msg receive done.
Reduce time: 0.00148702
Messages reduce done.
Update time: 0.00145817

Iter: 7
After receive ...

Iter: 7...
Active vertex count: 89896
***********Re-initing...**************
Rank: 1 status count done.
After receive ...

Iter: 7...
Active vertex count: 89896
***********Re-initing...**************
Buffer columns allocated: 0
Buffer columns allocated: 960353
Total write: 0
Total read: 0
***********Re-init done.**************
0 working threads finish.
Mover threads finish.
0 Gen time: 0.020961
Total write: 0
Total read: 0
***********Re-init done.**************
1 working threads finish.
0 total msg block: 0
Receive time: 6.48499e-05
Mover threads finish.
1 Gen time: 0.029232
1 total msg block: 0
Receive time: 2.00272e-05
Insert time: 0.000201941
0 remote msg receive done.
Reduce time: 0.000211
Messages reduce done.
Update time: 0.00121617

Iter: 8
Rank: 0 status count done.
Insert time: 0.00162792
1 remote msg receive done.
Reduce time: 0.00148177
Messages reduce done.
Update time: 0.00145388

Iter: 8
After receive ...

Iter: 8...
Active vertex count: 9240
***********Re-initing...**************
Rank: 1 status count done.
After receive ...

Iter: 8...
Active vertex count: 9240
***********Re-initing...**************
Buffer columns allocated: 0
Buffer columns allocated: 184578
Total write: 0
Total read: 0
***********Re-init done.**************
0 working threads finish.
Mover threads finish.
0 Gen time: 0.00492096
Total write: 0
Total read: 0
***********Re-init done.**************
1 working threads finish.
0 total msg block: 0
Receive time: 6.29425e-05
Mover threads finish.
1 Gen time: 0.0294569
1 total msg block: 0
Receive time: 2.19345e-05
Insert time: 0.000226974
0 remote msg receive done.
Reduce time: 0.000216961
Messages reduce done.
Update time: 0.000221968

Iter: 9
Rank: 0 status count done.
Insert time: 0.00158596
1 remote msg receive done.
Reduce time: 0.00146818
Messages reduce done.
Update time: 0.00145388

Iter: 9
After receive ...

Iter: 9...
Active vertex count: 862
***********Re-initing...**************
Rank: 1 status count done.
After receive ...

Iter: 9...
Active vertex count: 862
***********Re-initing...**************
Buffer columns allocated: 0
Buffer columns allocated: 18816
Total write: 0
Total read: 0
***********Re-init done.**************
0 working threads finish.
Mover threads finish.
0 Gen time: 0.00327611
Total write: 0
Total read: 0
***********Re-init done.**************
1 working threads finish.
0 total msg block: 0
Receive time: 6.29425e-05
Mover threads finish.
1 Gen time: 0.0293238
1 total msg block: 0
Receive time: 2.19345e-05
Insert time: 0.00022912
0 remote msg receive done.
Reduce time: 0.000225067
Messages reduce done.
Update time: 0.000209808

Iter: 10
Rank: 0 status count done.
Insert time: 0.00163579
1 remote msg receive done.
Reduce time: 0.001477
Messages reduce done.
Update time: 0.00145006

Iter: 10
After receive ...

Iter: 10...
Active vertex count: 91
***********Re-initing...**************
Rank: 1 status count done.
After receive ...

Iter: 10...
Active vertex count: 91
***********Re-initing...**************
Buffer columns allocated: 0
Buffer columns allocated: 1747
Total write: 0
Total read: 0
***********Re-init done.**************
0 working threads finish.
Mover threads finish.
0 Gen time: 0.00318098
Total write: 0
Total read: 0
***********Re-init done.**************
1 working threads finish.
0 total msg block: 0
Receive time: 6.22272e-05
Mover threads finish.
1 Gen time: 0.0293469
1 total msg block: 0
Receive time: 2.09808e-05
Insert time: 0.000226021
0 remote msg receive done.
Reduce time: 0.000227928
Messages reduce done.
Update time: 0.000188112

Iter: 11
Rank: 0 status count done.
Insert time: 0.00160384
1 remote msg receive done.
Reduce time: 0.00147796
Messages reduce done.
Update time: 0.00145102

Iter: 11
After receive ...

Iter: 11...
Active vertex count: 8
***********Re-initing...**************
Rank: 1 status count done.
After receive ...

Iter: 11...
Active vertex count: 8
***********Re-initing...**************
Buffer columns allocated: 0
Buffer columns allocated: 188
Total write: 0
Total read: 0
***********Re-init done.**************
0 working threads finish.
Mover threads finish.
0 Gen time: 0.0138142
Total write: 0
Total read: 0
***********Re-init done.**************
1 working threads finish.
0 total msg block: 0
Receive time: 6.10352e-05
Mover threads finish.
1 Gen time: 0.0293748
1 total msg block: 0
Receive time: 2.09808e-05
Insert time: 0.000254869
0 remote msg receive done.
Reduce time: 0.000230074
Messages reduce done.
Update time: 0.000204802

Iter: 12
Rank: 0 status count done.
Insert time: 0.00160003
1 remote msg receive done.
Reduce time: 0.00149107
Messages reduce done.
Update time: 0.00145483

Iter: 12
After receive ...

Iter: 12...
Active vertex count: 1
***********Re-initing...**************
Rank: 1 status count done.
After receive ...

Iter: 12...
Active vertex count: 1
***********Re-initing...**************
Buffer columns allocated: 0
Buffer columns allocated: 56
Total write: 0
Total read: 0
***********Re-init done.**************
0 working threads finish.
Mover threads finish.
0 Gen time: 0.00313187
Total write: 0
Total read: 0
***********Re-init done.**************
1 working threads finish.
0 total msg block: 0
Receive time: 6.50883e-05
Mover threads finish.
1 Gen time: 0.030196
1 total msg block: 0
Receive time: 2.28882e-05
Insert time: 0.000230074
0 remote msg receive done.
Reduce time: 0.000252962
Messages reduce done.
Update time: 0.000252962

Iter: 13
Rank: 0 status count done.
Insert time: 0.00159311
1 remote msg receive done.
Reduce time: 0.0014801
Messages reduce done.
Update time: 0.00145197

Iter: 13
After receive ...

Iter: 13...
Active vertex count: 0
No vertice is active, ending the computation :)

0 all time : 1.33166
Total reduce time: 0.0168009
Total working time: 0.430849
Total moving time: 0.868021
Total update time: 0.0158198
Total comm time: 0.000904799
Total insert time: 0.00296187
Accumulative total active vertices: 1504295
Rank: 1 status count done.
After receive ...

Iter: 13...
Active vertex count: 0
No vertice is active, ending the computation :)

1 all time : 0.419067
Total reduce time: 0.0193942
Total working time: 0.0784438
Total moving time: 0.300533
Total update time: 0.0189679
Total comm time: 0.000333786
Total insert time: 0.0208325
Accumulative total active vertices: 1504295
Finish.
Finish.
 
TACC: Shutdown complete. Exiting.
